Combinatory set: [<CutType.PROBING: 0>, <CutType.CLIQUE: 12>, <CutType.KNAPSACK_COVER: 14>, <CutType.ODD_WHEEL: 13>]
Non-Combinatory set: [<CutType.RESIDUAL_CAPACITY: 10>]
iteration 0
relaxation time 7.9989 seconds
CutType.COMBINATORY: 1593
CutType.RESIDUAL_CAPACITY: 405
iteration 1
relaxation time 4.3096 seconds
CutType.COMBINATORY: 1122
CutType.RESIDUAL_CAPACITY: 238
iteration 2
relaxation time 6.112 seconds
CutType.COMBINATORY: 646
CutType.RESIDUAL_CAPACITY: 116
iteration 3
relaxation time 6.0943 seconds
CutType.COMBINATORY: 428
CutType.RESIDUAL_CAPACITY: 60
iteration 4
relaxation time 3.8439 seconds
CutType.COMBINATORY: 279
CutType.RESIDUAL_CAPACITY: 35
iteration 5
relaxation time 3.1779 seconds
CutType.COMBINATORY: 131
CutType.RESIDUAL_CAPACITY: 18
iteration 6
relaxation time 1.9399 seconds
CutType.COMBINATORY: 123
CutType.RESIDUAL_CAPACITY: 9
iteration 7
relaxation time 1.9857 seconds
CutType.COMBINATORY: 149
CutType.RESIDUAL_CAPACITY: 12
iteration 8
relaxation time 2.7483 seconds
CutType.COMBINATORY: 70
CutType.RESIDUAL_CAPACITY: 6
iteration 9
relaxation time 3.7349 seconds
CutType.COMBINATORY: 76
CutType.RESIDUAL_CAPACITY: 9
iteration 10
relaxation time 2.944 seconds
CutType.COMBINATORY: 88
CutType.RESIDUAL_CAPACITY: 6
iteration 11
relaxation time 2.9276 seconds
CutType.COMBINATORY: 70
CutType.RESIDUAL_CAPACITY: 8
iteration 12
relaxation time 3.0698 seconds
CutType.COMBINATORY: 61
CutType.RESIDUAL_CAPACITY: 6
iteration 13
relaxation time 1.7333 seconds
CutType.COMBINATORY: 43
CutType.RESIDUAL_CAPACITY: 7
iteration 14
relaxation time 1.6898 seconds
CutType.COMBINATORY: 5
CutType.RESIDUAL_CAPACITY: 1
iteration 15
relaxation time 0.6652 seconds
CutType.COMBINATORY: 0
CutType.RESIDUAL_CAPACITY: 0
len dataset: 936
test_ok: 936
test_false: 0
Combinatory set: [<CutType.CLIQUE: 12>, <CutType.KNAPSACK_COVER: 14>, <CutType.PROBING: 0>]
Non-Combinatory set: [<CutType.LATWO_MIR: 8>, <CutType.GMI: 2>, <CutType.ZERO_HALF: 11>, <CutType.TWO_MIR: 7>]
iteration 0
relaxation time 20.069 seconds
CutType.COMBINATORY: 1585
CutType.LATWO_MIR: 0
CutType.GMI: 0
CutType.ZERO_HALF: 0
CutType.TWO_MIR: 0
iteration 1
relaxation time 11.9028 seconds
CutType.COMBINATORY: 1126
CutType.LATWO_MIR: 0
CutType.GMI: 0
CutType.ZERO_HALF: 0
CutType.TWO_MIR: 0
iteration 2
relaxation time 10.8475 seconds
CutType.COMBINATORY: 721
CutType.LATWO_MIR: 0
CutType.GMI: 0
CutType.ZERO_HALF: 0
CutType.TWO_MIR: 0
iteration 3
relaxation time 9.7107 seconds
CutType.COMBINATORY: 457
CutType.LATWO_MIR: 0
CutType.GMI: 0
CutType.ZERO_HALF: 0
CutType.TWO_MIR: 0
iteration 4
relaxation time 9.1782 seconds
CutType.COMBINATORY: 258
CutType.LATWO_MIR: 0
CutType.GMI: 0
CutType.ZERO_HALF: 0
CutType.TWO_MIR: 0
iteration 5
relaxation time 8.8125 seconds
CutType.COMBINATORY: 181
CutType.LATWO_MIR: 0
CutType.GMI: 0
CutType.ZERO_HALF: 0
CutType.TWO_MIR: 0
iteration 6
relaxation time 9.998 seconds
CutType.COMBINATORY: 187
CutType.LATWO_MIR: 0
CutType.GMI: 0
CutType.ZERO_HALF: 0
CutType.TWO_MIR: 0
iteration 7
relaxation time 6.8943 seconds
CutType.COMBINATORY: 182
CutType.LATWO_MIR: 0
CutType.GMI: 0
CutType.ZERO_HALF: 0
CutType.TWO_MIR: 0
iteration 8
relaxation time 5.7698 seconds
CutType.COMBINATORY: 147
CutType.LATWO_MIR: 0
CutType.GMI: 0
CutType.ZERO_HALF: 0
CutType.TWO_MIR: 0
iteration 9
relaxation time 6.1881 seconds
CutType.COMBINATORY: 126
CutType.LATWO_MIR: 0
CutType.GMI: 0
CutType.ZERO_HALF: 0
CutType.TWO_MIR: 0
iteration 10
relaxation time 6.2075 seconds
CutType.COMBINATORY: 131
CutType.LATWO_MIR: 0
CutType.GMI: 0
CutType.ZERO_HALF: 0
CutType.TWO_MIR: 0
iteration 11
relaxation time 6.5821 seconds
CutType.COMBINATORY: 98
CutType.LATWO_MIR: 0
CutType.GMI: 0
CutType.ZERO_HALF: 0
CutType.TWO_MIR: 0
iteration 12
relaxation time 8.3376 seconds
CutType.COMBINATORY: 75
CutType.LATWO_MIR: 0
CutType.GMI: 0
CutType.ZERO_HALF: 0
CutType.TWO_MIR: 0
iteration 13
relaxation time 6.6112 seconds
CutType.COMBINATORY: 45
CutType.LATWO_MIR: 0
CutType.GMI: 0
CutType.ZERO_HALF: 0
CutType.TWO_MIR: 0
iteration 14
relaxation time 5.3551 seconds
CutType.COMBINATORY: 78
CutType.LATWO_MIR: 0
CutType.GMI: 0
CutType.ZERO_HALF: 0
CutType.TWO_MIR: 0
iteration 15
relaxation time 3.2238 seconds
CutType.COMBINATORY: 29
CutType.LATWO_MIR: 0
CutType.GMI: 0
CutType.ZERO_HALF: 0
CutType.TWO_MIR: 0
iteration 16
relaxation time 1.858 seconds
CutType.COMBINATORY: 12
CutType.LATWO_MIR: 0
CutType.GMI: 0
CutType.ZERO_HALF: 0
CutType.TWO_MIR: 0
iteration 17
relaxation time 2.375 seconds
CutType.COMBINATORY: 14
CutType.LATWO_MIR: 0
CutType.GMI: 0
CutType.ZERO_HALF: 0
CutType.TWO_MIR: 0
iteration 18
relaxation time 2.6276 seconds
CutType.COMBINATORY: 69
CutType.LATWO_MIR: 0
CutType.GMI: 0
CutType.ZERO_HALF: 0
CutType.TWO_MIR: 0
iteration 19
relaxation time 4.6839 seconds
CutType.COMBINATORY: 37
CutType.LATWO_MIR: 0
CutType.GMI: 0
CutType.ZERO_HALF: 0
CutType.TWO_MIR: 0
iteration 20
relaxation time 3.5103 seconds
CutType.COMBINATORY: 34
CutType.LATWO_MIR: 0
CutType.GMI: 0
CutType.ZERO_HALF: 0
CutType.TWO_MIR: 0
iteration 21
relaxation time 2.4934 seconds
CutType.COMBINATORY: 12
CutType.LATWO_MIR: 0
CutType.GMI: 0
CutType.ZERO_HALF: 0
CutType.TWO_MIR: 0
iteration 22
relaxation time 0.736 seconds
CutType.COMBINATORY: 0
CutType.LATWO_MIR: 0
CutType.GMI: 392
CutType.ZERO_HALF: 0
CutType.TWO_MIR: 0
iteration 23
relaxation time 43.0676 seconds
CutType.COMBINATORY: 248
CutType.LATWO_MIR: 0
CutType.GMI: 0
CutType.ZERO_HALF: 0
CutType.TWO_MIR: 0
iteration 24
relaxation time 17.6487 seconds
CutType.COMBINATORY: 115
CutType.LATWO_MIR: 0
CutType.GMI: 0
CutType.ZERO_HALF: 0
CutType.TWO_MIR: 0
iteration 25
relaxation time 11.2096 seconds
CutType.COMBINATORY: 106
CutType.LATWO_MIR: 0
CutType.GMI: 0
CutType.ZERO_HALF: 0
CutType.TWO_MIR: 0
iteration 26
relaxation time 7.1875 seconds
CutType.COMBINATORY: 16
CutType.LATWO_MIR: 0
CutType.GMI: 0
CutType.ZERO_HALF: 0
CutType.TWO_MIR: 0
iteration 27
relaxation time 3.1989 seconds
CutType.COMBINATORY: 10
CutType.LATWO_MIR: 0
CutType.GMI: 0
CutType.ZERO_HALF: 0
CutType.TWO_MIR: 0
iteration 28
relaxation time 2.0567 seconds
CutType.COMBINATORY: 1
CutType.LATWO_MIR: 0
CutType.GMI: 0
CutType.ZERO_HALF: 0
CutType.TWO_MIR: 0
iteration 29
relaxation time 1.3669 seconds
CutType.COMBINATORY: 3
CutType.LATWO_MIR: 0
CutType.GMI: 0
CutType.ZERO_HALF: 0
CutType.TWO_MIR: 0
iteration 30
relaxation time 1.2083 seconds
CutType.COMBINATORY: 1
CutType.LATWO_MIR: 0
CutType.GMI: 0
CutType.ZERO_HALF: 0
CutType.TWO_MIR: 0
iteration 31
relaxation time 9.5271 seconds
CutType.COMBINATORY: 2
CutType.LATWO_MIR: 0
CutType.GMI: 0
CutType.ZERO_HALF: 0
CutType.TWO_MIR: 0
iteration 32
relaxation time 1.4394 seconds
CutType.COMBINATORY: 2
CutType.LATWO_MIR: 0
CutType.GMI: 0
CutType.ZERO_HALF: 0
CutType.TWO_MIR: 0
iteration 33
relaxation time 3.8197 seconds
CutType.COMBINATORY: 2
CutType.LATWO_MIR: 0
CutType.GMI: 0
CutType.ZERO_HALF: 0
CutType.TWO_MIR: 0
iteration 34
relaxation time 1.6397 seconds
CutType.COMBINATORY: 16
CutType.LATWO_MIR: 0
CutType.GMI: 0
CutType.ZERO_HALF: 0
CutType.TWO_MIR: 0
iteration 35
relaxation time 1.1749 seconds
CutType.COMBINATORY: 0
CutType.LATWO_MIR: 0
CutType.GMI: 376
CutType.ZERO_HALF: 0
CutType.TWO_MIR: 0
iteration 36
relaxation time 86.6158 seconds
CutType.COMBINATORY: 141
CutType.LATWO_MIR: 0
CutType.GMI: 0
CutType.ZERO_HALF: 0
CutType.TWO_MIR: 0
iteration 37
relaxation time 16.688 seconds
CutType.COMBINATORY: 61
CutType.LATWO_MIR: 0
CutType.GMI: 0
CutType.ZERO_HALF: 0
CutType.TWO_MIR: 0
iteration 38
relaxation time 20.1447 seconds
CutType.COMBINATORY: 19
CutType.LATWO_MIR: 0
CutType.GMI: 0
CutType.ZERO_HALF: 0
CutType.TWO_MIR: 0
iteration 39
relaxation time 4.7607 seconds
CutType.COMBINATORY: 8
CutType.LATWO_MIR: 0
CutType.GMI: 0
CutType.ZERO_HALF: 0
CutType.TWO_MIR: 0
iteration 40
relaxation time 3.7414 seconds
CutType.COMBINATORY: 3
CutType.LATWO_MIR: 0
CutType.GMI: 0
CutType.ZERO_HALF: 0
CutType.TWO_MIR: 0
iteration 41
relaxation time 1.4536 seconds
CutType.COMBINATORY: 0
CutType.LATWO_MIR: 0
CutType.GMI: 410
CutType.ZERO_HALF: 0
CutType.TWO_MIR: 0
iteration 42
relaxation time 93.7683 seconds
CutType.COMBINATORY: 142
CutType.LATWO_MIR: 0
CutType.GMI: 0
CutType.ZERO_HALF: 0
CutType.TWO_MIR: 0
iteration 43
relaxation time 25.7235 seconds
CutType.COMBINATORY: 125
CutType.LATWO_MIR: 0
CutType.GMI: 0
CutType.ZERO_HALF: 0
CutType.TWO_MIR: 0
iteration 44
relaxation time 13.2244 seconds
CutType.COMBINATORY: 35
CutType.LATWO_MIR: 0
CutType.GMI: 0
CutType.ZERO_HALF: 0
CutType.TWO_MIR: 0
iteration 45
relaxation time 7.5306 seconds
CutType.COMBINATORY: 4
CutType.LATWO_MIR: 0
CutType.GMI: 0
CutType.ZERO_HALF: 0
CutType.TWO_MIR: 0
iteration 46
relaxation time 2.1657 seconds
CutType.COMBINATORY: 0
CutType.LATWO_MIR: 0
CutType.GMI: 150
CutType.ZERO_HALF: 0
CutType.TWO_MIR: 0
iteration 47
relaxation time 80.8743 seconds
CutType.COMBINATORY: 85
CutType.LATWO_MIR: 0
CutType.GMI: 0
CutType.ZERO_HALF: 0
CutType.TWO_MIR: 0
iteration 48
relaxation time 24.7263 seconds
CutType.COMBINATORY: 46
CutType.LATWO_MIR: 0
CutType.GMI: 0
CutType.ZERO_HALF: 0
CutType.TWO_MIR: 0
iteration 49
relaxation time 21.3726 seconds
CutType.COMBINATORY: 15
CutType.LATWO_MIR: 0
CutType.GMI: 0
CutType.ZERO_HALF: 0
CutType.TWO_MIR: 0
iteration 50
relaxation time 2.8769 seconds
CutType.COMBINATORY: 3
CutType.LATWO_MIR: 0
CutType.GMI: 0
CutType.ZERO_HALF: 0
CutType.TWO_MIR: 0
iteration 51
relaxation time 0.6315 seconds
CutType.COMBINATORY: 0
CutType.LATWO_MIR: 0
CutType.GMI: 76
CutType.ZERO_HALF: 0
CutType.TWO_MIR: 0
iteration 52
relaxation time 69.6963 seconds
CutType.COMBINATORY: 61
CutType.LATWO_MIR: 0
CutType.GMI: 0
CutType.ZERO_HALF: 0
CutType.TWO_MIR: 0
iteration 53
relaxation time 8.1309 seconds
CutType.COMBINATORY: 6
CutType.LATWO_MIR: 0
CutType.GMI: 0
CutType.ZERO_HALF: 0
CutType.TWO_MIR: 0
iteration 54
relaxation time 4.7424 seconds
CutType.COMBINATORY: 0
CutType.LATWO_MIR: 0
CutType.GMI: 271
CutType.ZERO_HALF: 0
CutType.TWO_MIR: 0
iteration 55
relaxation time 127.2365 seconds
CutType.COMBINATORY: 45
CutType.LATWO_MIR: 0
CutType.GMI: 0
CutType.ZERO_HALF: 0
CutType.TWO_MIR: 0
iteration 56
relaxation time 40.6136 seconds
CutType.COMBINATORY: 29
CutType.LATWO_MIR: 0
CutType.GMI: 0
CutType.ZERO_HALF: 0
CutType.TWO_MIR: 0
iteration 57
relaxation time 32.4585 seconds
CutType.COMBINATORY: 13
CutType.LATWO_MIR: 0
CutType.GMI: 0
CutType.ZERO_HALF: 0
CutType.TWO_MIR: 0
iteration 58
relaxation time 4.6388 seconds
CutType.COMBINATORY: 2
CutType.LATWO_MIR: 0
CutType.GMI: 0
CutType.ZERO_HALF: 0
CutType.TWO_MIR: 0
iteration 59
relaxation time 3.6473 seconds
CutType.COMBINATORY: 2
CutType.LATWO_MIR: 0
CutType.GMI: 0
CutType.ZERO_HALF: 0
CutType.TWO_MIR: 0
iteration 60
relaxation time 1.9263 seconds
CutType.COMBINATORY: 2
CutType.LATWO_MIR: 0
CutType.GMI: 0
CutType.ZERO_HALF: 0
CutType.TWO_MIR: 0
iteration 61
relaxation time 2.4748 seconds
CutType.COMBINATORY: 0
CutType.LATWO_MIR: 0
CutType.GMI: 251
CutType.ZERO_HALF: 0
CutType.TWO_MIR: 0
iteration 62
relaxation time 111.9762 seconds
CutType.COMBINATORY: 66
CutType.LATWO_MIR: 0
CutType.GMI: 0
CutType.ZERO_HALF: 0
CutType.TWO_MIR: 0
iteration 63
relaxation time 36.3822 seconds
CutType.COMBINATORY: 23
CutType.LATWO_MIR: 0
CutType.GMI: 0
CutType.ZERO_HALF: 0
CutType.TWO_MIR: 0
iteration 64
relaxation time 6.8558 seconds
CutType.COMBINATORY: 2
CutType.LATWO_MIR: 0
CutType.GMI: 0
CutType.ZERO_HALF: 0
CutType.TWO_MIR: 0
iteration 65
relaxation time 1.7278 seconds
CutType.COMBINATORY: 0
CutType.LATWO_MIR: 0
CutType.GMI: 174
CutType.ZERO_HALF: 0
CutType.TWO_MIR: 0
iteration 66
relaxation time 119.9067 seconds
CutType.COMBINATORY: 30
CutType.LATWO_MIR: 0
CutType.GMI: 0
CutType.ZERO_HALF: 0
CutType.TWO_MIR: 0
iteration 67
relaxation time 13.4861 seconds
CutType.COMBINATORY: 20
CutType.LATWO_MIR: 0
CutType.GMI: 0
CutType.ZERO_HALF: 0
CutType.TWO_MIR: 0
iteration 68
relaxation time 4.1661 seconds
CutType.COMBINATORY: 8
CutType.LATWO_MIR: 0
CutType.GMI: 0
CutType.ZERO_HALF: 0
CutType.TWO_MIR: 0
iteration 69
relaxation time 3.6613 seconds
CutType.COMBINATORY: 0
CutType.LATWO_MIR: 0
CutType.GMI: 218
CutType.ZERO_HALF: 0
CutType.TWO_MIR: 0
iteration 70
relaxation time 116.5933 seconds
CutType.COMBINATORY: 82
CutType.LATWO_MIR: 0
CutType.GMI: 0
CutType.ZERO_HALF: 0
CutType.TWO_MIR: 0
iteration 71
relaxation time 23.7774 seconds
CutType.COMBINATORY: 3
CutType.LATWO_MIR: 0
CutType.GMI: 0
CutType.ZERO_HALF: 0
CutType.TWO_MIR: 0
iteration 72
relaxation time 2.6321 seconds
CutType.COMBINATORY: 0
CutType.LATWO_MIR: 0
CutType.GMI: 599
CutType.ZERO_HALF: 0
CutType.TWO_MIR: 0
Combinatory set: []
Non-Combinatory set: [<CutType.GMI: 2>, <CutType.RED_SPLIT_G: 4>, <CutType.RED_SPLIT: 3>, <CutType.TWO_MIR: 7>, <CutType.MIR: 6>, <CutType.RESIDUAL_CAPACITY: 10>, <CutType.ZERO_HALF: 11>]
iteration 0
relaxation time 18.0793 seconds
CutType.COMBINATORY: 870
CutType.GMI: 0
CutType.RED_SPLIT_G: 0
CutType.RED_SPLIT: 0
CutType.TWO_MIR: 0
CutType.MIR: 106
CutType.RESIDUAL_CAPACITY: 437
CutType.ZERO_HALF: 0
iteration 1
relaxation time 31.7829 seconds
CutType.COMBINATORY: 471
CutType.GMI: 0
CutType.RED_SPLIT_G: 0
CutType.RED_SPLIT: 0
CutType.TWO_MIR: 0
CutType.MIR: 56
CutType.RESIDUAL_CAPACITY: 286
CutType.ZERO_HALF: 0
iteration 2
relaxation time 27.3607 seconds
CutType.COMBINATORY: 335
CutType.GMI: 0
CutType.RED_SPLIT_G: 0
CutType.RED_SPLIT: 0
CutType.TWO_MIR: 0
CutType.MIR: 30
CutType.RESIDUAL_CAPACITY: 167
CutType.ZERO_HALF: 0
iteration 3
relaxation time 34.009 seconds
CutType.COMBINATORY: 197
CutType.GMI: 0
CutType.RED_SPLIT_G: 0
CutType.RED_SPLIT: 0
CutType.TWO_MIR: 0
CutType.MIR: 30
CutType.RESIDUAL_CAPACITY: 117
CutType.ZERO_HALF: 0
iteration 4
relaxation time 24.0707 seconds
CutType.COMBINATORY: 149
CutType.GMI: 0
CutType.RED_SPLIT_G: 0
CutType.RED_SPLIT: 0
CutType.TWO_MIR: 0
CutType.MIR: 3
CutType.RESIDUAL_CAPACITY: 61
CutType.ZERO_HALF: 0
iteration 5
relaxation time 27.0394 seconds
CutType.COMBINATORY: 119
CutType.GMI: 0
CutType.RED_SPLIT_G: 0
CutType.RED_SPLIT: 0
CutType.TWO_MIR: 0
CutType.MIR: 9
CutType.RESIDUAL_CAPACITY: 57
CutType.ZERO_HALF: 0
iteration 6
relaxation time 22.4416 seconds
CutType.COMBINATORY: 135
CutType.GMI: 0
CutType.RED_SPLIT_G: 0
CutType.RED_SPLIT: 0
CutType.TWO_MIR: 0
CutType.MIR: 8
CutType.RESIDUAL_CAPACITY: 42
CutType.ZERO_HALF: 0
iteration 73
relaxation time 243.1216 seconds
CutType.COMBINATORY: 98
CutType.LATWO_MIR: 0
CutType.GMI: 0
CutType.ZERO_HALF: 0
CutType.TWO_MIR: 0
iteration 7
relaxation time 28.4491 seconds
CutType.COMBINATORY: 130
CutType.GMI: 0
CutType.RED_SPLIT_G: 0
CutType.RED_SPLIT: 0
CutType.TWO_MIR: 0
CutType.MIR: 6
CutType.RESIDUAL_CAPACITY: 56
CutType.ZERO_HALF: 0
iteration 8
relaxation time 22.2871 seconds
CutType.COMBINATORY: 180
CutType.GMI: 0
CutType.RED_SPLIT_G: 0
CutType.RED_SPLIT: 0
CutType.TWO_MIR: 0
CutType.MIR: 2
CutType.RESIDUAL_CAPACITY: 34
CutType.ZERO_HALF: 0
iteration 74
relaxation time 68.1391 seconds
CutType.COMBINATORY: 53
CutType.LATWO_MIR: 0
CutType.GMI: 0
CutType.ZERO_HALF: 0
CutType.TWO_MIR: 0
iteration 9
relaxation time 21.7538 seconds
CutType.COMBINATORY: 80
CutType.GMI: 0
CutType.RED_SPLIT_G: 0
CutType.RED_SPLIT: 0
CutType.TWO_MIR: 0
CutType.MIR: 1
CutType.RESIDUAL_CAPACITY: 27
CutType.ZERO_HALF: 0
iteration 75
relaxation time 30.148 seconds
CutType.COMBINATORY: 34
CutType.LATWO_MIR: 0
CutType.GMI: 0
CutType.ZERO_HALF: 0
CutType.TWO_MIR: 0
iteration 76
relaxation time 13.5526 seconds
CutType.COMBINATORY: 6
CutType.LATWO_MIR: 0
CutType.GMI: 0
CutType.ZERO_HALF: 0
CutType.TWO_MIR: 0
iteration 10
relaxation time 44.561 seconds
CutType.COMBINATORY: 171
CutType.GMI: 0
CutType.RED_SPLIT_G: 0
CutType.RED_SPLIT: 0
CutType.TWO_MIR: 0
CutType.MIR: 4
CutType.RESIDUAL_CAPACITY: 40
CutType.ZERO_HALF: 0
iteration 77
relaxation time 2.6469 seconds
CutType.COMBINATORY: 0
CutType.LATWO_MIR: 0
CutType.GMI: 191
CutType.ZERO_HALF: 0
CutType.TWO_MIR: 0
iteration 11
relaxation time 45.6318 seconds
CutType.COMBINATORY: 143
CutType.GMI: 0
CutType.RED_SPLIT_G: 0
CutType.RED_SPLIT: 0
CutType.TWO_MIR: 0
CutType.MIR: 4
CutType.RESIDUAL_CAPACITY: 37
CutType.ZERO_HALF: 0
iteration 12
relaxation time 32.3907 seconds
CutType.COMBINATORY: 67
CutType.GMI: 0
CutType.RED_SPLIT_G: 0
CutType.RED_SPLIT: 0
CutType.TWO_MIR: 0
CutType.MIR: 3
CutType.RESIDUAL_CAPACITY: 20
CutType.ZERO_HALF: 0
iteration 13
relaxation time 43.0283 seconds
CutType.COMBINATORY: 154
CutType.GMI: 0
CutType.RED_SPLIT_G: 0
CutType.RED_SPLIT: 0
CutType.TWO_MIR: 0
CutType.MIR: 5
CutType.RESIDUAL_CAPACITY: 27
CutType.ZERO_HALF: 0
iteration 14
relaxation time 33.0336 seconds
CutType.COMBINATORY: 63
CutType.GMI: 0
CutType.RED_SPLIT_G: 0
CutType.RED_SPLIT: 0
CutType.TWO_MIR: 0
CutType.MIR: 2
CutType.RESIDUAL_CAPACITY: 26
CutType.ZERO_HALF: 0
iteration 15
relaxation time 39.8292 seconds
CutType.COMBINATORY: 63
CutType.GMI: 0
CutType.RED_SPLIT_G: 0
CutType.RED_SPLIT: 0
CutType.TWO_MIR: 0
CutType.MIR: 1
CutType.RESIDUAL_CAPACITY: 22
CutType.ZERO_HALF: 0
iteration 78
relaxation time 244.4542 seconds
CutType.COMBINATORY: 58
CutType.LATWO_MIR: 0
CutType.GMI: 0
CutType.ZERO_HALF: 0
CutType.TWO_MIR: 0
iteration 16
relaxation time 34.087 seconds
CutType.COMBINATORY: 58
CutType.GMI: 0
CutType.RED_SPLIT_G: 0
CutType.RED_SPLIT: 0
CutType.TWO_MIR: 0
CutType.MIR: 2
CutType.RESIDUAL_CAPACITY: 11
CutType.ZERO_HALF: 0
iteration 79
relaxation time 57.6189 seconds
CutType.COMBINATORY: 12
CutType.LATWO_MIR: 0
CutType.GMI: 0
CutType.ZERO_HALF: 0
CutType.TWO_MIR: 0
iteration 17
relaxation time 47.6057 seconds
CutType.COMBINATORY: 40
CutType.GMI: 0
CutType.RED_SPLIT_G: 0
CutType.RED_SPLIT: 0
CutType.TWO_MIR: 0
CutType.MIR: 2
CutType.RESIDUAL_CAPACITY: 22
CutType.ZERO_HALF: 0
iteration 18
relaxation time 21.8465 seconds
CutType.COMBINATORY: 19
CutType.GMI: 0
CutType.RED_SPLIT_G: 0
CutType.RED_SPLIT: 0
CutType.TWO_MIR: 0
CutType.MIR: 0
CutType.RESIDUAL_CAPACITY: 9
CutType.ZERO_HALF: 0
iteration 80
relaxation time 9.4241 seconds
CutType.COMBINATORY: 0
CutType.LATWO_MIR: 0
CutType.GMI: 247
CutType.ZERO_HALF: 0
CutType.TWO_MIR: 0
iteration 19
relaxation time 28.2905 seconds
CutType.COMBINATORY: 7
CutType.GMI: 0
CutType.RED_SPLIT_G: 0
CutType.RED_SPLIT: 0
CutType.TWO_MIR: 0
CutType.MIR: 0
CutType.RESIDUAL_CAPACITY: 2
CutType.ZERO_HALF: 0
iteration 20
relaxation time 21.3407 seconds
CutType.COMBINATORY: 18
CutType.GMI: 0
CutType.RED_SPLIT_G: 0
CutType.RED_SPLIT: 0
CutType.TWO_MIR: 0
CutType.MIR: 0
CutType.RESIDUAL_CAPACITY: 6
CutType.ZERO_HALF: 0
iteration 21
relaxation time 24.9421 seconds
CutType.COMBINATORY: 14
CutType.GMI: 0
CutType.RED_SPLIT_G: 0
CutType.RED_SPLIT: 0
CutType.TWO_MIR: 0
CutType.MIR: 0
CutType.RESIDUAL_CAPACITY: 3
CutType.ZERO_HALF: 0
iteration 22
relaxation time 24.901 seconds
CutType.COMBINATORY: 25
CutType.GMI: 0
CutType.RED_SPLIT_G: 0
CutType.RED_SPLIT: 0
CutType.TWO_MIR: 0
CutType.MIR: 0
CutType.RESIDUAL_CAPACITY: 20
CutType.ZERO_HALF: 0
iteration 23
relaxation time 26.0626 seconds
CutType.COMBINATORY: 98
CutType.GMI: 0
CutType.RED_SPLIT_G: 0
CutType.RED_SPLIT: 0
CutType.TWO_MIR: 0
CutType.MIR: 0
CutType.RESIDUAL_CAPACITY: 15
CutType.ZERO_HALF: 0
iteration 24
relaxation time 60.7566 seconds
CutType.COMBINATORY: 48
CutType.GMI: 0
CutType.RED_SPLIT_G: 0
CutType.RED_SPLIT: 0
CutType.TWO_MIR: 0
CutType.MIR: 3
CutType.RESIDUAL_CAPACITY: 23
CutType.ZERO_HALF: 0
iteration 25
relaxation time 24.5188 seconds
CutType.COMBINATORY: 68
CutType.GMI: 0
CutType.RED_SPLIT_G: 0
CutType.RED_SPLIT: 0
CutType.TWO_MIR: 0
CutType.MIR: 0
CutType.RESIDUAL_CAPACITY: 12
CutType.ZERO_HALF: 0
iteration 26
relaxation time 53.8499 seconds
CutType.COMBINATORY: 73
CutType.GMI: 0
CutType.RED_SPLIT_G: 0
CutType.RED_SPLIT: 0
CutType.TWO_MIR: 0
CutType.MIR: 0
CutType.RESIDUAL_CAPACITY: 22
CutType.ZERO_HALF: 0
iteration 27
relaxation time 51.8579 seconds
CutType.COMBINATORY: 223
CutType.GMI: 0
CutType.RED_SPLIT_G: 0
CutType.RED_SPLIT: 0
CutType.TWO_MIR: 0
CutType.MIR: 0
CutType.RESIDUAL_CAPACITY: 27
CutType.ZERO_HALF: 0
iteration 81
relaxation time 433.9606 seconds
CutType.COMBINATORY: 90
CutType.LATWO_MIR: 0
CutType.GMI: 0
CutType.ZERO_HALF: 0
CutType.TWO_MIR: 0
iteration 82
relaxation time 46.1263 seconds
CutType.COMBINATORY: 21
CutType.LATWO_MIR: 0
CutType.GMI: 0
CutType.ZERO_HALF: 0
CutType.TWO_MIR: 0
iteration 28
relaxation time 73.9556 seconds
CutType.COMBINATORY: 47
CutType.GMI: 0
CutType.RED_SPLIT_G: 0
CutType.RED_SPLIT: 0
CutType.TWO_MIR: 0
CutType.MIR: 1
CutType.RESIDUAL_CAPACITY: 30
CutType.ZERO_HALF: 0
iteration 29
relaxation time 19.7627 seconds
CutType.COMBINATORY: 36
CutType.GMI: 0
CutType.RED_SPLIT_G: 0
CutType.RED_SPLIT: 0
CutType.TWO_MIR: 0
CutType.MIR: 0
CutType.RESIDUAL_CAPACITY: 9
CutType.ZERO_HALF: 0
iteration 83
relaxation time 19.8619 seconds
CutType.COMBINATORY: 0
CutType.LATWO_MIR: 0
CutType.GMI: 115
CutType.ZERO_HALF: 0
CutType.TWO_MIR: 0
iteration 30
relaxation time 59.4549 seconds
CutType.COMBINATORY: 41
CutType.GMI: 0
CutType.RED_SPLIT_G: 0
CutType.RED_SPLIT: 0
CutType.TWO_MIR: 0
CutType.MIR: 3
CutType.RESIDUAL_CAPACITY: 24
CutType.ZERO_HALF: 0
iteration 31
relaxation time 26.0535 seconds
CutType.COMBINATORY: 21
CutType.GMI: 0
CutType.RED_SPLIT_G: 0
CutType.RED_SPLIT: 0
CutType.TWO_MIR: 0
CutType.MIR: 0
CutType.RESIDUAL_CAPACITY: 7
CutType.ZERO_HALF: 0
iteration 32
relaxation time 37.7537 seconds
CutType.COMBINATORY: 43
CutType.GMI: 0
CutType.RED_SPLIT_G: 0
CutType.RED_SPLIT: 0
CutType.TWO_MIR: 0
CutType.MIR: 0
CutType.RESIDUAL_CAPACITY: 9
CutType.ZERO_HALF: 0
iteration 33
relaxation time 59.7601 seconds
CutType.COMBINATORY: 78
CutType.GMI: 0
CutType.RED_SPLIT_G: 0
CutType.RED_SPLIT: 0
CutType.TWO_MIR: 0
CutType.MIR: 0
CutType.RESIDUAL_CAPACITY: 31
CutType.ZERO_HALF: 0
iteration 34
relaxation time 58.7587 seconds
CutType.COMBINATORY: 79
CutType.GMI: 0
CutType.RED_SPLIT_G: 0
CutType.RED_SPLIT: 0
CutType.TWO_MIR: 0
CutType.MIR: 7
CutType.RESIDUAL_CAPACITY: 34
CutType.ZERO_HALF: 0
iteration 35
relaxation time 53.734 seconds
CutType.COMBINATORY: 26
CutType.GMI: 0
CutType.RED_SPLIT_G: 0
CutType.RED_SPLIT: 0
CutType.TWO_MIR: 0
CutType.MIR: 1
CutType.RESIDUAL_CAPACITY: 16
CutType.ZERO_HALF: 0
iteration 84
relaxation time 347.0778 seconds
CutType.COMBINATORY: 108
CutType.LATWO_MIR: 0
CutType.GMI: 0
CutType.ZERO_HALF: 0
CutType.TWO_MIR: 0
iteration 36
relaxation time 20.004 seconds
CutType.COMBINATORY: 33
CutType.GMI: 0
CutType.RED_SPLIT_G: 0
CutType.RED_SPLIT: 0
CutType.TWO_MIR: 0
CutType.MIR: 0
CutType.RESIDUAL_CAPACITY: 11
CutType.ZERO_HALF: 0
iteration 85
relaxation time 42.2558 seconds
CutType.COMBINATORY: 18
CutType.LATWO_MIR: 0
CutType.GMI: 0
CutType.ZERO_HALF: 0
CutType.TWO_MIR: 0
iteration 37
relaxation time 49.4929 seconds
CutType.COMBINATORY: 28
CutType.GMI: 0
CutType.RED_SPLIT_G: 0
CutType.RED_SPLIT: 0
CutType.TWO_MIR: 0
CutType.MIR: 4
CutType.RESIDUAL_CAPACITY: 11
CutType.ZERO_HALF: 0
iteration 86
relaxation time 13.5741 seconds
CutType.COMBINATORY: 0
CutType.LATWO_MIR: 0
CutType.GMI: 67
CutType.ZERO_HALF: 0
CutType.TWO_MIR: 0
iteration 38
relaxation time 44.0457 seconds
CutType.COMBINATORY: 34
CutType.GMI: 0
CutType.RED_SPLIT_G: 0
CutType.RED_SPLIT: 0
CutType.TWO_MIR: 0
CutType.MIR: 0
CutType.RESIDUAL_CAPACITY: 9
CutType.ZERO_HALF: 0
iteration 39
relaxation time 58.746 seconds
CutType.COMBINATORY: 70
CutType.GMI: 0
CutType.RED_SPLIT_G: 0
CutType.RED_SPLIT: 0
CutType.TWO_MIR: 0
CutType.MIR: 0
CutType.RESIDUAL_CAPACITY: 14
CutType.ZERO_HALF: 0
iteration 40
relaxation time 39.4012 seconds
CutType.COMBINATORY: 40
CutType.GMI: 0
CutType.RED_SPLIT_G: 0
CutType.RED_SPLIT: 0
CutType.TWO_MIR: 0
CutType.MIR: 4
CutType.RESIDUAL_CAPACITY: 9
CutType.ZERO_HALF: 0
iteration 41
relaxation time 31.9729 seconds
CutType.COMBINATORY: 53
CutType.GMI: 0
CutType.RED_SPLIT_G: 0
CutType.RED_SPLIT: 0
CutType.TWO_MIR: 0
CutType.MIR: 15
CutType.RESIDUAL_CAPACITY: 16
CutType.ZERO_HALF: 0
iteration 42
relaxation time 65.1737 seconds
CutType.COMBINATORY: 22
CutType.GMI: 0
CutType.RED_SPLIT_G: 0
CutType.RED_SPLIT: 0
CutType.TWO_MIR: 0
CutType.MIR: 0
CutType.RESIDUAL_CAPACITY: 16
CutType.ZERO_HALF: 0
iteration 87
relaxation time 326.9428 seconds
CutType.COMBINATORY: 62
CutType.LATWO_MIR: 0
CutType.GMI: 0
CutType.ZERO_HALF: 0
CutType.TWO_MIR: 0
iteration 43
relaxation time 69.474 seconds
CutType.COMBINATORY: 61
CutType.GMI: 0
CutType.RED_SPLIT_G: 0
CutType.RED_SPLIT: 0
CutType.TWO_MIR: 0
CutType.MIR: 2
CutType.RESIDUAL_CAPACITY: 21
CutType.ZERO_HALF: 0
iteration 88
relaxation time 53.3216 seconds
CutType.COMBINATORY: 33
CutType.LATWO_MIR: 0
CutType.GMI: 0
CutType.ZERO_HALF: 0
CutType.TWO_MIR: 0
iteration 44
relaxation time 28.8092 seconds
CutType.COMBINATORY: 23
CutType.GMI: 0
CutType.RED_SPLIT_G: 0
CutType.RED_SPLIT: 0
CutType.TWO_MIR: 0
CutType.MIR: 0
CutType.RESIDUAL_CAPACITY: 3
CutType.ZERO_HALF: 0
iteration 89
relaxation time 32.6098 seconds
CutType.COMBINATORY: 9
CutType.LATWO_MIR: 0
CutType.GMI: 0
CutType.ZERO_HALF: 0
CutType.TWO_MIR: 0
iteration 90
relaxation time 9.1805 seconds
CutType.COMBINATORY: 1
CutType.LATWO_MIR: 0
CutType.GMI: 0
CutType.ZERO_HALF: 0
CutType.TWO_MIR: 0
iteration 45
relaxation time 25.513 seconds
CutType.COMBINATORY: 29
CutType.GMI: 0
CutType.RED_SPLIT_G: 0
CutType.RED_SPLIT: 0
CutType.TWO_MIR: 0
CutType.MIR: 11
CutType.RESIDUAL_CAPACITY: 5
CutType.ZERO_HALF: 0
iteration 91
relaxation time 2.1883 seconds
CutType.COMBINATORY: 0
CutType.LATWO_MIR: 0
CutType.GMI: 104
CutType.ZERO_HALF: 0
CutType.TWO_MIR: 0
iteration 46
relaxation time 31.2304 seconds
CutType.COMBINATORY: 38
CutType.GMI: 0
CutType.RED_SPLIT_G: 0
CutType.RED_SPLIT: 0
CutType.TWO_MIR: 0
CutType.MIR: 10
CutType.RESIDUAL_CAPACITY: 7
CutType.ZERO_HALF: 0
iteration 47
relaxation time 41.6994 seconds
CutType.COMBINATORY: 77
CutType.GMI: 0
CutType.RED_SPLIT_G: 0
CutType.RED_SPLIT: 0
CutType.TWO_MIR: 0
CutType.MIR: 19
CutType.RESIDUAL_CAPACITY: 12
CutType.ZERO_HALF: 0
iteration 48
relaxation time 55.4438 seconds
CutType.COMBINATORY: 78
CutType.GMI: 0
CutType.RED_SPLIT_G: 0
CutType.RED_SPLIT: 0
CutType.TWO_MIR: 0
CutType.MIR: 2
CutType.RESIDUAL_CAPACITY: 9
CutType.ZERO_HALF: 0
iteration 49
relaxation time 48.5553 seconds
CutType.COMBINATORY: 18
CutType.GMI: 0
CutType.RED_SPLIT_G: 0
CutType.RED_SPLIT: 0
CutType.TWO_MIR: 0
CutType.MIR: 0
CutType.RESIDUAL_CAPACITY: 2
CutType.ZERO_HALF: 0
iteration 92
relaxation time 212.4912 seconds
CutType.COMBINATORY: 36
CutType.LATWO_MIR: 0
CutType.GMI: 0
CutType.ZERO_HALF: 0
CutType.TWO_MIR: 0
iteration 50
relaxation time 29.8699 seconds
CutType.COMBINATORY: 57
CutType.GMI: 0
CutType.RED_SPLIT_G: 0
CutType.RED_SPLIT: 0
CutType.TWO_MIR: 0
CutType.MIR: 0
CutType.RESIDUAL_CAPACITY: 4
CutType.ZERO_HALF: 0
iteration 93
relaxation time 49.5704 seconds
CutType.COMBINATORY: 6
CutType.LATWO_MIR: 0
CutType.GMI: 0
CutType.ZERO_HALF: 0
CutType.TWO_MIR: 0
iteration 51
relaxation time 49.8033 seconds
CutType.COMBINATORY: 89
CutType.GMI: 0
CutType.RED_SPLIT_G: 0
CutType.RED_SPLIT: 0
CutType.TWO_MIR: 0
CutType.MIR: 0
CutType.RESIDUAL_CAPACITY: 16
CutType.ZERO_HALF: 0
iteration 94
relaxation time 5.6778 seconds
CutType.COMBINATORY: 0
CutType.LATWO_MIR: 0
CutType.GMI: 73
CutType.ZERO_HALF: 0
CutType.TWO_MIR: 0
iteration 52
relaxation time 85.1392 seconds
CutType.COMBINATORY: 42
CutType.GMI: 0
CutType.RED_SPLIT_G: 0
CutType.RED_SPLIT: 0
CutType.TWO_MIR: 0
CutType.MIR: 1
CutType.RESIDUAL_CAPACITY: 26
CutType.ZERO_HALF: 0
iteration 95
relaxation time 139.0872 seconds
CutType.COMBINATORY: 2
CutType.LATWO_MIR: 0
CutType.GMI: 0
CutType.ZERO_HALF: 0
CutType.TWO_MIR: 0
iteration 53
relaxation time 62.3874 seconds
CutType.COMBINATORY: 51
CutType.GMI: 0
CutType.RED_SPLIT_G: 0
CutType.RED_SPLIT: 0
CutType.TWO_MIR: 0
CutType.MIR: 0
CutType.RESIDUAL_CAPACITY: 6
CutType.ZERO_HALF: 0
iteration 96
relaxation time 3.3708 seconds
CutType.COMBINATORY: 0
CutType.LATWO_MIR: 0
CutType.GMI: 42
CutType.ZERO_HALF: 0
CutType.TWO_MIR: 0
iteration 54
relaxation time 89.9614 seconds
CutType.COMBINATORY: 96
CutType.GMI: 0
CutType.RED_SPLIT_G: 0
CutType.RED_SPLIT: 0
CutType.TWO_MIR: 0
CutType.MIR: 0
CutType.RESIDUAL_CAPACITY: 16
CutType.ZERO_HALF: 0
iteration 55
relaxation time 60.766 seconds
CutType.COMBINATORY: 41
CutType.GMI: 0
CutType.RED_SPLIT_G: 0
CutType.RED_SPLIT: 0
CutType.TWO_MIR: 0
CutType.MIR: 0
CutType.RESIDUAL_CAPACITY: 14
CutType.ZERO_HALF: 0
iteration 97
relaxation time 218.0028 seconds
CutType.COMBINATORY: 59
CutType.LATWO_MIR: 0
CutType.GMI: 0
CutType.ZERO_HALF: 0
CutType.TWO_MIR: 0
iteration 56
relaxation time 89.216 seconds
CutType.COMBINATORY: 50
CutType.GMI: 0
CutType.RED_SPLIT_G: 0
CutType.RED_SPLIT: 0
CutType.TWO_MIR: 0
CutType.MIR: 0
CutType.RESIDUAL_CAPACITY: 11
CutType.ZERO_HALF: 0
iteration 98
relaxation time 65.1939 seconds
CutType.COMBINATORY: 6
CutType.LATWO_MIR: 0
CutType.GMI: 0
CutType.ZERO_HALF: 0
CutType.TWO_MIR: 0
iteration 99
relaxation time 10.3144 seconds
CutType.COMBINATORY: 4
CutType.LATWO_MIR: 0
CutType.GMI: 0
CutType.ZERO_HALF: 0
CutType.TWO_MIR: 0
iteration 57
relaxation time 52.1387 seconds
CutType.COMBINATORY: 50
CutType.GMI: 0
CutType.RED_SPLIT_G: 0
CutType.RED_SPLIT: 0
CutType.TWO_MIR: 0
CutType.MIR: 0
CutType.RESIDUAL_CAPACITY: 16
CutType.ZERO_HALF: 0
iteration 100
relaxation time 4.5754 seconds
CutType.COMBINATORY: 0
CutType.LATWO_MIR: 0
CutType.GMI: 3
CutType.ZERO_HALF: 0
CutType.TWO_MIR: 0
iteration 58
relaxation time 85.2594 seconds
CutType.COMBINATORY: 125
CutType.GMI: 0
CutType.RED_SPLIT_G: 0
CutType.RED_SPLIT: 0
CutType.TWO_MIR: 0
CutType.MIR: 1
CutType.RESIDUAL_CAPACITY: 21
CutType.ZERO_HALF: 0
iteration 59
relaxation time 64.6729 seconds
CutType.COMBINATORY: 22
CutType.GMI: 0
CutType.RED_SPLIT_G: 0
CutType.RED_SPLIT: 0
CutType.TWO_MIR: 0
CutType.MIR: 0
CutType.RESIDUAL_CAPACITY: 12
CutType.ZERO_HALF: 0
iteration 101
relaxation time 188.7264 seconds
CutType.COMBINATORY: 36
CutType.LATWO_MIR: 0
CutType.GMI: 0
CutType.ZERO_HALF: 0
CutType.TWO_MIR: 0
iteration 60
relaxation time 37.7849 seconds
CutType.COMBINATORY: 45
CutType.GMI: 0
CutType.RED_SPLIT_G: 0
CutType.RED_SPLIT: 0
CutType.TWO_MIR: 0
CutType.MIR: 0
CutType.RESIDUAL_CAPACITY: 7
CutType.ZERO_HALF: 0
iteration 102
relaxation time 22.4269 seconds
CutType.COMBINATORY: 8
CutType.LATWO_MIR: 0
CutType.GMI: 0
CutType.ZERO_HALF: 0
CutType.TWO_MIR: 0
iteration 103
relaxation time 7.9401 seconds
CutType.COMBINATORY: 0
CutType.LATWO_MIR: 0
CutType.GMI: 126
CutType.ZERO_HALF: 0
CutType.TWO_MIR: 0
iteration 61
relaxation time 64.1975 seconds
CutType.COMBINATORY: 38
CutType.GMI: 0
CutType.RED_SPLIT_G: 0
CutType.RED_SPLIT: 0
CutType.TWO_MIR: 0
CutType.MIR: 0
CutType.RESIDUAL_CAPACITY: 22
CutType.ZERO_HALF: 0
iteration 62
relaxation time 30.4039 seconds
CutType.COMBINATORY: 30
CutType.GMI: 0
CutType.RED_SPLIT_G: 0
CutType.RED_SPLIT: 0
CutType.TWO_MIR: 0
CutType.MIR: 0
CutType.RESIDUAL_CAPACITY: 12
CutType.ZERO_HALF: 0
iteration 63
relaxation time 45.7366 seconds
CutType.COMBINATORY: 123
CutType.GMI: 0
CutType.RED_SPLIT_G: 0
CutType.RED_SPLIT: 0
CutType.TWO_MIR: 0
CutType.MIR: 0
CutType.RESIDUAL_CAPACITY: 4
CutType.ZERO_HALF: 0
iteration 64
relaxation time 67.7883 seconds
CutType.COMBINATORY: 41
CutType.GMI: 0
CutType.RED_SPLIT_G: 0
CutType.RED_SPLIT: 0
CutType.TWO_MIR: 0
CutType.MIR: 0
CutType.RESIDUAL_CAPACITY: 9
CutType.ZERO_HALF: 0
iteration 104
relaxation time 277.8296 seconds
CutType.COMBINATORY: 73
CutType.LATWO_MIR: 0
CutType.GMI: 0
CutType.ZERO_HALF: 0
CutType.TWO_MIR: 0
iteration 105
relaxation time 18.0201 seconds
CutType.COMBINATORY: 2
CutType.LATWO_MIR: 0
CutType.GMI: 0
CutType.ZERO_HALF: 0
CutType.TWO_MIR: 0
iteration 65
relaxation time 104.6318 seconds
CutType.COMBINATORY: 68
CutType.GMI: 0
CutType.RED_SPLIT_G: 0
CutType.RED_SPLIT: 0
CutType.TWO_MIR: 0
CutType.MIR: 0
CutType.RESIDUAL_CAPACITY: 13
CutType.ZERO_HALF: 0
iteration 106
relaxation time 2.2729 seconds
CutType.COMBINATORY: 0
CutType.LATWO_MIR: 0
CutType.GMI: 32
CutType.ZERO_HALF: 0
CutType.TWO_MIR: 0
iteration 66
relaxation time 35.9396 seconds
CutType.COMBINATORY: 35
CutType.GMI: 0
CutType.RED_SPLIT_G: 0
CutType.RED_SPLIT: 0
CutType.TWO_MIR: 0
CutType.MIR: 0
CutType.RESIDUAL_CAPACITY: 10
CutType.ZERO_HALF: 0
iteration 67
relaxation time 34.8563 seconds
CutType.COMBINATORY: 46
CutType.GMI: 0
CutType.RED_SPLIT_G: 0
CutType.RED_SPLIT: 0
CutType.TWO_MIR: 0
CutType.MIR: 2
CutType.RESIDUAL_CAPACITY: 7
CutType.ZERO_HALF: 0
iteration 68
relaxation time 39.4884 seconds
CutType.COMBINATORY: 36
CutType.GMI: 0
CutType.RED_SPLIT_G: 0
CutType.RED_SPLIT: 0
CutType.TWO_MIR: 0
CutType.MIR: 0
CutType.RESIDUAL_CAPACITY: 6
CutType.ZERO_HALF: 0
iteration 107
relaxation time 181.6822 seconds
CutType.COMBINATORY: 18
CutType.LATWO_MIR: 0
CutType.GMI: 0
CutType.ZERO_HALF: 0
CutType.TWO_MIR: 0
iteration 69
relaxation time 55.5519 seconds
CutType.COMBINATORY: 39
CutType.GMI: 0
CutType.RED_SPLIT_G: 0
CutType.RED_SPLIT: 0
CutType.TWO_MIR: 0
CutType.MIR: 0
CutType.RESIDUAL_CAPACITY: 4
CutType.ZERO_HALF: 0
iteration 108
relaxation time 19.5752 seconds
CutType.COMBINATORY: 2
CutType.LATWO_MIR: 0
CutType.GMI: 0
CutType.ZERO_HALF: 0
CutType.TWO_MIR: 0
iteration 109
relaxation time 5.087 seconds
CutType.COMBINATORY: 0
CutType.LATWO_MIR: 0
CutType.GMI: 46
CutType.ZERO_HALF: 0
CutType.TWO_MIR: 0
iteration 70
relaxation time 64.7061 seconds
CutType.COMBINATORY: 97
CutType.GMI: 0
CutType.RED_SPLIT_G: 0
CutType.RED_SPLIT: 0
CutType.TWO_MIR: 0
CutType.MIR: 6
CutType.RESIDUAL_CAPACITY: 9
CutType.ZERO_HALF: 0
iteration 71
relaxation time 61.1164 seconds
CutType.COMBINATORY: 39
CutType.GMI: 0
CutType.RED_SPLIT_G: 0
CutType.RED_SPLIT: 0
CutType.TWO_MIR: 0
CutType.MIR: 0
CutType.RESIDUAL_CAPACITY: 9
CutType.ZERO_HALF: 0
iteration 72
relaxation time 58.6908 seconds
CutType.COMBINATORY: 44
CutType.GMI: 0
CutType.RED_SPLIT_G: 0
CutType.RED_SPLIT: 0
CutType.TWO_MIR: 0
CutType.MIR: 0
CutType.RESIDUAL_CAPACITY: 9
CutType.ZERO_HALF: 0
iteration 110
relaxation time 212.3781 seconds
CutType.COMBINATORY: 14
CutType.LATWO_MIR: 0
CutType.GMI: 0
CutType.ZERO_HALF: 0
CutType.TWO_MIR: 0
iteration 111
relaxation time 15.8792 seconds
CutType.COMBINATORY: 0
CutType.LATWO_MIR: 0
CutType.GMI: 27
CutType.ZERO_HALF: 0
CutType.TWO_MIR: 0
iteration 73
relaxation time 112.5802 seconds
CutType.COMBINATORY: 71
CutType.GMI: 0
CutType.RED_SPLIT_G: 0
CutType.RED_SPLIT: 0
CutType.TWO_MIR: 0
CutType.MIR: 0
CutType.RESIDUAL_CAPACITY: 20
CutType.ZERO_HALF: 0
iteration 74
relaxation time 104.2267 seconds
CutType.COMBINATORY: 97
CutType.GMI: 0
CutType.RED_SPLIT_G: 0
CutType.RED_SPLIT: 0
CutType.TWO_MIR: 0
CutType.MIR: 0
CutType.RESIDUAL_CAPACITY: 17
CutType.ZERO_HALF: 0
iteration 112
relaxation time 147.7436 seconds
CutType.COMBINATORY: 25
CutType.LATWO_MIR: 0
CutType.GMI: 0
CutType.ZERO_HALF: 0
CutType.TWO_MIR: 0
iteration 113
relaxation time 15.3826 seconds
CutType.COMBINATORY: 3
CutType.LATWO_MIR: 0
CutType.GMI: 0
CutType.ZERO_HALF: 0
CutType.TWO_MIR: 0
iteration 114
relaxation time 3.5507 seconds
CutType.COMBINATORY: 0
CutType.LATWO_MIR: 0
CutType.GMI: 52
CutType.ZERO_HALF: 0
CutType.TWO_MIR: 0
iteration 75
relaxation time 70.5535 seconds
CutType.COMBINATORY: 24
CutType.GMI: 0
CutType.RED_SPLIT_G: 0
CutType.RED_SPLIT: 0
CutType.TWO_MIR: 0
CutType.MIR: 0
CutType.RESIDUAL_CAPACITY: 15
CutType.ZERO_HALF: 0
iteration 76
relaxation time 57.8941 seconds
CutType.COMBINATORY: 21
CutType.GMI: 0
CutType.RED_SPLIT_G: 0
CutType.RED_SPLIT: 0
CutType.TWO_MIR: 0
CutType.MIR: 2
CutType.RESIDUAL_CAPACITY: 12
CutType.ZERO_HALF: 0
iteration 77
relaxation time 42.8259 seconds
CutType.COMBINATORY: 25
CutType.GMI: 0
CutType.RED_SPLIT_G: 0
CutType.RED_SPLIT: 0
CutType.TWO_MIR: 0
CutType.MIR: 0
CutType.RESIDUAL_CAPACITY: 5
CutType.ZERO_HALF: 0
iteration 115
relaxation time 148.4636 seconds
CutType.COMBINATORY: 26
CutType.LATWO_MIR: 0
CutType.GMI: 0
CutType.ZERO_HALF: 0
CutType.TWO_MIR: 0
iteration 116
relaxation time 22.1758 seconds
CutType.COMBINATORY: 12
CutType.LATWO_MIR: 0
CutType.GMI: 0
CutType.ZERO_HALF: 0
CutType.TWO_MIR: 0
iteration 117
relaxation time 7.2548 seconds
CutType.COMBINATORY: 8
CutType.LATWO_MIR: 0
CutType.GMI: 0
CutType.ZERO_HALF: 0
CutType.TWO_MIR: 0
iteration 78
relaxation time 53.8669 seconds
CutType.COMBINATORY: 78
CutType.GMI: 0
CutType.RED_SPLIT_G: 0
CutType.RED_SPLIT: 0
CutType.TWO_MIR: 0
CutType.MIR: 0
CutType.RESIDUAL_CAPACITY: 11
CutType.ZERO_HALF: 0
iteration 118
relaxation time 3.1429 seconds
CutType.COMBINATORY: 0
CutType.LATWO_MIR: 0
CutType.GMI: 34
CutType.ZERO_HALF: 0
CutType.TWO_MIR: 0
iteration 79
relaxation time 99.931 seconds
CutType.COMBINATORY: 71
CutType.GMI: 0
CutType.RED_SPLIT_G: 0
CutType.RED_SPLIT: 0
CutType.TWO_MIR: 0
CutType.MIR: 0
CutType.RESIDUAL_CAPACITY: 20
CutType.ZERO_HALF: 0
iteration 119
relaxation time 175.144 seconds
CutType.COMBINATORY: 3
CutType.LATWO_MIR: 0
CutType.GMI: 0
CutType.ZERO_HALF: 0
CutType.TWO_MIR: 0
iteration 80
relaxation time 75.9813 seconds
CutType.COMBINATORY: 96
CutType.GMI: 0
CutType.RED_SPLIT_G: 0
CutType.RED_SPLIT: 0
CutType.TWO_MIR: 0
CutType.MIR: 0
CutType.RESIDUAL_CAPACITY: 17
CutType.ZERO_HALF: 0
iteration 120
relaxation time 6.9796 seconds
CutType.COMBINATORY: 0
CutType.LATWO_MIR: 0
CutType.GMI: 130
CutType.ZERO_HALF: 0
CutType.TWO_MIR: 0
iteration 81
relaxation time 61.9653 seconds
CutType.COMBINATORY: 74
CutType.GMI: 0
CutType.RED_SPLIT_G: 0
CutType.RED_SPLIT: 0
CutType.TWO_MIR: 0
CutType.MIR: 3
CutType.RESIDUAL_CAPACITY: 13
CutType.ZERO_HALF: 0
iteration 121
relaxation time 113.7835 seconds
CutType.COMBINATORY: 7
CutType.LATWO_MIR: 0
CutType.GMI: 0
CutType.ZERO_HALF: 0
CutType.TWO_MIR: 0
iteration 82
relaxation time 93.3816 seconds
CutType.COMBINATORY: 16
CutType.GMI: 0
CutType.RED_SPLIT_G: 0
CutType.RED_SPLIT: 0
CutType.TWO_MIR: 0
CutType.MIR: 0
CutType.RESIDUAL_CAPACITY: 11
CutType.ZERO_HALF: 0
iteration 122
relaxation time 6.1002 seconds
CutType.COMBINATORY: 0
CutType.LATWO_MIR: 0
CutType.GMI: 0
CutType.ZERO_HALF: 0
CutType.TWO_MIR: 0
len dataset: 4206
test_ok: 4206
test_false: 0
iteration 83
relaxation time 22.5644 seconds
CutType.COMBINATORY: 62
CutType.GMI: 0
CutType.RED_SPLIT_G: 0
CutType.RED_SPLIT: 0
CutType.TWO_MIR: 0
CutType.MIR: 0
CutType.RESIDUAL_CAPACITY: 5
CutType.ZERO_HALF: 0
iteration 84
relaxation time 39.4044 seconds
CutType.COMBINATORY: 16
CutType.GMI: 0
CutType.RED_SPLIT_G: 0
CutType.RED_SPLIT: 0
CutType.TWO_MIR: 0
CutType.MIR: 0
CutType.RESIDUAL_CAPACITY: 7
CutType.ZERO_HALF: 0
iteration 85
relaxation time 8.1836 seconds
CutType.COMBINATORY: 61
CutType.GMI: 0
CutType.RED_SPLIT_G: 0
CutType.RED_SPLIT: 0
CutType.TWO_MIR: 0
CutType.MIR: 0
CutType.RESIDUAL_CAPACITY: 1
CutType.ZERO_HALF: 0
iteration 86
relaxation time 76.7571 seconds
CutType.COMBINATORY: 13
CutType.GMI: 0
CutType.RED_SPLIT_G: 0
CutType.RED_SPLIT: 0
CutType.TWO_MIR: 0
CutType.MIR: 2
CutType.RESIDUAL_CAPACITY: 6
CutType.ZERO_HALF: 0
iteration 87
relaxation time 79.2167 seconds
CutType.COMBINATORY: 14
CutType.GMI: 0
CutType.RED_SPLIT_G: 0
CutType.RED_SPLIT: 0
CutType.TWO_MIR: 0
CutType.MIR: 1
CutType.RESIDUAL_CAPACITY: 9
CutType.ZERO_HALF: 0
iteration 88
relaxation time 15.9686 seconds
CutType.COMBINATORY: 9
CutType.GMI: 0
CutType.RED_SPLIT_G: 0
CutType.RED_SPLIT: 0
CutType.TWO_MIR: 0
CutType.MIR: 0
CutType.RESIDUAL_CAPACITY: 2
CutType.ZERO_HALF: 0
iteration 89
relaxation time 81.0386 seconds
CutType.COMBINATORY: 25
CutType.GMI: 0
CutType.RED_SPLIT_G: 0
CutType.RED_SPLIT: 0
CutType.TWO_MIR: 0
CutType.MIR: 1
CutType.RESIDUAL_CAPACITY: 12
CutType.ZERO_HALF: 0
iteration 90
relaxation time 77.8096 seconds
CutType.COMBINATORY: 56
CutType.GMI: 0
CutType.RED_SPLIT_G: 0
CutType.RED_SPLIT: 0
CutType.TWO_MIR: 0
CutType.MIR: 0
CutType.RESIDUAL_CAPACITY: 4
CutType.ZERO_HALF: 0
iteration 91
relaxation time 67.9256 seconds
CutType.COMBINATORY: 9
CutType.GMI: 0
CutType.RED_SPLIT_G: 0
CutType.RED_SPLIT: 0
CutType.TWO_MIR: 0
CutType.MIR: 0
CutType.RESIDUAL_CAPACITY: 7
CutType.ZERO_HALF: 0
iteration 92
relaxation time 8.6086 seconds
CutType.COMBINATORY: 29
CutType.GMI: 0
CutType.RED_SPLIT_G: 0
CutType.RED_SPLIT: 0
CutType.TWO_MIR: 0
CutType.MIR: 0
CutType.RESIDUAL_CAPACITY: 0
CutType.ZERO_HALF: 0
iteration 93
relaxation time 86.7475 seconds
CutType.COMBINATORY: 4
CutType.GMI: 0
CutType.RED_SPLIT_G: 0
CutType.RED_SPLIT: 0
CutType.TWO_MIR: 0
CutType.MIR: 0
CutType.RESIDUAL_CAPACITY: 5
CutType.ZERO_HALF: 0
iteration 94
relaxation time 12.8699 seconds
CutType.COMBINATORY: 0
CutType.GMI: 40
CutType.RED_SPLIT_G: 0
CutType.RED_SPLIT: 0
CutType.TWO_MIR: 0
CutType.MIR: 0
CutType.RESIDUAL_CAPACITY: 0
CutType.ZERO_HALF: 0
iteration 95
relaxation time 77.6285 seconds
CutType.COMBINATORY: 17
CutType.GMI: 0
CutType.RED_SPLIT_G: 0
CutType.RED_SPLIT: 0
CutType.TWO_MIR: 0
CutType.MIR: 0
CutType.RESIDUAL_CAPACITY: 12
CutType.ZERO_HALF: 0
iteration 96
relaxation time 29.424 seconds
CutType.COMBINATORY: 11
CutType.GMI: 0
CutType.RED_SPLIT_G: 0
CutType.RED_SPLIT: 0
CutType.TWO_MIR: 0
CutType.MIR: 0
CutType.RESIDUAL_CAPACITY: 3
CutType.ZERO_HALF: 0
iteration 97
relaxation time 59.1799 seconds
CutType.COMBINATORY: 11
CutType.GMI: 0
CutType.RED_SPLIT_G: 0
CutType.RED_SPLIT: 0
CutType.TWO_MIR: 0
CutType.MIR: 0
CutType.RESIDUAL_CAPACITY: 5
CutType.ZERO_HALF: 0
iteration 98
relaxation time 10.4377 seconds
CutType.COMBINATORY: 2
CutType.GMI: 0
CutType.RED_SPLIT_G: 0
CutType.RED_SPLIT: 0
CutType.TWO_MIR: 0
CutType.MIR: 0
CutType.RESIDUAL_CAPACITY: 0
CutType.ZERO_HALF: 0
iteration 99
relaxation time 5.8842 seconds
CutType.COMBINATORY: 2
CutType.GMI: 0
CutType.RED_SPLIT_G: 0
CutType.RED_SPLIT: 0
CutType.TWO_MIR: 0
CutType.MIR: 0
CutType.RESIDUAL_CAPACITY: 1
CutType.ZERO_HALF: 0
iteration 100
relaxation time 2.4342 seconds
CutType.COMBINATORY: 0
CutType.GMI: 41
CutType.RED_SPLIT_G: 0
CutType.RED_SPLIT: 0
CutType.TWO_MIR: 0
CutType.MIR: 0
CutType.RESIDUAL_CAPACITY: 0
CutType.ZERO_HALF: 0
iteration 101
relaxation time 90.3351 seconds
CutType.COMBINATORY: 15
CutType.GMI: 0
CutType.RED_SPLIT_G: 0
CutType.RED_SPLIT: 0
CutType.TWO_MIR: 0
CutType.MIR: 0
CutType.RESIDUAL_CAPACITY: 6
CutType.ZERO_HALF: 0
iteration 102
relaxation time 80.4872 seconds
CutType.COMBINATORY: 21
CutType.GMI: 0
CutType.RED_SPLIT_G: 0
CutType.RED_SPLIT: 0
CutType.TWO_MIR: 0
CutType.MIR: 0
CutType.RESIDUAL_CAPACITY: 10
CutType.ZERO_HALF: 0
iteration 103
relaxation time 70.8433 seconds
CutType.COMBINATORY: 9
CutType.GMI: 0
CutType.RED_SPLIT_G: 0
CutType.RED_SPLIT: 0
CutType.TWO_MIR: 0
CutType.MIR: 0
CutType.RESIDUAL_CAPACITY: 5
CutType.ZERO_HALF: 0
iteration 104
relaxation time 60.8325 seconds
CutType.COMBINATORY: 13
CutType.GMI: 0
CutType.RED_SPLIT_G: 0
CutType.RED_SPLIT: 0
CutType.TWO_MIR: 0
CutType.MIR: 0
CutType.RESIDUAL_CAPACITY: 6
CutType.ZERO_HALF: 0
iteration 105
relaxation time 8.1056 seconds
CutType.COMBINATORY: 3
CutType.GMI: 0
CutType.RED_SPLIT_G: 0
CutType.RED_SPLIT: 0
CutType.TWO_MIR: 0
CutType.MIR: 0
CutType.RESIDUAL_CAPACITY: 1
CutType.ZERO_HALF: 0
iteration 106
relaxation time 4.5881 seconds
CutType.COMBINATORY: 0
CutType.GMI: 48
CutType.RED_SPLIT_G: 0
CutType.RED_SPLIT: 0
CutType.TWO_MIR: 0
CutType.MIR: 0
CutType.RESIDUAL_CAPACITY: 0
CutType.ZERO_HALF: 0
iteration 107
relaxation time 202.1613 seconds
CutType.COMBINATORY: 68
CutType.GMI: 0
CutType.RED_SPLIT_G: 0
CutType.RED_SPLIT: 0
CutType.TWO_MIR: 0
CutType.MIR: 0
CutType.RESIDUAL_CAPACITY: 20
CutType.ZERO_HALF: 0
iteration 108
relaxation time 75.6725 seconds
CutType.COMBINATORY: 48
CutType.GMI: 0
CutType.RED_SPLIT_G: 0
CutType.RED_SPLIT: 0
CutType.TWO_MIR: 0
CutType.MIR: 0
CutType.RESIDUAL_CAPACITY: 11
CutType.ZERO_HALF: 0
iteration 109
relaxation time 102.2949 seconds
CutType.COMBINATORY: 37
CutType.GMI: 0
CutType.RED_SPLIT_G: 0
CutType.RED_SPLIT: 0
CutType.TWO_MIR: 0
CutType.MIR: 0
CutType.RESIDUAL_CAPACITY: 10
CutType.ZERO_HALF: 0
iteration 110
relaxation time 62.6969 seconds
CutType.COMBINATORY: 11
CutType.GMI: 0
CutType.RED_SPLIT_G: 0
CutType.RED_SPLIT: 0
CutType.TWO_MIR: 0
CutType.MIR: 2
CutType.RESIDUAL_CAPACITY: 8
CutType.ZERO_HALF: 0
iteration 111
relaxation time 85.6782 seconds
CutType.COMBINATORY: 62
CutType.GMI: 0
CutType.RED_SPLIT_G: 0
CutType.RED_SPLIT: 0
CutType.TWO_MIR: 0
CutType.MIR: 3
CutType.RESIDUAL_CAPACITY: 16
CutType.ZERO_HALF: 0
iteration 112
relaxation time 72.4779 seconds
CutType.COMBINATORY: 20
CutType.GMI: 0
CutType.RED_SPLIT_G: 0
CutType.RED_SPLIT: 0
CutType.TWO_MIR: 0
CutType.MIR: 0
CutType.RESIDUAL_CAPACITY: 7
CutType.ZERO_HALF: 0
iteration 113
relaxation time 68.5614 seconds
CutType.COMBINATORY: 6
CutType.GMI: 0
CutType.RED_SPLIT_G: 0
CutType.RED_SPLIT: 0
CutType.TWO_MIR: 0
CutType.MIR: 0
CutType.RESIDUAL_CAPACITY: 4
CutType.ZERO_HALF: 0
iteration 114
relaxation time 17.6125 seconds
CutType.COMBINATORY: 6
CutType.GMI: 0
CutType.RED_SPLIT_G: 0
CutType.RED_SPLIT: 0
CutType.TWO_MIR: 0
CutType.MIR: 0
CutType.RESIDUAL_CAPACITY: 4
CutType.ZERO_HALF: 0
iteration 115
relaxation time 14.1373 seconds
CutType.COMBINATORY: 26
CutType.GMI: 0
CutType.RED_SPLIT_G: 0
CutType.RED_SPLIT: 0
CutType.TWO_MIR: 0
CutType.MIR: 0
CutType.RESIDUAL_CAPACITY: 1
CutType.ZERO_HALF: 0
iteration 116
relaxation time 115.0842 seconds
CutType.COMBINATORY: 5
CutType.GMI: 0
CutType.RED_SPLIT_G: 0
CutType.RED_SPLIT: 0
CutType.TWO_MIR: 0
CutType.MIR: 0
CutType.RESIDUAL_CAPACITY: 3
CutType.ZERO_HALF: 0
iteration 117
relaxation time 81.0035 seconds
CutType.COMBINATORY: 16
CutType.GMI: 0
CutType.RED_SPLIT_G: 0
CutType.RED_SPLIT: 0
CutType.TWO_MIR: 0
CutType.MIR: 0
CutType.RESIDUAL_CAPACITY: 8
CutType.ZERO_HALF: 0
iteration 118
relaxation time 79.8507 seconds
CutType.COMBINATORY: 106
CutType.GMI: 0
CutType.RED_SPLIT_G: 0
CutType.RED_SPLIT: 0
CutType.TWO_MIR: 0
CutType.MIR: 0
CutType.RESIDUAL_CAPACITY: 6
CutType.ZERO_HALF: 0
iteration 119
relaxation time 94.0598 seconds
CutType.COMBINATORY: 11
CutType.GMI: 0
CutType.RED_SPLIT_G: 0
CutType.RED_SPLIT: 0
CutType.TWO_MIR: 0
CutType.MIR: 0
CutType.RESIDUAL_CAPACITY: 9
CutType.ZERO_HALF: 0
iteration 120
relaxation time 9.671 seconds
CutType.COMBINATORY: 3
CutType.GMI: 0
CutType.RED_SPLIT_G: 0
CutType.RED_SPLIT: 0
CutType.TWO_MIR: 0
CutType.MIR: 0
CutType.RESIDUAL_CAPACITY: 0
CutType.ZERO_HALF: 0
iteration 121
relaxation time 66.1767 seconds
CutType.COMBINATORY: 18
CutType.GMI: 0
CutType.RED_SPLIT_G: 0
CutType.RED_SPLIT: 0
CutType.TWO_MIR: 0
CutType.MIR: 0
CutType.RESIDUAL_CAPACITY: 4
CutType.ZERO_HALF: 0
iteration 122
relaxation time 106.0828 seconds
CutType.COMBINATORY: 29
CutType.GMI: 0
CutType.RED_SPLIT_G: 0
CutType.RED_SPLIT: 0
CutType.TWO_MIR: 0
CutType.MIR: 0
CutType.RESIDUAL_CAPACITY: 15
CutType.ZERO_HALF: 0
iteration 123
relaxation time 55.9325 seconds
CutType.COMBINATORY: 72
CutType.GMI: 0
CutType.RED_SPLIT_G: 0
CutType.RED_SPLIT: 0
CutType.TWO_MIR: 0
CutType.MIR: 1
CutType.RESIDUAL_CAPACITY: 8
CutType.ZERO_HALF: 0
iteration 124
relaxation time 122.6313 seconds
CutType.COMBINATORY: 20
CutType.GMI: 0
CutType.RED_SPLIT_G: 0
CutType.RED_SPLIT: 0
CutType.TWO_MIR: 0
CutType.MIR: 0
CutType.RESIDUAL_CAPACITY: 7
CutType.ZERO_HALF: 0
iteration 125
relaxation time 43.3137 seconds
CutType.COMBINATORY: 19
CutType.GMI: 0
CutType.RED_SPLIT_G: 0
CutType.RED_SPLIT: 0
CutType.TWO_MIR: 0
CutType.MIR: 0
CutType.RESIDUAL_CAPACITY: 5
CutType.ZERO_HALF: 0
iteration 126
relaxation time 61.1666 seconds
CutType.COMBINATORY: 10
CutType.GMI: 0
CutType.RED_SPLIT_G: 0
CutType.RED_SPLIT: 0
CutType.TWO_MIR: 0
CutType.MIR: 0
CutType.RESIDUAL_CAPACITY: 4
CutType.ZERO_HALF: 0
iteration 127
relaxation time 81.3723 seconds
CutType.COMBINATORY: 25
CutType.GMI: 0
CutType.RED_SPLIT_G: 0
CutType.RED_SPLIT: 0
CutType.TWO_MIR: 0
CutType.MIR: 0
CutType.RESIDUAL_CAPACITY: 13
CutType.ZERO_HALF: 0
iteration 128
relaxation time 146.5342 seconds
CutType.COMBINATORY: 31
CutType.GMI: 0
CutType.RED_SPLIT_G: 0
CutType.RED_SPLIT: 0
CutType.TWO_MIR: 0
CutType.MIR: 4
CutType.RESIDUAL_CAPACITY: 13
CutType.ZERO_HALF: 0
iteration 129
relaxation time 106.236 seconds
CutType.COMBINATORY: 24
CutType.GMI: 0
CutType.RED_SPLIT_G: 0
CutType.RED_SPLIT: 0
CutType.TWO_MIR: 0
CutType.MIR: 0
CutType.RESIDUAL_CAPACITY: 16
CutType.ZERO_HALF: 0
iteration 130
relaxation time 25.9475 seconds
CutType.COMBINATORY: 10
CutType.GMI: 0
CutType.RED_SPLIT_G: 0
CutType.RED_SPLIT: 0
CutType.TWO_MIR: 0
CutType.MIR: 0
CutType.RESIDUAL_CAPACITY: 6
CutType.ZERO_HALF: 0
iteration 131
relaxation time 40.3011 seconds
CutType.COMBINATORY: 9
CutType.GMI: 0
CutType.RED_SPLIT_G: 0
CutType.RED_SPLIT: 0
CutType.TWO_MIR: 0
CutType.MIR: 0
CutType.RESIDUAL_CAPACITY: 6
CutType.ZERO_HALF: 0
iteration 132
relaxation time 25.2494 seconds
CutType.COMBINATORY: 13
CutType.GMI: 0
CutType.RED_SPLIT_G: 0
CutType.RED_SPLIT: 0
CutType.TWO_MIR: 0
CutType.MIR: 0
CutType.RESIDUAL_CAPACITY: 0
CutType.ZERO_HALF: 0
iteration 133
relaxation time 102.5272 seconds
CutType.COMBINATORY: 10
CutType.GMI: 0
CutType.RED_SPLIT_G: 0
CutType.RED_SPLIT: 0
CutType.TWO_MIR: 0
CutType.MIR: 0
CutType.RESIDUAL_CAPACITY: 6
CutType.ZERO_HALF: 0
iteration 134
relaxation time 34.4614 seconds
CutType.COMBINATORY: 0
CutType.GMI: 2
CutType.RED_SPLIT_G: 0
CutType.RED_SPLIT: 0
CutType.TWO_MIR: 0
CutType.MIR: 0
CutType.RESIDUAL_CAPACITY: 0
CutType.ZERO_HALF: 0
iteration 135
relaxation time 119.8684 seconds
CutType.COMBINATORY: 13
CutType.GMI: 0
CutType.RED_SPLIT_G: 0
CutType.RED_SPLIT: 0
CutType.TWO_MIR: 0
CutType.MIR: 0
CutType.RESIDUAL_CAPACITY: 7
CutType.ZERO_HALF: 0
iteration 136
relaxation time 81.676 seconds
CutType.COMBINATORY: 6
CutType.GMI: 0
CutType.RED_SPLIT_G: 0
CutType.RED_SPLIT: 0
CutType.TWO_MIR: 0
CutType.MIR: 0
CutType.RESIDUAL_CAPACITY: 3
CutType.ZERO_HALF: 0
iteration 137
relaxation time 12.337 seconds
CutType.COMBINATORY: 2
CutType.GMI: 0
CutType.RED_SPLIT_G: 0
CutType.RED_SPLIT: 0
CutType.TWO_MIR: 0
CutType.MIR: 0
CutType.RESIDUAL_CAPACITY: 1
CutType.ZERO_HALF: 0
iteration 138
relaxation time 5.1992 seconds
CutType.COMBINATORY: 2
CutType.GMI: 0
CutType.RED_SPLIT_G: 0
CutType.RED_SPLIT: 0
CutType.TWO_MIR: 0
CutType.MIR: 0
CutType.RESIDUAL_CAPACITY: 2
CutType.ZERO_HALF: 0
iteration 139
relaxation time 7.8293 seconds
CutType.COMBINATORY: 0
CutType.GMI: 0
CutType.RED_SPLIT_G: 0
CutType.RED_SPLIT: 16
CutType.TWO_MIR: 0
CutType.MIR: 0
CutType.RESIDUAL_CAPACITY: 0
CutType.ZERO_HALF: 0
iteration 140
relaxation time 89.8519 seconds
CutType.COMBINATORY: 18
CutType.GMI: 0
CutType.RED_SPLIT_G: 0
CutType.RED_SPLIT: 0
CutType.TWO_MIR: 0
CutType.MIR: 0
CutType.RESIDUAL_CAPACITY: 11
CutType.ZERO_HALF: 0
iteration 141
relaxation time 59.5735 seconds
CutType.COMBINATORY: 5
CutType.GMI: 0
CutType.RED_SPLIT_G: 0
CutType.RED_SPLIT: 0
CutType.TWO_MIR: 0
CutType.MIR: 0
CutType.RESIDUAL_CAPACITY: 3
CutType.ZERO_HALF: 0
iteration 142
relaxation time 9.9933 seconds
CutType.COMBINATORY: 2
CutType.GMI: 0
CutType.RED_SPLIT_G: 0
CutType.RED_SPLIT: 0
CutType.TWO_MIR: 0
CutType.MIR: 0
CutType.RESIDUAL_CAPACITY: 0
CutType.ZERO_HALF: 0
iteration 143
relaxation time 7.8911 seconds
CutType.COMBINATORY: 2
CutType.GMI: 0
CutType.RED_SPLIT_G: 0
CutType.RED_SPLIT: 0
CutType.TWO_MIR: 0
CutType.MIR: 0
CutType.RESIDUAL_CAPACITY: 0
CutType.ZERO_HALF: 0
iteration 144
relaxation time 11.0535 seconds
CutType.COMBINATORY: 3
CutType.GMI: 0
CutType.RED_SPLIT_G: 0
CutType.RED_SPLIT: 0
CutType.TWO_MIR: 0
CutType.MIR: 0
CutType.RESIDUAL_CAPACITY: 0
CutType.ZERO_HALF: 0
iteration 145
relaxation time 9.6797 seconds
CutType.COMBINATORY: 5
CutType.GMI: 0
CutType.RED_SPLIT_G: 0
CutType.RED_SPLIT: 0
CutType.TWO_MIR: 0
CutType.MIR: 0
CutType.RESIDUAL_CAPACITY: 3
CutType.ZERO_HALF: 0
iteration 146
relaxation time 42.9367 seconds
CutType.COMBINATORY: 14
CutType.GMI: 0
CutType.RED_SPLIT_G: 0
CutType.RED_SPLIT: 0
CutType.TWO_MIR: 0
CutType.MIR: 0
CutType.RESIDUAL_CAPACITY: 2
CutType.ZERO_HALF: 0
iteration 147
relaxation time 71.9043 seconds
CutType.COMBINATORY: 4
CutType.GMI: 0
CutType.RED_SPLIT_G: 0
CutType.RED_SPLIT: 0
CutType.TWO_MIR: 0
CutType.MIR: 0
CutType.RESIDUAL_CAPACITY: 2
CutType.ZERO_HALF: 0
iteration 148
relaxation time 6.4682 seconds
CutType.COMBINATORY: 0
CutType.GMI: 0
len dataset: 3220
test_ok: 3220
test_false: 0
