Combinatory set: [<CutType.ODD_WHEEL: 13>]
Non-Combinatory set: [<CutType.LIFT_AND_PROJECT: 9>, <CutType.FLOW_COVER: 5>]
iteration 0
relaxation time 0.984 seconds
CutType.COMBINATORY: 0
CutType.LIFT_AND_PROJECT: 112
CutType.FLOW_COVER: 0
iteration 1
relaxation time 0.6497 seconds
CutType.COMBINATORY: 0
CutType.LIFT_AND_PROJECT: 146
CutType.FLOW_COVER: 0
iteration 2
relaxation time 0.8515 seconds
CutType.COMBINATORY: 0
CutType.LIFT_AND_PROJECT: 146
CutType.FLOW_COVER: 0
iteration 3
relaxation time 1.0374 seconds
CutType.COMBINATORY: 0
CutType.LIFT_AND_PROJECT: 157
CutType.FLOW_COVER: 0
iteration 4
relaxation time 1.3661 seconds
CutType.COMBINATORY: 0
CutType.LIFT_AND_PROJECT: 181
CutType.FLOW_COVER: 0
iteration 5
relaxation time 2.8695 seconds
CutType.COMBINATORY: 0
CutType.LIFT_AND_PROJECT: 194
CutType.FLOW_COVER: 0
iteration 6
relaxation time 1.9149 seconds
CutType.COMBINATORY: 0
CutType.LIFT_AND_PROJECT: 193
CutType.FLOW_COVER: 0
iteration 7
relaxation time 4.9581 seconds
CutType.COMBINATORY: 0
CutType.LIFT_AND_PROJECT: 145
CutType.FLOW_COVER: 0
iteration 8
relaxation time 2.4752 seconds
CutType.COMBINATORY: 0
CutType.LIFT_AND_PROJECT: 217
CutType.FLOW_COVER: 0
iteration 9
relaxation time 3.9055 seconds
CutType.COMBINATORY: 0
CutType.LIFT_AND_PROJECT: 115
CutType.FLOW_COVER: 0
iteration 10
relaxation time 5.311 seconds
CutType.COMBINATORY: 0
CutType.LIFT_AND_PROJECT: 182
CutType.FLOW_COVER: 0
iteration 11
relaxation time 4.5329 seconds
CutType.COMBINATORY: 0
CutType.LIFT_AND_PROJECT: 105
CutType.FLOW_COVER: 0
iteration 12
relaxation time 4.3773 seconds
CutType.COMBINATORY: 0
CutType.LIFT_AND_PROJECT: 172
CutType.FLOW_COVER: 0
iteration 13
relaxation time 11.2172 seconds
CutType.COMBINATORY: 0
CutType.LIFT_AND_PROJECT: 69
CutType.FLOW_COVER: 0
iteration 14
relaxation time 8.2845 seconds
CutType.COMBINATORY: 0
CutType.LIFT_AND_PROJECT: 79
CutType.FLOW_COVER: 1
iteration 15
relaxation time 11.9217 seconds
CutType.COMBINATORY: 0
CutType.LIFT_AND_PROJECT: 97
CutType.FLOW_COVER: 0
iteration 16
relaxation time 15.2812 seconds
CutType.COMBINATORY: 0
CutType.LIFT_AND_PROJECT: 285
CutType.FLOW_COVER: 0
iteration 17
relaxation time 35.1568 seconds
CutType.COMBINATORY: 0
len dataset: 2596
test_ok: 2596
test_false: 0
Combinatory set: []
Non-Combinatory set: [<CutType.MIR: 6>, <CutType.ZERO_HALF: 11>, <CutType.TWO_MIR: 7>, <CutType.FLOW_COVER: 5>]
iteration 0
relaxation time 1.9492 seconds
CutType.COMBINATORY: 104
CutType.MIR: 73
CutType.ZERO_HALF: 0
CutType.TWO_MIR: 0
CutType.FLOW_COVER: 0
iteration 1
relaxation time 1.1986 seconds
CutType.COMBINATORY: 137
CutType.MIR: 44
CutType.ZERO_HALF: 0
CutType.TWO_MIR: 0
CutType.FLOW_COVER: 0
iteration 2
relaxation time 1.1934 seconds
CutType.COMBINATORY: 126
CutType.MIR: 41
CutType.ZERO_HALF: 0
CutType.TWO_MIR: 0
CutType.FLOW_COVER: 0
iteration 3
relaxation time 1.5593 seconds
CutType.COMBINATORY: 108
CutType.MIR: 43
CutType.ZERO_HALF: 0
CutType.TWO_MIR: 0
CutType.FLOW_COVER: 0
iteration 4
relaxation time 1.497 seconds
CutType.COMBINATORY: 95
CutType.MIR: 36
CutType.ZERO_HALF: 0
CutType.TWO_MIR: 0
CutType.FLOW_COVER: 0
iteration 5
relaxation time 1.4384 seconds
CutType.COMBINATORY: 107
CutType.MIR: 39
CutType.ZERO_HALF: 0
CutType.TWO_MIR: 0
CutType.FLOW_COVER: 0
iteration 6
relaxation time 1.549 seconds
CutType.COMBINATORY: 108
CutType.MIR: 26
CutType.ZERO_HALF: 0
CutType.TWO_MIR: 0
CutType.FLOW_COVER: 0
iteration 7
relaxation time 2.3247 seconds
CutType.COMBINATORY: 98
CutType.MIR: 36
CutType.ZERO_HALF: 0
CutType.TWO_MIR: 0
CutType.FLOW_COVER: 0
iteration 8
relaxation time 3.0767 seconds
CutType.COMBINATORY: 58
CutType.MIR: 23
CutType.ZERO_HALF: 0
CutType.TWO_MIR: 0
CutType.FLOW_COVER: 0
iteration 9
relaxation time 2.0295 seconds
CutType.COMBINATORY: 78
CutType.MIR: 24
CutType.ZERO_HALF: 0
CutType.TWO_MIR: 0
CutType.FLOW_COVER: 0
iteration 10
relaxation time 2.313 seconds
CutType.COMBINATORY: 61
CutType.MIR: 25
CutType.ZERO_HALF: 0
CutType.TWO_MIR: 0
CutType.FLOW_COVER: 0
iteration 11
relaxation time 2.4943 seconds
CutType.COMBINATORY: 57
CutType.MIR: 19
CutType.ZERO_HALF: 0
CutType.TWO_MIR: 0
CutType.FLOW_COVER: 0
iteration 12
relaxation time 2.9371 seconds
CutType.COMBINATORY: 58
CutType.MIR: 16
CutType.ZERO_HALF: 0
CutType.TWO_MIR: 0
CutType.FLOW_COVER: 1
iteration 13
relaxation time 2.8657 seconds
CutType.COMBINATORY: 38
CutType.MIR: 16
CutType.ZERO_HALF: 0
CutType.TWO_MIR: 0
CutType.FLOW_COVER: 0
iteration 14
relaxation time 1.2316 seconds
CutType.COMBINATORY: 50
CutType.MIR: 20
CutType.ZERO_HALF: 0
CutType.TWO_MIR: 0
CutType.FLOW_COVER: 0
iteration 15
relaxation time 2.1944 seconds
CutType.COMBINATORY: 59
CutType.MIR: 20
CutType.ZERO_HALF: 0
CutType.TWO_MIR: 0
CutType.FLOW_COVER: 0
iteration 16
relaxation time 2.538 seconds
CutType.COMBINATORY: 59
CutType.MIR: 22
CutType.ZERO_HALF: 0
CutType.TWO_MIR: 0
CutType.FLOW_COVER: 0
iteration 17
relaxation time 1.8787 seconds
CutType.COMBINATORY: 41
CutType.MIR: 16
CutType.ZERO_HALF: 0
CutType.TWO_MIR: 0
CutType.FLOW_COVER: 0
iteration 18
relaxation time 1.77 seconds
CutType.COMBINATORY: 53
CutType.MIR: 26
CutType.ZERO_HALF: 0
CutType.TWO_MIR: 0
CutType.FLOW_COVER: 0
iteration 19
relaxation time 2.319 seconds
CutType.COMBINATORY: 46
CutType.MIR: 21
CutType.ZERO_HALF: 0
CutType.TWO_MIR: 0
CutType.FLOW_COVER: 0
iteration 20
relaxation time 3.0819 seconds
CutType.COMBINATORY: 27
CutType.MIR: 15
CutType.ZERO_HALF: 0
CutType.TWO_MIR: 0
CutType.FLOW_COVER: 0
iteration 21
relaxation time 1.863 seconds
CutType.COMBINATORY: 27
CutType.MIR: 11
CutType.ZERO_HALF: 0
CutType.TWO_MIR: 0
CutType.FLOW_COVER: 0
iteration 22
relaxation time 2.4652 seconds
CutType.COMBINATORY: 38
CutType.MIR: 16
CutType.ZERO_HALF: 0
CutType.TWO_MIR: 0
CutType.FLOW_COVER: 0
iteration 23
relaxation time 2.5366 seconds
CutType.COMBINATORY: 30
CutType.MIR: 12
CutType.ZERO_HALF: 0
CutType.TWO_MIR: 0
CutType.FLOW_COVER: 0
iteration 24
relaxation time 3.3584 seconds
CutType.COMBINATORY: 39
CutType.MIR: 15
CutType.ZERO_HALF: 0
CutType.TWO_MIR: 0
CutType.FLOW_COVER: 0
iteration 25
relaxation time 4.5957 seconds
CutType.COMBINATORY: 28
CutType.MIR: 14
CutType.ZERO_HALF: 0
CutType.TWO_MIR: 0
CutType.FLOW_COVER: 0
iteration 26
relaxation time 3.4854 seconds
CutType.COMBINATORY: 26
CutType.MIR: 8
CutType.ZERO_HALF: 0
CutType.TWO_MIR: 0
CutType.FLOW_COVER: 0
iteration 27
relaxation time 3.5657 seconds
CutType.COMBINATORY: 47
CutType.MIR: 17
CutType.ZERO_HALF: 0
CutType.TWO_MIR: 0
CutType.FLOW_COVER: 0
iteration 28
relaxation time 4.2021 seconds
CutType.COMBINATORY: 29
CutType.MIR: 11
CutType.ZERO_HALF: 0
CutType.TWO_MIR: 0
CutType.FLOW_COVER: 0
iteration 29
relaxation time 3.8888 seconds
CutType.COMBINATORY: 18
CutType.MIR: 9
CutType.ZERO_HALF: 0
CutType.TWO_MIR: 0
CutType.FLOW_COVER: 0
iteration 30
relaxation time 3.5097 seconds
CutType.COMBINATORY: 32
CutType.MIR: 17
CutType.ZERO_HALF: 0
CutType.TWO_MIR: 0
CutType.FLOW_COVER: 0
iteration 31
relaxation time 5.0036 seconds
CutType.COMBINATORY: 24
CutType.MIR: 11
CutType.ZERO_HALF: 0
CutType.TWO_MIR: 0
CutType.FLOW_COVER: 0
iteration 32
relaxation time 4.6549 seconds
CutType.COMBINATORY: 27
CutType.MIR: 14
CutType.ZERO_HALF: 0
CutType.TWO_MIR: 0
CutType.FLOW_COVER: 0
iteration 33
relaxation time 4.308 seconds
CutType.COMBINATORY: 23
CutType.MIR: 14
CutType.ZERO_HALF: 0
CutType.TWO_MIR: 0
CutType.FLOW_COVER: 0
iteration 34
relaxation time 4.462 seconds
CutType.COMBINATORY: 28
CutType.MIR: 11
CutType.ZERO_HALF: 0
CutType.TWO_MIR: 0
CutType.FLOW_COVER: 0
iteration 35
relaxation time 6.0776 seconds
CutType.COMBINATORY: 15
CutType.MIR: 6
CutType.ZERO_HALF: 0
CutType.TWO_MIR: 0
CutType.FLOW_COVER: 0
iteration 36
relaxation time 2.8323 seconds
CutType.COMBINATORY: 14
CutType.MIR: 4
CutType.ZERO_HALF: 0
CutType.TWO_MIR: 0
CutType.FLOW_COVER: 0
iteration 37
relaxation time 4.2237 seconds
CutType.COMBINATORY: 6
CutType.MIR: 0
CutType.ZERO_HALF: 0
CutType.TWO_MIR: 0
CutType.FLOW_COVER: 0
iteration 38
relaxation time 3.5945 seconds
CutType.COMBINATORY: 9
CutType.MIR: 4
CutType.ZERO_HALF: 0
CutType.TWO_MIR: 0
CutType.FLOW_COVER: 0
iteration 39
relaxation time 5.299 seconds
CutType.COMBINATORY: 4
CutType.MIR: 3
CutType.ZERO_HALF: 0
CutType.TWO_MIR: 0
CutType.FLOW_COVER: 0
iteration 40
relaxation time 1.9079 seconds
CutType.COMBINATORY: 12
CutType.MIR: 4
CutType.ZERO_HALF: 0
CutType.TWO_MIR: 0
CutType.FLOW_COVER: 0
iteration 41
relaxation time 5.0523 seconds
CutType.COMBINATORY: 14
CutType.MIR: 6
CutType.ZERO_HALF: 0
CutType.TWO_MIR: 0
CutType.FLOW_COVER: 0
iteration 42
relaxation time 3.7654 seconds
CutType.COMBINATORY: 5
CutType.MIR: 2
CutType.ZERO_HALF: 0
CutType.TWO_MIR: 0
CutType.FLOW_COVER: 0
iteration 43
relaxation time 3.4102 seconds
CutType.COMBINATORY: 11
CutType.MIR: 6
CutType.ZERO_HALF: 0
CutType.TWO_MIR: 0
CutType.FLOW_COVER: 0
iteration 44
relaxation time 5.0965 seconds
CutType.COMBINATORY: 8
CutType.MIR: 2
CutType.ZERO_HALF: 0
CutType.TWO_MIR: 0
CutType.FLOW_COVER: 0
iteration 45
relaxation time 3.7118 seconds
CutType.COMBINATORY: 9
CutType.MIR: 2
CutType.ZERO_HALF: 0
CutType.TWO_MIR: 0
CutType.FLOW_COVER: 0
iteration 46
relaxation time 5.3005 seconds
CutType.COMBINATORY: 9
CutType.MIR: 3
CutType.ZERO_HALF: 0
CutType.TWO_MIR: 0
CutType.FLOW_COVER: 0
iteration 47
relaxation time 4.8552 seconds
CutType.COMBINATORY: 8
CutType.MIR: 3
CutType.ZERO_HALF: 0
CutType.TWO_MIR: 0
CutType.FLOW_COVER: 0
iteration 48
relaxation time 5.1208 seconds
CutType.COMBINATORY: 16
CutType.MIR: 11
CutType.ZERO_HALF: 0
CutType.TWO_MIR: 0
CutType.FLOW_COVER: 0
iteration 49
relaxation time 7.3111 seconds
CutType.COMBINATORY: 7
CutType.MIR: 3
CutType.ZERO_HALF: 0
CutType.TWO_MIR: 0
CutType.FLOW_COVER: 0
iteration 50
relaxation time 3.7297 seconds
CutType.COMBINATORY: 13
CutType.MIR: 4
CutType.ZERO_HALF: 0
CutType.TWO_MIR: 0
CutType.FLOW_COVER: 0
iteration 51
relaxation time 5.3015 seconds
CutType.COMBINATORY: 6
CutType.MIR: 3
CutType.ZERO_HALF: 0
CutType.TWO_MIR: 0
CutType.FLOW_COVER: 0
iteration 52
relaxation time 5.4391 seconds
CutType.COMBINATORY: 6
CutType.MIR: 1
CutType.ZERO_HALF: 0
CutType.TWO_MIR: 0
CutType.FLOW_COVER: 0
iteration 53
relaxation time 3.0748 seconds
CutType.COMBINATORY: 5
CutType.MIR: 2
CutType.ZERO_HALF: 0
CutType.TWO_MIR: 0
CutType.FLOW_COVER: 0
iteration 54
relaxation time 4.2347 seconds
CutType.COMBINATORY: 4
CutType.MIR: 2
CutType.ZERO_HALF: 0
CutType.TWO_MIR: 0
CutType.FLOW_COVER: 0
iteration 55
relaxation time 4.2804 seconds
CutType.COMBINATORY: 7
CutType.MIR: 2
CutType.ZERO_HALF: 0
CutType.TWO_MIR: 0
CutType.FLOW_COVER: 0
iteration 56
relaxation time 3.1072 seconds
CutType.COMBINATORY: 2
CutType.MIR: 0
CutType.ZERO_HALF: 0
CutType.TWO_MIR: 0
CutType.FLOW_COVER: 0
iteration 57
relaxation time 2.4204 seconds
CutType.COMBINATORY: 1
CutType.MIR: 0
CutType.ZERO_HALF: 0
CutType.TWO_MIR: 0
CutType.FLOW_COVER: 0
iteration 58
relaxation time 2.0174 seconds
CutType.COMBINATORY: 2
CutType.MIR: 0
CutType.ZERO_HALF: 0
CutType.TWO_MIR: 0
CutType.FLOW_COVER: 0
iteration 59
relaxation time 2.6339 seconds
CutType.COMBINATORY: 8
CutType.MIR: 4
CutType.ZERO_HALF: 0
CutType.TWO_MIR: 0
CutType.FLOW_COVER: 0
iteration 60
relaxation time 4.3579 seconds
CutType.COMBINATORY: 2
CutType.MIR: 0
CutType.ZERO_HALF: 0
CutType.TWO_MIR: 0
CutType.FLOW_COVER: 0
iteration 61
relaxation time 1.2315 seconds
CutType.COMBINATORY: 10
CutType.MIR: 4
CutType.ZERO_HALF: 0
CutType.TWO_MIR: 0
CutType.FLOW_COVER: 0
iteration 62
relaxation time 4.2078 seconds
CutType.COMBINATORY: 7
CutType.MIR: 3
CutType.ZERO_HALF: 0
CutType.TWO_MIR: 0
CutType.FLOW_COVER: 0
iteration 63
relaxation time 3.2448 seconds
CutType.COMBINATORY: 3
CutType.MIR: 2
CutType.ZERO_HALF: 0
CutType.TWO_MIR: 0
CutType.FLOW_COVER: 0
iteration 64
relaxation time 3.0626 seconds
CutType.COMBINATORY: 7
CutType.MIR: 1
CutType.ZERO_HALF: 0
CutType.TWO_MIR: 0
CutType.FLOW_COVER: 0
iteration 65
relaxation time 5.0883 seconds
CutType.COMBINATORY: 10
CutType.MIR: 1
CutType.ZERO_HALF: 0
CutType.TWO_MIR: 0
CutType.FLOW_COVER: 1
iteration 66
relaxation time 2.6301 seconds
CutType.COMBINATORY: 1
CutType.MIR: 0
CutType.ZERO_HALF: 0
CutType.TWO_MIR: 0
CutType.FLOW_COVER: 0
iteration 67
relaxation time 0.3099 seconds
CutType.COMBINATORY: 2
CutType.MIR: 0
CutType.ZERO_HALF: 0
CutType.TWO_MIR: 0
CutType.FLOW_COVER: 0
iteration 68
relaxation time 3.682 seconds
CutType.COMBINATORY: 5
CutType.MIR: 2
CutType.ZERO_HALF: 0
CutType.TWO_MIR: 0
CutType.FLOW_COVER: 0
iteration 69
relaxation time 2.5418 seconds
CutType.COMBINATORY: 3
CutType.MIR: 1
CutType.ZERO_HALF: 0
CutType.TWO_MIR: 0
CutType.FLOW_COVER: 0
iteration 70
relaxation time 0.4388 seconds
CutType.COMBINATORY: 1
CutType.MIR: 1
CutType.ZERO_HALF: 0
CutType.TWO_MIR: 0
CutType.FLOW_COVER: 0
iteration 71
relaxation time 0.6252 seconds
CutType.COMBINATORY: 3
CutType.MIR: 1
CutType.ZERO_HALF: 0
CutType.TWO_MIR: 0
CutType.FLOW_COVER: 0
iteration 72
relaxation time 1.3152 seconds
CutType.COMBINATORY: 0
CutType.MIR: 0
CutType.ZERO_HALF: 0
CutType.TWO_MIR: 0
CutType.FLOW_COVER: 0
len dataset: 876
test_ok: 876
test_false: 0
Combinatory set: [<CutType.CLIQUE: 12>, <CutType.KNAPSACK_COVER: 14>, <CutType.PROBING: 0>]
Non-Combinatory set: [<CutType.RESIDUAL_CAPACITY: 10>, <CutType.FLOW_COVER: 5>]
iteration 0
relaxation time 1.7947 seconds
CutType.COMBINATORY: 92
CutType.RESIDUAL_CAPACITY: 0
CutType.FLOW_COVER: 0
iteration 1
relaxation time 0.8628 seconds
CutType.COMBINATORY: 99
CutType.RESIDUAL_CAPACITY: 0
CutType.FLOW_COVER: 0
iteration 2
relaxation time 0.7428 seconds
CutType.COMBINATORY: 85
CutType.RESIDUAL_CAPACITY: 0
CutType.FLOW_COVER: 0
iteration 3
relaxation time 0.6 seconds
CutType.COMBINATORY: 87
CutType.RESIDUAL_CAPACITY: 0
CutType.FLOW_COVER: 0
iteration 4
relaxation time 0.779 seconds
CutType.COMBINATORY: 83
CutType.RESIDUAL_CAPACITY: 0
CutType.FLOW_COVER: 0
iteration 5
relaxation time 0.8143 seconds
CutType.COMBINATORY: 76
CutType.RESIDUAL_CAPACITY: 0
CutType.FLOW_COVER: 0
iteration 6
relaxation time 0.7618 seconds
CutType.COMBINATORY: 70
CutType.RESIDUAL_CAPACITY: 0
CutType.FLOW_COVER: 0
iteration 7
relaxation time 0.8645 seconds
CutType.COMBINATORY: 74
CutType.RESIDUAL_CAPACITY: 0
CutType.FLOW_COVER: 0
iteration 8
relaxation time 0.6376 seconds
CutType.COMBINATORY: 65
CutType.RESIDUAL_CAPACITY: 0
CutType.FLOW_COVER: 0
iteration 9
relaxation time 0.6458 seconds
CutType.COMBINATORY: 64
CutType.RESIDUAL_CAPACITY: 0
CutType.FLOW_COVER: 0
iteration 10
relaxation time 0.6134 seconds
CutType.COMBINATORY: 53
CutType.RESIDUAL_CAPACITY: 0
CutType.FLOW_COVER: 0
iteration 11
relaxation time 0.8078 seconds
CutType.COMBINATORY: 48
CutType.RESIDUAL_CAPACITY: 0
CutType.FLOW_COVER: 0
iteration 12
relaxation time 0.642 seconds
CutType.COMBINATORY: 41
CutType.RESIDUAL_CAPACITY: 0
CutType.FLOW_COVER: 0
iteration 13
relaxation time 0.9141 seconds
CutType.COMBINATORY: 50
CutType.RESIDUAL_CAPACITY: 0
CutType.FLOW_COVER: 0
iteration 14
relaxation time 0.7853 seconds
CutType.COMBINATORY: 45
CutType.RESIDUAL_CAPACITY: 0
CutType.FLOW_COVER: 0
iteration 15
relaxation time 0.9796 seconds
CutType.COMBINATORY: 36
CutType.RESIDUAL_CAPACITY: 0
CutType.FLOW_COVER: 0
iteration 16
relaxation time 0.6388 seconds
CutType.COMBINATORY: 24
CutType.RESIDUAL_CAPACITY: 0
CutType.FLOW_COVER: 0
iteration 17
relaxation time 0.6307 seconds
CutType.COMBINATORY: 10
CutType.RESIDUAL_CAPACITY: 0
CutType.FLOW_COVER: 0
iteration 18
relaxation time 0.2349 seconds
CutType.COMBINATORY: 3
CutType.RESIDUAL_CAPACITY: 0
CutType.FLOW_COVER: 0
iteration 19
relaxation time 0.1484 seconds
CutType.COMBINATORY: 5
CutType.RESIDUAL_CAPACITY: 0
CutType.FLOW_COVER: 0
iteration 20
relaxation time 0.1811 seconds
CutType.COMBINATORY: 1
CutType.RESIDUAL_CAPACITY: 0
CutType.FLOW_COVER: 0
iteration 21
relaxation time 0.0837 seconds
CutType.COMBINATORY: 1
CutType.RESIDUAL_CAPACITY: 0
CutType.FLOW_COVER: 0
iteration 22
relaxation time 0.0828 seconds
CutType.COMBINATORY: 0
CutType.RESIDUAL_CAPACITY: 0
CutType.FLOW_COVER: 0
len dataset: 0
test_ok: 0
test_false: 0
