Combinatory set: []
Non-Combinatory set: [<CutType.ZERO_HALF: 11>, <CutType.LATWO_MIR: 8>, <CutType.LIFT_AND_PROJECT: 9>, <CutType.FLOW_COVER: 5>, <CutType.RED_SPLIT_G: 4>, <CutType.RESIDUAL_CAPACITY: 10>, <CutType.RED_SPLIT: 3>, <CutType.GMI: 2>, <CutType.MIR: 6>, <CutType.GOMORY: 1>, <CutType.TWO_MIR: 7>]
iteration 0
relaxation time 0.1832 seconds
CutType.COMBINATORY: 169
CutType.ZERO_HALF: 0
CutType.LATWO_MIR: 0
CutType.LIFT_AND_PROJECT: 134
CutType.FLOW_COVER: 0
CutType.RED_SPLIT_G: 0
CutType.RESIDUAL_CAPACITY: 169
CutType.RED_SPLIT: 0
CutType.GMI: 0
CutType.MIR: 284
CutType.GOMORY: 35
CutType.TWO_MIR: 0
iteration 1
relaxation time 0.0228 seconds
CutType.COMBINATORY: 175
CutType.ZERO_HALF: 0
CutType.LATWO_MIR: 0
CutType.LIFT_AND_PROJECT: 134
CutType.FLOW_COVER: 0
CutType.RED_SPLIT_G: 0
CutType.RESIDUAL_CAPACITY: 65
CutType.RED_SPLIT: 0
CutType.GMI: 0
CutType.MIR: 460
CutType.GOMORY: 21
CutType.TWO_MIR: 0
iteration 2
relaxation time 0.0609 seconds
CutType.COMBINATORY: 173
CutType.ZERO_HALF: 0
CutType.LATWO_MIR: 0
CutType.LIFT_AND_PROJECT: 115
CutType.FLOW_COVER: 0
CutType.RED_SPLIT_G: 0
CutType.RESIDUAL_CAPACITY: 46
CutType.RED_SPLIT: 0
CutType.GMI: 0
CutType.MIR: 428
CutType.GOMORY: 9
CutType.TWO_MIR: 0
iteration 3
relaxation time 0.217 seconds
CutType.COMBINATORY: 140
CutType.ZERO_HALF: 0
CutType.LATWO_MIR: 0
CutType.LIFT_AND_PROJECT: 114
CutType.FLOW_COVER: 0
CutType.RED_SPLIT_G: 0
CutType.RESIDUAL_CAPACITY: 51
CutType.RED_SPLIT: 0
CutType.GMI: 0
CutType.MIR: 389
CutType.GOMORY: 5
CutType.TWO_MIR: 0
iteration 4
relaxation time 0.3264 seconds
CutType.COMBINATORY: 266
CutType.ZERO_HALF: 0
CutType.LATWO_MIR: 0
CutType.LIFT_AND_PROJECT: 119
CutType.FLOW_COVER: 0
CutType.RED_SPLIT_G: 0
CutType.RESIDUAL_CAPACITY: 47
CutType.RED_SPLIT: 0
CutType.GMI: 0
CutType.MIR: 544
CutType.GOMORY: 4
CutType.TWO_MIR: 0
iteration 5
relaxation time 0.958 seconds
CutType.COMBINATORY: 160
CutType.ZERO_HALF: 0
CutType.LATWO_MIR: 0
CutType.LIFT_AND_PROJECT: 104
CutType.FLOW_COVER: 0
CutType.RED_SPLIT_G: 0
CutType.RESIDUAL_CAPACITY: 21
CutType.RED_SPLIT: 0
CutType.GMI: 0
CutType.MIR: 274
CutType.GOMORY: 2
CutType.TWO_MIR: 0
iteration 6
relaxation time 0.848 seconds
CutType.COMBINATORY: 81
CutType.ZERO_HALF: 0
CutType.LATWO_MIR: 0
CutType.LIFT_AND_PROJECT: 81
CutType.FLOW_COVER: 0
CutType.RED_SPLIT_G: 0
CutType.RESIDUAL_CAPACITY: 8
CutType.RED_SPLIT: 0
CutType.GMI: 0
CutType.MIR: 155
CutType.GOMORY: 2
CutType.TWO_MIR: 0
iteration 7
relaxation time 0.9234 seconds
CutType.COMBINATORY: 66
CutType.ZERO_HALF: 0
CutType.LATWO_MIR: 0
CutType.LIFT_AND_PROJECT: 88
CutType.FLOW_COVER: 0
CutType.RED_SPLIT_G: 0
CutType.RESIDUAL_CAPACITY: 3
CutType.RED_SPLIT: 0
CutType.GMI: 0
CutType.MIR: 96
CutType.GOMORY: 2
CutType.TWO_MIR: 0
iteration 8
relaxation time 1.0876 seconds
CutType.COMBINATORY: 23
CutType.ZERO_HALF: 0
CutType.LATWO_MIR: 0
CutType.LIFT_AND_PROJECT: 86
CutType.FLOW_COVER: 0
CutType.RED_SPLIT_G: 0
CutType.RESIDUAL_CAPACITY: 1
CutType.RED_SPLIT: 0
CutType.GMI: 0
CutType.MIR: 43
CutType.GOMORY: 0
CutType.TWO_MIR: 0
iteration 9
relaxation time 1.3172 seconds
CutType.COMBINATORY: 30
CutType.ZERO_HALF: 0
CutType.LATWO_MIR: 0
CutType.LIFT_AND_PROJECT: 75
CutType.FLOW_COVER: 0
CutType.RED_SPLIT_G: 0
CutType.RESIDUAL_CAPACITY: 1
CutType.RED_SPLIT: 0
CutType.GMI: 0
CutType.MIR: 36
CutType.GOMORY: 4
CutType.TWO_MIR: 0
iteration 10
relaxation time 1.4185 seconds
CutType.COMBINATORY: 13
CutType.ZERO_HALF: 0
CutType.LATWO_MIR: 0
CutType.LIFT_AND_PROJECT: 79
CutType.FLOW_COVER: 0
CutType.RED_SPLIT_G: 0
CutType.RESIDUAL_CAPACITY: 1
CutType.RED_SPLIT: 0
CutType.GMI: 0
CutType.MIR: 25
CutType.GOMORY: 0
CutType.TWO_MIR: 0
iteration 11
relaxation time 1.4205 seconds
CutType.COMBINATORY: 8
CutType.ZERO_HALF: 0
CutType.LATWO_MIR: 0
CutType.LIFT_AND_PROJECT: 59
CutType.FLOW_COVER: 0
CutType.RED_SPLIT_G: 0
CutType.RESIDUAL_CAPACITY: 1
CutType.RED_SPLIT: 0
CutType.GMI: 0
CutType.MIR: 20
CutType.GOMORY: 0
CutType.TWO_MIR: 0
iteration 12
relaxation time 2.0823 seconds
CutType.COMBINATORY: 5
CutType.ZERO_HALF: 0
CutType.LATWO_MIR: 0
CutType.LIFT_AND_PROJECT: 58
CutType.FLOW_COVER: 0
CutType.RED_SPLIT_G: 0
CutType.RESIDUAL_CAPACITY: 0
CutType.RED_SPLIT: 0
CutType.GMI: 0
CutType.MIR: 6
CutType.GOMORY: 0
CutType.TWO_MIR: 0
iteration 13
relaxation time 2.1335 seconds
CutType.COMBINATORY: 25
CutType.ZERO_HALF: 0
CutType.LATWO_MIR: 0
CutType.LIFT_AND_PROJECT: 49
CutType.FLOW_COVER: 0
CutType.RED_SPLIT_G: 0
CutType.RESIDUAL_CAPACITY: 1
CutType.RED_SPLIT: 0
CutType.GMI: 0
CutType.MIR: 28
CutType.GOMORY: 4
CutType.TWO_MIR: 0
iteration 14
relaxation time 1.8549 seconds
CutType.COMBINATORY: 4
CutType.ZERO_HALF: 0
CutType.LATWO_MIR: 0
CutType.LIFT_AND_PROJECT: 36
CutType.FLOW_COVER: 0
CutType.RED_SPLIT_G: 0
CutType.RESIDUAL_CAPACITY: 0
CutType.RED_SPLIT: 0
CutType.GMI: 0
CutType.MIR: 2
CutType.GOMORY: 2
CutType.TWO_MIR: 0
iteration 15
relaxation time 1.9644 seconds
CutType.COMBINATORY: 3
CutType.ZERO_HALF: 0
CutType.LATWO_MIR: 0
CutType.LIFT_AND_PROJECT: 36
CutType.FLOW_COVER: 0
CutType.RED_SPLIT_G: 0
CutType.RESIDUAL_CAPACITY: 0
CutType.RED_SPLIT: 0
CutType.GMI: 0
CutType.MIR: 2
CutType.GOMORY: 1
CutType.TWO_MIR: 0
iteration 16
relaxation time 1.4932 seconds
CutType.COMBINATORY: 2
CutType.ZERO_HALF: 0
CutType.LATWO_MIR: 0
CutType.LIFT_AND_PROJECT: 31
CutType.FLOW_COVER: 0
CutType.RED_SPLIT_G: 0
CutType.RESIDUAL_CAPACITY: 0
CutType.RED_SPLIT: 0
CutType.GMI: 0
CutType.MIR: 0
CutType.GOMORY: 2
CutType.TWO_MIR: 0
iteration 17
relaxation time 1.7403 seconds
CutType.COMBINATORY: 3
CutType.ZERO_HALF: 0
CutType.LATWO_MIR: 0
CutType.LIFT_AND_PROJECT: 37
CutType.FLOW_COVER: 0
CutType.RED_SPLIT_G: 0
CutType.RESIDUAL_CAPACITY: 0
CutType.RED_SPLIT: 0
CutType.GMI: 0
CutType.MIR: 0
CutType.GOMORY: 2
CutType.TWO_MIR: 0
iteration 18
relaxation time 2.1464 seconds
CutType.COMBINATORY: 3
CutType.ZERO_HALF: 0
CutType.LATWO_MIR: 0
CutType.LIFT_AND_PROJECT: 37
CutType.FLOW_COVER: 0
CutType.RED_SPLIT_G: 0
CutType.RESIDUAL_CAPACITY: 0
CutType.RED_SPLIT: 0
CutType.GMI: 0
CutType.MIR: 5
CutType.GOMORY: 2
CutType.TWO_MIR: 0
iteration 19
relaxation time 4.7596 seconds
CutType.COMBINATORY: 23
CutType.ZERO_HALF: 0
CutType.LATWO_MIR: 0
CutType.LIFT_AND_PROJECT: 35
CutType.FLOW_COVER: 0
CutType.RED_SPLIT_G: 0
CutType.RESIDUAL_CAPACITY: 0
CutType.RED_SPLIT: 0
CutType.GMI: 0
CutType.MIR: 31
CutType.GOMORY: 5
CutType.TWO_MIR: 0
iteration 20
relaxation time 2.1266 seconds
CutType.COMBINATORY: 9
CutType.ZERO_HALF: 0
CutType.LATWO_MIR: 0
CutType.LIFT_AND_PROJECT: 38
CutType.FLOW_COVER: 0
CutType.RED_SPLIT_G: 0
CutType.RESIDUAL_CAPACITY: 0
CutType.RED_SPLIT: 0
CutType.GMI: 0
CutType.MIR: 5
CutType.GOMORY: 5
CutType.TWO_MIR: 0
iteration 21
relaxation time 3.6045 seconds
CutType.COMBINATORY: 8
CutType.ZERO_HALF: 0
CutType.LATWO_MIR: 0
CutType.LIFT_AND_PROJECT: 43
CutType.FLOW_COVER: 0
CutType.RED_SPLIT_G: 0
CutType.RESIDUAL_CAPACITY: 1
CutType.RED_SPLIT: 0
CutType.GMI: 0
CutType.MIR: 13
CutType.GOMORY: 2
CutType.TWO_MIR: 0
iteration 22
relaxation time 3.0634 seconds
CutType.COMBINATORY: 0
CutType.ZERO_HALF: 0
CutType.LATWO_MIR: 0
CutType.LIFT_AND_PROJECT: 41
CutType.FLOW_COVER: 0
CutType.RED_SPLIT_G: 0
CutType.RESIDUAL_CAPACITY: 1
CutType.RED_SPLIT: 0
CutType.GMI: 0
CutType.MIR: 1
CutType.GOMORY: 3
CutType.TWO_MIR: 0
iteration 23
relaxation time 2.7449 seconds
CutType.COMBINATORY: 5
CutType.ZERO_HALF: 0
CutType.LATWO_MIR: 0
CutType.LIFT_AND_PROJECT: 42
CutType.FLOW_COVER: 0
CutType.RED_SPLIT_G: 0
CutType.RESIDUAL_CAPACITY: 0
CutType.RED_SPLIT: 0
CutType.GMI: 0
CutType.MIR: 10
CutType.GOMORY: 2
CutType.TWO_MIR: 0
iteration 24
relaxation time 3.3936 seconds
CutType.COMBINATORY: 12
CutType.ZERO_HALF: 0
CutType.LATWO_MIR: 0
CutType.LIFT_AND_PROJECT: 20
CutType.FLOW_COVER: 0
CutType.RED_SPLIT_G: 0
CutType.RESIDUAL_CAPACITY: 1
CutType.RED_SPLIT: 0
CutType.GMI: 0
CutType.MIR: 16
CutType.GOMORY: 2
CutType.TWO_MIR: 0
iteration 25
relaxation time 3.4314 seconds
CutType.COMBINATORY: 25
CutType.ZERO_HALF: 0
CutType.LATWO_MIR: 0
CutType.LIFT_AND_PROJECT: 28
CutType.FLOW_COVER: 0
CutType.RED_SPLIT_G: 0
CutType.RESIDUAL_CAPACITY: 0
CutType.RED_SPLIT: 0
CutType.GMI: 0
CutType.MIR: 30
CutType.GOMORY: 2
CutType.TWO_MIR: 0
iteration 26
relaxation time 2.699 seconds
CutType.COMBINATORY: 8
CutType.ZERO_HALF: 0
CutType.LATWO_MIR: 0
CutType.LIFT_AND_PROJECT: 20
CutType.FLOW_COVER: 0
CutType.RED_SPLIT_G: 0
CutType.RESIDUAL_CAPACITY: 0
CutType.RED_SPLIT: 0
CutType.GMI: 0
CutType.MIR: 7
CutType.GOMORY: 2
CutType.TWO_MIR: 0
iteration 27
relaxation time 3.3241 seconds
CutType.COMBINATORY: 0
CutType.ZERO_HALF: 0
CutType.LATWO_MIR: 0
CutType.LIFT_AND_PROJECT: 25
CutType.FLOW_COVER: 0
CutType.RED_SPLIT_G: 0
CutType.RESIDUAL_CAPACITY: 1
CutType.RED_SPLIT: 0
CutType.GMI: 0
CutType.MIR: 1
CutType.GOMORY: 0
CutType.TWO_MIR: 0
iteration 28
relaxation time 3.8728 seconds
CutType.COMBINATORY: 3
CutType.ZERO_HALF: 0
CutType.LATWO_MIR: 0
CutType.LIFT_AND_PROJECT: 31
CutType.FLOW_COVER: 0
CutType.RED_SPLIT_G: 0
CutType.RESIDUAL_CAPACITY: 0
CutType.RED_SPLIT: 0
CutType.GMI: 0
CutType.MIR: 0
CutType.GOMORY: 3
CutType.TWO_MIR: 0
iteration 29
relaxation time 3.4603 seconds
CutType.COMBINATORY: 9
CutType.ZERO_HALF: 0
CutType.LATWO_MIR: 0
CutType.LIFT_AND_PROJECT: 42
CutType.FLOW_COVER: 0
CutType.RED_SPLIT_G: 0
CutType.RESIDUAL_CAPACITY: 0
CutType.RED_SPLIT: 0
CutType.GMI: 0
CutType.MIR: 6
CutType.GOMORY: 3
CutType.TWO_MIR: 0
iteration 30
relaxation time 5.0519 seconds
CutType.COMBINATORY: 6
CutType.ZERO_HALF: 0
CutType.LATWO_MIR: 0
CutType.LIFT_AND_PROJECT: 22
CutType.FLOW_COVER: 0
CutType.RED_SPLIT_G: 0
CutType.RESIDUAL_CAPACITY: 0
CutType.RED_SPLIT: 0
CutType.GMI: 0
CutType.MIR: 10
CutType.GOMORY: 2
CutType.TWO_MIR: 0
iteration 31
relaxation time 3.4286 seconds
CutType.COMBINATORY: 2
CutType.ZERO_HALF: 0
CutType.LATWO_MIR: 0
CutType.LIFT_AND_PROJECT: 60
CutType.FLOW_COVER: 0
CutType.RED_SPLIT_G: 0
CutType.RESIDUAL_CAPACITY: 2
CutType.RED_SPLIT: 0
CutType.GMI: 0
CutType.MIR: 5
CutType.GOMORY: 0
CutType.TWO_MIR: 0
iteration 32
relaxation time 6.2916 seconds
CutType.COMBINATORY: 3
CutType.ZERO_HALF: 0
CutType.LATWO_MIR: 0
CutType.LIFT_AND_PROJECT: 37
CutType.FLOW_COVER: 0
CutType.RED_SPLIT_G: 0
CutType.RESIDUAL_CAPACITY: 1
CutType.RED_SPLIT: 0
CutType.GMI: 0
CutType.MIR: 3
CutType.GOMORY: 0
CutType.TWO_MIR: 0
iteration 33
relaxation time 4.3635 seconds
CutType.COMBINATORY: 0
CutType.ZERO_HALF: 0
CutType.LATWO_MIR: 0
CutType.LIFT_AND_PROJECT: 49
CutType.FLOW_COVER: 0
CutType.RED_SPLIT_G: 0
CutType.RESIDUAL_CAPACITY: 0
CutType.RED_SPLIT: 0
CutType.GMI: 0
CutType.MIR: 0
CutType.GOMORY: 0
CutType.TWO_MIR: 0
iteration 34
relaxation time 4.0468 seconds
CutType.COMBINATORY: 0
CutType.ZERO_HALF: 0
CutType.LATWO_MIR: 0
CutType.LIFT_AND_PROJECT: 73
CutType.FLOW_COVER: 0
CutType.RED_SPLIT_G: 0
CutType.RESIDUAL_CAPACITY: 0
CutType.RED_SPLIT: 0
CutType.GMI: 0
CutType.MIR: 0
CutType.GOMORY: 0
CutType.TWO_MIR: 0
iteration 35
relaxation time 8.0207 seconds
CutType.COMBINATORY: 2
CutType.ZERO_HALF: 0
CutType.LATWO_MIR: 0
CutType.LIFT_AND_PROJECT: 86
CutType.FLOW_COVER: 0
CutType.RED_SPLIT_G: 0
CutType.RESIDUAL_CAPACITY: 0
CutType.RED_SPLIT: 0
CutType.GMI: 0
CutType.MIR: 2
CutType.GOMORY: 0
CutType.TWO_MIR: 0
iteration 36
relaxation time 6.445 seconds
CutType.COMBINATORY: 4
CutType.ZERO_HALF: 0
CutType.LATWO_MIR: 0
CutType.LIFT_AND_PROJECT: 84
CutType.FLOW_COVER: 0
CutType.RED_SPLIT_G: 0
CutType.RESIDUAL_CAPACITY: 0
CutType.RED_SPLIT: 0
CutType.GMI: 0
CutType.MIR: 4
CutType.GOMORY: 0
CutType.TWO_MIR: 0
iteration 37
relaxation time 7.1608 seconds
CutType.COMBINATORY: 0
CutType.ZERO_HALF: 0
CutType.LATWO_MIR: 0
CutType.LIFT_AND_PROJECT: 80
CutType.FLOW_COVER: 0
CutType.RED_SPLIT_G: 0
CutType.RESIDUAL_CAPACITY: 0
CutType.RED_SPLIT: 0
CutType.GMI: 0
CutType.MIR: 0
CutType.GOMORY: 0
CutType.TWO_MIR: 0
iteration 38
relaxation time 7.2569 seconds
CutType.COMBINATORY: 0
CutType.ZERO_HALF: 0
CutType.LATWO_MIR: 0
CutType.LIFT_AND_PROJECT: 80
CutType.FLOW_COVER: 0
CutType.RED_SPLIT_G: 0
CutType.RESIDUAL_CAPACITY: 0
CutType.RED_SPLIT: 0
CutType.GMI: 0
CutType.MIR: 0
CutType.GOMORY: 0
CutType.TWO_MIR: 0
iteration 39
relaxation time 6.8789 seconds
CutType.COMBINATORY: 4
CutType.ZERO_HALF: 0
CutType.LATWO_MIR: 0
CutType.LIFT_AND_PROJECT: 68
CutType.FLOW_COVER: 0
CutType.RED_SPLIT_G: 0
CutType.RESIDUAL_CAPACITY: 0
CutType.RED_SPLIT: 0
CutType.GMI: 0
CutType.MIR: 4
CutType.GOMORY: 0
CutType.TWO_MIR: 0
iteration 40
relaxation time 8.5871 seconds
CutType.COMBINATORY: 0
CutType.ZERO_HALF: 0
CutType.LATWO_MIR: 0
CutType.LIFT_AND_PROJECT: 68
CutType.FLOW_COVER: 0
CutType.RED_SPLIT_G: 0
CutType.RESIDUAL_CAPACITY: 0
CutType.RED_SPLIT: 0
CutType.GMI: 0
CutType.MIR: 1
CutType.GOMORY: 3
CutType.TWO_MIR: 0
iteration 41
relaxation time 9.912 seconds
CutType.COMBINATORY: 0
CutType.ZERO_HALF: 0
CutType.LATWO_MIR: 0
CutType.LIFT_AND_PROJECT: 82
CutType.FLOW_COVER: 0
CutType.RED_SPLIT_G: 0
CutType.RESIDUAL_CAPACITY: 0
CutType.RED_SPLIT: 0
CutType.GMI: 0
CutType.MIR: 0
CutType.GOMORY: 0
CutType.TWO_MIR: 0
iteration 42
relaxation time 10.0542 seconds
CutType.COMBINATORY: 0
CutType.ZERO_HALF: 0
CutType.LATWO_MIR: 0
CutType.LIFT_AND_PROJECT: 85
CutType.FLOW_COVER: 0
CutType.RED_SPLIT_G: 0
CutType.RESIDUAL_CAPACITY: 0
CutType.RED_SPLIT: 0
CutType.GMI: 0
CutType.MIR: 0
CutType.GOMORY: 0
CutType.TWO_MIR: 0
iteration 43
relaxation time 10.8732 seconds
CutType.COMBINATORY: 0
CutType.ZERO_HALF: 0
CutType.LATWO_MIR: 0
CutType.LIFT_AND_PROJECT: 93
CutType.FLOW_COVER: 0
CutType.RED_SPLIT_G: 0
CutType.RESIDUAL_CAPACITY: 0
CutType.RED_SPLIT: 0
CutType.GMI: 0
CutType.MIR: 0
CutType.GOMORY: 0
CutType.TWO_MIR: 0
iteration 44
relaxation time 11.1603 seconds
CutType.COMBINATORY: 0
CutType.ZERO_HALF: 0
CutType.LATWO_MIR: 0
CutType.LIFT_AND_PROJECT: 96
CutType.FLOW_COVER: 0
CutType.RED_SPLIT_G: 0
CutType.RESIDUAL_CAPACITY: 0
CutType.RED_SPLIT: 0
CutType.GMI: 0
CutType.MIR: 0
CutType.GOMORY: 0
CutType.TWO_MIR: 0
iteration 45
relaxation time 10.4741 seconds
CutType.COMBINATORY: 0
CutType.ZERO_HALF: 0
CutType.LATWO_MIR: 0
CutType.LIFT_AND_PROJECT: 100
CutType.FLOW_COVER: 0
CutType.RED_SPLIT_G: 0
CutType.RESIDUAL_CAPACITY: 0
CutType.RED_SPLIT: 0
CutType.GMI: 0
CutType.MIR: 0
CutType.GOMORY: 0
CutType.TWO_MIR: 0
iteration 46
relaxation time 14.028 seconds
CutType.COMBINATORY: 1
CutType.ZERO_HALF: 0
CutType.LATWO_MIR: 0
CutType.LIFT_AND_PROJECT: 98
CutType.FLOW_COVER: 0
CutType.RED_SPLIT_G: 0
CutType.RESIDUAL_CAPACITY: 0
CutType.RED_SPLIT: 0
CutType.GMI: 0
CutType.MIR: 1
CutType.GOMORY: 0
CutType.TWO_MIR: 0
iteration 47
relaxation time 20.2029 seconds
CutType.COMBINATORY: 0
CutType.ZERO_HALF: 0
CutType.LATWO_MIR: 0
CutType.LIFT_AND_PROJECT: 103
CutType.FLOW_COVER: 0
CutType.RED_SPLIT_G: 0
CutType.RESIDUAL_CAPACITY: 0
CutType.RED_SPLIT: 0
CutType.GMI: 0
CutType.MIR: 0
CutType.GOMORY: 0
CutType.TWO_MIR: 0
iteration 48
relaxation time 14.5785 seconds
CutType.COMBINATORY: 0
CutType.ZERO_HALF: 0
CutType.LATWO_MIR: 0
CutType.LIFT_AND_PROJECT: 101
CutType.FLOW_COVER: 0
CutType.RED_SPLIT_G: 0
CutType.RESIDUAL_CAPACITY: 0
CutType.RED_SPLIT: 0
CutType.GMI: 0
CutType.MIR: 0
CutType.GOMORY: 0
CutType.TWO_MIR: 0
iteration 49
relaxation time 14.6819 seconds
CutType.COMBINATORY: 0
CutType.ZERO_HALF: 0
CutType.LATWO_MIR: 0
CutType.LIFT_AND_PROJECT: 109
CutType.FLOW_COVER: 0
CutType.RED_SPLIT_G: 0
CutType.RESIDUAL_CAPACITY: 0
CutType.RED_SPLIT: 0
CutType.GMI: 0
CutType.MIR: 0
CutType.GOMORY: 0
CutType.TWO_MIR: 0
iteration 50
relaxation time 15.7171 seconds
CutType.COMBINATORY: 2
CutType.ZERO_HALF: 0
CutType.LATWO_MIR: 0
CutType.LIFT_AND_PROJECT: 82
CutType.FLOW_COVER: 0
CutType.RED_SPLIT_G: 0
CutType.RESIDUAL_CAPACITY: 0
CutType.RED_SPLIT: 0
CutType.GMI: 0
CutType.MIR: 0
CutType.GOMORY: 2
CutType.TWO_MIR: 0
iteration 51
relaxation time 13.1336 seconds
CutType.COMBINATORY: 0
CutType.ZERO_HALF: 0
CutType.LATWO_MIR: 0
CutType.LIFT_AND_PROJECT: 69
CutType.FLOW_COVER: 0
CutType.RED_SPLIT_G: 0
CutType.RESIDUAL_CAPACITY: 0
CutType.RED_SPLIT: 0
CutType.GMI: 0
CutType.MIR: 0
CutType.GOMORY: 3
CutType.TWO_MIR: 0
iteration 52
relaxation time 14.1736 seconds
CutType.COMBINATORY: 2
CutType.ZERO_HALF: 0
CutType.LATWO_MIR: 0
CutType.LIFT_AND_PROJECT: 69
CutType.FLOW_COVER: 0
CutType.RED_SPLIT_G: 0
CutType.RESIDUAL_CAPACITY: 0
CutType.RED_SPLIT: 0
CutType.GMI: 0
CutType.MIR: 0
CutType.GOMORY: 2
CutType.TWO_MIR: 0
iteration 53
relaxation time 13.246 seconds
CutType.COMBINATORY: 0
CutType.ZERO_HALF: 0
CutType.LATWO_MIR: 0
CutType.LIFT_AND_PROJECT: 75
CutType.FLOW_COVER: 0
CutType.RED_SPLIT_G: 0
CutType.RESIDUAL_CAPACITY: 0
CutType.RED_SPLIT: 0
CutType.GMI: 0
CutType.MIR: 0
CutType.GOMORY: 0
CutType.TWO_MIR: 0
iteration 54
relaxation time 16.2261 seconds
CutType.COMBINATORY: 0
CutType.ZERO_HALF: 0
CutType.LATWO_MIR: 0
CutType.LIFT_AND_PROJECT: 115
CutType.FLOW_COVER: 0
CutType.RED_SPLIT_G: 0
CutType.RESIDUAL_CAPACITY: 0
CutType.RED_SPLIT: 0
CutType.GMI: 0
CutType.MIR: 0
CutType.GOMORY: 0
CutType.TWO_MIR: 0
iteration 55
relaxation time 18.8358 seconds
CutType.COMBINATORY: 0
CutType.ZERO_HALF: 0
CutType.LATWO_MIR: 0
CutType.LIFT_AND_PROJECT: 81
CutType.FLOW_COVER: 0
CutType.RED_SPLIT_G: 0
CutType.RESIDUAL_CAPACITY: 0
CutType.RED_SPLIT: 0
CutType.GMI: 0
CutType.MIR: 0
CutType.GOMORY: 0
CutType.TWO_MIR: 0
iteration 56
relaxation time 13.1734 seconds
CutType.COMBINATORY: 2
CutType.ZERO_HALF: 0
CutType.LATWO_MIR: 0
CutType.LIFT_AND_PROJECT: 77
CutType.FLOW_COVER: 0
CutType.RED_SPLIT_G: 0
CutType.RESIDUAL_CAPACITY: 0
CutType.RED_SPLIT: 0
CutType.GMI: 0
CutType.MIR: 2
CutType.GOMORY: 0
CutType.TWO_MIR: 0
iteration 57
relaxation time 18.4287 seconds
CutType.COMBINATORY: 0
CutType.ZERO_HALF: 0
CutType.LATWO_MIR: 0
CutType.LIFT_AND_PROJECT: 54
CutType.FLOW_COVER: 0
CutType.RED_SPLIT_G: 0
CutType.RESIDUAL_CAPACITY: 0
CutType.RED_SPLIT: 0
CutType.GMI: 0
CutType.MIR: 0
CutType.GOMORY: 0
CutType.TWO_MIR: 0
iteration 58
relaxation time 13.2568 seconds
CutType.COMBINATORY: 0
CutType.ZERO_HALF: 0
CutType.LATWO_MIR: 0
CutType.LIFT_AND_PROJECT: 71
CutType.FLOW_COVER: 0
CutType.RED_SPLIT_G: 0
CutType.RESIDUAL_CAPACITY: 0
CutType.RED_SPLIT: 0
CutType.GMI: 0
CutType.MIR: 0
CutType.GOMORY: 0
CutType.TWO_MIR: 0
iteration 59
relaxation time 28.1546 seconds
CutType.COMBINATORY: 0
CutType.ZERO_HALF: 0
CutType.LATWO_MIR: 0
CutType.LIFT_AND_PROJECT: 65
CutType.FLOW_COVER: 0
CutType.RED_SPLIT_G: 0
CutType.RESIDUAL_CAPACITY: 0
CutType.RED_SPLIT: 0
CutType.GMI: 0
CutType.MIR: 0
CutType.GOMORY: 0
CutType.TWO_MIR: 0
iteration 60
relaxation time 18.0303 seconds
CutType.COMBINATORY: 0
CutType.ZERO_HALF: 0
CutType.LATWO_MIR: 0
CutType.LIFT_AND_PROJECT: 66
CutType.FLOW_COVER: 0
CutType.RED_SPLIT_G: 0
CutType.RESIDUAL_CAPACITY: 0
CutType.RED_SPLIT: 0
CutType.GMI: 0
CutType.MIR: 0
CutType.GOMORY: 0
CutType.TWO_MIR: 0
iteration 61
relaxation time 20.3595 seconds
CutType.COMBINATORY: 0
CutType.ZERO_HALF: 0
CutType.LATWO_MIR: 0
CutType.LIFT_AND_PROJECT: 73
CutType.FLOW_COVER: 0
CutType.RED_SPLIT_G: 0
CutType.RESIDUAL_CAPACITY: 0
CutType.RED_SPLIT: 0
CutType.GMI: 0
CutType.MIR: 0
CutType.GOMORY: 0
CutType.TWO_MIR: 0
iteration 62
relaxation time 14.04 seconds
CutType.COMBINATORY: 0
CutType.ZERO_HALF: 0
CutType.LATWO_MIR: 0
CutType.LIFT_AND_PROJECT: 63
CutType.FLOW_COVER: 0
CutType.RED_SPLIT_G: 0
CutType.RESIDUAL_CAPACITY: 0
CutType.RED_SPLIT: 0
CutType.GMI: 0
CutType.MIR: 0
CutType.GOMORY: 0
CutType.TWO_MIR: 0
iteration 63
relaxation time 17.2638 seconds
CutType.COMBINATORY: 3
CutType.ZERO_HALF: 0
CutType.LATWO_MIR: 0
CutType.LIFT_AND_PROJECT: 44
CutType.FLOW_COVER: 0
CutType.RED_SPLIT_G: 0
CutType.RESIDUAL_CAPACITY: 0
CutType.RED_SPLIT: 0
CutType.GMI: 0
CutType.MIR: 3
CutType.GOMORY: 0
CutType.TWO_MIR: 0
iteration 64
relaxation time 22.0044 seconds
CutType.COMBINATORY: 0
CutType.ZERO_HALF: 0
CutType.LATWO_MIR: 0
CutType.LIFT_AND_PROJECT: 67
CutType.FLOW_COVER: 0
CutType.RED_SPLIT_G: 0
CutType.RESIDUAL_CAPACITY: 0
CutType.RED_SPLIT: 0
CutType.GMI: 0
CutType.MIR: 0
CutType.GOMORY: 0
CutType.TWO_MIR: 0
iteration 65
relaxation time 19.7471 seconds
CutType.COMBINATORY: 0
CutType.ZERO_HALF: 0
CutType.LATWO_MIR: 0
CutType.LIFT_AND_PROJECT: 39
CutType.FLOW_COVER: 0
CutType.RED_SPLIT_G: 0
CutType.RESIDUAL_CAPACITY: 0
CutType.RED_SPLIT: 0
CutType.GMI: 0
CutType.MIR: 0
CutType.GOMORY: 0
CutType.TWO_MIR: 0
iteration 66
relaxation time 28.9381 seconds
CutType.COMBINATORY: 0
CutType.ZERO_HALF: 0
CutType.LATWO_MIR: 0
CutType.LIFT_AND_PROJECT: 67
CutType.FLOW_COVER: 0
CutType.RED_SPLIT_G: 0
CutType.RESIDUAL_CAPACITY: 0
CutType.RED_SPLIT: 0
CutType.GMI: 0
CutType.MIR: 0
CutType.GOMORY: 0
CutType.TWO_MIR: 0
iteration 67
relaxation time 25.5674 seconds
CutType.COMBINATORY: 0
CutType.ZERO_HALF: 0
CutType.LATWO_MIR: 0
CutType.LIFT_AND_PROJECT: 38
CutType.FLOW_COVER: 0
CutType.RED_SPLIT_G: 0
CutType.RESIDUAL_CAPACITY: 0
CutType.RED_SPLIT: 0
CutType.GMI: 0
CutType.MIR: 0
CutType.GOMORY: 0
CutType.TWO_MIR: 0
iteration 68
relaxation time 26.9799 seconds
CutType.COMBINATORY: 0
CutType.ZERO_HALF: 0
CutType.LATWO_MIR: 0
CutType.LIFT_AND_PROJECT: 54
CutType.FLOW_COVER: 0
CutType.RED_SPLIT_G: 0
CutType.RESIDUAL_CAPACITY: 0
CutType.RED_SPLIT: 0
CutType.GMI: 0
CutType.MIR: 0
CutType.GOMORY: 0
CutType.TWO_MIR: 0
iteration 69
relaxation time 19.664 seconds
CutType.COMBINATORY: 2
CutType.ZERO_HALF: 0
CutType.LATWO_MIR: 0
CutType.LIFT_AND_PROJECT: 33
CutType.FLOW_COVER: 0
CutType.RED_SPLIT_G: 0
CutType.RESIDUAL_CAPACITY: 0
CutType.RED_SPLIT: 0
CutType.GMI: 0
CutType.MIR: 2
CutType.GOMORY: 0
CutType.TWO_MIR: 0
iteration 70
relaxation time 26.4783 seconds
CutType.COMBINATORY: 1
CutType.ZERO_HALF: 0
CutType.LATWO_MIR: 0
CutType.LIFT_AND_PROJECT: 70
CutType.FLOW_COVER: 0
CutType.RED_SPLIT_G: 0
CutType.RESIDUAL_CAPACITY: 1
CutType.RED_SPLIT: 0
CutType.GMI: 0
CutType.MIR: 5
CutType.GOMORY: 1
CutType.TWO_MIR: 0
iteration 71
relaxation time 24.4454 seconds
CutType.COMBINATORY: 6
CutType.ZERO_HALF: 0
CutType.LATWO_MIR: 0
CutType.LIFT_AND_PROJECT: 84
CutType.FLOW_COVER: 0
CutType.RED_SPLIT_G: 0
CutType.RESIDUAL_CAPACITY: 0
CutType.RED_SPLIT: 0
CutType.GMI: 0
CutType.MIR: 12
CutType.GOMORY: 0
CutType.TWO_MIR: 0
iteration 72
relaxation time 33.4278 seconds
CutType.COMBINATORY: 0
CutType.ZERO_HALF: 0
CutType.LATWO_MIR: 0
CutType.LIFT_AND_PROJECT: 86
CutType.FLOW_COVER: 0
CutType.RED_SPLIT_G: 0
CutType.RESIDUAL_CAPACITY: 0
CutType.RED_SPLIT: 0
CutType.GMI: 0
CutType.MIR: 0
CutType.GOMORY: 0
CutType.TWO_MIR: 0
iteration 73
relaxation time 23.9822 seconds
CutType.COMBINATORY: 2
CutType.ZERO_HALF: 0
CutType.LATWO_MIR: 0
len dataset: 8486
test_ok: 8486
test_false: 0
Combinatory set: [<CutType.KNAPSACK_COVER: 14>]
Non-Combinatory set: [<CutType.LATWO_MIR: 8>, <CutType.TWO_MIR: 7>, <CutType.MIR: 6>, <CutType.FLOW_COVER: 5>, <CutType.RED_SPLIT: 3>, <CutType.LIFT_AND_PROJECT: 9>, <CutType.RED_SPLIT_G: 4>, <CutType.GMI: 2>]
iteration 0
relaxation time 0.3981 seconds
CutType.COMBINATORY: 0
CutType.LATWO_MIR: 0
CutType.TWO_MIR: 0
CutType.MIR: 134
CutType.FLOW_COVER: 0
CutType.RED_SPLIT: 0
CutType.LIFT_AND_PROJECT: 134
CutType.RED_SPLIT_G: 0
CutType.GMI: 0
iteration 1
relaxation time 0.0193 seconds
CutType.COMBINATORY: 0
CutType.LATWO_MIR: 0
CutType.TWO_MIR: 0
CutType.MIR: 85
CutType.FLOW_COVER: 0
CutType.RED_SPLIT: 0
CutType.LIFT_AND_PROJECT: 131
CutType.RED_SPLIT_G: 0
CutType.GMI: 0
iteration 2
relaxation time 0.0569 seconds
CutType.COMBINATORY: 0
CutType.LATWO_MIR: 0
CutType.TWO_MIR: 0
CutType.MIR: 137
CutType.FLOW_COVER: 0
CutType.RED_SPLIT: 0
CutType.LIFT_AND_PROJECT: 125
CutType.RED_SPLIT_G: 0
CutType.GMI: 0
iteration 3
relaxation time 0.1839 seconds
CutType.COMBINATORY: 0
CutType.LATWO_MIR: 0
CutType.TWO_MIR: 0
CutType.MIR: 196
CutType.FLOW_COVER: 0
CutType.RED_SPLIT: 0
CutType.LIFT_AND_PROJECT: 128
CutType.RED_SPLIT_G: 0
CutType.GMI: 0
iteration 4
relaxation time 0.4294 seconds
CutType.COMBINATORY: 0
CutType.LATWO_MIR: 0
CutType.TWO_MIR: 0
CutType.MIR: 149
CutType.FLOW_COVER: 0
CutType.RED_SPLIT: 0
CutType.LIFT_AND_PROJECT: 110
CutType.RED_SPLIT_G: 0
CutType.GMI: 0
iteration 5
relaxation time 0.819 seconds
CutType.COMBINATORY: 0
CutType.LATWO_MIR: 0
CutType.TWO_MIR: 0
CutType.MIR: 116
CutType.FLOW_COVER: 0
CutType.RED_SPLIT: 0
CutType.LIFT_AND_PROJECT: 113
CutType.RED_SPLIT_G: 0
CutType.GMI: 0
iteration 6
relaxation time 1.7089 seconds
CutType.COMBINATORY: 0
CutType.LATWO_MIR: 0
CutType.TWO_MIR: 0
CutType.MIR: 92
CutType.FLOW_COVER: 0
CutType.RED_SPLIT: 0
CutType.LIFT_AND_PROJECT: 83
CutType.RED_SPLIT_G: 0
CutType.GMI: 0
iteration 7
relaxation time 4.5464 seconds
CutType.COMBINATORY: 0
CutType.LATWO_MIR: 0
CutType.TWO_MIR: 0
CutType.MIR: 57
CutType.FLOW_COVER: 0
CutType.RED_SPLIT: 0
CutType.LIFT_AND_PROJECT: 71
CutType.RED_SPLIT_G: 0
CutType.GMI: 0
iteration 8
relaxation time 1.9523 seconds
CutType.COMBINATORY: 0
CutType.LATWO_MIR: 0
CutType.TWO_MIR: 0
CutType.MIR: 60
CutType.FLOW_COVER: 0
CutType.RED_SPLIT: 0
CutType.LIFT_AND_PROJECT: 86
CutType.RED_SPLIT_G: 0
CutType.GMI: 0
iteration 9
relaxation time 2.723 seconds
CutType.COMBINATORY: 0
CutType.LATWO_MIR: 0
CutType.TWO_MIR: 0
CutType.MIR: 47
CutType.FLOW_COVER: 0
CutType.RED_SPLIT: 0
CutType.LIFT_AND_PROJECT: 56
CutType.RED_SPLIT_G: 0
CutType.GMI: 0
iteration 10
relaxation time 2.5974 seconds
CutType.COMBINATORY: 0
CutType.LATWO_MIR: 0
CutType.TWO_MIR: 0
CutType.MIR: 21
CutType.FLOW_COVER: 0
CutType.RED_SPLIT: 0
CutType.LIFT_AND_PROJECT: 52
CutType.RED_SPLIT_G: 0
CutType.GMI: 0
iteration 11
relaxation time 3.0103 seconds
CutType.COMBINATORY: 0
CutType.LATWO_MIR: 0
CutType.TWO_MIR: 0
CutType.MIR: 14
CutType.FLOW_COVER: 0
CutType.RED_SPLIT: 0
CutType.LIFT_AND_PROJECT: 45
CutType.RED_SPLIT_G: 0
CutType.GMI: 0
iteration 12
relaxation time 2.6353 seconds
CutType.COMBINATORY: 0
CutType.LATWO_MIR: 0
CutType.TWO_MIR: 0
CutType.MIR: 9
CutType.FLOW_COVER: 0
CutType.RED_SPLIT: 0
CutType.LIFT_AND_PROJECT: 44
CutType.RED_SPLIT_G: 0
CutType.GMI: 0
iteration 13
relaxation time 3.4416 seconds
CutType.COMBINATORY: 0
CutType.LATWO_MIR: 0
CutType.TWO_MIR: 0
CutType.MIR: 33
CutType.FLOW_COVER: 0
CutType.RED_SPLIT: 0
CutType.LIFT_AND_PROJECT: 47
CutType.RED_SPLIT_G: 0
CutType.GMI: 0
iteration 14
relaxation time 3.7703 seconds
CutType.COMBINATORY: 0
CutType.LATWO_MIR: 0
CutType.TWO_MIR: 0
CutType.MIR: 9
CutType.FLOW_COVER: 0
CutType.RED_SPLIT: 0
CutType.LIFT_AND_PROJECT: 41
CutType.RED_SPLIT_G: 0
CutType.GMI: 0
iteration 15
relaxation time 4.2366 seconds
CutType.COMBINATORY: 0
CutType.LATWO_MIR: 0
CutType.TWO_MIR: 0
CutType.MIR: 23
CutType.FLOW_COVER: 0
CutType.RED_SPLIT: 0
CutType.LIFT_AND_PROJECT: 37
CutType.RED_SPLIT_G: 0
CutType.GMI: 0
iteration 16
relaxation time 5.2554 seconds
CutType.COMBINATORY: 0
CutType.LATWO_MIR: 0
CutType.TWO_MIR: 0
CutType.MIR: 15
CutType.FLOW_COVER: 0
CutType.RED_SPLIT: 0
CutType.LIFT_AND_PROJECT: 46
CutType.RED_SPLIT_G: 0
CutType.GMI: 0
iteration 17
relaxation time 4.5029 seconds
CutType.COMBINATORY: 0
CutType.LATWO_MIR: 0
CutType.TWO_MIR: 0
CutType.MIR: 6
CutType.FLOW_COVER: 0
CutType.RED_SPLIT: 0
CutType.LIFT_AND_PROJECT: 38
CutType.RED_SPLIT_G: 0
CutType.GMI: 0
iteration 18
relaxation time 5.4876 seconds
CutType.COMBINATORY: 0
CutType.LATWO_MIR: 0
CutType.TWO_MIR: 0
CutType.MIR: 5
CutType.FLOW_COVER: 0
CutType.RED_SPLIT: 0
CutType.LIFT_AND_PROJECT: 34
CutType.RED_SPLIT_G: 0
CutType.GMI: 0
iteration 19
relaxation time 5.0752 seconds
CutType.COMBINATORY: 0
CutType.LATWO_MIR: 0
CutType.TWO_MIR: 0
CutType.MIR: 4
CutType.FLOW_COVER: 0
CutType.RED_SPLIT: 0
CutType.LIFT_AND_PROJECT: 41
CutType.RED_SPLIT_G: 0
CutType.GMI: 0
iteration 20
relaxation time 8.7144 seconds
CutType.COMBINATORY: 0
CutType.LATWO_MIR: 0
CutType.TWO_MIR: 0
CutType.MIR: 8
CutType.FLOW_COVER: 0
CutType.RED_SPLIT: 0
CutType.LIFT_AND_PROJECT: 47
CutType.RED_SPLIT_G: 0
CutType.GMI: 0
iteration 21
relaxation time 10.7788 seconds
CutType.COMBINATORY: 0
CutType.LATWO_MIR: 0
CutType.TWO_MIR: 0
CutType.MIR: 8
CutType.FLOW_COVER: 0
CutType.RED_SPLIT: 0
CutType.LIFT_AND_PROJECT: 34
CutType.RED_SPLIT_G: 0
CutType.GMI: 0
iteration 22
relaxation time 7.6914 seconds
CutType.COMBINATORY: 0
CutType.LATWO_MIR: 0
CutType.TWO_MIR: 0
CutType.MIR: 1
CutType.FLOW_COVER: 0
CutType.RED_SPLIT: 0
CutType.LIFT_AND_PROJECT: 34
CutType.RED_SPLIT_G: 0
CutType.GMI: 0
iteration 23
relaxation time 9.5435 seconds
CutType.COMBINATORY: 0
CutType.LATWO_MIR: 0
CutType.TWO_MIR: 0
CutType.MIR: 0
CutType.FLOW_COVER: 0
CutType.RED_SPLIT: 15
CutType.LIFT_AND_PROJECT: 28
CutType.RED_SPLIT_G: 0
CutType.GMI: 0
iteration 24
relaxation time 9.1963 seconds
CutType.COMBINATORY: 0
CutType.LATWO_MIR: 0
CutType.TWO_MIR: 0
CutType.MIR: 0
CutType.FLOW_COVER: 0
CutType.RED_SPLIT: 21
CutType.LIFT_AND_PROJECT: 22
CutType.RED_SPLIT_G: 0
CutType.GMI: 0
iteration 25
relaxation time 11.1336 seconds
CutType.COMBINATORY: 0
CutType.LATWO_MIR: 0
CutType.TWO_MIR: 0
CutType.MIR: 11
CutType.FLOW_COVER: 0
CutType.RED_SPLIT: 0
CutType.LIFT_AND_PROJECT: 29
CutType.RED_SPLIT_G: 0
CutType.GMI: 0
iteration 26
relaxation time 8.9162 seconds
CutType.COMBINATORY: 0
CutType.LATWO_MIR: 0
CutType.TWO_MIR: 0
CutType.MIR: 10
CutType.FLOW_COVER: 0
CutType.RED_SPLIT: 0
CutType.LIFT_AND_PROJECT: 22
CutType.RED_SPLIT_G: 0
CutType.GMI: 0
iteration 27
relaxation time 8.3817 seconds
CutType.COMBINATORY: 0
CutType.LATWO_MIR: 0
CutType.TWO_MIR: 0
CutType.MIR: 0
CutType.FLOW_COVER: 0
CutType.RED_SPLIT: 20
CutType.LIFT_AND_PROJECT: 9
CutType.RED_SPLIT_G: 0
CutType.GMI: 0
iteration 28
relaxation time 10.6209 seconds
CutType.COMBINATORY: 0
CutType.LATWO_MIR: 0
CutType.TWO_MIR: 0
CutType.MIR: 4
CutType.FLOW_COVER: 0
CutType.RED_SPLIT: 0
CutType.LIFT_AND_PROJECT: 14
CutType.RED_SPLIT_G: 0
CutType.GMI: 0
iteration 29
relaxation time 6.5844 seconds
CutType.COMBINATORY: 0
CutType.LATWO_MIR: 0
CutType.TWO_MIR: 0
CutType.MIR: 12
CutType.FLOW_COVER: 0
CutType.RED_SPLIT: 0
CutType.LIFT_AND_PROJECT: 24
CutType.RED_SPLIT_G: 0
CutType.GMI: 0
iteration 30
relaxation time 11.3424 seconds
CutType.COMBINATORY: 0
CutType.LATWO_MIR: 0
CutType.TWO_MIR: 0
CutType.MIR: 2
CutType.FLOW_COVER: 0
CutType.RED_SPLIT: 0
CutType.LIFT_AND_PROJECT: 16
CutType.RED_SPLIT_G: 0
CutType.GMI: 0
iteration 31
relaxation time 10.2376 seconds
CutType.COMBINATORY: 0
CutType.LATWO_MIR: 0
CutType.TWO_MIR: 0
CutType.MIR: 0
CutType.FLOW_COVER: 0
CutType.RED_SPLIT: 14
CutType.LIFT_AND_PROJECT: 17
CutType.RED_SPLIT_G: 0
CutType.GMI: 0
iteration 32
relaxation time 9.8842 seconds
CutType.COMBINATORY: 0
CutType.LATWO_MIR: 0
CutType.TWO_MIR: 0
CutType.MIR: 2
CutType.FLOW_COVER: 0
CutType.RED_SPLIT: 0
CutType.LIFT_AND_PROJECT: 18
CutType.RED_SPLIT_G: 0
CutType.GMI: 0
iteration 33
relaxation time 11.3684 seconds
CutType.COMBINATORY: 0
CutType.LATWO_MIR: 0
CutType.TWO_MIR: 0
CutType.MIR: 0
CutType.FLOW_COVER: 0
CutType.RED_SPLIT: 9
CutType.LIFT_AND_PROJECT: 6
CutType.RED_SPLIT_G: 0
CutType.GMI: 0
Combinatory set: [<CutType.KNAPSACK_COVER: 14>]
Non-Combinatory set: [<CutType.MIR: 6>, <CutType.ZERO_HALF: 11>, <CutType.RED_SPLIT: 3>, <CutType.LATWO_MIR: 8>]
iteration 0
relaxation time 0.3934 seconds
CutType.COMBINATORY: 0
CutType.MIR: 134
CutType.ZERO_HALF: 0
CutType.RED_SPLIT: 0
CutType.LATWO_MIR: 0
iteration 1
relaxation time 0.0065 seconds
CutType.COMBINATORY: 0
CutType.MIR: 0
CutType.ZERO_HALF: 0
CutType.RED_SPLIT: 19
CutType.LATWO_MIR: 0
iteration 2
relaxation time 0.0066 seconds
CutType.COMBINATORY: 0
CutType.MIR: 19
CutType.ZERO_HALF: 0
CutType.RED_SPLIT: 0
CutType.LATWO_MIR: 0
iteration 3
relaxation time 0.005 seconds
CutType.COMBINATORY: 0
CutType.MIR: 0
CutType.ZERO_HALF: 0
CutType.RED_SPLIT: 15
CutType.LATWO_MIR: 0
iteration 4
relaxation time 0.0172 seconds
CutType.COMBINATORY: 0
CutType.MIR: 3
CutType.ZERO_HALF: 0
CutType.RED_SPLIT: 0
CutType.LATWO_MIR: 0
iteration 5
relaxation time 0.0041 seconds
CutType.COMBINATORY: 0
CutType.MIR: 0
CutType.ZERO_HALF: 0
CutType.RED_SPLIT: 14
CutType.LATWO_MIR: 0
iteration 6
relaxation time 0.0179 seconds
CutType.COMBINATORY: 0
CutType.MIR: 3
CutType.ZERO_HALF: 0
CutType.RED_SPLIT: 0
CutType.LATWO_MIR: 0
iteration 7
relaxation time 0.0043 seconds
CutType.COMBINATORY: 0
CutType.MIR: 0
CutType.ZERO_HALF: 0
CutType.RED_SPLIT: 10
CutType.LATWO_MIR: 0
iteration 8
relaxation time 0.0067 seconds
CutType.COMBINATORY: 0
CutType.MIR: 2
CutType.ZERO_HALF: 0
CutType.RED_SPLIT: 0
CutType.LATWO_MIR: 0
iteration 9
relaxation time 0.0044 seconds
CutType.COMBINATORY: 0
CutType.MIR: 0
CutType.ZERO_HALF: 0
CutType.RED_SPLIT: 9
CutType.LATWO_MIR: 0
iteration 10
relaxation time 0.0188 seconds
CutType.COMBINATORY: 0
CutType.MIR: 1
CutType.ZERO_HALF: 0
CutType.RED_SPLIT: 0
CutType.LATWO_MIR: 0
iteration 11
relaxation time 0.0044 seconds
CutType.COMBINATORY: 0
CutType.MIR: 0
CutType.ZERO_HALF: 0
CutType.RED_SPLIT: 10
CutType.LATWO_MIR: 0
iteration 12
relaxation time 0.0093 seconds
CutType.COMBINATORY: 0
CutType.MIR: 0
CutType.ZERO_HALF: 0
CutType.RED_SPLIT: 10
CutType.LATWO_MIR: 0
iteration 13
relaxation time 0.0185 seconds
CutType.COMBINATORY: 0
CutType.MIR: 0
CutType.ZERO_HALF: 0
CutType.RED_SPLIT: 7
CutType.LATWO_MIR: 0
iteration 14
relaxation time 0.0345 seconds
CutType.COMBINATORY: 0
CutType.MIR: 1
CutType.ZERO_HALF: 0
CutType.RED_SPLIT: 0
CutType.LATWO_MIR: 0
iteration 15
relaxation time 0.0054 seconds
CutType.COMBINATORY: 0
CutType.MIR: 0
CutType.ZERO_HALF: 0
CutType.RED_SPLIT: 12
CutType.LATWO_MIR: 0
iteration 16
relaxation time 0.0277 seconds
CutType.COMBINATORY: 0
CutType.MIR: 1
CutType.ZERO_HALF: 0
CutType.RED_SPLIT: 0
CutType.LATWO_MIR: 0
iteration 17
relaxation time 0.0156 seconds
CutType.COMBINATORY: 0
CutType.MIR: 0
CutType.ZERO_HALF: 0
CutType.RED_SPLIT: 10
CutType.LATWO_MIR: 0
iteration 18
relaxation time 0.0343 seconds
CutType.COMBINATORY: 0
CutType.MIR: 2
CutType.ZERO_HALF: 0
CutType.RED_SPLIT: 0
CutType.LATWO_MIR: 0
iteration 19
relaxation time 0.0161 seconds
CutType.COMBINATORY: 0
CutType.MIR: 0
CutType.ZERO_HALF: 0
CutType.RED_SPLIT: 7
CutType.LATWO_MIR: 0
iteration 20
relaxation time 0.0314 seconds
CutType.COMBINATORY: 0
CutType.MIR: 0
CutType.ZERO_HALF: 0
CutType.RED_SPLIT: 11
CutType.LATWO_MIR: 0
iteration 21
relaxation time 0.0387 seconds
CutType.COMBINATORY: 0
CutType.MIR: 0
CutType.ZERO_HALF: 0
CutType.RED_SPLIT: 9
CutType.LATWO_MIR: 0
iteration 22
relaxation time 0.0249 seconds
CutType.COMBINATORY: 0
CutType.MIR: 0
CutType.ZERO_HALF: 0
CutType.RED_SPLIT: 6
CutType.LATWO_MIR: 0
iteration 23
relaxation time 0.0395 seconds
CutType.COMBINATORY: 0
CutType.MIR: 0
CutType.ZERO_HALF: 0
CutType.RED_SPLIT: 5
CutType.LATWO_MIR: 0
iteration 24
relaxation time 0.0437 seconds
CutType.COMBINATORY: 0
CutType.MIR: 0
CutType.ZERO_HALF: 0
CutType.RED_SPLIT: 7
CutType.LATWO_MIR: 0
iteration 25
relaxation time 0.0228 seconds
CutType.COMBINATORY: 0
CutType.MIR: 0
CutType.ZERO_HALF: 0
CutType.RED_SPLIT: 5
CutType.LATWO_MIR: 0
iteration 26
relaxation time 0.027 seconds
CutType.COMBINATORY: 0
CutType.MIR: 0
CutType.ZERO_HALF: 0
CutType.RED_SPLIT: 9
CutType.LATWO_MIR: 0
iteration 27
relaxation time 0.0388 seconds
CutType.COMBINATORY: 0
CutType.MIR: 0
CutType.ZERO_HALF: 0
CutType.RED_SPLIT: 6
CutType.LATWO_MIR: 0
iteration 28
relaxation time 0.056 seconds
CutType.COMBINATORY: 0
CutType.MIR: 0
CutType.ZERO_HALF: 0
CutType.RED_SPLIT: 4
CutType.LATWO_MIR: 0
iteration 29
relaxation time 0.0244 seconds
CutType.COMBINATORY: 0
CutType.MIR: 0
CutType.ZERO_HALF: 0
CutType.RED_SPLIT: 7
CutType.LATWO_MIR: 0
iteration 30
relaxation time 0.0391 seconds
CutType.COMBINATORY: 0
CutType.MIR: 0
CutType.ZERO_HALF: 0
CutType.RED_SPLIT: 8
CutType.LATWO_MIR: 0
iteration 31
relaxation time 0.0538 seconds
CutType.COMBINATORY: 0
CutType.MIR: 0
CutType.ZERO_HALF: 0
CutType.RED_SPLIT: 5
CutType.LATWO_MIR: 0
iteration 32
relaxation time 0.0359 seconds
CutType.COMBINATORY: 0
CutType.MIR: 0
CutType.ZERO_HALF: 0
CutType.RED_SPLIT: 8
CutType.LATWO_MIR: 0
iteration 33
relaxation time 0.0454 seconds
CutType.COMBINATORY: 0
CutType.MIR: 0
CutType.ZERO_HALF: 0
CutType.RED_SPLIT: 6
CutType.LATWO_MIR: 0
iteration 34
relaxation time 0.0422 seconds
CutType.COMBINATORY: 0
CutType.MIR: 0
CutType.ZERO_HALF: 0
CutType.RED_SPLIT: 6
CutType.LATWO_MIR: 0
iteration 35
relaxation time 0.0536 seconds
CutType.COMBINATORY: 0
CutType.MIR: 1
CutType.ZERO_HALF: 0
CutType.RED_SPLIT: 0
CutType.LATWO_MIR: 0
iteration 36
relaxation time 0.0165 seconds
CutType.COMBINATORY: 0
CutType.MIR: 0
CutType.ZERO_HALF: 0
CutType.RED_SPLIT: 6
CutType.LATWO_MIR: 0
iteration 37
relaxation time 0.0412 seconds
CutType.COMBINATORY: 0
CutType.MIR: 0
CutType.ZERO_HALF: 0
CutType.RED_SPLIT: 8
CutType.LATWO_MIR: 0
iteration 38
relaxation time 0.0778 seconds
CutType.COMBINATORY: 0
CutType.MIR: 0
CutType.ZERO_HALF: 0
CutType.RED_SPLIT: 4
CutType.LATWO_MIR: 0
iteration 39
relaxation time 0.037 seconds
CutType.COMBINATORY: 0
CutType.MIR: 0
CutType.ZERO_HALF: 0
CutType.RED_SPLIT: 3
CutType.LATWO_MIR: 0
iteration 40
relaxation time 0.0207 seconds
CutType.COMBINATORY: 0
CutType.MIR: 0
CutType.ZERO_HALF: 0
CutType.RED_SPLIT: 2
CutType.LATWO_MIR: 0
iteration 41
relaxation time 0.0318 seconds
CutType.COMBINATORY: 0
CutType.MIR: 0
CutType.ZERO_HALF: 0
CutType.RED_SPLIT: 2
CutType.LATWO_MIR: 0
iteration 42
relaxation time 0.0231 seconds
CutType.COMBINATORY: 0
CutType.MIR: 0
CutType.ZERO_HALF: 0
CutType.RED_SPLIT: 1
CutType.LATWO_MIR: 0
iteration 43
relaxation time 0.0198 seconds
CutType.COMBINATORY: 0
CutType.MIR: 0
CutType.ZERO_HALF: 0
CutType.RED_SPLIT: 1
CutType.LATWO_MIR: 0
iteration 44
relaxation time 0.0085 seconds
CutType.COMBINATORY: 0
CutType.MIR: 0
CutType.ZERO_HALF: 0
CutType.RED_SPLIT: 1
CutType.LATWO_MIR: 0
iteration 45
relaxation time 0.0194 seconds
CutType.COMBINATORY: 0
CutType.MIR: 0
CutType.ZERO_HALF: 0
CutType.RED_SPLIT: 2
CutType.LATWO_MIR: 0
iteration 46
relaxation time 0.0345 seconds
CutType.COMBINATORY: 0
CutType.MIR: 0
CutType.ZERO_HALF: 0
CutType.RED_SPLIT: 4
CutType.LATWO_MIR: 0
iteration 47
relaxation time 0.0328 seconds
CutType.COMBINATORY: 0
CutType.MIR: 0
CutType.ZERO_HALF: 0
CutType.RED_SPLIT: 3
CutType.LATWO_MIR: 0
iteration 48
relaxation time 0.0239 seconds
CutType.COMBINATORY: 0
CutType.MIR: 0
CutType.ZERO_HALF: 0
CutType.RED_SPLIT: 2
CutType.LATWO_MIR: 0
iteration 49
relaxation time 0.0252 seconds
CutType.COMBINATORY: 0
CutType.MIR: 0
CutType.ZERO_HALF: 0
CutType.RED_SPLIT: 3
CutType.LATWO_MIR: 0
iteration 50
relaxation time 0.0235 seconds
CutType.COMBINATORY: 0
CutType.MIR: 0
CutType.ZERO_HALF: 0
CutType.RED_SPLIT: 2
CutType.LATWO_MIR: 0
iteration 51
relaxation time 0.0329 seconds
CutType.COMBINATORY: 0
CutType.MIR: 0
CutType.ZERO_HALF: 0
CutType.RED_SPLIT: 1
CutType.LATWO_MIR: 0
iteration 52
relaxation time 0.0217 seconds
CutType.COMBINATORY: 0
CutType.MIR: 0
CutType.ZERO_HALF: 0
CutType.RED_SPLIT: 1
CutType.LATWO_MIR: 0
iteration 53
relaxation time 0.02 seconds
CutType.COMBINATORY: 0
CutType.MIR: 0
CutType.ZERO_HALF: 0
CutType.RED_SPLIT: 3
CutType.LATWO_MIR: 0
iteration 54
relaxation time 0.0318 seconds
CutType.COMBINATORY: 0
CutType.MIR: 0
CutType.ZERO_HALF: 0
CutType.RED_SPLIT: 2
CutType.LATWO_MIR: 0
iteration 55
relaxation time 0.0242 seconds
CutType.COMBINATORY: 0
CutType.MIR: 0
CutType.ZERO_HALF: 0
CutType.RED_SPLIT: 3
CutType.LATWO_MIR: 0
iteration 56
relaxation time 0.0247 seconds
CutType.COMBINATORY: 0
CutType.MIR: 0
CutType.ZERO_HALF: 0
CutType.RED_SPLIT: 1
CutType.LATWO_MIR: 0
iteration 57
relaxation time 0.0097 seconds
CutType.COMBINATORY: 0
CutType.MIR: 0
CutType.ZERO_HALF: 0
CutType.RED_SPLIT: 2
CutType.LATWO_MIR: 0
iteration 58
relaxation time 0.0313 seconds
CutType.COMBINATORY: 0
CutType.MIR: 0
CutType.ZERO_HALF: 0
CutType.RED_SPLIT: 1
CutType.LATWO_MIR: 0
iteration 59
relaxation time 0.0213 seconds
CutType.COMBINATORY: 0
CutType.MIR: 0
CutType.ZERO_HALF: 0
CutType.RED_SPLIT: 2
CutType.LATWO_MIR: 0
iteration 60
relaxation time 0.0222 seconds
CutType.COMBINATORY: 0
CutType.MIR: 0
CutType.ZERO_HALF: 0
CutType.RED_SPLIT: 3
CutType.LATWO_MIR: 0
iteration 61
relaxation time 0.0208 seconds
CutType.COMBINATORY: 0
CutType.MIR: 0
CutType.ZERO_HALF: 0
CutType.RED_SPLIT: 4
CutType.LATWO_MIR: 0
iteration 62
relaxation time 0.0366 seconds
CutType.COMBINATORY: 0
CutType.MIR: 0
CutType.ZERO_HALF: 0
CutType.RED_SPLIT: 2
CutType.LATWO_MIR: 0
iteration 63
relaxation time 0.0208 seconds
CutType.COMBINATORY: 0
CutType.MIR: 0
CutType.ZERO_HALF: 0
CutType.RED_SPLIT: 3
CutType.LATWO_MIR: 0
iteration 64
relaxation time 0.0381 seconds
CutType.COMBINATORY: 0
CutType.MIR: 0
CutType.ZERO_HALF: 0
CutType.RED_SPLIT: 1
CutType.LATWO_MIR: 0
iteration 65
relaxation time 0.0193 seconds
CutType.COMBINATORY: 0
CutType.MIR: 0
CutType.ZERO_HALF: 0
CutType.RED_SPLIT: 4
CutType.LATWO_MIR: 0
iteration 66
relaxation time 0.0249 seconds
CutType.COMBINATORY: 0
CutType.MIR: 0
CutType.ZERO_HALF: 0
CutType.RED_SPLIT: 3
CutType.LATWO_MIR: 0
iteration 67
relaxation time 0.0231 seconds
CutType.COMBINATORY: 0
CutType.MIR: 0
CutType.ZERO_HALF: 0
CutType.RED_SPLIT: 3
CutType.LATWO_MIR: 0
iteration 68
relaxation time 0.0386 seconds
CutType.COMBINATORY: 0
CutType.MIR: 0
CutType.ZERO_HALF: 0
CutType.RED_SPLIT: 2
CutType.LATWO_MIR: 0
iteration 69
relaxation time 0.0202 seconds
CutType.COMBINATORY: 0
CutType.MIR: 0
CutType.ZERO_HALF: 0
CutType.RED_SPLIT: 2
CutType.LATWO_MIR: 0
iteration 70
relaxation time 0.0386 seconds
CutType.COMBINATORY: 0
CutType.MIR: 0
CutType.ZERO_HALF: 0
CutType.RED_SPLIT: 3
CutType.LATWO_MIR: 0
iteration 71
relaxation time 0.0414 seconds
CutType.COMBINATORY: 0
CutType.MIR: 0
CutType.ZERO_HALF: 0
CutType.RED_SPLIT: 2
CutType.LATWO_MIR: 0
iteration 72
relaxation time 0.0268 seconds
CutType.COMBINATORY: 0
CutType.MIR: 0
CutType.ZERO_HALF: 0
CutType.RED_SPLIT: 2
CutType.LATWO_MIR: 0
iteration 73
relaxation time 0.0365 seconds
CutType.COMBINATORY: 0
CutType.MIR: 0
CutType.ZERO_HALF: 0
CutType.RED_SPLIT: 2
CutType.LATWO_MIR: 0
iteration 74
relaxation time 0.0351 seconds
CutType.COMBINATORY: 0
CutType.MIR: 0
CutType.ZERO_HALF: 0
CutType.RED_SPLIT: 2
CutType.LATWO_MIR: 0
iteration 75
relaxation time 0.0357 seconds
CutType.COMBINATORY: 0
CutType.MIR: 0
CutType.ZERO_HALF: 0
CutType.RED_SPLIT: 2
CutType.LATWO_MIR: 0
iteration 76
relaxation time 0.0387 seconds
CutType.COMBINATORY: 0
CutType.MIR: 0
CutType.ZERO_HALF: 0
CutType.RED_SPLIT: 1
CutType.LATWO_MIR: 0
iteration 77
relaxation time 0.0311 seconds
CutType.COMBINATORY: 0
CutType.MIR: 0
CutType.ZERO_HALF: 0
CutType.RED_SPLIT: 3
CutType.LATWO_MIR: 0
iteration 78
relaxation time 0.0364 seconds
CutType.COMBINATORY: 0
CutType.MIR: 0
CutType.ZERO_HALF: 0
CutType.RED_SPLIT: 2
CutType.LATWO_MIR: 0
iteration 79
relaxation time 0.0261 seconds
CutType.COMBINATORY: 0
CutType.MIR: 0
CutType.ZERO_HALF: 0
CutType.RED_SPLIT: 2
CutType.LATWO_MIR: 0
iteration 80
relaxation time 0.0259 seconds
CutType.COMBINATORY: 0
CutType.MIR: 0
CutType.ZERO_HALF: 0
CutType.RED_SPLIT: 3
CutType.LATWO_MIR: 0
iteration 81
relaxation time 0.0304 seconds
CutType.COMBINATORY: 0
CutType.MIR: 0
CutType.ZERO_HALF: 0
CutType.RED_SPLIT: 1
CutType.LATWO_MIR: 0
iteration 82
relaxation time 0.0209 seconds
CutType.COMBINATORY: 0
CutType.MIR: 0
CutType.ZERO_HALF: 0
CutType.RED_SPLIT: 2
CutType.LATWO_MIR: 0
iteration 83
relaxation time 0.0313 seconds
CutType.COMBINATORY: 0
CutType.MIR: 0
CutType.ZERO_HALF: 0
CutType.RED_SPLIT: 3
CutType.LATWO_MIR: 0
iteration 84
relaxation time 0.0341 seconds
CutType.COMBINATORY: 0
CutType.MIR: 0
CutType.ZERO_HALF: 0
CutType.RED_SPLIT: 3
CutType.LATWO_MIR: 0
iteration 85
relaxation time 0.0383 seconds
CutType.COMBINATORY: 0
CutType.MIR: 0
CutType.ZERO_HALF: 0
CutType.RED_SPLIT: 2
CutType.LATWO_MIR: 0
iteration 86
relaxation time 0.037 seconds
CutType.COMBINATORY: 0
CutType.MIR: 0
CutType.ZERO_HALF: 0
CutType.RED_SPLIT: 4
CutType.LATWO_MIR: 0
iteration 87
relaxation time 0.0239 seconds
CutType.COMBINATORY: 0
CutType.MIR: 0
CutType.ZERO_HALF: 0
CutType.RED_SPLIT: 2
CutType.LATWO_MIR: 0
iteration 88
relaxation time 0.0257 seconds
CutType.COMBINATORY: 0
CutType.MIR: 0
CutType.ZERO_HALF: 0
CutType.RED_SPLIT: 3
CutType.LATWO_MIR: 0
iteration 89
relaxation time 0.0232 seconds
CutType.COMBINATORY: 0
CutType.MIR: 0
CutType.ZERO_HALF: 0
CutType.RED_SPLIT: 4
CutType.LATWO_MIR: 0
iteration 90
relaxation time 0.0351 seconds
CutType.COMBINATORY: 0
CutType.MIR: 0
CutType.ZERO_HALF: 0
CutType.RED_SPLIT: 2
CutType.LATWO_MIR: 0
iteration 91
relaxation time 0.0382 seconds
CutType.COMBINATORY: 0
CutType.MIR: 0
CutType.ZERO_HALF: 0
CutType.RED_SPLIT: 2
CutType.LATWO_MIR: 0
iteration 92
relaxation time 0.0406 seconds
CutType.COMBINATORY: 0
CutType.MIR: 0
CutType.ZERO_HALF: 0
CutType.RED_SPLIT: 3
CutType.LATWO_MIR: 0
iteration 93
relaxation time 0.0364 seconds
CutType.COMBINATORY: 0
CutType.MIR: 0
CutType.ZERO_HALF: 0
CutType.RED_SPLIT: 3
CutType.LATWO_MIR: 0
iteration 94
relaxation time 0.0293 seconds
CutType.COMBINATORY: 0
CutType.MIR: 0
CutType.ZERO_HALF: 0
CutType.RED_SPLIT: 2
CutType.LATWO_MIR: 0
iteration 95
relaxation time 0.0389 seconds
CutType.COMBINATORY: 0
CutType.MIR: 0
CutType.ZERO_HALF: 0
CutType.RED_SPLIT: 2
CutType.LATWO_MIR: 0
iteration 96
relaxation time 0.0418 seconds
CutType.COMBINATORY: 0
CutType.MIR: 0
CutType.ZERO_HALF: 0
CutType.RED_SPLIT: 2
CutType.LATWO_MIR: 0
iteration 97
relaxation time 0.0358 seconds
CutType.COMBINATORY: 0
CutType.MIR: 0
CutType.ZERO_HALF: 0
CutType.RED_SPLIT: 3
CutType.LATWO_MIR: 0
iteration 98
relaxation time 0.0243 seconds
CutType.COMBINATORY: 0
CutType.MIR: 0
CutType.ZERO_HALF: 0
CutType.RED_SPLIT: 2
CutType.LATWO_MIR: 0
iteration 99
relaxation time 0.0247 seconds
CutType.COMBINATORY: 0
CutType.MIR: 0
CutType.ZERO_HALF: 0
CutType.RED_SPLIT: 2
CutType.LATWO_MIR: 0
iteration 100
relaxation time 0.038 seconds
CutType.COMBINATORY: 0
CutType.MIR: 0
CutType.ZERO_HALF: 0
CutType.RED_SPLIT: 2
CutType.LATWO_MIR: 0
iteration 101
relaxation time 0.0231 seconds
CutType.COMBINATORY: 0
CutType.MIR: 0
CutType.ZERO_HALF: 0
CutType.RED_SPLIT: 1
CutType.LATWO_MIR: 0
iteration 102
relaxation time 0.045 seconds
CutType.COMBINATORY: 0
CutType.MIR: 0
CutType.ZERO_HALF: 0
CutType.RED_SPLIT: 3
CutType.LATWO_MIR: 0
iteration 103
relaxation time 0.0383 seconds
CutType.COMBINATORY: 0
CutType.MIR: 0
CutType.ZERO_HALF: 0
CutType.RED_SPLIT: 1
CutType.LATWO_MIR: 0
iteration 104
relaxation time 0.0225 seconds
CutType.COMBINATORY: 0
CutType.MIR: 0
CutType.ZERO_HALF: 0
CutType.RED_SPLIT: 1
CutType.LATWO_MIR: 0
iteration 105
relaxation time 0.0276 seconds
CutType.COMBINATORY: 0
CutType.MIR: 0
CutType.ZERO_HALF: 0
CutType.RED_SPLIT: 3
CutType.LATWO_MIR: 0
iteration 106
relaxation time 0.0235 seconds
CutType.COMBINATORY: 0
CutType.MIR: 0
CutType.ZERO_HALF: 0
CutType.RED_SPLIT: 0
CutType.LATWO_MIR: 0
len dataset: 561
test_ok: 561
test_false: 0
iteration 34
relaxation time 8.1385 seconds
CutType.COMBINATORY: 0
CutType.LATWO_MIR: 0
CutType.TWO_MIR: 0
CutType.MIR: 0
CutType.FLOW_COVER: 0
CutType.RED_SPLIT: 6
CutType.LIFT_AND_PROJECT: 6
CutType.RED_SPLIT_G: 0
CutType.GMI: 0
iteration 35
relaxation time 6.4746 seconds
CutType.COMBINATORY: 0
CutType.LATWO_MIR: 0
CutType.TWO_MIR: 0
CutType.MIR: 3
CutType.FLOW_COVER: 0
CutType.RED_SPLIT: 0
CutType.LIFT_AND_PROJECT: 8
CutType.RED_SPLIT_G: 0
CutType.GMI: 0
iteration 36
relaxation time 10.9181 seconds
CutType.COMBINATORY: 0
CutType.LATWO_MIR: 0
CutType.TWO_MIR: 0
CutType.MIR: 0
CutType.FLOW_COVER: 0
CutType.RED_SPLIT: 1
CutType.LIFT_AND_PROJECT: 10
CutType.RED_SPLIT_G: 0
CutType.GMI: 0
iteration 37
relaxation time 7.1169 seconds
CutType.COMBINATORY: 0
CutType.LATWO_MIR: 0
CutType.TWO_MIR: 0
CutType.MIR: 1
CutType.FLOW_COVER: 0
CutType.RED_SPLIT: 0
CutType.LIFT_AND_PROJECT: 5
CutType.RED_SPLIT_G: 0
CutType.GMI: 0
iteration 38
relaxation time 4.5672 seconds
CutType.COMBINATORY: 0
CutType.LATWO_MIR: 0
CutType.TWO_MIR: 0
CutType.MIR: 0
CutType.FLOW_COVER: 0
CutType.RED_SPLIT: 1
CutType.LIFT_AND_PROJECT: 7
CutType.RED_SPLIT_G: 0
CutType.GMI: 0
iteration 39
relaxation time 9.4088 seconds
CutType.COMBINATORY: 0
CutType.LATWO_MIR: 0
CutType.TWO_MIR: 0
CutType.MIR: 0
CutType.FLOW_COVER: 0
CutType.RED_SPLIT: 5
CutType.LIFT_AND_PROJECT: 1
CutType.RED_SPLIT_G: 0
CutType.GMI: 0
iteration 40
relaxation time 8.2082 seconds
CutType.COMBINATORY: 0
CutType.LATWO_MIR: 0
CutType.TWO_MIR: 0
CutType.MIR: 0
CutType.FLOW_COVER: 0
CutType.RED_SPLIT: 3
CutType.LIFT_AND_PROJECT: 1
CutType.RED_SPLIT_G: 0
CutType.GMI: 0
iteration 41
relaxation time 6.9107 seconds
CutType.COMBINATORY: 0
CutType.LATWO_MIR: 0
CutType.TWO_MIR: 0
CutType.MIR: 6
CutType.FLOW_COVER: 0
CutType.RED_SPLIT: 0
CutType.LIFT_AND_PROJECT: 11
CutType.RED_SPLIT_G: 0
CutType.GMI: 0
iteration 42
relaxation time 7.5887 seconds
CutType.COMBINATORY: 0
CutType.LATWO_MIR: 0
CutType.TWO_MIR: 0
CutType.MIR: 0
CutType.FLOW_COVER: 0
CutType.RED_SPLIT: 3
CutType.LIFT_AND_PROJECT: 43
CutType.RED_SPLIT_G: 0
CutType.GMI: 0
iteration 43
relaxation time 11.1709 seconds
CutType.COMBINATORY: 0
CutType.LATWO_MIR: 0
CutType.TWO_MIR: 0
CutType.MIR: 0
CutType.FLOW_COVER: 0
CutType.RED_SPLIT: 0
CutType.LIFT_AND_PROJECT: 51
CutType.RED_SPLIT_G: 0
CutType.GMI: 0
iteration 44
relaxation time 15.4511 seconds
CutType.COMBINATORY: 0
CutType.LATWO_MIR: 0
CutType.TWO_MIR: 0
CutType.MIR: 0
CutType.FLOW_COVER: 0
CutType.RED_SPLIT: 3
CutType.LIFT_AND_PROJECT: 52
CutType.RED_SPLIT_G: 0
CutType.GMI: 0
iteration 45
relaxation time 11.801 seconds
CutType.COMBINATORY: 0
CutType.LATWO_MIR: 0
CutType.TWO_MIR: 0
CutType.MIR: 2
CutType.FLOW_COVER: 0
CutType.RED_SPLIT: 0
CutType.LIFT_AND_PROJECT: 50
CutType.RED_SPLIT_G: 0
CutType.GMI: 0
iteration 46
relaxation time 20.8748 seconds
CutType.COMBINATORY: 0
CutType.LATWO_MIR: 0
CutType.TWO_MIR: 0
CutType.MIR: 0
CutType.FLOW_COVER: 0
CutType.RED_SPLIT: 2
CutType.LIFT_AND_PROJECT: 60
CutType.RED_SPLIT_G: 0
CutType.GMI: 0
iteration 47
relaxation time 7.1434 seconds
CutType.COMBINATORY: 0
CutType.LATWO_MIR: 0
CutType.TWO_MIR: 0
CutType.MIR: 0
CutType.FLOW_COVER: 0
CutType.RED_SPLIT: 2
CutType.LIFT_AND_PROJECT: 39
CutType.RED_SPLIT_G: 0
CutType.GMI: 0
iteration 48
relaxation time 11.9724 seconds
CutType.COMBINATORY: 0
CutType.LATWO_MIR: 0
CutType.TWO_MIR: 0
CutType.MIR: 0
CutType.FLOW_COVER: 0
CutType.RED_SPLIT: 0
CutType.LIFT_AND_PROJECT: 53
CutType.RED_SPLIT_G: 0
CutType.GMI: 0
iteration 49
relaxation time 19.0327 seconds
CutType.COMBINATORY: 0
CutType.LATWO_MIR: 0
CutType.TWO_MIR: 0
CutType.MIR: 0
CutType.FLOW_COVER: 0
CutType.RED_SPLIT: 3
CutType.LIFT_AND_PROJECT: 38
CutType.RED_SPLIT_G: 0
CutType.GMI: 0
iteration 50
relaxation time 12.3086 seconds
CutType.COMBINATORY: 0
CutType.LATWO_MIR: 0
CutType.TWO_MIR: 0
CutType.MIR: 0
CutType.FLOW_COVER: 0
CutType.RED_SPLIT: 4
CutType.LIFT_AND_PROJECT: 38
CutType.RED_SPLIT_G: 0
CutType.GMI: 0
iteration 51
relaxation time 10.0945 seconds
CutType.COMBINATORY: 0
CutType.LATWO_MIR: 0
CutType.TWO_MIR: 0
CutType.MIR: 0
CutType.FLOW_COVER: 0
CutType.RED_SPLIT: 4
CutType.LIFT_AND_PROJECT: 57
CutType.RED_SPLIT_G: 0
CutType.GMI: 0
iteration 52
relaxation time 17.3748 seconds
CutType.COMBINATORY: 0
CutType.LATWO_MIR: 0
CutType.TWO_MIR: 0
CutType.MIR: 0
CutType.FLOW_COVER: 0
CutType.RED_SPLIT: 4
CutType.LIFT_AND_PROJECT: 34
CutType.RED_SPLIT_G: 0
CutType.GMI: 0
iteration 53
relaxation time 14.9455 seconds
CutType.COMBINATORY: 0
CutType.LATWO_MIR: 0
CutType.TWO_MIR: 0
CutType.MIR: 0
CutType.FLOW_COVER: 0
CutType.RED_SPLIT: 3
CutType.LIFT_AND_PROJECT: 43
CutType.RED_SPLIT_G: 0
CutType.GMI: 0
iteration 54
relaxation time 15.9228 seconds
CutType.COMBINATORY: 0
CutType.LATWO_MIR: 0
CutType.TWO_MIR: 0
CutType.MIR: 4
CutType.FLOW_COVER: 0
CutType.RED_SPLIT: 0
CutType.LIFT_AND_PROJECT: 45
CutType.RED_SPLIT_G: 0
CutType.GMI: 0
iteration 55
relaxation time 15.4285 seconds
CutType.COMBINATORY: 0
CutType.LATWO_MIR: 0
CutType.TWO_MIR: 0
CutType.MIR: 4
CutType.FLOW_COVER: 0
CutType.RED_SPLIT: 0
CutType.LIFT_AND_PROJECT: 36
CutType.RED_SPLIT_G: 0
CutType.GMI: 0
iteration 56
relaxation time 28.1124 seconds
CutType.COMBINATORY: 0
CutType.LATWO_MIR: 0
CutType.TWO_MIR: 0
CutType.MIR: 0
CutType.FLOW_COVER: 0
CutType.RED_SPLIT: 2
CutType.LIFT_AND_PROJECT: 29
CutType.RED_SPLIT_G: 0
CutType.GMI: 0
iteration 57
relaxation time 17.6562 seconds
CutType.COMBINATORY: 0
CutType.LATWO_MIR: 0
CutType.TWO_MIR: 0
CutType.MIR: 5
CutType.FLOW_COVER: 0
CutType.RED_SPLIT: 0
CutType.LIFT_AND_PROJECT: 36
CutType.RED_SPLIT_G: 0
CutType.GMI: 0
iteration 58
relaxation time 21.6242 seconds
CutType.COMBINATORY: 0
CutType.LATWO_MIR: 0
CutType.TWO_MIR: 0
CutType.MIR: 0
CutType.FLOW_COVER: 0
CutType.RED_SPLIT: 4
CutType.LIFT_AND_PROJECT: 27
CutType.RED_SPLIT_G: 0
CutType.GMI: 0
iteration 59
relaxation time 20.1884 seconds
CutType.COMBINATORY: 0
CutType.LATWO_MIR: 0
CutType.TWO_MIR: 0
CutType.MIR: 2
CutType.FLOW_COVER: 0
CutType.RED_SPLIT: 0
len dataset: 3988
test_ok: 3988
test_false: 0
