<class 'str'>
<class 'str'>
<class 'str'>
<class 'str'>
<class 'str'>
<class 'str'>
<class 'str'>
<class 'str'>
<class 'str'>
<class 'str'>
<class 'str'>
<class 'str'>
<class 'str'>
<class 'str'>
<class 'str'>
<class 'str'>
<class 'str'>
<class 'str'>
<class 'str'>
<class 'str'>
<class 'str'>
<class 'str'>
<class 'str'>
<class 'str'>
<class 'str'>
<class 'str'>
<class 'str'>
<class 'str'>
<class 'str'>
<class 'str'>
<class 'str'>
<class 'str'>
<class 'str'>
<class 'str'>
<class 'str'>
<class 'str'>
<class 'str'>
<class 'str'>
<class 'str'>
<class 'str'>
<class 'str'>
<class 'str'>
<class 'str'>
<class 'str'>
<class 'str'>
<class 'str'>
<class 'str'>
<class 'str'>
<class 'str'>
<class 'str'>
<class 'str'>
<class 'str'>
<class 'str'>
<class 'str'>
<class 'str'>
error in cut CutType.LIFT_AND_PROJECT
error in cut CutType.LIFT_AND_PROJECT
error in cut CutType.LIFT_AND_PROJECT
error in cut CutType.LIFT_AND_PROJECT
error in cut CutType.LIFT_AND_PROJECT
error in cut CutType.LIFT_AND_PROJECT
error in cut CutType.LIFT_AND_PROJECT
error in cut CutType.LIFT_AND_PROJECT
error in cut CutType.LIFT_AND_PROJECT
error in cut CutType.LIFT_AND_PROJECT
error in cut CutType.LIFT_AND_PROJECT
error in cut CutType.LIFT_AND_PROJECT
error in cut CutType.LIFT_AND_PROJECT
error in cut CutType.LIFT_AND_PROJECT
error in cut CutType.LIFT_AND_PROJECT
error in cut CutType.LIFT_AND_PROJECT
error in cut CutType.LIFT_AND_PROJECT
error in cut CutType.LIFT_AND_PROJECT
error in cut CutType.LIFT_AND_PROJECT
error in cut CutType.LIFT_AND_PROJECT
error in cut CutType.LIFT_AND_PROJECT
error in cut CutType.LIFT_AND_PROJECT
error in cut CutType.LIFT_AND_PROJECT
error in cut CutType.LIFT_AND_PROJECT
error in cut CutType.LIFT_AND_PROJECT
error in cut CutType.LIFT_AND_PROJECT
error in cut CutType.LIFT_AND_PROJECT
error in cut CutType.LIFT_AND_PROJECT
error in cut CutType.LIFT_AND_PROJECT
error in cut CutType.LIFT_AND_PROJECT
error in cut CutType.LIFT_AND_PROJECT
error in cut CutType.LIFT_AND_PROJECT
error in cut CutType.LIFT_AND_PROJECT
error in cut CutType.LIFT_AND_PROJECT
error in cut CutType.LIFT_AND_PROJECT
error in cut CutType.LIFT_AND_PROJECT
error in cut CutType.LIFT_AND_PROJECT
error in cut CutType.LIFT_AND_PROJECT
error in cut CutType.LIFT_AND_PROJECT
error in cut CutType.LIFT_AND_PROJECT
error in cut CutType.LIFT_AND_PROJECT
error in cut CutType.LIFT_AND_PROJECT
error in cut CutType.LIFT_AND_PROJECT
error in cut CutType.LIFT_AND_PROJECT
error in cut CutType.LIFT_AND_PROJECT
27.30700176136017 < 27.30700172116648 - 4.0193690153955686e-08
error in cut CutType.LIFT_AND_PROJECT
error in cut CutType.LIFT_AND_PROJECT
error in cut CutType.LIFT_AND_PROJECT
error in cut CutType.LIFT_AND_PROJECT
error in cut CutType.LIFT_AND_PROJECT
error in cut CutType.LIFT_AND_PROJECT
error in cut CutType.LIFT_AND_PROJECT
error in cut CutType.LIFT_AND_PROJECT
error in cut CutType.LIFT_AND_PROJECT
error in cut CutType.LIFT_AND_PROJECT
error in cut CutType.LIFT_AND_PROJECT
error in cut CutType.LIFT_AND_PROJECT
error in cut CutType.LIFT_AND_PROJECT
error in cut CutType.LIFT_AND_PROJECT
len dataset: 54
test_ok: 53
test_false: 1
<class 'str'>
error in cut CutType.LIFT_AND_PROJECT
error in cut CutType.LIFT_AND_PROJECT
error in cut CutType.LIFT_AND_PROJECT
error in cut CutType.LIFT_AND_PROJECT
error in cut CutType.LIFT_AND_PROJECT
error in cut CutType.LIFT_AND_PROJECT
error in cut CutType.LIFT_AND_PROJECT
error in cut CutType.LIFT_AND_PROJECT
error in cut CutType.LIFT_AND_PROJECT
error in cut CutType.LIFT_AND_PROJECT
error in cut CutType.LIFT_AND_PROJECT
error in cut CutType.LIFT_AND_PROJECT
error in cut CutType.LIFT_AND_PROJECT
error in cut CutType.LIFT_AND_PROJECT
error in cut CutType.LIFT_AND_PROJECT
error in cut CutType.LIFT_AND_PROJECT
error in cut CutType.LIFT_AND_PROJECT
error in cut CutType.LIFT_AND_PROJECT
error in cut CutType.LIFT_AND_PROJECT
error in cut CutType.LIFT_AND_PROJECT
error in cut CutType.LIFT_AND_PROJECT
error in cut CutType.LIFT_AND_PROJECT
error in cut CutType.LIFT_AND_PROJECT
error in cut CutType.LIFT_AND_PROJECT
error in cut CutType.LIFT_AND_PROJECT
error in cut CutType.LIFT_AND_PROJECT
error in cut CutType.LIFT_AND_PROJECT
error in cut CutType.LIFT_AND_PROJECT
error in cut CutType.LIFT_AND_PROJECT
error in cut CutType.LIFT_AND_PROJECT
len dataset: 0
test_ok: 0
test_false: 0
