Combinatory set: [<CutType.PROBING: 0>, <CutType.CLIQUE: 12>]
Non-Combinatory set: [<CutType.MIR: 6>, <CutType.GMI: 2>, <CutType.ZERO_HALF: 11>, <CutType.FLOW_COVER: 5>, <CutType.RED_SPLIT: 3>, <CutType.GOMORY: 1>, <CutType.LATWO_MIR: 8>, <CutType.TWO_MIR: 7>, <CutType.RED_SPLIT_G: 4>]
iteration 0
relaxation time 3.7029 seconds
CutType.COMBINATORY: 28647
CutType.MIR: 2157
CutType.GMI: 0
CutType.ZERO_HALF: 0
CutType.FLOW_COVER: 128
CutType.RED_SPLIT: 0
CutType.GOMORY: 229
type CutType.GOMORY: 3.4539393130317855 < 2.3400410042911233 - 1.1138983087406622
type CutType.GOMORY: -4.462434161992707 < -6.380546783324244 - 1.9181126213315371
type CutType.GOMORY: -12.323757543866218 < -16.145050279819134 - 3.821292735952916
type CutType.GOMORY: -13.966925216381735 < -14.36584924348497 - 0.3989240271032344
type CutType.GOMORY: -12.323757543866236 < -13.66060635502509 - 1.3368488111588537
type CutType.GOMORY: -12.506331729701273 < -13.363276690677989 - 0.8569449609767155
type CutType.GOMORY: -12.506331729701275 < -12.862005385485729 - 0.35567365578445376
type CutType.GOMORY: -6.354751825093572 < -7.328530537493049 - 0.9737787123994766
type CutType.GOMORY: -7.121031539925369 < -8.80790691356134 - 1.6868753736359707
type CutType.GOMORY: -8.056020677473157 < -10.612992987479286 - 2.5569723100061292
CutType.LATWO_MIR: 0
CutType.TWO_MIR: 0
CutType.RED_SPLIT_G: 0
iteration 1
relaxation time 7.7128 seconds
Combinatory set: [<CutType.PROBING: 0>, <CutType.CLIQUE: 12>, <CutType.ODD_WHEEL: 13>]
Non-Combinatory set: [<CutType.LATWO_MIR: 8>, <CutType.GMI: 2>]
iteration 0
relaxation time 8.5597 seconds
CutType.COMBINATORY: 28647
CutType.LATWO_MIR: 0
CutType.GMI: 0
iteration 1
relaxation time 16.5936 seconds
CutType.COMBINATORY: 7142
CutType.LATWO_MIR: 0
CutType.GMI: 0
iteration 2
relaxation time 9.2828 seconds
CutType.COMBINATORY: 1578
CutType.LATWO_MIR: 0
CutType.GMI: 0
iteration 3
relaxation time 4.8845 seconds
CutType.COMBINATORY: 378
CutType.LATWO_MIR: 0
CutType.GMI: 0
iteration 4
relaxation time 3.3079 seconds
CutType.COMBINATORY: 61
CutType.LATWO_MIR: 0
CutType.GMI: 0
iteration 5
relaxation time 0.8221 seconds
CutType.COMBINATORY: 16
CutType.LATWO_MIR: 0
CutType.GMI: 0
iteration 6
relaxation time 0.5488 seconds
CutType.COMBINATORY: 1
CutType.LATWO_MIR: 0
CutType.GMI: 0
iteration 7
relaxation time 0.5748 seconds
CutType.COMBINATORY: 34
CutType.LATWO_MIR: 0
CutType.GMI: 0
iteration 8
relaxation time 0.5574 seconds
CutType.COMBINATORY: 5
CutType.LATWO_MIR: 0
CutType.GMI: 0
iteration 9
relaxation time 0.5626 seconds
CutType.COMBINATORY: 41
CutType.LATWO_MIR: 0
CutType.GMI: 0
iteration 10
relaxation time 0.6948 seconds
CutType.COMBINATORY: 6
CutType.LATWO_MIR: 0
CutType.GMI: 0
iteration 11
relaxation time 0.5314 seconds
CutType.COMBINATORY: 2545
CutType.LATWO_MIR: 0
CutType.GMI: 0
iteration 12
relaxation time 23.2573 seconds
CutType.COMBINATORY: 818
CutType.LATWO_MIR: 0
CutType.GMI: 0
iteration 13
relaxation time 6.4677 seconds
CutType.COMBINATORY: 194
CutType.LATWO_MIR: 0
CutType.GMI: 0
iteration 14
relaxation time 2.1831 seconds
CutType.COMBINATORY: 31
CutType.LATWO_MIR: 0
CutType.GMI: 0
iteration 15
relaxation time 2.1041 seconds
CutType.COMBINATORY: 15
CutType.LATWO_MIR: 0
CutType.GMI: 0
iteration 16
relaxation time 0.9218 seconds
CutType.COMBINATORY: 605
CutType.LATWO_MIR: 0
CutType.GMI: 0
iteration 17
relaxation time 9.9271 seconds
CutType.COMBINATORY: 100
CutType.LATWO_MIR: 0
CutType.GMI: 0
iteration 18
relaxation time 0.6236 seconds
CutType.COMBINATORY: 47
CutType.LATWO_MIR: 0
CutType.GMI: 0
iteration 19
relaxation time 2.2057 seconds
CutType.COMBINATORY: 28
CutType.LATWO_MIR: 0
CutType.GMI: 0
iteration 20
relaxation time 0.6338 seconds
CutType.COMBINATORY: 7
CutType.LATWO_MIR: 0
CutType.GMI: 0
iteration 21
relaxation time 1.4779 seconds
CutType.COMBINATORY: 2
CutType.LATWO_MIR: 0
CutType.GMI: 0
iteration 22
relaxation time 0.8642 seconds
CutType.COMBINATORY: 5
CutType.LATWO_MIR: 0
CutType.GMI: 0
iteration 23
relaxation time 0.5611 seconds
CutType.COMBINATORY: 0
CutType.LATWO_MIR: 0
CutType.GMI: 4456
iteration 24
relaxation time 11.7241 seconds
CutType.COMBINATORY: 274
CutType.LATWO_MIR: 0
CutType.GMI: 0
iteration 25
relaxation time 5.7674 seconds
CutType.COMBINATORY: 172
CutType.LATWO_MIR: 0
CutType.GMI: 0
iteration 26
relaxation time 1.7605 seconds
CutType.COMBINATORY: 8
CutType.LATWO_MIR: 0
CutType.GMI: 0
iteration 27
relaxation time 4.8106 seconds
CutType.COMBINATORY: 53
CutType.LATWO_MIR: 0
CutType.GMI: 0
iteration 28
relaxation time 2.1242 seconds
CutType.COMBINATORY: 261
CutType.LATWO_MIR: 0
CutType.GMI: 0
iteration 29
relaxation time 8.974 seconds
CutType.COMBINATORY: 7
CutType.LATWO_MIR: 0
CutType.GMI: 0
iteration 30
relaxation time 0.8428 seconds
CutType.COMBINATORY: 26
CutType.LATWO_MIR: 0
CutType.GMI: 0
iteration 31
relaxation time 6.0566 seconds
CutType.COMBINATORY: 18
CutType.LATWO_MIR: 0
CutType.GMI: 0
iteration 32
relaxation time 1.2603 seconds
CutType.COMBINATORY: 23
CutType.LATWO_MIR: 0
CutType.GMI: 0
iteration 33
relaxation time 3.4127 seconds
CutType.COMBINATORY: 3
CutType.LATWO_MIR: 0
CutType.GMI: 0
iteration 34
relaxation time 0.8645 seconds
CutType.COMBINATORY: 2
CutType.LATWO_MIR: 0
CutType.GMI: 0
iteration 35
relaxation time 0.8064 seconds
CutType.COMBINATORY: 0
CutType.LATWO_MIR: 0
CutType.GMI: 1724
iteration 36
relaxation time 20.6768 seconds
CutType.COMBINATORY: 208
CutType.LATWO_MIR: 0
CutType.GMI: 0
iteration 37
relaxation time 17.2536 seconds
CutType.COMBINATORY: 122
CutType.LATWO_MIR: 0
CutType.GMI: 0
iteration 38
relaxation time 4.6189 seconds
CutType.COMBINATORY: 7
CutType.LATWO_MIR: 0
CutType.GMI: 0
iteration 39
relaxation time 1.0903 seconds
CutType.COMBINATORY: 45
CutType.LATWO_MIR: 0
CutType.GMI: 0
iteration 40
relaxation time 8.2569 seconds
CutType.COMBINATORY: 54
CutType.LATWO_MIR: 0
CutType.GMI: 0
iteration 41
relaxation time 4.4926 seconds
CutType.COMBINATORY: 18
CutType.LATWO_MIR: 0
CutType.GMI: 0
iteration 42
relaxation time 2.649 seconds
CutType.COMBINATORY: 9
CutType.LATWO_MIR: 0
CutType.GMI: 0
iteration 43
relaxation time 2.0612 seconds
CutType.COMBINATORY: 55
CutType.LATWO_MIR: 0
CutType.GMI: 0
iteration 44
relaxation time 5.6212 seconds
CutType.COMBINATORY: 3
CutType.LATWO_MIR: 0
CutType.GMI: 0
iteration 45
relaxation time 1.6019 seconds
CutType.COMBINATORY: 0
CutType.LATWO_MIR: 0
CutType.GMI: 3255
iteration 46
relaxation time 25.5315 seconds
CutType.COMBINATORY: 204
CutType.LATWO_MIR: 0
CutType.GMI: 0
iteration 47
relaxation time 10.5702 seconds
CutType.COMBINATORY: 614
CutType.LATWO_MIR: 0
CutType.GMI: 0
iteration 48
relaxation time 11.909 seconds
CutType.COMBINATORY: 262
CutType.LATWO_MIR: 0
CutType.GMI: 0
iteration 49
relaxation time 10.7681 seconds
CutType.COMBINATORY: 39
CutType.LATWO_MIR: 0
CutType.GMI: 0
iteration 50
relaxation time 9.1313 seconds
CutType.COMBINATORY: 1
CutType.LATWO_MIR: 0
CutType.GMI: 0
iteration 51
relaxation time 1.299 seconds
CutType.COMBINATORY: 0
CutType.LATWO_MIR: 0
CutType.GMI: 1217
iteration 52
relaxation time 66.975 seconds
CutType.COMBINATORY: 570
CutType.LATWO_MIR: 0
CutType.GMI: 0
iteration 53
relaxation time 59.5484 seconds
CutType.COMBINATORY: 249
CutType.LATWO_MIR: 0
CutType.GMI: 0
iteration 54
relaxation time 14.2909 seconds
CutType.COMBINATORY: 30
CutType.LATWO_MIR: 0
CutType.GMI: 0
iteration 55
relaxation time 2.4552 seconds
CutType.COMBINATORY: 146
CutType.LATWO_MIR: 0
CutType.GMI: 0
iteration 56
relaxation time 11.0446 seconds
CutType.COMBINATORY: 50
CutType.LATWO_MIR: 0
CutType.GMI: 0
iteration 57
relaxation time 1.9306 seconds
CutType.COMBINATORY: 0
CutType.LATWO_MIR: 0
CutType.GMI: 1818
iteration 58
relaxation time 48.2919 seconds
CutType.COMBINATORY: 146
CutType.LATWO_MIR: 0
CutType.GMI: 0
iteration 59
relaxation time 9.2346 seconds
CutType.COMBINATORY: 115
CutType.LATWO_MIR: 0
CutType.GMI: 0
iteration 60
relaxation time 4.5388 seconds
CutType.COMBINATORY: 144
CutType.LATWO_MIR: 0
CutType.GMI: 0
iteration 61
relaxation time 26.0882 seconds
CutType.COMBINATORY: 70
CutType.LATWO_MIR: 0
CutType.GMI: 0
iteration 62
relaxation time 9.1517 seconds
CutType.COMBINATORY: 9
CutType.LATWO_MIR: 0
CutType.GMI: 0
iteration 63
relaxation time 1.9067 seconds
CutType.COMBINATORY: 0
CutType.LATWO_MIR: 0
CutType.GMI: 226
iteration 64
relaxation time 27.9558 seconds
CutType.COMBINATORY: 23
CutType.LATWO_MIR: 0
CutType.GMI: 0
iteration 65
relaxation time 2.6798 seconds
CutType.COMBINATORY: 0
CutType.LATWO_MIR: 0
CutType.GMI: 356
iteration 66
relaxation time 41.1943 seconds
CutType.COMBINATORY: 78
CutType.LATWO_MIR: 0
CutType.GMI: 0
iteration 67
relaxation time 10.8298 seconds
CutType.COMBINATORY: 52
CutType.LATWO_MIR: 0
CutType.GMI: 0
iteration 68
relaxation time 5.173 seconds
CutType.COMBINATORY: 0
CutType.LATWO_MIR: 0
CutType.GMI: 122
iteration 69
relaxation time 54.5845 seconds
CutType.COMBINATORY: 49
CutType.LATWO_MIR: 0
CutType.GMI: 0
iteration 70
relaxation time 10.3319 seconds
CutType.COMBINATORY: 4
CutType.LATWO_MIR: 0
CutType.GMI: 0
iteration 71
relaxation time 1.9622 seconds
CutType.COMBINATORY: 0
CutType.LATWO_MIR: 0
CutType.GMI: 307
iteration 72
relaxation time 26.5441 seconds
CutType.COMBINATORY: 26
CutType.LATWO_MIR: 0
CutType.GMI: 0
iteration 73
relaxation time 3.9802 seconds
CutType.COMBINATORY: 8
CutType.LATWO_MIR: 0
CutType.GMI: 0
iteration 74
relaxation time 1.9283 seconds
CutType.COMBINATORY: 106
CutType.LATWO_MIR: 0
CutType.GMI: 0
iteration 75
relaxation time 11.586 seconds
CutType.COMBINATORY: 17
CutType.LATWO_MIR: 0
CutType.GMI: 0
iteration 76
relaxation time 4.7691 seconds
CutType.COMBINATORY: 7
CutType.LATWO_MIR: 0
CutType.GMI: 0
iteration 77
relaxation time 4.9311 seconds
CutType.COMBINATORY: 0
CutType.LATWO_MIR: 0
CutType.GMI: 268
iteration 78
relaxation time 44.8011 seconds
CutType.COMBINATORY: 32
CutType.LATWO_MIR: 0
CutType.GMI: 0
iteration 79
relaxation time 6.046 seconds
CutType.COMBINATORY: 98
CutType.LATWO_MIR: 0
CutType.GMI: 0
iteration 80
relaxation time 7.9174 seconds
CutType.COMBINATORY: 23
CutType.LATWO_MIR: 0
CutType.GMI: 0
iteration 81
relaxation time 5.4542 seconds
CutType.COMBINATORY: 19
CutType.LATWO_MIR: 0
CutType.GMI: 0
iteration 82
relaxation time 6.6441 seconds
CutType.COMBINATORY: 0
CutType.LATWO_MIR: 0
CutType.GMI: 155
iteration 83
relaxation time 18.4923 seconds
CutType.COMBINATORY: 29
CutType.LATWO_MIR: 0
CutType.GMI: 0
iteration 84
relaxation time 11.2464 seconds
CutType.COMBINATORY: 18
CutType.LATWO_MIR: 0
CutType.GMI: 0
iteration 85
relaxation time 6.3686 seconds
CutType.COMBINATORY: 49
CutType.LATWO_MIR: 0
CutType.GMI: 0
iteration 86
relaxation time 14.0461 seconds
CutType.COMBINATORY: 0
CutType.LATWO_MIR: 0
CutType.GMI: 116
iteration 87
relaxation time 19.6933 seconds
CutType.COMBINATORY: 24
CutType.LATWO_MIR: 0
CutType.GMI: 0
iteration 88
relaxation time 9.6238 seconds
CutType.COMBINATORY: 0
CutType.LATWO_MIR: 0
CutType.GMI: 117
iteration 89
relaxation time 29.0967 seconds
CutType.COMBINATORY: 21
CutType.LATWO_MIR: 0
CutType.GMI: 0
iteration 90
relaxation time 8.5243 seconds
CutType.COMBINATORY: 0
CutType.LATWO_MIR: 0
CutType.GMI: 232
iteration 91
relaxation time 28.5583 seconds
CutType.COMBINATORY: 45
CutType.LATWO_MIR: 0
CutType.GMI: 0
iteration 92
relaxation time 16.1137 seconds
CutType.COMBINATORY: 44
CutType.LATWO_MIR: 0
CutType.GMI: 0
iteration 93
relaxation time 4.8361 seconds
CutType.COMBINATORY: 31
CutType.LATWO_MIR: 0
CutType.GMI: 0
iteration 94
relaxation time 4.1961 seconds
CutType.COMBINATORY: 0
CutType.LATWO_MIR: 0
CutType.GMI: 343
iteration 95
relaxation time 42.9038 seconds
CutType.COMBINATORY: 133
CutType.LATWO_MIR: 0
CutType.GMI: 0
iteration 96
relaxation time 16.4233 seconds
CutType.COMBINATORY: 9
CutType.LATWO_MIR: 0
CutType.GMI: 0
iteration 97
relaxation time 2.8338 seconds
CutType.COMBINATORY: 65
CutType.LATWO_MIR: 0
CutType.GMI: 0
iteration 98
relaxation time 28.3289 seconds
CutType.COMBINATORY: 47
CutType.LATWO_MIR: 0
CutType.GMI: 0
iteration 99
relaxation time 5.0341 seconds
CutType.COMBINATORY: 0
CutType.LATWO_MIR: 0
CutType.GMI: 198
iteration 100
relaxation time 38.5459 seconds
CutType.COMBINATORY: 50
CutType.LATWO_MIR: 0
CutType.GMI: 0
iteration 101
relaxation time 7.5426 seconds
CutType.COMBINATORY: 2
CutType.LATWO_MIR: 0
CutType.GMI: 0
iteration 102
relaxation time 1.9639 seconds
CutType.COMBINATORY: 0
CutType.LATWO_MIR: 0
CutType.GMI: 109
iteration 103
relaxation time 21.258 seconds
CutType.COMBINATORY: 53
CutType.LATWO_MIR: 0
CutType.GMI: 0
iteration 104
relaxation time 6.7177 seconds
CutType.COMBINATORY: 21
CutType.LATWO_MIR: 0
CutType.GMI: 0
iteration 105
relaxation time 2.4096 seconds
CutType.COMBINATORY: 0
CutType.LATWO_MIR: 0
CutType.GMI: 189
iteration 106
relaxation time 18.265 seconds
CutType.COMBINATORY: 41
CutType.LATWO_MIR: 0
CutType.GMI: 0
iteration 107
relaxation time 14.2932 seconds
CutType.COMBINATORY: 31
CutType.LATWO_MIR: 0
CutType.GMI: 0
iteration 108
relaxation time 6.3591 seconds
CutType.COMBINATORY: 0
CutType.LATWO_MIR: 0
CutType.GMI: 62
iteration 109
relaxation time 30.6881 seconds
CutType.COMBINATORY: 7
CutType.LATWO_MIR: 0
CutType.GMI: 0
iteration 110
relaxation time 3.2415 seconds
CutType.COMBINATORY: 50
CutType.LATWO_MIR: 0
CutType.GMI: 0
iteration 111
relaxation time 12.9129 seconds
CutType.COMBINATORY: 3
CutType.LATWO_MIR: 0
CutType.GMI: 0
iteration 112
relaxation time 2.6682 seconds
CutType.COMBINATORY: 1
CutType.LATWO_MIR: 0
CutType.GMI: 0
iteration 113
relaxation time 2.4779 seconds
CutType.COMBINATORY: 2
CutType.LATWO_MIR: 0
CutType.GMI: 0
iteration 114
relaxation time 2.3598 seconds
CutType.COMBINATORY: 0
CutType.LATWO_MIR: 0
CutType.GMI: 200
iteration 115
relaxation time 35.4389 seconds
CutType.COMBINATORY: 40
CutType.LATWO_MIR: 0
CutType.GMI: 0
iteration 116
relaxation time 13.7425 seconds
CutType.COMBINATORY: 6
CutType.LATWO_MIR: 0
CutType.GMI: 0
iteration 117
relaxation time 2.725 seconds
CutType.COMBINATORY: 0
CutType.LATWO_MIR: 0
CutType.GMI: 145
iteration 118
relaxation time 37.6994 seconds
CutType.COMBINATORY: 18
CutType.LATWO_MIR: 0
CutType.GMI: 0
iteration 119
relaxation time 4.3036 seconds
CutType.COMBINATORY: 0
CutType.LATWO_MIR: 0
CutType.GMI: 354
iteration 120
relaxation time 57.7843 seconds
CutType.COMBINATORY: 55
CutType.LATWO_MIR: 0
CutType.GMI: 0
iteration 121
relaxation time 10.1316 seconds
CutType.COMBINATORY: 0
CutType.LATWO_MIR: 0
CutType.GMI: 134
iteration 122
relaxation time 38.597 seconds
CutType.COMBINATORY: 74
CutType.LATWO_MIR: 0
CutType.GMI: 0
iteration 123
relaxation time 31.2297 seconds
CutType.COMBINATORY: 150
CutType.LATWO_MIR: 0
CutType.GMI: 0
iteration 124
relaxation time 13.0021 seconds
CutType.COMBINATORY: 53
CutType.LATWO_MIR: 0
CutType.GMI: 0
iteration 125
relaxation time 3.9953 seconds
CutType.COMBINATORY: 0
CutType.LATWO_MIR: 0
CutType.GMI: 75
iteration 126
relaxation time 15.6895 seconds
CutType.COMBINATORY: 0
CutType.LATWO_MIR: 0
CutType.GMI: 80
iteration 127
relaxation time 13.1085 seconds
CutType.COMBINATORY: 17
CutType.LATWO_MIR: 0
CutType.GMI: 0
iteration 128
relaxation time 12.8748 seconds
CutType.COMBINATORY: 4
CutType.LATWO_MIR: 0
CutType.GMI: 0
iteration 129
relaxation time 8.6166 seconds
CutType.COMBINATORY: 0
CutType.LATWO_MIR: 0
CutType.GMI: 30
iteration 130
relaxation time 8.9118 seconds
CutType.COMBINATORY: 4
CutType.LATWO_MIR: 0
CutType.GMI: 0
iteration 131
relaxation time 6.3771 seconds
CutType.COMBINATORY: 1
CutType.LATWO_MIR: 0
CutType.GMI: 0
iteration 132
relaxation time 2.3324 seconds
CutType.COMBINATORY: 0
CutType.LATWO_MIR: 0
CutType.GMI: 38
iteration 133
relaxation time 16.0867 seconds
CutType.COMBINATORY: 19
CutType.LATWO_MIR: 0
CutType.GMI: 0
iteration 134
relaxation time 3.5184 seconds
CutType.COMBINATORY: 0
CutType.LATWO_MIR: 0
CutType.GMI: 26
iteration 135
relaxation time 6.1998 seconds
CutType.COMBINATORY: 0
CutType.LATWO_MIR: 0
CutType.GMI: 4
iteration 136
relaxation time 2.889 seconds
CutType.COMBINATORY: 0
CutType.LATWO_MIR: 0
CutType.GMI: 0
len dataset: 16356
test_ok: 16356
test_false: 0
Combinatory set: []
Non-Combinatory set: [<CutType.GMI: 2>]
iteration 0
relaxation time 8.6409 seconds
CutType.COMBINATORY: 1811
CutType.GMI: 0
iteration 1
relaxation time 9.053 seconds
CutType.COMBINATORY: 3954
CutType.GMI: 0
iteration 2
relaxation time 7.0953 seconds
CutType.COMBINATORY: 3022
CutType.GMI: 0
iteration 3
relaxation time 6.6819 seconds
CutType.COMBINATORY: 2035
CutType.GMI: 0
iteration 4
relaxation time 10.3625 seconds
CutType.COMBINATORY: 2178
CutType.GMI: 0
iteration 5
relaxation time 11.5445 seconds
CutType.COMBINATORY: 1872
CutType.GMI: 0
iteration 6
relaxation time 12.2722 seconds
CutType.COMBINATORY: 1048
CutType.GMI: 0
iteration 7
relaxation time 11.3986 seconds
CutType.COMBINATORY: 1727
CutType.GMI: 0
iteration 8
relaxation time 20.4979 seconds
CutType.COMBINATORY: 732
CutType.GMI: 0
iteration 9
relaxation time 8.2273 seconds
CutType.COMBINATORY: 1683
CutType.GMI: 0
iteration 10
relaxation time 19.6853 seconds
CutType.COMBINATORY: 990
CutType.GMI: 0
iteration 11
relaxation time 14.2298 seconds
CutType.COMBINATORY: 1189
CutType.GMI: 0
iteration 12
relaxation time 10.6944 seconds
CutType.COMBINATORY: 434
CutType.GMI: 0
iteration 13
relaxation time 9.0811 seconds
CutType.COMBINATORY: 733
CutType.GMI: 0
iteration 14
relaxation time 11.5103 seconds
CutType.COMBINATORY: 1040
CutType.GMI: 0
iteration 15
relaxation time 12.7468 seconds
CutType.COMBINATORY: 401
CutType.GMI: 0
iteration 16
relaxation time 10.947 seconds
CutType.COMBINATORY: 247
CutType.GMI: 0
iteration 17
relaxation time 14.5191 seconds
CutType.COMBINATORY: 340
CutType.GMI: 0
iteration 18
relaxation time 12.3602 seconds
CutType.COMBINATORY: 388
CutType.GMI: 0
iteration 19
relaxation time 16.1229 seconds
CutType.COMBINATORY: 222
CutType.GMI: 0
iteration 20
relaxation time 10.8497 seconds
CutType.COMBINATORY: 382
CutType.GMI: 0
iteration 21
relaxation time 14.4278 seconds
CutType.COMBINATORY: 303
CutType.GMI: 0
iteration 22
relaxation time 11.8316 seconds
CutType.COMBINATORY: 720
CutType.GMI: 0
iteration 23
relaxation time 22.6063 seconds
CutType.COMBINATORY: 1204
CutType.GMI: 0
iteration 24
relaxation time 25.2801 seconds
CutType.COMBINATORY: 288
CutType.GMI: 0
iteration 25
relaxation time 16.9912 seconds
CutType.COMBINATORY: 167
CutType.GMI: 0
iteration 26
relaxation time 14.0184 seconds
CutType.COMBINATORY: 180
CutType.GMI: 0
iteration 27
relaxation time 12.5231 seconds
CutType.COMBINATORY: 288
CutType.GMI: 0
iteration 28
relaxation time 12.5691 seconds
CutType.COMBINATORY: 309
CutType.GMI: 0
iteration 29
relaxation time 19.5012 seconds
CutType.COMBINATORY: 194
CutType.GMI: 0
iteration 30
relaxation time 12.3331 seconds
CutType.COMBINATORY: 219
CutType.GMI: 0
iteration 31
relaxation time 28.1861 seconds
CutType.COMBINATORY: 385
CutType.GMI: 0
iteration 32
relaxation time 23.1202 seconds
CutType.COMBINATORY: 211
CutType.GMI: 0
iteration 33
relaxation time 12.4028 seconds
CutType.COMBINATORY: 115
CutType.GMI: 0
iteration 34
relaxation time 7.4601 seconds
CutType.COMBINATORY: 117
CutType.GMI: 0
iteration 35
relaxation time 7.3375 seconds
CutType.COMBINATORY: 93
CutType.GMI: 0
iteration 36
relaxation time 7.4457 seconds
CutType.COMBINATORY: 40
CutType.GMI: 0
iteration 37
relaxation time 3.9029 seconds
CutType.COMBINATORY: 25
CutType.GMI: 0
iteration 38
relaxation time 4.7421 seconds
CutType.COMBINATORY: 14
CutType.GMI: 0
iteration 39
relaxation time 4.7781 seconds
CutType.COMBINATORY: 33
CutType.GMI: 0
iteration 40
relaxation time 9.1273 seconds
CutType.COMBINATORY: 58
CutType.GMI: 0
iteration 41
relaxation time 4.0353 seconds
CutType.COMBINATORY: 38
CutType.GMI: 0
iteration 42
relaxation time 2.9475 seconds
CutType.COMBINATORY: 14
CutType.GMI: 0
iteration 43
relaxation time 3.9373 seconds
CutType.COMBINATORY: 16
CutType.GMI: 0
iteration 44
relaxation time 1.7393 seconds
CutType.COMBINATORY: 16
CutType.GMI: 0
iteration 45
relaxation time 1.5528 seconds
CutType.COMBINATORY: 1
CutType.GMI: 0
iteration 46
relaxation time 2.2921 seconds
CutType.COMBINATORY: 0
CutType.GMI: 97
type CutType.GMI: -0.03936781609195425 < -0.07385057470263673 - 0.03448275861068248
iteration 47
relaxation time 18.9356 seconds
CutType.COMBINATORY: 232
CutType.GMI: 0
iteration 48
relaxation time 14.5032 seconds
relaxação se tornou infeasible
len dataset: 97
test_ok: 96
test_false: 1
