Combinatory set: [<CutType.ODD_WHEEL: 13>, <CutType.PROBING: 0>, <CutType.KNAPSACK_COVER: 14>, <CutType.CLIQUE: 12>]
Non-Combinatory set: [<CutType.GMI: 2>, <CutType.ZERO_HALF: 11>]
iteration 0
relaxation time 0.3156 seconds
CutType.COMBINATORY: 6
CutType.GMI: 0
CutType.ZERO_HALF: 0
iteration 1
relaxation time 0.0071 seconds
CutType.COMBINATORY: 0
CutType.GMI: 206
CutType.ZERO_HALF: 0
iteration 2
relaxation time 0.1042 seconds
CutType.COMBINATORY: 52
CutType.GMI: 0
CutType.ZERO_HALF: 0
iteration 3
relaxation time 0.0388 seconds
CutType.COMBINATORY: 0
CutType.GMI: 236
CutType.ZERO_HALF: 0
iteration 4
relaxation time 0.3796 seconds
CutType.COMBINATORY: 89
CutType.GMI: 0
CutType.ZERO_HALF: 0
iteration 5
relaxation time 0.3149 seconds
CutType.COMBINATORY: 24
CutType.GMI: 0
CutType.ZERO_HALF: 0
iteration 6
relaxation time 0.1657 seconds
CutType.COMBINATORY: 10
CutType.GMI: 0
CutType.ZERO_HALF: 0
iteration 7
relaxation time 0.052 seconds
CutType.COMBINATORY: 14
CutType.GMI: 0
CutType.ZERO_HALF: 0
iteration 8
relaxation time 0.0452 seconds
CutType.COMBINATORY: 1
CutType.GMI: 0
CutType.ZERO_HALF: 0
iteration 9
relaxation time 0.0183 seconds
CutType.COMBINATORY: 0
CutType.GMI: 142
CutType.ZERO_HALF: 0
iteration 10
relaxation time 0.4882 seconds
CutType.COMBINATORY: 29
CutType.GMI: 0
CutType.ZERO_HALF: 0
iteration 11
relaxation time 0.3257 seconds
CutType.COMBINATORY: 8
CutType.GMI: 0
CutType.ZERO_HALF: 0
iteration 12
relaxation time 0.1025 seconds
CutType.COMBINATORY: 5
CutType.GMI: 0
CutType.ZERO_HALF: 0
iteration 13
relaxation time 0.0769 seconds
CutType.COMBINATORY: 0
CutType.GMI: 66
CutType.ZERO_HALF: 0
iteration 14
relaxation time 0.516 seconds
CutType.COMBINATORY: 25
CutType.GMI: 0
CutType.ZERO_HALF: 0
iteration 15
relaxation time 0.6259 seconds
CutType.COMBINATORY: 9
CutType.GMI: 0
CutType.ZERO_HALF: 0
iteration 16
relaxation time 0.2112 seconds
CutType.COMBINATORY: 6
CutType.GMI: 0
CutType.ZERO_HALF: 0
iteration 17
relaxation time 0.1886 seconds
CutType.COMBINATORY: 22
CutType.GMI: 0
CutType.ZERO_HALF: 0
iteration 18
relaxation time 0.1383 seconds
CutType.COMBINATORY: 3
CutType.GMI: 0
CutType.ZERO_HALF: 0
iteration 19
relaxation time 0.0583 seconds
CutType.COMBINATORY: 0
CutType.GMI: 62
CutType.ZERO_HALF: 0
iteration 20
relaxation time 0.4696 seconds
CutType.COMBINATORY: 16
CutType.GMI: 0
CutType.ZERO_HALF: 0
iteration 21
relaxation time 0.5104 seconds
CutType.COMBINATORY: 11
CutType.GMI: 0
CutType.ZERO_HALF: 0
iteration 22
relaxation time 0.1708 seconds
CutType.COMBINATORY: 7
CutType.GMI: 0
CutType.ZERO_HALF: 0
iteration 23
relaxation time 0.2097 seconds
CutType.COMBINATORY: 1
CutType.GMI: 0
CutType.ZERO_HALF: 0
iteration 24
relaxation time 0.0619 seconds
CutType.COMBINATORY: 0
CutType.GMI: 72
CutType.ZERO_HALF: 0
iteration 25
relaxation time 0.9252 seconds
CutType.COMBINATORY: 22
CutType.GMI: 0
CutType.ZERO_HALF: 0
iteration 26
relaxation time 0.467 seconds
CutType.COMBINATORY: 8
CutType.GMI: 0
CutType.ZERO_HALF: 0
iteration 27
relaxation time 0.3583 seconds
CutType.COMBINATORY: 2
CutType.GMI: 0
CutType.ZERO_HALF: 0
iteration 28
relaxation time 0.1902 seconds
CutType.COMBINATORY: 3
CutType.GMI: 0
CutType.ZERO_HALF: 0
iteration 29
relaxation time 0.0702 seconds
CutType.COMBINATORY: 0
CutType.GMI: 38
CutType.ZERO_HALF: 0
iteration 30
relaxation time 0.5605 seconds
CutType.COMBINATORY: 24
CutType.GMI: 0
CutType.ZERO_HALF: 0
iteration 31
relaxation time 0.8414 seconds
CutType.COMBINATORY: 18
CutType.GMI: 0
CutType.ZERO_HALF: 0
iteration 32
relaxation time 0.3263 seconds
CutType.COMBINATORY: 5
CutType.GMI: 0
CutType.ZERO_HALF: 0
iteration 33
relaxation time 0.2248 seconds
CutType.COMBINATORY: 2
CutType.GMI: 0
CutType.ZERO_HALF: 0
iteration 34
relaxation time 0.1752 seconds
CutType.COMBINATORY: 0
CutType.GMI: 30
CutType.ZERO_HALF: 0
iteration 35
relaxation time 0.4332 seconds
CutType.COMBINATORY: 11
CutType.GMI: 0
CutType.ZERO_HALF: 0
iteration 36
relaxation time 0.2712 seconds
CutType.COMBINATORY: 7
CutType.GMI: 0
CutType.ZERO_HALF: 0
iteration 37
relaxation time 0.2244 seconds
CutType.COMBINATORY: 3
CutType.GMI: 0
CutType.ZERO_HALF: 0
iteration 38
relaxation time 0.133 seconds
CutType.COMBINATORY: 1
CutType.GMI: 0
CutType.ZERO_HALF: 0
iteration 39
relaxation time 0.0771 seconds
CutType.COMBINATORY: 0
CutType.GMI: 58
CutType.ZERO_HALF: 0
iteration 40
relaxation time 0.7228 seconds
CutType.COMBINATORY: 10
CutType.GMI: 0
CutType.ZERO_HALF: 0
iteration 41
relaxation time 0.8472 seconds
CutType.COMBINATORY: 9
CutType.GMI: 0
CutType.ZERO_HALF: 0
iteration 42
relaxation time 0.3578 seconds
CutType.COMBINATORY: 2
CutType.GMI: 0
CutType.ZERO_HALF: 0
iteration 43
relaxation time 0.0884 seconds
CutType.COMBINATORY: 1
CutType.GMI: 0
CutType.ZERO_HALF: 0
iteration 44
relaxation time 0.0334 seconds
CutType.COMBINATORY: 0
CutType.GMI: 13
CutType.ZERO_HALF: 0
iteration 45
relaxation time 0.2799 seconds
CutType.COMBINATORY: 2
CutType.GMI: 0
CutType.ZERO_HALF: 0
iteration 46
relaxation time 0.067 seconds
CutType.COMBINATORY: 1
CutType.GMI: 0
CutType.ZERO_HALF: 0
iteration 47
relaxation time 0.0929 seconds
CutType.COMBINATORY: 0
CutType.GMI: 5
CutType.ZERO_HALF: 0
iteration 48
relaxation time 0.1548 seconds
CutType.COMBINATORY: 1
CutType.GMI: 0
CutType.ZERO_HALF: 0
iteration 49
relaxation time 0.1494 seconds
CutType.COMBINATORY: 2
CutType.GMI: 0
CutType.ZERO_HALF: 0
iteration 50
relaxation time 0.1926 seconds
CutType.COMBINATORY: 2
CutType.GMI: 0
CutType.ZERO_HALF: 0
iteration 51
relaxation time 0.1653 seconds
CutType.COMBINATORY: 0
CutType.GMI: 42
CutType.ZERO_HALF: 0
iteration 52
relaxation time 1.289 seconds
CutType.COMBINATORY: 9
CutType.GMI: 0
CutType.ZERO_HALF: 0
iteration 53
relaxation time 0.3369 seconds
CutType.COMBINATORY: 4
CutType.GMI: 0
CutType.ZERO_HALF: 0
iteration 54
relaxation time 0.1896 seconds
CutType.COMBINATORY: 2
CutType.GMI: 0
CutType.ZERO_HALF: 0
iteration 55
relaxation time 0.1631 seconds
CutType.COMBINATORY: 3
CutType.GMI: 0
CutType.ZERO_HALF: 0
iteration 56
relaxation time 0.0796 seconds
CutType.COMBINATORY: 1
CutType.GMI: 0
CutType.ZERO_HALF: 0
iteration 57
relaxation time 0.0568 seconds
CutType.COMBINATORY: 0
CutType.GMI: 11
CutType.ZERO_HALF: 0
iteration 58
relaxation time 0.1932 seconds
CutType.COMBINATORY: 4
CutType.GMI: 0
CutType.ZERO_HALF: 0
iteration 59
relaxation time 0.3454 seconds
CutType.COMBINATORY: 4
CutType.GMI: 0
CutType.ZERO_HALF: 0
iteration 60
relaxation time 0.1259 seconds
CutType.COMBINATORY: 1
CutType.GMI: 0
CutType.ZERO_HALF: 0
iteration 61
relaxation time 0.1377 seconds
CutType.COMBINATORY: 0
CutType.GMI: 5
CutType.ZERO_HALF: 0
iteration 62
relaxation time 0.1381 seconds
CutType.COMBINATORY: 1
CutType.GMI: 0
CutType.ZERO_HALF: 0
iteration 63
relaxation time 0.0419 seconds
CutType.COMBINATORY: 0
CutType.GMI: 0
CutType.ZERO_HALF: 0
len dataset: 986
test_ok: 986
test_false: 0
Combinatory set: [<CutType.PROBING: 0>, <CutType.KNAPSACK_COVER: 14>, <CutType.CLIQUE: 12>, <CutType.ODD_WHEEL: 13>]
Non-Combinatory set: [<CutType.ZERO_HALF: 11>, <CutType.MIR: 6>, <CutType.RED_SPLIT_G: 4>, <CutType.GMI: 2>, <CutType.RESIDUAL_CAPACITY: 10>]
iteration 0
relaxation time 0.5492 seconds
CutType.COMBINATORY: 6
CutType.ZERO_HALF: 0
CutType.MIR: 291
CutType.RED_SPLIT_G: 0
CutType.GMI: 0
CutType.RESIDUAL_CAPACITY: 0
iteration 1
relaxation time 0.0293 seconds
CutType.COMBINATORY: 74
CutType.ZERO_HALF: 0
CutType.MIR: 287
CutType.RED_SPLIT_G: 0
CutType.GMI: 0
CutType.RESIDUAL_CAPACITY: 0
iteration 2
relaxation time 0.0649 seconds
CutType.COMBINATORY: 4
CutType.ZERO_HALF: 0
CutType.MIR: 234
CutType.RED_SPLIT_G: 0
CutType.GMI: 0
CutType.RESIDUAL_CAPACITY: 0
iteration 3
relaxation time 0.0594 seconds
CutType.COMBINATORY: 14
CutType.ZERO_HALF: 0
CutType.MIR: 262
CutType.RED_SPLIT_G: 0
CutType.GMI: 0
CutType.RESIDUAL_CAPACITY: 0
iteration 4
relaxation time 0.0745 seconds
CutType.COMBINATORY: 12
CutType.ZERO_HALF: 0
CutType.MIR: 168
CutType.RED_SPLIT_G: 0
CutType.GMI: 0
CutType.RESIDUAL_CAPACITY: 0
iteration 5
relaxation time 0.0808 seconds
CutType.COMBINATORY: 5
CutType.ZERO_HALF: 0
CutType.MIR: 132
CutType.RED_SPLIT_G: 0
CutType.GMI: 0
CutType.RESIDUAL_CAPACITY: 0
iteration 6
relaxation time 0.0922 seconds
CutType.COMBINATORY: 16
CutType.ZERO_HALF: 0
CutType.MIR: 164
CutType.RED_SPLIT_G: 0
CutType.GMI: 0
CutType.RESIDUAL_CAPACITY: 0
iteration 7
relaxation time 0.104 seconds
CutType.COMBINATORY: 13
CutType.ZERO_HALF: 0
CutType.MIR: 147
CutType.RED_SPLIT_G: 0
CutType.GMI: 0
CutType.RESIDUAL_CAPACITY: 0
iteration 8
relaxation time 0.1649 seconds
CutType.COMBINATORY: 14
CutType.ZERO_HALF: 0
CutType.MIR: 146
CutType.RED_SPLIT_G: 0
CutType.GMI: 0
CutType.RESIDUAL_CAPACITY: 0
iteration 9
relaxation time 0.1407 seconds
CutType.COMBINATORY: 23
CutType.ZERO_HALF: 0
CutType.MIR: 159
CutType.RED_SPLIT_G: 0
CutType.GMI: 0
CutType.RESIDUAL_CAPACITY: 0
iteration 10
relaxation time 0.1779 seconds
CutType.COMBINATORY: 9
CutType.ZERO_HALF: 0
CutType.MIR: 157
CutType.RED_SPLIT_G: 0
CutType.GMI: 0
CutType.RESIDUAL_CAPACITY: 0
iteration 11
relaxation time 0.1428 seconds
CutType.COMBINATORY: 11
CutType.ZERO_HALF: 0
CutType.MIR: 111
CutType.RED_SPLIT_G: 0
CutType.GMI: 0
CutType.RESIDUAL_CAPACITY: 0
iteration 12
relaxation time 0.1159 seconds
CutType.COMBINATORY: 12
CutType.ZERO_HALF: 0
CutType.MIR: 86
CutType.RED_SPLIT_G: 0
CutType.GMI: 0
CutType.RESIDUAL_CAPACITY: 0
iteration 13
relaxation time 0.1856 seconds
CutType.COMBINATORY: 5
CutType.ZERO_HALF: 0
CutType.MIR: 77
CutType.RED_SPLIT_G: 0
CutType.GMI: 0
CutType.RESIDUAL_CAPACITY: 0
iteration 14
relaxation time 0.1357 seconds
CutType.COMBINATORY: 2
CutType.ZERO_HALF: 0
CutType.MIR: 43
CutType.RED_SPLIT_G: 0
CutType.GMI: 0
CutType.RESIDUAL_CAPACITY: 0
iteration 15
relaxation time 0.1443 seconds
CutType.COMBINATORY: 4
CutType.ZERO_HALF: 0
CutType.MIR: 52
CutType.RED_SPLIT_G: 0
CutType.GMI: 0
CutType.RESIDUAL_CAPACITY: 0
iteration 16
relaxation time 0.1287 seconds
CutType.COMBINATORY: 4
CutType.ZERO_HALF: 0
CutType.MIR: 28
CutType.RED_SPLIT_G: 0
CutType.GMI: 0
CutType.RESIDUAL_CAPACITY: 0
iteration 17
relaxation time 0.1111 seconds
CutType.COMBINATORY: 5
CutType.ZERO_HALF: 0
CutType.MIR: 24
CutType.RED_SPLIT_G: 0
CutType.GMI: 0
CutType.RESIDUAL_CAPACITY: 0
iteration 18
relaxation time 0.14 seconds
CutType.COMBINATORY: 2
CutType.ZERO_HALF: 0
CutType.MIR: 25
CutType.RED_SPLIT_G: 0
CutType.GMI: 0
CutType.RESIDUAL_CAPACITY: 0
iteration 19
relaxation time 0.0992 seconds
CutType.COMBINATORY: 1
CutType.ZERO_HALF: 0
CutType.MIR: 10
CutType.RED_SPLIT_G: 0
CutType.GMI: 0
CutType.RESIDUAL_CAPACITY: 0
iteration 20
relaxation time 0.0889 seconds
CutType.COMBINATORY: 0
CutType.ZERO_HALF: 0
CutType.MIR: 10
CutType.RED_SPLIT_G: 0
CutType.GMI: 0
CutType.RESIDUAL_CAPACITY: 0
iteration 21
relaxation time 0.1068 seconds
CutType.COMBINATORY: 2
CutType.ZERO_HALF: 0
CutType.MIR: 95
CutType.RED_SPLIT_G: 0
CutType.GMI: 0
CutType.RESIDUAL_CAPACITY: 0
iteration 22
relaxation time 0.103 seconds
CutType.COMBINATORY: 1
CutType.ZERO_HALF: 0
CutType.MIR: 35
CutType.RED_SPLIT_G: 0
CutType.GMI: 0
CutType.RESIDUAL_CAPACITY: 0
iteration 23
relaxation time 0.0827 seconds
CutType.COMBINATORY: 0
CutType.ZERO_HALF: 0
CutType.MIR: 31
CutType.RED_SPLIT_G: 0
CutType.GMI: 0
CutType.RESIDUAL_CAPACITY: 0
iteration 24
relaxation time 0.0964 seconds
CutType.COMBINATORY: 0
CutType.ZERO_HALF: 0
CutType.MIR: 29
CutType.RED_SPLIT_G: 0
CutType.GMI: 0
CutType.RESIDUAL_CAPACITY: 0
iteration 25
relaxation time 0.1032 seconds
CutType.COMBINATORY: 3
CutType.ZERO_HALF: 0
CutType.MIR: 19
CutType.RED_SPLIT_G: 0
CutType.GMI: 0
CutType.RESIDUAL_CAPACITY: 0
iteration 26
relaxation time 0.0842 seconds
CutType.COMBINATORY: 2
CutType.ZERO_HALF: 0
CutType.MIR: 14
CutType.RED_SPLIT_G: 0
CutType.GMI: 0
CutType.RESIDUAL_CAPACITY: 0
iteration 27
relaxation time 0.082 seconds
CutType.COMBINATORY: 1
CutType.ZERO_HALF: 0
CutType.MIR: 8
CutType.RED_SPLIT_G: 0
CutType.GMI: 0
CutType.RESIDUAL_CAPACITY: 0
iteration 28
relaxation time 0.0793 seconds
CutType.COMBINATORY: 1
CutType.ZERO_HALF: 0
CutType.MIR: 8
CutType.RED_SPLIT_G: 0
CutType.GMI: 0
CutType.RESIDUAL_CAPACITY: 0
iteration 29
relaxation time 0.0609 seconds
CutType.COMBINATORY: 0
CutType.ZERO_HALF: 0
CutType.MIR: 1
CutType.RED_SPLIT_G: 0
CutType.GMI: 0
CutType.RESIDUAL_CAPACITY: 0
Combinatory set: [<CutType.PROBING: 0>]
Non-Combinatory set: [<CutType.LATWO_MIR: 8>, <CutType.RED_SPLIT: 3>, <CutType.GMI: 2>, <CutType.ZERO_HALF: 11>, <CutType.RED_SPLIT_G: 4>, <CutType.RESIDUAL_CAPACITY: 10>, <CutType.MIR: 6>, <CutType.LIFT_AND_PROJECT: 9>]
iteration 0
relaxation time 0.5325 seconds
CutType.COMBINATORY: 6
CutType.LATWO_MIR: 0
CutType.RED_SPLIT: 0
CutType.GMI: 0
CutType.ZERO_HALF: 0
CutType.RED_SPLIT_G: 0
CutType.RESIDUAL_CAPACITY: 0
CutType.MIR: 291
CutType.LIFT_AND_PROJECT: 362
iteration 30
relaxation time 0.0685 seconds
CutType.COMBINATORY: 0
CutType.ZERO_HALF: 0
CutType.MIR: 0
CutType.RED_SPLIT_G: 61
CutType.GMI: 0
CutType.RESIDUAL_CAPACITY: 0
iteration 31
relaxation time 0.1993 seconds
CutType.COMBINATORY: 11
CutType.ZERO_HALF: 0
CutType.MIR: 75
CutType.RED_SPLIT_G: 0
CutType.GMI: 0
CutType.RESIDUAL_CAPACITY: 0
iteration 32
relaxation time 0.1828 seconds
CutType.COMBINATORY: 3
CutType.ZERO_HALF: 0
CutType.MIR: 44
CutType.RED_SPLIT_G: 0
CutType.GMI: 0
CutType.RESIDUAL_CAPACITY: 0
iteration 33
relaxation time 0.1181 seconds
CutType.COMBINATORY: 3
CutType.ZERO_HALF: 0
CutType.MIR: 41
CutType.RED_SPLIT_G: 0
CutType.GMI: 0
CutType.RESIDUAL_CAPACITY: 0
iteration 34
relaxation time 0.138 seconds
CutType.COMBINATORY: 0
CutType.ZERO_HALF: 0
CutType.MIR: 3
CutType.RED_SPLIT_G: 0
CutType.GMI: 0
CutType.RESIDUAL_CAPACITY: 0
iteration 35
relaxation time 0.0583 seconds
CutType.COMBINATORY: 0
CutType.ZERO_HALF: 0
CutType.MIR: 3
CutType.RED_SPLIT_G: 0
CutType.GMI: 0
CutType.RESIDUAL_CAPACITY: 0
iteration 36
relaxation time 0.0696 seconds
CutType.COMBINATORY: 0
CutType.ZERO_HALF: 0
CutType.MIR: 0
CutType.RED_SPLIT_G: 51
CutType.GMI: 0
CutType.RESIDUAL_CAPACITY: 0
iteration 37
relaxation time 0.1628 seconds
CutType.COMBINATORY: 3
CutType.ZERO_HALF: 0
CutType.MIR: 71
CutType.RED_SPLIT_G: 0
CutType.GMI: 0
CutType.RESIDUAL_CAPACITY: 0
iteration 38
relaxation time 0.1574 seconds
CutType.COMBINATORY: 2
CutType.ZERO_HALF: 0
CutType.MIR: 40
CutType.RED_SPLIT_G: 0
CutType.GMI: 0
CutType.RESIDUAL_CAPACITY: 0
iteration 1
relaxation time 0.7293 seconds
CutType.COMBINATORY: 2
CutType.LATWO_MIR: 0
CutType.RED_SPLIT: 0
CutType.GMI: 0
CutType.ZERO_HALF: 0
CutType.RED_SPLIT_G: 0
CutType.RESIDUAL_CAPACITY: 0
CutType.MIR: 748
CutType.LIFT_AND_PROJECT: 439
iteration 39
relaxation time 0.1428 seconds
CutType.COMBINATORY: 0
CutType.ZERO_HALF: 0
CutType.MIR: 0
CutType.RED_SPLIT_G: 50
CutType.GMI: 0
CutType.RESIDUAL_CAPACITY: 0
iteration 40
relaxation time 0.2475 seconds
CutType.COMBINATORY: 3
CutType.ZERO_HALF: 0
CutType.MIR: 89
CutType.RED_SPLIT_G: 0
CutType.GMI: 0
CutType.RESIDUAL_CAPACITY: 0
iteration 41
relaxation time 0.2033 seconds
CutType.COMBINATORY: 0
CutType.ZERO_HALF: 0
CutType.MIR: 8
CutType.RED_SPLIT_G: 0
CutType.GMI: 0
CutType.RESIDUAL_CAPACITY: 0
iteration 2
relaxation time 4.0499 seconds
CutType.COMBINATORY: 3
CutType.LATWO_MIR: 0
CutType.RED_SPLIT: 0
CutType.GMI: 0
CutType.ZERO_HALF: 0
CutType.RED_SPLIT_G: 0
CutType.RESIDUAL_CAPACITY: 0
CutType.MIR: 1045
CutType.LIFT_AND_PROJECT: 279
iteration 42
relaxation time 0.0762 seconds
CutType.COMBINATORY: 0
CutType.ZERO_HALF: 0
CutType.MIR: 0
CutType.RED_SPLIT_G: 25
CutType.GMI: 0
CutType.RESIDUAL_CAPACITY: 0
iteration 43
relaxation time 0.4322 seconds
CutType.COMBINATORY: 5
CutType.ZERO_HALF: 0
CutType.MIR: 47
CutType.RED_SPLIT_G: 0
CutType.GMI: 0
CutType.RESIDUAL_CAPACITY: 0
iteration 44
relaxation time 0.2596 seconds
CutType.COMBINATORY: 0
CutType.ZERO_HALF: 0
CutType.MIR: 7
CutType.RED_SPLIT_G: 0
CutType.GMI: 0
CutType.RESIDUAL_CAPACITY: 0
iteration 45
relaxation time 0.1137 seconds
CutType.COMBINATORY: 0
CutType.ZERO_HALF: 0
CutType.MIR: 0
CutType.RED_SPLIT_G: 28
CutType.GMI: 0
CutType.RESIDUAL_CAPACITY: 0
iteration 3
relaxation time 12.5984 seconds
CutType.COMBINATORY: 18
CutType.LATWO_MIR: 0
CutType.RED_SPLIT: 0
CutType.GMI: 0
CutType.ZERO_HALF: 0
CutType.RED_SPLIT_G: 0
CutType.RESIDUAL_CAPACITY: 0
CutType.MIR: 1093
CutType.LIFT_AND_PROJECT: 87
iteration 46
relaxation time 0.3337 seconds
CutType.COMBINATORY: 0
CutType.ZERO_HALF: 0
CutType.MIR: 0
CutType.RED_SPLIT_G: 20
CutType.GMI: 0
CutType.RESIDUAL_CAPACITY: 0
iteration 47
relaxation time 0.2812 seconds
CutType.COMBINATORY: 0
CutType.ZERO_HALF: 0
CutType.MIR: 0
CutType.RED_SPLIT_G: 19
CutType.GMI: 0
CutType.RESIDUAL_CAPACITY: 0
iteration 48
relaxation time 0.3529 seconds
CutType.COMBINATORY: 0
CutType.ZERO_HALF: 0
CutType.MIR: 17
CutType.RED_SPLIT_G: 0
CutType.GMI: 0
CutType.RESIDUAL_CAPACITY: 0
iteration 49
relaxation time 0.1346 seconds
CutType.COMBINATORY: 0
CutType.ZERO_HALF: 0
CutType.MIR: 16
CutType.RED_SPLIT_G: 0
CutType.GMI: 0
CutType.RESIDUAL_CAPACITY: 0
iteration 50
relaxation time 0.1068 seconds
CutType.COMBINATORY: 0
CutType.ZERO_HALF: 0
CutType.MIR: 11
CutType.RED_SPLIT_G: 0
CutType.GMI: 0
CutType.RESIDUAL_CAPACITY: 0
iteration 4
relaxation time 12.2928 seconds
CutType.COMBINATORY: 37
CutType.LATWO_MIR: 0
CutType.RED_SPLIT: 0
CutType.GMI: 0
CutType.ZERO_HALF: 0
CutType.RED_SPLIT_G: 0
CutType.RESIDUAL_CAPACITY: 0
CutType.MIR: 988
CutType.LIFT_AND_PROJECT: 56
iteration 51
relaxation time 0.0622 seconds
CutType.COMBINATORY: 0
CutType.ZERO_HALF: 0
CutType.MIR: 0
CutType.RED_SPLIT_G: 27
CutType.GMI: 0
CutType.RESIDUAL_CAPACITY: 0
iteration 52
relaxation time 0.2821 seconds
CutType.COMBINATORY: 0
CutType.ZERO_HALF: 0
CutType.MIR: 3
CutType.RED_SPLIT_G: 0
CutType.GMI: 0
CutType.RESIDUAL_CAPACITY: 0
iteration 5
relaxation time 17.2693 seconds
CutType.COMBINATORY: 59
CutType.LATWO_MIR: 0
CutType.RED_SPLIT: 0
CutType.GMI: 0
CutType.ZERO_HALF: 0
CutType.RED_SPLIT_G: 0
CutType.RESIDUAL_CAPACITY: 0
CutType.MIR: 742
CutType.LIFT_AND_PROJECT: 37
iteration 53
relaxation time 0.1118 seconds
CutType.COMBINATORY: 0
CutType.ZERO_HALF: 0
CutType.MIR: 0
CutType.RED_SPLIT_G: 31
CutType.GMI: 0
CutType.RESIDUAL_CAPACITY: 0
iteration 54
relaxation time 0.5309 seconds
CutType.COMBINATORY: 0
CutType.ZERO_HALF: 0
CutType.MIR: 31
CutType.RED_SPLIT_G: 0
CutType.GMI: 0
CutType.RESIDUAL_CAPACITY: 0
iteration 55
relaxation time 0.0966 seconds
CutType.COMBINATORY: 0
CutType.ZERO_HALF: 0
CutType.MIR: 1
CutType.RED_SPLIT_G: 0
CutType.GMI: 0
CutType.RESIDUAL_CAPACITY: 0
iteration 56
relaxation time 0.0832 seconds
CutType.COMBINATORY: 0
CutType.ZERO_HALF: 0
CutType.MIR: 0
CutType.RED_SPLIT_G: 20
CutType.GMI: 0
CutType.RESIDUAL_CAPACITY: 0
iteration 57
relaxation time 0.3331 seconds
CutType.COMBINATORY: 2
CutType.ZERO_HALF: 0
CutType.MIR: 32
CutType.RED_SPLIT_G: 0
CutType.GMI: 0
CutType.RESIDUAL_CAPACITY: 0
iteration 58
relaxation time 0.1637 seconds
CutType.COMBINATORY: 2
CutType.ZERO_HALF: 0
CutType.MIR: 0
CutType.RED_SPLIT_G: 0
CutType.GMI: 0
CutType.RESIDUAL_CAPACITY: 0
iteration 59
relaxation time 0.1475 seconds
CutType.COMBINATORY: 0
CutType.ZERO_HALF: 0
CutType.MIR: 55
CutType.RED_SPLIT_G: 0
CutType.GMI: 0
CutType.RESIDUAL_CAPACITY: 0
iteration 60
relaxation time 0.1438 seconds
CutType.COMBINATORY: 1
CutType.ZERO_HALF: 0
CutType.MIR: 45
CutType.RED_SPLIT_G: 0
CutType.GMI: 0
CutType.RESIDUAL_CAPACITY: 0
iteration 61
relaxation time 0.2506 seconds
CutType.COMBINATORY: 0
CutType.ZERO_HALF: 0
CutType.MIR: 5
CutType.RED_SPLIT_G: 0
CutType.GMI: 0
CutType.RESIDUAL_CAPACITY: 0
iteration 6
relaxation time 13.2502 seconds
CutType.COMBINATORY: 18
CutType.LATWO_MIR: 0
CutType.RED_SPLIT: 0
CutType.GMI: 0
CutType.ZERO_HALF: 0
CutType.RED_SPLIT_G: 0
CutType.RESIDUAL_CAPACITY: 0
CutType.MIR: 509
CutType.LIFT_AND_PROJECT: 35
iteration 62
relaxation time 0.1054 seconds
CutType.COMBINATORY: 0
CutType.ZERO_HALF: 0
CutType.MIR: 0
CutType.RED_SPLIT_G: 27
CutType.GMI: 0
CutType.RESIDUAL_CAPACITY: 0
iteration 63
relaxation time 0.5781 seconds
CutType.COMBINATORY: 0
CutType.ZERO_HALF: 0
CutType.MIR: 32
CutType.RED_SPLIT_G: 0
CutType.GMI: 0
CutType.RESIDUAL_CAPACITY: 0
iteration 64
relaxation time 0.1186 seconds
CutType.COMBINATORY: 1
CutType.ZERO_HALF: 0
CutType.MIR: 3
CutType.RED_SPLIT_G: 0
CutType.GMI: 0
CutType.RESIDUAL_CAPACITY: 0
iteration 65
relaxation time 0.1833 seconds
CutType.COMBINATORY: 0
CutType.ZERO_HALF: 0
CutType.MIR: 11
CutType.RED_SPLIT_G: 0
CutType.GMI: 0
CutType.RESIDUAL_CAPACITY: 0
iteration 66
relaxation time 0.1463 seconds
CutType.COMBINATORY: 0
CutType.ZERO_HALF: 0
CutType.MIR: 0
CutType.RED_SPLIT_G: 9
CutType.GMI: 0
CutType.RESIDUAL_CAPACITY: 0
iteration 67
relaxation time 0.5552 seconds
CutType.COMBINATORY: 0
CutType.ZERO_HALF: 0
CutType.MIR: 30
CutType.RED_SPLIT_G: 0
CutType.GMI: 0
CutType.RESIDUAL_CAPACITY: 0
iteration 7
relaxation time 15.963 seconds
CutType.COMBINATORY: 7
CutType.LATWO_MIR: 0
CutType.RED_SPLIT: 0
CutType.GMI: 0
CutType.ZERO_HALF: 0
CutType.RED_SPLIT_G: 0
CutType.RESIDUAL_CAPACITY: 0
CutType.MIR: 440
CutType.LIFT_AND_PROJECT: 30
iteration 68
relaxation time 0.1625 seconds
CutType.COMBINATORY: 0
CutType.ZERO_HALF: 0
CutType.MIR: 0
CutType.RED_SPLIT_G: 18
CutType.GMI: 0
CutType.RESIDUAL_CAPACITY: 0
iteration 69
relaxation time 0.3321 seconds
CutType.COMBINATORY: 0
CutType.ZERO_HALF: 0
CutType.MIR: 0
CutType.RED_SPLIT_G: 26
CutType.GMI: 0
CutType.RESIDUAL_CAPACITY: 0
iteration 70
relaxation time 0.6115 seconds
CutType.COMBINATORY: 3
CutType.ZERO_HALF: 0
CutType.MIR: 30
CutType.RED_SPLIT_G: 0
CutType.GMI: 0
CutType.RESIDUAL_CAPACITY: 0
iteration 71
relaxation time 0.1195 seconds
CutType.COMBINATORY: 0
CutType.ZERO_HALF: 0
CutType.MIR: 11
CutType.RED_SPLIT_G: 0
CutType.GMI: 0
CutType.RESIDUAL_CAPACITY: 0
iteration 72
relaxation time 0.1367 seconds
CutType.COMBINATORY: 0
CutType.ZERO_HALF: 0
CutType.MIR: 14
CutType.RED_SPLIT_G: 0
CutType.GMI: 0
CutType.RESIDUAL_CAPACITY: 0
iteration 8
relaxation time 15.5319 seconds
CutType.COMBINATORY: 12
CutType.LATWO_MIR: 0
CutType.RED_SPLIT: 0
CutType.GMI: 0
CutType.ZERO_HALF: 0
CutType.RED_SPLIT_G: 0
CutType.RESIDUAL_CAPACITY: 0
CutType.MIR: 382
CutType.LIFT_AND_PROJECT: 15
iteration 73
relaxation time 0.0996 seconds
CutType.COMBINATORY: 0
CutType.ZERO_HALF: 0
CutType.MIR: 0
CutType.RED_SPLIT_G: 43
CutType.GMI: 0
CutType.RESIDUAL_CAPACITY: 0
iteration 74
relaxation time 0.399 seconds
CutType.COMBINATORY: 1
CutType.ZERO_HALF: 0
CutType.MIR: 15
CutType.RED_SPLIT_G: 0
CutType.GMI: 0
CutType.RESIDUAL_CAPACITY: 0
iteration 75
relaxation time 0.1923 seconds
CutType.COMBINATORY: 0
CutType.ZERO_HALF: 0
CutType.MIR: 11
CutType.RED_SPLIT_G: 0
CutType.GMI: 0
CutType.RESIDUAL_CAPACITY: 0
iteration 76
relaxation time 0.1228 seconds
CutType.COMBINATORY: 0
CutType.ZERO_HALF: 0
CutType.MIR: 0
CutType.RED_SPLIT_G: 46
CutType.GMI: 0
CutType.RESIDUAL_CAPACITY: 0
iteration 77
relaxation time 1.2722 seconds
CutType.COMBINATORY: 0
CutType.ZERO_HALF: 0
CutType.MIR: 48
CutType.RED_SPLIT_G: 0
CutType.GMI: 0
CutType.RESIDUAL_CAPACITY: 0
iteration 78
relaxation time 0.3083 seconds
CutType.COMBINATORY: 1
CutType.ZERO_HALF: 0
CutType.MIR: 11
CutType.RED_SPLIT_G: 0
CutType.GMI: 0
CutType.RESIDUAL_CAPACITY: 0
iteration 79
relaxation time 0.5602 seconds
CutType.COMBINATORY: 0
CutType.ZERO_HALF: 0
CutType.MIR: 0
CutType.RED_SPLIT_G: 17
CutType.GMI: 0
CutType.RESIDUAL_CAPACITY: 0
iteration 80
relaxation time 1.5986 seconds
CutType.COMBINATORY: 0
CutType.ZERO_HALF: 0
CutType.MIR: 53
CutType.RED_SPLIT_G: 0
CutType.GMI: 0
CutType.RESIDUAL_CAPACITY: 0
iteration 81
relaxation time 0.6433 seconds
CutType.COMBINATORY: 1
CutType.ZERO_HALF: 0
CutType.MIR: 0
CutType.RED_SPLIT_G: 0
CutType.GMI: 0
CutType.RESIDUAL_CAPACITY: 0
iteration 82
relaxation time 0.1239 seconds
CutType.COMBINATORY: 0
CutType.ZERO_HALF: 0
CutType.MIR: 2
CutType.RED_SPLIT_G: 0
CutType.GMI: 0
CutType.RESIDUAL_CAPACITY: 0
iteration 83
relaxation time 0.128 seconds
CutType.COMBINATORY: 1
CutType.ZERO_HALF: 0
CutType.MIR: 0
CutType.RED_SPLIT_G: 0
CutType.GMI: 0
CutType.RESIDUAL_CAPACITY: 0
iteration 84
relaxation time 0.1744 seconds
CutType.COMBINATORY: 0
CutType.ZERO_HALF: 0
CutType.MIR: 0
CutType.RED_SPLIT_G: 14
CutType.GMI: 0
CutType.RESIDUAL_CAPACITY: 0
iteration 85
relaxation time 0.2521 seconds
CutType.COMBINATORY: 1
CutType.ZERO_HALF: 0
CutType.MIR: 0
CutType.RED_SPLIT_G: 0
CutType.GMI: 0
CutType.RESIDUAL_CAPACITY: 0
iteration 86
relaxation time 0.243 seconds
CutType.COMBINATORY: 0
CutType.ZERO_HALF: 0
CutType.MIR: 0
CutType.RED_SPLIT_G: 0
CutType.GMI: 3
CutType.RESIDUAL_CAPACITY: 0
iteration 87
relaxation time 0.1328 seconds
CutType.COMBINATORY: 1
CutType.ZERO_HALF: 0
CutType.MIR: 11
CutType.RED_SPLIT_G: 0
CutType.GMI: 0
CutType.RESIDUAL_CAPACITY: 0
iteration 88
relaxation time 0.1539 seconds
CutType.COMBINATORY: 0
CutType.ZERO_HALF: 0
CutType.MIR: 1
CutType.RED_SPLIT_G: 0
CutType.GMI: 0
CutType.RESIDUAL_CAPACITY: 0
iteration 89
relaxation time 0.1145 seconds
CutType.COMBINATORY: 0
CutType.ZERO_HALF: 0
CutType.MIR: 1
CutType.RED_SPLIT_G: 0
CutType.GMI: 0
CutType.RESIDUAL_CAPACITY: 0
iteration 90
relaxation time 0.1255 seconds
CutType.COMBINATORY: 0
CutType.ZERO_HALF: 0
CutType.MIR: 1
CutType.RED_SPLIT_G: 0
CutType.GMI: 0
CutType.RESIDUAL_CAPACITY: 0
iteration 91
relaxation time 0.1245 seconds
CutType.COMBINATORY: 0
CutType.ZERO_HALF: 0
CutType.MIR: 1
CutType.RED_SPLIT_G: 0
CutType.GMI: 0
CutType.RESIDUAL_CAPACITY: 0
iteration 92
relaxation time 0.1727 seconds
CutType.COMBINATORY: 0
CutType.ZERO_HALF: 0
CutType.MIR: 11
CutType.RED_SPLIT_G: 0
CutType.GMI: 0
CutType.RESIDUAL_CAPACITY: 0
iteration 93
relaxation time 0.1222 seconds
CutType.COMBINATORY: 0
CutType.ZERO_HALF: 0
CutType.MIR: 2
CutType.RED_SPLIT_G: 0
CutType.GMI: 0
CutType.RESIDUAL_CAPACITY: 0
iteration 94
relaxation time 0.1665 seconds
CutType.COMBINATORY: 0
CutType.ZERO_HALF: 0
CutType.MIR: 2
CutType.RED_SPLIT_G: 0
CutType.GMI: 0
CutType.RESIDUAL_CAPACITY: 0
iteration 95
relaxation time 0.1377 seconds
CutType.COMBINATORY: 0
CutType.ZERO_HALF: 0
CutType.MIR: 0
CutType.RED_SPLIT_G: 24
CutType.GMI: 0
CutType.RESIDUAL_CAPACITY: 0
iteration 96
relaxation time 0.2411 seconds
CutType.COMBINATORY: 0
CutType.ZERO_HALF: 0
CutType.MIR: 42
CutType.RED_SPLIT_G: 0
CutType.GMI: 0
CutType.RESIDUAL_CAPACITY: 0
iteration 97
relaxation time 0.2546 seconds
CutType.COMBINATORY: 0
CutType.ZERO_HALF: 0
CutType.MIR: 7
CutType.RED_SPLIT_G: 0
CutType.GMI: 0
CutType.RESIDUAL_CAPACITY: 0
iteration 98
relaxation time 0.1394 seconds
CutType.COMBINATORY: 0
CutType.ZERO_HALF: 0
CutType.MIR: 0
CutType.RED_SPLIT_G: 29
CutType.GMI: 0
CutType.RESIDUAL_CAPACITY: 0
iteration 99
relaxation time 0.385 seconds
CutType.COMBINATORY: 0
CutType.ZERO_HALF: 0
CutType.MIR: 14
CutType.RED_SPLIT_G: 0
CutType.GMI: 0
CutType.RESIDUAL_CAPACITY: 0
iteration 100
relaxation time 0.2038 seconds
CutType.COMBINATORY: 1
CutType.ZERO_HALF: 0
CutType.MIR: 10
CutType.RED_SPLIT_G: 0
CutType.GMI: 0
CutType.RESIDUAL_CAPACITY: 0
iteration 101
relaxation time 0.1981 seconds
CutType.COMBINATORY: 0
CutType.ZERO_HALF: 0
CutType.MIR: 10
CutType.RED_SPLIT_G: 0
CutType.GMI: 0
CutType.RESIDUAL_CAPACITY: 0
iteration 102
relaxation time 0.2737 seconds
CutType.COMBINATORY: 0
CutType.ZERO_HALF: 0
CutType.MIR: 17
CutType.RED_SPLIT_G: 0
CutType.GMI: 0
CutType.RESIDUAL_CAPACITY: 0
iteration 103
relaxation time 0.2513 seconds
CutType.COMBINATORY: 0
CutType.ZERO_HALF: 0
CutType.MIR: 2
CutType.RED_SPLIT_G: 0
CutType.GMI: 0
CutType.RESIDUAL_CAPACITY: 0
iteration 104
relaxation time 0.1835 seconds
CutType.COMBINATORY: 0
CutType.ZERO_HALF: 0
CutType.MIR: 2
CutType.RED_SPLIT_G: 0
CutType.GMI: 0
CutType.RESIDUAL_CAPACITY: 0
iteration 105
relaxation time 0.1768 seconds
CutType.COMBINATORY: 0
CutType.ZERO_HALF: 0
CutType.MIR: 2
CutType.RED_SPLIT_G: 0
CutType.GMI: 0
CutType.RESIDUAL_CAPACITY: 0
iteration 106
relaxation time 0.1763 seconds
CutType.COMBINATORY: 0
CutType.ZERO_HALF: 0
CutType.MIR: 0
CutType.RED_SPLIT_G: 4
CutType.GMI: 0
CutType.RESIDUAL_CAPACITY: 0
iteration 107
relaxation time 0.2973 seconds
CutType.COMBINATORY: 0
CutType.ZERO_HALF: 0
CutType.MIR: 0
CutType.RED_SPLIT_G: 5
CutType.GMI: 0
CutType.RESIDUAL_CAPACITY: 0
iteration 108
relaxation time 0.2059 seconds
CutType.COMBINATORY: 0
CutType.ZERO_HALF: 0
CutType.MIR: 4
CutType.RED_SPLIT_G: 0
CutType.GMI: 0
CutType.RESIDUAL_CAPACITY: 0
iteration 109
relaxation time 0.1208 seconds
CutType.COMBINATORY: 0
CutType.ZERO_HALF: 0
CutType.MIR: 0
CutType.RED_SPLIT_G: 0
CutType.GMI: 4
CutType.RESIDUAL_CAPACITY: 0
iteration 110
relaxation time 0.2594 seconds
CutType.COMBINATORY: 0
CutType.ZERO_HALF: 0
CutType.MIR: 7
CutType.RED_SPLIT_G: 0
CutType.GMI: 0
CutType.RESIDUAL_CAPACITY: 0
iteration 111
relaxation time 0.1445 seconds
CutType.COMBINATORY: 0
CutType.ZERO_HALF: 0
CutType.MIR: 0
CutType.RED_SPLIT_G: 0
CutType.GMI: 4
CutType.RESIDUAL_CAPACITY: 0
iteration 112
relaxation time 0.2748 seconds
CutType.COMBINATORY: 0
CutType.ZERO_HALF: 0
CutType.MIR: 0
CutType.RED_SPLIT_G: 28
CutType.GMI: 0
CutType.RESIDUAL_CAPACITY: 0
iteration 113
relaxation time 1.0563 seconds
CutType.COMBINATORY: 0
CutType.ZERO_HALF: 0
CutType.MIR: 0
CutType.RED_SPLIT_G: 69
CutType.GMI: 0
CutType.RESIDUAL_CAPACITY: 0
iteration 114
relaxation time 0.8397 seconds
CutType.COMBINATORY: 0
CutType.ZERO_HALF: 0
CutType.MIR: 1
CutType.RED_SPLIT_G: 0
CutType.GMI: 0
CutType.RESIDUAL_CAPACITY: 0
iteration 115
relaxation time 0.4288 seconds
CutType.COMBINATORY: 0
CutType.ZERO_HALF: 0
CutType.MIR: 0
CutType.RED_SPLIT_G: 13
CutType.GMI: 0
CutType.RESIDUAL_CAPACITY: 0
iteration 116
relaxation time 0.7787 seconds
CutType.COMBINATORY: 0
CutType.ZERO_HALF: 0
CutType.MIR: 0
CutType.RED_SPLIT_G: 0
CutType.GMI: 1
CutType.RESIDUAL_CAPACITY: 0
iteration 117
relaxation time 0.2986 seconds
CutType.COMBINATORY: 0
CutType.ZERO_HALF: 0
CutType.MIR: 2
CutType.RED_SPLIT_G: 0
CutType.GMI: 0
CutType.RESIDUAL_CAPACITY: 0
iteration 118
relaxation time 0.1841 seconds
CutType.COMBINATORY: 0
CutType.ZERO_HALF: 0
CutType.MIR: 0
CutType.RED_SPLIT_G: 14
CutType.GMI: 0
CutType.RESIDUAL_CAPACITY: 0
iteration 119
relaxation time 1.0817 seconds
CutType.COMBINATORY: 0
CutType.ZERO_HALF: 0
CutType.MIR: 0
CutType.RED_SPLIT_G: 5
CutType.GMI: 0
CutType.RESIDUAL_CAPACITY: 0
iteration 120
relaxation time 0.4079 seconds
CutType.COMBINATORY: 0
CutType.ZERO_HALF: 0
CutType.MIR: 0
CutType.RED_SPLIT_G: 3
CutType.GMI: 0
CutType.RESIDUAL_CAPACITY: 0
iteration 121
relaxation time 0.5918 seconds
CutType.COMBINATORY: 0
CutType.ZERO_HALF: 0
CutType.MIR: 5
CutType.RED_SPLIT_G: 0
CutType.GMI: 0
CutType.RESIDUAL_CAPACITY: 0
iteration 122
relaxation time 0.4741 seconds
CutType.COMBINATORY: 0
CutType.ZERO_HALF: 0
CutType.MIR: 0
CutType.RED_SPLIT_G: 1
CutType.GMI: 0
CutType.RESIDUAL_CAPACITY: 0
iteration 123
relaxation time 0.2372 seconds
CutType.COMBINATORY: 0
CutType.ZERO_HALF: 0
CutType.MIR: 0
CutType.RED_SPLIT_G: 6
CutType.GMI: 0
CutType.RESIDUAL_CAPACITY: 0
iteration 124
relaxation time 0.8619 seconds
CutType.COMBINATORY: 0
CutType.ZERO_HALF: 0
CutType.MIR: 0
CutType.RED_SPLIT_G: 1
CutType.GMI: 0
CutType.RESIDUAL_CAPACITY: 0
iteration 125
relaxation time 0.3026 seconds
CutType.COMBINATORY: 0
CutType.ZERO_HALF: 0
CutType.MIR: 0
CutType.RED_SPLIT_G: 0
CutType.GMI: 0
CutType.RESIDUAL_CAPACITY: 0
len dataset: 4669
test_ok: 4669
test_false: 0
