Combinatory set: [<CutType.ODD_WHEEL: 13>, <CutType.KNAPSACK_COVER: 14>]
Non-Combinatory set: [<CutType.TWO_MIR: 7>, <CutType.LATWO_MIR: 8>, <CutType.GOMORY: 1>, <CutType.RED_SPLIT: 3>]
iteration 0
relaxation time 1.5399 seconds
CutType.COMBINATORY: 0
CutType.TWO_MIR: 0
CutType.LATWO_MIR: 0
CutType.GOMORY: 28
CutType.RED_SPLIT: 0
iteration 1
relaxation time 2.16 seconds
CutType.COMBINATORY: 0
CutType.TWO_MIR: 0
CutType.LATWO_MIR: 0
CutType.GOMORY: 0
CutType.RED_SPLIT: 6
iteration 2
relaxation time 2.3156 seconds
CutType.COMBINATORY: 0
CutType.TWO_MIR: 0
CutType.LATWO_MIR: 0
CutType.GOMORY: 0
CutType.RED_SPLIT: 0
len dataset: 34
test_ok: 34
test_false: 0
Combinatory set: [<CutType.ODD_WHEEL: 13>]
Non-Combinatory set: [<CutType.LIFT_AND_PROJECT: 9>, <CutType.FLOW_COVER: 5>, <CutType.MIR: 6>, <CutType.RESIDUAL_CAPACITY: 10>]
iteration 0
relaxation time 2.8784 seconds
CutType.COMBINATORY: 0
CutType.LIFT_AND_PROJECT: 72
CutType.FLOW_COVER: 0
CutType.MIR: 28
CutType.RESIDUAL_CAPACITY: 4
iteration 1
relaxation time 34.3476 seconds
CutType.COMBINATORY: 0
CutType.LIFT_AND_PROJECT: 26
CutType.FLOW_COVER: 0
CutType.MIR: 13
CutType.RESIDUAL_CAPACITY: 0
iteration 2
relaxation time 69.8874 seconds
CutType.COMBINATORY: 2
CutType.LIFT_AND_PROJECT: 28
CutType.FLOW_COVER: 0
CutType.MIR: 8
CutType.RESIDUAL_CAPACITY: 0
iteration 3
relaxation time 75.3278 seconds
CutType.COMBINATORY: 0
CutType.LIFT_AND_PROJECT: 23
CutType.FLOW_COVER: 0
CutType.MIR: 5
CutType.RESIDUAL_CAPACITY: 0
iteration 4
relaxation time 84.3837 seconds
CutType.COMBINATORY: 0
CutType.LIFT_AND_PROJECT: 18
CutType.FLOW_COVER: 0
CutType.MIR: 10
CutType.RESIDUAL_CAPACITY: 0
iteration 5
relaxation time 49.2038 seconds
CutType.COMBINATORY: 4
CutType.LIFT_AND_PROJECT: 16
CutType.FLOW_COVER: 0
CutType.MIR: 5
CutType.RESIDUAL_CAPACITY: 0
Combinatory set: [<CutType.PROBING: 0>, <CutType.KNAPSACK_COVER: 14>, <CutType.ODD_WHEEL: 13>]
Non-Combinatory set: [<CutType.TWO_MIR: 7>, <CutType.RED_SPLIT: 3>, <CutType.RED_SPLIT_G: 4>, <CutType.ZERO_HALF: 11>, <CutType.LATWO_MIR: 8>, <CutType.MIR: 6>, <CutType.FLOW_COVER: 5>, <CutType.GMI: 2>, <CutType.RESIDUAL_CAPACITY: 10>, <CutType.GOMORY: 1>]
iteration 0
relaxation time 3.2027 seconds
CutType.COMBINATORY: 185
CutType.TWO_MIR: 0
CutType.RED_SPLIT: 0
CutType.RED_SPLIT_G: 0
CutType.ZERO_HALF: 0
CutType.LATWO_MIR: 0
CutType.MIR: 71
CutType.FLOW_COVER: 0
CutType.GMI: 0
CutType.RESIDUAL_CAPACITY: 0
CutType.GOMORY: 28
iteration 1
relaxation time 12.8263 seconds
CutType.COMBINATORY: 172
CutType.TWO_MIR: 0
CutType.RED_SPLIT: 0
CutType.RED_SPLIT_G: 0
CutType.ZERO_HALF: 0
CutType.LATWO_MIR: 0
CutType.MIR: 24
CutType.FLOW_COVER: 0
CutType.GMI: 0
CutType.RESIDUAL_CAPACITY: 0
CutType.GOMORY: 0
iteration 2
relaxation time 16.6838 seconds
CutType.COMBINATORY: 105
CutType.TWO_MIR: 0
CutType.RED_SPLIT: 0
CutType.RED_SPLIT_G: 0
CutType.ZERO_HALF: 0
CutType.LATWO_MIR: 0
CutType.MIR: 13
CutType.FLOW_COVER: 0
CutType.GMI: 0
CutType.RESIDUAL_CAPACITY: 0
CutType.GOMORY: 0
iteration 3
relaxation time 8.4601 seconds
CutType.COMBINATORY: 79
CutType.TWO_MIR: 0
CutType.RED_SPLIT: 0
CutType.RED_SPLIT_G: 0
CutType.ZERO_HALF: 0
CutType.LATWO_MIR: 0
CutType.MIR: 7
CutType.FLOW_COVER: 0
CutType.GMI: 0
CutType.RESIDUAL_CAPACITY: 0
CutType.GOMORY: 0
iteration 4
relaxation time 8.9267 seconds
CutType.COMBINATORY: 64
CutType.TWO_MIR: 0
CutType.RED_SPLIT: 0
CutType.RED_SPLIT_G: 0
CutType.ZERO_HALF: 0
CutType.LATWO_MIR: 0
CutType.MIR: 4
CutType.FLOW_COVER: 0
CutType.GMI: 0
CutType.RESIDUAL_CAPACITY: 0
CutType.GOMORY: 0
iteration 5
relaxation time 3.5932 seconds
CutType.COMBINATORY: 33
CutType.TWO_MIR: 0
CutType.RED_SPLIT: 0
CutType.RED_SPLIT_G: 0
CutType.ZERO_HALF: 0
CutType.LATWO_MIR: 0
CutType.MIR: 6
CutType.FLOW_COVER: 0
CutType.GMI: 0
CutType.RESIDUAL_CAPACITY: 0
CutType.GOMORY: 0
iteration 6
relaxation time 2.1646 seconds
CutType.COMBINATORY: 3
CutType.TWO_MIR: 0
CutType.RED_SPLIT: 0
CutType.RED_SPLIT_G: 0
CutType.ZERO_HALF: 0
CutType.LATWO_MIR: 0
CutType.MIR: 0
CutType.FLOW_COVER: 0
CutType.GMI: 0
CutType.RESIDUAL_CAPACITY: 0
CutType.GOMORY: 0
iteration 7
relaxation time 0.3428 seconds
CutType.COMBINATORY: 0
CutType.TWO_MIR: 0
CutType.RED_SPLIT: 3
CutType.RED_SPLIT_G: 0
CutType.ZERO_HALF: 0
CutType.LATWO_MIR: 0
CutType.MIR: 1
CutType.FLOW_COVER: 0
CutType.GMI: 0
CutType.RESIDUAL_CAPACITY: 0
CutType.GOMORY: 0
iteration 8
relaxation time 7.7379 seconds
CutType.COMBINATORY: 1
CutType.TWO_MIR: 0
CutType.RED_SPLIT: 0
CutType.RED_SPLIT_G: 0
CutType.ZERO_HALF: 0
CutType.LATWO_MIR: 0
CutType.MIR: 0
CutType.FLOW_COVER: 0
CutType.GMI: 0
CutType.RESIDUAL_CAPACITY: 0
CutType.GOMORY: 0
iteration 9
relaxation time 0.9338 seconds
CutType.COMBINATORY: 1
CutType.TWO_MIR: 0
CutType.RED_SPLIT: 0
CutType.RED_SPLIT_G: 0
CutType.ZERO_HALF: 0
CutType.LATWO_MIR: 0
CutType.MIR: 0
CutType.FLOW_COVER: 0
CutType.GMI: 0
CutType.RESIDUAL_CAPACITY: 0
CutType.GOMORY: 0
iteration 10
relaxation time 1.6593 seconds
CutType.COMBINATORY: 2
CutType.TWO_MIR: 0
CutType.RED_SPLIT: 0
CutType.RED_SPLIT_G: 0
CutType.ZERO_HALF: 0
CutType.LATWO_MIR: 0
CutType.MIR: 2
CutType.FLOW_COVER: 0
CutType.GMI: 0
CutType.RESIDUAL_CAPACITY: 0
CutType.GOMORY: 0
iteration 11
relaxation time 0.5586 seconds
CutType.COMBINATORY: 1
CutType.TWO_MIR: 0
CutType.RED_SPLIT: 0
CutType.RED_SPLIT_G: 0
CutType.ZERO_HALF: 0
CutType.LATWO_MIR: 0
CutType.MIR: 0
CutType.FLOW_COVER: 0
CutType.GMI: 0
CutType.RESIDUAL_CAPACITY: 0
CutType.GOMORY: 0
iteration 12
relaxation time 0.2985 seconds
CutType.COMBINATORY: 0
CutType.TWO_MIR: 0
CutType.RED_SPLIT: 5
CutType.RED_SPLIT_G: 0
CutType.ZERO_HALF: 0
CutType.LATWO_MIR: 0
CutType.MIR: 0
CutType.FLOW_COVER: 0
CutType.GMI: 0
CutType.RESIDUAL_CAPACITY: 0
CutType.GOMORY: 0
iteration 13
relaxation time 7.9204 seconds
CutType.COMBINATORY: 16
CutType.TWO_MIR: 0
CutType.RED_SPLIT: 0
CutType.RED_SPLIT_G: 0
CutType.ZERO_HALF: 0
CutType.LATWO_MIR: 0
CutType.MIR: 2
CutType.FLOW_COVER: 0
CutType.GMI: 0
CutType.RESIDUAL_CAPACITY: 0
CutType.GOMORY: 0
iteration 14
relaxation time 1.4253 seconds
CutType.COMBINATORY: 7
CutType.TWO_MIR: 0
CutType.RED_SPLIT: 0
CutType.RED_SPLIT_G: 0
CutType.ZERO_HALF: 0
CutType.LATWO_MIR: 0
CutType.MIR: 1
CutType.FLOW_COVER: 0
CutType.GMI: 0
CutType.RESIDUAL_CAPACITY: 0
CutType.GOMORY: 0
iteration 15
relaxation time 0.5027 seconds
CutType.COMBINATORY: 2
CutType.TWO_MIR: 0
CutType.RED_SPLIT: 0
CutType.RED_SPLIT_G: 0
CutType.ZERO_HALF: 0
CutType.LATWO_MIR: 0
CutType.MIR: 0
CutType.FLOW_COVER: 0
CutType.GMI: 0
CutType.RESIDUAL_CAPACITY: 0
CutType.GOMORY: 0
iteration 16
relaxation time 0.2425 seconds
CutType.COMBINATORY: 0
CutType.TWO_MIR: 0
CutType.RED_SPLIT: 4
CutType.RED_SPLIT_G: 0
CutType.ZERO_HALF: 0
CutType.LATWO_MIR: 0
CutType.MIR: 0
CutType.FLOW_COVER: 0
CutType.GMI: 0
CutType.RESIDUAL_CAPACITY: 0
CutType.GOMORY: 0
iteration 17
relaxation time 16.9842 seconds
CutType.COMBINATORY: 27
CutType.TWO_MIR: 0
CutType.RED_SPLIT: 0
CutType.RED_SPLIT_G: 0
CutType.ZERO_HALF: 0
CutType.LATWO_MIR: 0
CutType.MIR: 1
CutType.FLOW_COVER: 0
CutType.GMI: 0
CutType.RESIDUAL_CAPACITY: 0
CutType.GOMORY: 0
iteration 18
relaxation time 0.9175 seconds
CutType.COMBINATORY: 2
CutType.TWO_MIR: 0
CutType.RED_SPLIT: 0
CutType.RED_SPLIT_G: 0
CutType.ZERO_HALF: 0
CutType.LATWO_MIR: 0
CutType.MIR: 0
CutType.FLOW_COVER: 0
CutType.GMI: 0
CutType.RESIDUAL_CAPACITY: 0
CutType.GOMORY: 0
iteration 19
relaxation time 1.7333 seconds
CutType.COMBINATORY: 3
CutType.TWO_MIR: 0
CutType.RED_SPLIT: 0
CutType.RED_SPLIT_G: 0
CutType.ZERO_HALF: 0
CutType.LATWO_MIR: 0
CutType.MIR: 0
CutType.FLOW_COVER: 0
CutType.GMI: 0
CutType.RESIDUAL_CAPACITY: 0
CutType.GOMORY: 0
iteration 6
relaxation time 77.7573 seconds
CutType.COMBINATORY: 4
CutType.LIFT_AND_PROJECT: 3
CutType.FLOW_COVER: 0
CutType.MIR: 3
CutType.RESIDUAL_CAPACITY: 0
iteration 20
relaxation time 0.6563 seconds
CutType.COMBINATORY: 0
CutType.TWO_MIR: 0
CutType.RED_SPLIT: 7
CutType.RED_SPLIT_G: 0
CutType.ZERO_HALF: 0
CutType.LATWO_MIR: 0
CutType.MIR: 1
CutType.FLOW_COVER: 0
CutType.GMI: 0
CutType.RESIDUAL_CAPACITY: 0
CutType.GOMORY: 0
iteration 21
relaxation time 13.9136 seconds
CutType.COMBINATORY: 0
CutType.TWO_MIR: 0
CutType.RED_SPLIT: 7
CutType.RED_SPLIT_G: 0
CutType.ZERO_HALF: 0
CutType.LATWO_MIR: 0
CutType.MIR: 1
CutType.FLOW_COVER: 0
CutType.GMI: 0
CutType.RESIDUAL_CAPACITY: 0
CutType.GOMORY: 0
iteration 22
relaxation time 18.2401 seconds
CutType.COMBINATORY: 1
CutType.TWO_MIR: 0
CutType.RED_SPLIT: 0
CutType.RED_SPLIT_G: 0
CutType.ZERO_HALF: 0
CutType.LATWO_MIR: 0
CutType.MIR: 0
CutType.FLOW_COVER: 0
CutType.GMI: 0
CutType.RESIDUAL_CAPACITY: 0
CutType.GOMORY: 0
iteration 23
relaxation time 4.9358 seconds
CutType.COMBINATORY: 8
CutType.TWO_MIR: 0
CutType.RED_SPLIT: 0
CutType.RED_SPLIT_G: 0
CutType.ZERO_HALF: 0
CutType.LATWO_MIR: 0
CutType.MIR: 1
CutType.FLOW_COVER: 0
CutType.GMI: 0
CutType.RESIDUAL_CAPACITY: 0
CutType.GOMORY: 0
iteration 24
relaxation time 5.798 seconds
CutType.COMBINATORY: 0
CutType.TWO_MIR: 0
CutType.RED_SPLIT: 4
CutType.RED_SPLIT_G: 0
CutType.ZERO_HALF: 0
CutType.LATWO_MIR: 0
CutType.MIR: 0
CutType.FLOW_COVER: 0
CutType.GMI: 0
CutType.RESIDUAL_CAPACITY: 0
CutType.GOMORY: 0
iteration 25
relaxation time 13.1389 seconds
CutType.COMBINATORY: 1
CutType.TWO_MIR: 0
CutType.RED_SPLIT: 0
CutType.RED_SPLIT_G: 0
CutType.ZERO_HALF: 0
CutType.LATWO_MIR: 0
CutType.MIR: 0
CutType.FLOW_COVER: 0
CutType.GMI: 0
CutType.RESIDUAL_CAPACITY: 0
CutType.GOMORY: 0
iteration 26
relaxation time 0.6406 seconds
CutType.COMBINATORY: 0
CutType.TWO_MIR: 0
CutType.RED_SPLIT: 4
CutType.RED_SPLIT_G: 0
CutType.ZERO_HALF: 0
CutType.LATWO_MIR: 0
CutType.MIR: 0
CutType.FLOW_COVER: 0
CutType.GMI: 0
CutType.RESIDUAL_CAPACITY: 0
CutType.GOMORY: 0
iteration 27
relaxation time 7.3664 seconds
CutType.COMBINATORY: 4
CutType.TWO_MIR: 0
CutType.RED_SPLIT: 0
CutType.RED_SPLIT_G: 0
CutType.ZERO_HALF: 0
CutType.LATWO_MIR: 0
CutType.MIR: 0
CutType.FLOW_COVER: 0
CutType.GMI: 0
CutType.RESIDUAL_CAPACITY: 0
CutType.GOMORY: 0
iteration 28
relaxation time 0.6222 seconds
CutType.COMBINATORY: 3
CutType.TWO_MIR: 0
CutType.RED_SPLIT: 0
CutType.RED_SPLIT_G: 0
CutType.ZERO_HALF: 0
CutType.LATWO_MIR: 0
CutType.MIR: 0
CutType.FLOW_COVER: 0
CutType.GMI: 0
CutType.RESIDUAL_CAPACITY: 0
CutType.GOMORY: 0
iteration 29
relaxation time 0.6051 seconds
CutType.COMBINATORY: 0
CutType.TWO_MIR: 0
CutType.RED_SPLIT: 3
CutType.RED_SPLIT_G: 0
CutType.ZERO_HALF: 0
CutType.LATWO_MIR: 0
CutType.MIR: 0
CutType.FLOW_COVER: 0
CutType.GMI: 0
CutType.RESIDUAL_CAPACITY: 0
CutType.GOMORY: 0
iteration 30
relaxation time 22.7312 seconds
CutType.COMBINATORY: 0
CutType.TWO_MIR: 0
CutType.RED_SPLIT: 2
CutType.RED_SPLIT_G: 0
CutType.ZERO_HALF: 0
CutType.LATWO_MIR: 0
CutType.MIR: 0
CutType.FLOW_COVER: 0
CutType.GMI: 0
CutType.RESIDUAL_CAPACITY: 0
CutType.GOMORY: 0
iteration 31
relaxation time 39.9411 seconds
CutType.COMBINATORY: 1
CutType.TWO_MIR: 0
CutType.RED_SPLIT: 0
CutType.RED_SPLIT_G: 0
CutType.ZERO_HALF: 0
CutType.LATWO_MIR: 0
CutType.MIR: 0
CutType.FLOW_COVER: 0
CutType.GMI: 0
CutType.RESIDUAL_CAPACITY: 0
CutType.GOMORY: 0
iteration 32
relaxation time 1.2613 seconds
CutType.COMBINATORY: 1
CutType.TWO_MIR: 0
CutType.RED_SPLIT: 0
CutType.RED_SPLIT_G: 0
CutType.ZERO_HALF: 0
CutType.LATWO_MIR: 0
CutType.MIR: 0
CutType.FLOW_COVER: 0
CutType.GMI: 0
CutType.RESIDUAL_CAPACITY: 0
CutType.GOMORY: 0
iteration 33
relaxation time 0.6981 seconds
CutType.COMBINATORY: 0
CutType.TWO_MIR: 0
CutType.RED_SPLIT: 5
CutType.RED_SPLIT_G: 0
CutType.ZERO_HALF: 0
CutType.LATWO_MIR: 0
CutType.MIR: 0
CutType.FLOW_COVER: 0
CutType.GMI: 0
CutType.RESIDUAL_CAPACITY: 0
CutType.GOMORY: 0
iteration 34
relaxation time 36.8817 seconds
CutType.COMBINATORY: 3
CutType.TWO_MIR: 0
CutType.RED_SPLIT: 0
CutType.RED_SPLIT_G: 0
CutType.ZERO_HALF: 0
CutType.LATWO_MIR: 0
CutType.MIR: 2
CutType.FLOW_COVER: 0
CutType.GMI: 0
CutType.RESIDUAL_CAPACITY: 0
CutType.GOMORY: 0
iteration 35
relaxation time 9.1422 seconds
CutType.COMBINATORY: 9
CutType.TWO_MIR: 0
CutType.RED_SPLIT: 0
CutType.RED_SPLIT_G: 0
CutType.ZERO_HALF: 0
CutType.LATWO_MIR: 0
CutType.MIR: 6
CutType.FLOW_COVER: 0
CutType.GMI: 0
CutType.RESIDUAL_CAPACITY: 0
CutType.GOMORY: 0
iteration 7
relaxation time 74.4935 seconds
CutType.COMBINATORY: 1
CutType.LIFT_AND_PROJECT: 10
CutType.FLOW_COVER: 0
CutType.MIR: 1
CutType.RESIDUAL_CAPACITY: 0
iteration 36
relaxation time 12.7923 seconds
CutType.COMBINATORY: 4
CutType.TWO_MIR: 0
CutType.RED_SPLIT: 0
CutType.RED_SPLIT_G: 0
CutType.ZERO_HALF: 0
CutType.LATWO_MIR: 0
CutType.MIR: 1
CutType.FLOW_COVER: 0
CutType.GMI: 0
CutType.RESIDUAL_CAPACITY: 0
CutType.GOMORY: 0
iteration 37
relaxation time 0.7984 seconds
CutType.COMBINATORY: 2
CutType.TWO_MIR: 0
CutType.RED_SPLIT: 0
CutType.RED_SPLIT_G: 0
CutType.ZERO_HALF: 0
CutType.LATWO_MIR: 0
CutType.MIR: 0
CutType.FLOW_COVER: 0
CutType.GMI: 0
CutType.RESIDUAL_CAPACITY: 0
CutType.GOMORY: 0
iteration 38
relaxation time 0.4892 seconds
CutType.COMBINATORY: 0
CutType.TWO_MIR: 0
CutType.RED_SPLIT: 5
CutType.RED_SPLIT_G: 0
CutType.ZERO_HALF: 0
CutType.LATWO_MIR: 0
CutType.MIR: 0
CutType.FLOW_COVER: 0
CutType.GMI: 0
CutType.RESIDUAL_CAPACITY: 0
CutType.GOMORY: 0
iteration 39
relaxation time 34.6009 seconds
CutType.COMBINATORY: 0
CutType.TWO_MIR: 0
CutType.RED_SPLIT: 4
CutType.RED_SPLIT_G: 0
CutType.ZERO_HALF: 0
CutType.LATWO_MIR: 0
CutType.MIR: 0
CutType.FLOW_COVER: 0
CutType.GMI: 0
CutType.RESIDUAL_CAPACITY: 0
CutType.GOMORY: 0
iteration 40
relaxation time 16.8645 seconds
CutType.COMBINATORY: 4
CutType.TWO_MIR: 0
CutType.RED_SPLIT: 0
CutType.RED_SPLIT_G: 0
CutType.ZERO_HALF: 0
CutType.LATWO_MIR: 0
CutType.MIR: 3
CutType.FLOW_COVER: 0
CutType.GMI: 0
CutType.RESIDUAL_CAPACITY: 0
CutType.GOMORY: 0
iteration 41
relaxation time 4.8758 seconds
CutType.COMBINATORY: 1
CutType.TWO_MIR: 0
CutType.RED_SPLIT: 0
CutType.RED_SPLIT_G: 0
CutType.ZERO_HALF: 0
CutType.LATWO_MIR: 0
CutType.MIR: 0
CutType.FLOW_COVER: 0
CutType.GMI: 0
CutType.RESIDUAL_CAPACITY: 0
CutType.GOMORY: 0
iteration 42
relaxation time 0.6322 seconds
CutType.COMBINATORY: 0
CutType.TWO_MIR: 0
CutType.RED_SPLIT: 8
CutType.RED_SPLIT_G: 0
CutType.ZERO_HALF: 0
CutType.LATWO_MIR: 0
CutType.MIR: 0
CutType.FLOW_COVER: 0
CutType.GMI: 0
CutType.RESIDUAL_CAPACITY: 0
CutType.GOMORY: 0
iteration 43
relaxation time 40.0231 seconds
CutType.COMBINATORY: 2
CutType.TWO_MIR: 0
CutType.RED_SPLIT: 0
CutType.RED_SPLIT_G: 0
CutType.ZERO_HALF: 0
CutType.LATWO_MIR: 0
CutType.MIR: 0
CutType.FLOW_COVER: 0
CutType.GMI: 0
CutType.RESIDUAL_CAPACITY: 0
CutType.GOMORY: 0
iteration 44
relaxation time 4.9515 seconds
CutType.COMBINATORY: 0
CutType.TWO_MIR: 0
CutType.RED_SPLIT: 4
CutType.RED_SPLIT_G: 0
CutType.ZERO_HALF: 0
CutType.LATWO_MIR: 0
CutType.MIR: 0
CutType.FLOW_COVER: 0
CutType.GMI: 0
CutType.RESIDUAL_CAPACITY: 0
CutType.GOMORY: 0
iteration 45
relaxation time 56.6935 seconds
CutType.COMBINATORY: 1
CutType.TWO_MIR: 0
CutType.RED_SPLIT: 0
CutType.RED_SPLIT_G: 0
CutType.ZERO_HALF: 0
CutType.LATWO_MIR: 0
CutType.MIR: 0
CutType.FLOW_COVER: 0
CutType.GMI: 0
CutType.RESIDUAL_CAPACITY: 0
CutType.GOMORY: 0
iteration 46
relaxation time 9.4331 seconds
CutType.COMBINATORY: 0
CutType.TWO_MIR: 0
CutType.RED_SPLIT: 3
CutType.RED_SPLIT_G: 0
CutType.ZERO_HALF: 0
CutType.LATWO_MIR: 0
CutType.MIR: 0
CutType.FLOW_COVER: 0
CutType.GMI: 0
CutType.RESIDUAL_CAPACITY: 0
CutType.GOMORY: 0
iteration 8
relaxation time 98.9362 seconds
CutType.COMBINATORY: 6
CutType.LIFT_AND_PROJECT: 15
CutType.FLOW_COVER: 0
CutType.MIR: 12
CutType.RESIDUAL_CAPACITY: 0
iteration 47
relaxation time 59.3985 seconds
CutType.COMBINATORY: 0
CutType.TWO_MIR: 0
CutType.RED_SPLIT: 6
CutType.RED_SPLIT_G: 0
CutType.ZERO_HALF: 0
CutType.LATWO_MIR: 0
CutType.MIR: 0
CutType.FLOW_COVER: 0
CutType.GMI: 0
CutType.RESIDUAL_CAPACITY: 0
CutType.GOMORY: 0
iteration 48
relaxation time 43.7402 seconds
CutType.COMBINATORY: 0
CutType.TWO_MIR: 0
CutType.RED_SPLIT: 8
CutType.RED_SPLIT_G: 0
CutType.ZERO_HALF: 0
CutType.LATWO_MIR: 0
CutType.MIR: 0
CutType.FLOW_COVER: 0
CutType.GMI: 0
CutType.RESIDUAL_CAPACITY: 0
CutType.GOMORY: 0
iteration 49
relaxation time 71.9956 seconds
CutType.COMBINATORY: 14
CutType.TWO_MIR: 0
CutType.RED_SPLIT: 0
CutType.RED_SPLIT_G: 0
CutType.ZERO_HALF: 0
CutType.LATWO_MIR: 0
CutType.MIR: 2
CutType.FLOW_COVER: 0
CutType.GMI: 0
CutType.RESIDUAL_CAPACITY: 0
CutType.GOMORY: 0
iteration 50
relaxation time 14.7207 seconds
CutType.COMBINATORY: 5
CutType.TWO_MIR: 0
CutType.RED_SPLIT: 0
CutType.RED_SPLIT_G: 0
CutType.ZERO_HALF: 0
CutType.LATWO_MIR: 0
CutType.MIR: 0
CutType.FLOW_COVER: 0
CutType.GMI: 0
CutType.RESIDUAL_CAPACITY: 0
CutType.GOMORY: 0
iteration 51
relaxation time 5.5411 seconds
CutType.COMBINATORY: 2
CutType.TWO_MIR: 0
CutType.RED_SPLIT: 0
CutType.RED_SPLIT_G: 0
CutType.ZERO_HALF: 0
CutType.LATWO_MIR: 0
CutType.MIR: 0
CutType.FLOW_COVER: 0
CutType.GMI: 0
CutType.RESIDUAL_CAPACITY: 0
CutType.GOMORY: 0
iteration 52
relaxation time 1.7247 seconds
CutType.COMBINATORY: 0
CutType.TWO_MIR: 0
CutType.RED_SPLIT: 4
CutType.RED_SPLIT_G: 0
CutType.ZERO_HALF: 0
CutType.LATWO_MIR: 0
CutType.MIR: 0
CutType.FLOW_COVER: 0
CutType.GMI: 0
CutType.RESIDUAL_CAPACITY: 0
CutType.GOMORY: 0
iteration 53
relaxation time 43.7365 seconds
CutType.COMBINATORY: 0
CutType.TWO_MIR: 0
CutType.RED_SPLIT: 10
CutType.RED_SPLIT_G: 0
CutType.ZERO_HALF: 0
CutType.LATWO_MIR: 0
CutType.MIR: 0
CutType.FLOW_COVER: 0
CutType.GMI: 0
CutType.RESIDUAL_CAPACITY: 0
CutType.GOMORY: 0
iteration 9
relaxation time 131.2467 seconds
CutType.COMBINATORY: 0
CutType.LIFT_AND_PROJECT: 30
CutType.FLOW_COVER: 0
CutType.MIR: 21
CutType.RESIDUAL_CAPACITY: 0
iteration 54
relaxation time 90.5412 seconds
CutType.COMBINATORY: 0
CutType.TWO_MIR: 0
CutType.RED_SPLIT: 8
CutType.RED_SPLIT_G: 0
CutType.ZERO_HALF: 0
CutType.LATWO_MIR: 0
CutType.MIR: 0
CutType.FLOW_COVER: 0
CutType.GMI: 0
CutType.RESIDUAL_CAPACITY: 0
CutType.GOMORY: 0
iteration 55
relaxation time 57.6217 seconds
CutType.COMBINATORY: 1
CutType.TWO_MIR: 0
CutType.RED_SPLIT: 0
CutType.RED_SPLIT_G: 0
CutType.ZERO_HALF: 0
CutType.LATWO_MIR: 0
CutType.MIR: 0
CutType.FLOW_COVER: 0
CutType.GMI: 0
CutType.RESIDUAL_CAPACITY: 0
CutType.GOMORY: 0
iteration 56
relaxation time 1.0914 seconds
CutType.COMBINATORY: 0
CutType.TWO_MIR: 0
CutType.RED_SPLIT: 10
CutType.RED_SPLIT_G: 0
CutType.ZERO_HALF: 0
CutType.LATWO_MIR: 0
CutType.MIR: 0
CutType.FLOW_COVER: 0
CutType.GMI: 0
CutType.RESIDUAL_CAPACITY: 0
CutType.GOMORY: 0
iteration 57
relaxation time 96.5114 seconds
CutType.COMBINATORY: 1
CutType.TWO_MIR: 0
CutType.RED_SPLIT: 0
CutType.RED_SPLIT_G: 0
CutType.ZERO_HALF: 0
CutType.LATWO_MIR: 0
CutType.MIR: 0
CutType.FLOW_COVER: 0
CutType.GMI: 0
CutType.RESIDUAL_CAPACITY: 0
CutType.GOMORY: 0
iteration 58
relaxation time 7.4312 seconds
CutType.COMBINATORY: 0
CutType.TWO_MIR: 0
CutType.RED_SPLIT: 5
CutType.RED_SPLIT_G: 0
CutType.ZERO_HALF: 0
CutType.LATWO_MIR: 0
CutType.MIR: 0
CutType.FLOW_COVER: 0
CutType.GMI: 0
CutType.RESIDUAL_CAPACITY: 0
CutType.GOMORY: 0
iteration 59
relaxation time 27.6806 seconds
CutType.COMBINATORY: 2
CutType.TWO_MIR: 0
CutType.RED_SPLIT: 0
CutType.RED_SPLIT_G: 0
CutType.ZERO_HALF: 0
CutType.LATWO_MIR: 0
CutType.MIR: 0
CutType.FLOW_COVER: 0
CutType.GMI: 0
CutType.RESIDUAL_CAPACITY: 0
CutType.GOMORY: 0
iteration 60
relaxation time 0.9145 seconds
CutType.COMBINATORY: 0
CutType.TWO_MIR: 0
CutType.RED_SPLIT: 4
CutType.RED_SPLIT_G: 0
CutType.ZERO_HALF: 0
CutType.LATWO_MIR: 0
CutType.MIR: 0
CutType.FLOW_COVER: 0
CutType.GMI: 0
CutType.RESIDUAL_CAPACITY: 0
CutType.GOMORY: 0
iteration 10
relaxation time 57.3563 seconds
CutType.COMBINATORY: 1
CutType.LIFT_AND_PROJECT: 2
CutType.FLOW_COVER: 0
CutType.MIR: 1
CutType.RESIDUAL_CAPACITY: 0
iteration 61
relaxation time 48.7064 seconds
CutType.COMBINATORY: 13
CutType.TWO_MIR: 0
CutType.RED_SPLIT: 0
CutType.RED_SPLIT_G: 0
CutType.ZERO_HALF: 0
CutType.LATWO_MIR: 0
CutType.MIR: 0
CutType.FLOW_COVER: 0
CutType.GMI: 0
CutType.RESIDUAL_CAPACITY: 0
CutType.GOMORY: 0
iteration 62
relaxation time 2.2107 seconds
CutType.COMBINATORY: 0
CutType.TWO_MIR: 0
CutType.RED_SPLIT: 10
CutType.RED_SPLIT_G: 0
CutType.ZERO_HALF: 0
CutType.LATWO_MIR: 0
CutType.MIR: 0
CutType.FLOW_COVER: 0
CutType.GMI: 0
CutType.RESIDUAL_CAPACITY: 0
CutType.GOMORY: 0
iteration 63
relaxation time 55.7 seconds
CutType.COMBINATORY: 0
CutType.TWO_MIR: 0
CutType.RED_SPLIT: 12
CutType.RED_SPLIT_G: 0
CutType.ZERO_HALF: 0
CutType.LATWO_MIR: 0
CutType.MIR: 0
CutType.FLOW_COVER: 0
CutType.GMI: 0
CutType.RESIDUAL_CAPACITY: 0
CutType.GOMORY: 0
iteration 64
relaxation time 81.0043 seconds
CutType.COMBINATORY: 0
CutType.TWO_MIR: 0
CutType.RED_SPLIT: 3
CutType.RED_SPLIT_G: 0
CutType.ZERO_HALF: 0
CutType.LATWO_MIR: 0
CutType.MIR: 0
CutType.FLOW_COVER: 0
CutType.GMI: 0
CutType.RESIDUAL_CAPACITY: 0
CutType.GOMORY: 0
iteration 11
relaxation time 71.6966 seconds
CutType.COMBINATORY: 3
CutType.LIFT_AND_PROJECT: 22
CutType.FLOW_COVER: 0
CutType.MIR: 1
CutType.RESIDUAL_CAPACITY: 0
iteration 65
relaxation time 27.8712 seconds
CutType.COMBINATORY: 0
CutType.TWO_MIR: 0
CutType.RED_SPLIT: 3
CutType.RED_SPLIT_G: 0
CutType.ZERO_HALF: 0
CutType.LATWO_MIR: 0
CutType.MIR: 0
CutType.FLOW_COVER: 0
CutType.GMI: 0
CutType.RESIDUAL_CAPACITY: 0
CutType.GOMORY: 0
iteration 66
relaxation time 25.2562 seconds
CutType.COMBINATORY: 0
CutType.TWO_MIR: 0
CutType.RED_SPLIT: 6
CutType.RED_SPLIT_G: 0
CutType.ZERO_HALF: 0
CutType.LATWO_MIR: 0
CutType.MIR: 0
CutType.FLOW_COVER: 0
CutType.GMI: 0
CutType.RESIDUAL_CAPACITY: 0
CutType.GOMORY: 0
iteration 67
relaxation time 89.6969 seconds
CutType.COMBINATORY: 0
CutType.TWO_MIR: 0
CutType.RED_SPLIT: 3
CutType.RED_SPLIT_G: 0
CutType.ZERO_HALF: 0
CutType.LATWO_MIR: 0
CutType.MIR: 0
CutType.FLOW_COVER: 0
CutType.GMI: 0
CutType.RESIDUAL_CAPACITY: 0
CutType.GOMORY: 0
iteration 68
relaxation time 27.4947 seconds
CutType.COMBINATORY: 0
CutType.TWO_MIR: 0
CutType.RED_SPLIT: 0
CutType.RED_SPLIT_G: 0
CutType.ZERO_HALF: 0
CutType.LATWO_MIR: 0
CutType.MIR: 0
CutType.FLOW_COVER: 0
CutType.GMI: 0
CutType.RESIDUAL_CAPACITY: 0
CutType.GOMORY: 0
len dataset: 337
test_ok: 337
test_false: 0
iteration 12
relaxation time 458.5757 seconds
CutType.COMBINATORY: 0
CutType.LIFT_AND_PROJECT: 15
CutType.FLOW_COVER: 0
CutType.MIR: 9
CutType.RESIDUAL_CAPACITY: 0
iteration 13
relaxation time 29.8545 seconds
CutType.COMBINATORY: 0
CutType.LIFT_AND_PROJECT: 9
CutType.FLOW_COVER: 0
CutType.MIR: 1
CutType.RESIDUAL_CAPACITY: 0
iteration 14
relaxation time 295.8157 seconds
CutType.COMBINATORY: 3
CutType.LIFT_AND_PROJECT: 24
CutType.FLOW_COVER: 0
CutType.MIR: 3
CutType.RESIDUAL_CAPACITY: 0
iteration 15
relaxation time 207.5433 seconds
CutType.COMBINATORY: 5
CutType.LIFT_AND_PROJECT: 15
CutType.FLOW_COVER: 0
CutType.MIR: 8
CutType.RESIDUAL_CAPACITY: 0
iteration 16
relaxation time 146.1655 seconds
CutType.COMBINATORY: 0
CutType.LIFT_AND_PROJECT: 13
CutType.FLOW_COVER: 0
CutType.MIR: 2
CutType.RESIDUAL_CAPACITY: 0
iteration 17
relaxation time 59.8024 seconds
CutType.COMBINATORY: 2
CutType.LIFT_AND_PROJECT: 6
CutType.FLOW_COVER: 0
CutType.MIR: 2
CutType.RESIDUAL_CAPACITY: 0
iteration 18
relaxation time 47.4736 seconds
CutType.COMBINATORY: 1
CutType.LIFT_AND_PROJECT: 0
CutType.FLOW_COVER: 0
CutType.MIR: 0
CutType.RESIDUAL_CAPACITY: 0
iteration 19
relaxation time 4.0063 seconds
CutType.COMBINATORY: 3
CutType.LIFT_AND_PROJECT: 1
CutType.FLOW_COVER: 0
CutType.MIR: 0
CutType.RESIDUAL_CAPACITY: 0
iteration 20
relaxation time 25.4449 seconds
CutType.COMBINATORY: 2
CutType.LIFT_AND_PROJECT: 13
CutType.FLOW_COVER: 0
CutType.MIR: 2
CutType.RESIDUAL_CAPACITY: 0
iteration 21
relaxation time 134.7186 seconds
CutType.COMBINATORY: 1
CutType.LIFT_AND_PROJECT: 4
CutType.FLOW_COVER: 0
CutType.MIR: 0
CutType.RESIDUAL_CAPACITY: 0
iteration 22
relaxation time 36.4441 seconds
CutType.COMBINATORY: 1
CutType.LIFT_AND_PROJECT: 3
CutType.FLOW_COVER: 0
CutType.MIR: 0
CutType.RESIDUAL_CAPACITY: 0
iteration 23
relaxation time 56.1972 seconds
CutType.COMBINATORY: 2
CutType.LIFT_AND_PROJECT: 1
CutType.FLOW_COVER: 0
CutType.MIR: 0
CutType.RESIDUAL_CAPACITY: 0
iteration 24
relaxation time 278.2132 seconds
CutType.COMBINATORY: 1
CutType.LIFT_AND_PROJECT: 6
CutType.FLOW_COVER: 0
CutType.MIR: 5
CutType.RESIDUAL_CAPACITY: 0
iteration 25
relaxation time 58.4322 seconds
CutType.COMBINATORY: 0
CutType.LIFT_AND_PROJECT: 0
CutType.FLOW_COVER: 0
CutType.MIR: 3
CutType.RESIDUAL_CAPACITY: 0
iteration 26
relaxation time 4.4186 seconds
CutType.COMBINATORY: 0
CutType.LIFT_AND_PROJECT: 0
CutType.FLOW_COVER: 0
CutType.MIR: 3
CutType.RESIDUAL_CAPACITY: 0
iteration 27
relaxation time 4.3439 seconds
CutType.COMBINATORY: 0
CutType.LIFT_AND_PROJECT: 0
CutType.FLOW_COVER: 0
CutType.MIR: 3
CutType.RESIDUAL_CAPACITY: 0
iteration 28
relaxation time 3.7482 seconds
CutType.COMBINATORY: 0
CutType.LIFT_AND_PROJECT: 0
CutType.FLOW_COVER: 0
CutType.MIR: 3
CutType.RESIDUAL_CAPACITY: 0
iteration 29
relaxation time 8.5366 seconds
CutType.COMBINATORY: 0
CutType.LIFT_AND_PROJECT: 0
CutType.FLOW_COVER: 0
CutType.MIR: 1
CutType.RESIDUAL_CAPACITY: 0
iteration 30
relaxation time 11.1145 seconds
CutType.COMBINATORY: 1
CutType.LIFT_AND_PROJECT: 0
CutType.FLOW_COVER: 0
CutType.MIR: 0
CutType.RESIDUAL_CAPACITY: 0
iteration 31
relaxation time 3.7817 seconds
CutType.COMBINATORY: 2
CutType.LIFT_AND_PROJECT: 2
CutType.FLOW_COVER: 0
CutType.MIR: 0
CutType.RESIDUAL_CAPACITY: 0
iteration 32
relaxation time 30.4346 seconds
CutType.COMBINATORY: 0
CutType.LIFT_AND_PROJECT: 0
CutType.FLOW_COVER: 0
CutType.MIR: 1
CutType.RESIDUAL_CAPACITY: 0
iteration 33
relaxation time 0.785 seconds
CutType.COMBINATORY: 0
CutType.LIFT_AND_PROJECT: 0
CutType.FLOW_COVER: 0
CutType.MIR: 0
CutType.RESIDUAL_CAPACITY: 0
len dataset: 535
test_ok: 535
test_false: 0
