Combinatory set: []
Non-Combinatory set: [<CutType.RED_SPLIT_G: 4>, <CutType.LIFT_AND_PROJECT: 9>]
iteration 0
relaxation time 4.774 seconds
CutType.COMBINATORY: 135
CutType.RED_SPLIT_G: 0
CutType.LIFT_AND_PROJECT: 305
iteration 1
relaxation time 65.1742 seconds
CutType.COMBINATORY: 64
CutType.RED_SPLIT_G: 0
CutType.LIFT_AND_PROJECT: 534
iteration 2
relaxation time 474.998 seconds
CutType.COMBINATORY: 68
CutType.RED_SPLIT_G: 0
CutType.LIFT_AND_PROJECT: 216
iteration 3
relaxation time 58.1794 seconds
CutType.COMBINATORY: 29
CutType.RED_SPLIT_G: 0
len dataset: 1055
test_ok: 1055
test_false: 0
Combinatory set: [<CutType.CLIQUE: 12>, <CutType.ODD_WHEEL: 13>]
Non-Combinatory set: [<CutType.GMI: 2>, <CutType.GOMORY: 1>]
iteration 0
relaxation time 7.6634 seconds
CutType.COMBINATORY: 26
CutType.GMI: 0
CutType.GOMORY: 105
Combinatory set: [<CutType.ODD_WHEEL: 13>, <CutType.KNAPSACK_COVER: 14>, <CutType.CLIQUE: 12>, <CutType.PROBING: 0>]
Non-Combinatory set: [<CutType.TWO_MIR: 7>, <CutType.LATWO_MIR: 8>, <CutType.ZERO_HALF: 11>, <CutType.GMI: 2>]
iteration 0
relaxation time 10.1956 seconds
CutType.COMBINATORY: 80
CutType.TWO_MIR: 0
CutType.LATWO_MIR: 0
CutType.ZERO_HALF: 0
CutType.GMI: 0
iteration 1
relaxation time 7.4714 seconds
CutType.COMBINATORY: 83
CutType.TWO_MIR: 0
CutType.LATWO_MIR: 0
CutType.ZERO_HALF: 0
CutType.GMI: 0
iteration 2
relaxation time 10.2287 seconds
CutType.COMBINATORY: 102
CutType.TWO_MIR: 0
CutType.LATWO_MIR: 0
CutType.ZERO_HALF: 0
CutType.GMI: 0
iteration 3
relaxation time 11.8372 seconds
CutType.COMBINATORY: 24
CutType.TWO_MIR: 0
CutType.LATWO_MIR: 0
CutType.ZERO_HALF: 0
CutType.GMI: 0
iteration 4
relaxation time 3.4377 seconds
CutType.COMBINATORY: 18
CutType.TWO_MIR: 0
CutType.LATWO_MIR: 0
CutType.ZERO_HALF: 0
CutType.GMI: 0
iteration 1
relaxation time 43.3526 seconds
CutType.COMBINATORY: 14
CutType.GMI: 0
CutType.GOMORY: 88
iteration 5
relaxation time 1.0202 seconds
CutType.COMBINATORY: 22
CutType.TWO_MIR: 0
CutType.LATWO_MIR: 0
CutType.ZERO_HALF: 0
CutType.GMI: 0
iteration 6
relaxation time 1.7486 seconds
CutType.COMBINATORY: 5
CutType.TWO_MIR: 0
CutType.LATWO_MIR: 0
CutType.ZERO_HALF: 0
CutType.GMI: 0
iteration 7
relaxation time 2.0876 seconds
CutType.COMBINATORY: 1
CutType.TWO_MIR: 0
CutType.LATWO_MIR: 0
CutType.ZERO_HALF: 0
CutType.GMI: 0
iteration 8
relaxation time 1.2486 seconds
CutType.COMBINATORY: 0
CutType.TWO_MIR: 0
CutType.LATWO_MIR: 0
CutType.ZERO_HALF: 0
CutType.GMI: 327
iteration 2
relaxation time 70.7436 seconds
CutType.COMBINATORY: 13
CutType.GMI: 0
CutType.GOMORY: 16
iteration 3
relaxation time 20.3352 seconds
CutType.COMBINATORY: 8
CutType.GMI: 0
CutType.GOMORY: 18
iteration 9
relaxation time 80.5759 seconds
CutType.COMBINATORY: 14
CutType.TWO_MIR: 0
CutType.LATWO_MIR: 0
CutType.ZERO_HALF: 0
CutType.GMI: 0
iteration 10
relaxation time 4.4199 seconds
CutType.COMBINATORY: 3
CutType.TWO_MIR: 0
CutType.LATWO_MIR: 0
CutType.ZERO_HALF: 0
CutType.GMI: 0
iteration 4
relaxation time 18.3785 seconds
CutType.COMBINATORY: 4
CutType.GMI: 0
CutType.GOMORY: 29
iteration 11
relaxation time 7.4022 seconds
CutType.COMBINATORY: 6
CutType.TWO_MIR: 0
CutType.LATWO_MIR: 0
CutType.ZERO_HALF: 0
CutType.GMI: 0
iteration 12
relaxation time 3.9254 seconds
CutType.COMBINATORY: 0
CutType.TWO_MIR: 0
CutType.LATWO_MIR: 0
CutType.ZERO_HALF: 0
CutType.GMI: 218
iteration 5
relaxation time 11.7721 seconds
CutType.COMBINATORY: 0
CutType.GMI: 201
CutType.GOMORY: 40
iteration 13
relaxation time 133.564 seconds
CutType.COMBINATORY: 39
CutType.TWO_MIR: 0
CutType.LATWO_MIR: 0
CutType.ZERO_HALF: 0
CutType.GMI: 0
iteration 14
relaxation time 19.3104 seconds
CutType.COMBINATORY: 5
CutType.TWO_MIR: 0
CutType.LATWO_MIR: 0
CutType.ZERO_HALF: 0
CutType.GMI: 0
iteration 15
relaxation time 1.8971 seconds
CutType.COMBINATORY: 7
CutType.TWO_MIR: 0
CutType.LATWO_MIR: 0
CutType.ZERO_HALF: 0
CutType.GMI: 0
iteration 16
relaxation time 2.8659 seconds
CutType.COMBINATORY: 5
CutType.TWO_MIR: 0
CutType.LATWO_MIR: 0
CutType.ZERO_HALF: 0
CutType.GMI: 0
iteration 17
relaxation time 7.9931 seconds
CutType.COMBINATORY: 1
CutType.TWO_MIR: 0
CutType.LATWO_MIR: 0
CutType.ZERO_HALF: 0
CutType.GMI: 0
iteration 18
relaxation time 2.4095 seconds
CutType.COMBINATORY: 0
CutType.TWO_MIR: 0
CutType.LATWO_MIR: 0
CutType.ZERO_HALF: 0
CutType.GMI: 108
iteration 19
relaxation time 73.5385 seconds
CutType.COMBINATORY: 10
CutType.TWO_MIR: 0
CutType.LATWO_MIR: 0
CutType.ZERO_HALF: 0
CutType.GMI: 0
iteration 6
relaxation time 255.7268 seconds
CutType.COMBINATORY: 1
CutType.GMI: 0
CutType.GOMORY: 88
iteration 20
relaxation time 3.1303 seconds
CutType.COMBINATORY: 8
CutType.TWO_MIR: 0
CutType.LATWO_MIR: 0
CutType.ZERO_HALF: 0
CutType.GMI: 0
iteration 21
relaxation time 1.3657 seconds
CutType.COMBINATORY: 0
CutType.TWO_MIR: 0
CutType.LATWO_MIR: 0
CutType.ZERO_HALF: 0
CutType.GMI: 100
iteration 7
relaxation time 48.7734 seconds
CutType.COMBINATORY: 2
CutType.GMI: 0
CutType.GOMORY: 62
iteration 8
relaxation time 44.9825 seconds
CutType.COMBINATORY: 3
CutType.GMI: 0
CutType.GOMORY: 5
iteration 22
relaxation time 96.7436 seconds
CutType.COMBINATORY: 19
CutType.TWO_MIR: 0
CutType.LATWO_MIR: 0
CutType.ZERO_HALF: 0
CutType.GMI: 0
iteration 9
relaxation time 6.3047 seconds
CutType.COMBINATORY: 0
CutType.GMI: 72
CutType.GOMORY: 10
iteration 23
relaxation time 18.1879 seconds
CutType.COMBINATORY: 3
CutType.TWO_MIR: 0
CutType.LATWO_MIR: 0
CutType.ZERO_HALF: 0
CutType.GMI: 0
iteration 24
relaxation time 3.3252 seconds
CutType.COMBINATORY: 0
CutType.TWO_MIR: 0
CutType.LATWO_MIR: 0
CutType.ZERO_HALF: 0
CutType.GMI: 229
iteration 10
relaxation time 69.0913 seconds
CutType.COMBINATORY: 3
CutType.GMI: 0
CutType.GOMORY: 10
iteration 11
relaxation time 17.4348 seconds
CutType.COMBINATORY: 2
CutType.GMI: 0
CutType.GOMORY: 7
iteration 12
relaxation time 18.8435 seconds
CutType.COMBINATORY: 0
CutType.GMI: 91
CutType.GOMORY: 7
iteration 25
relaxation time 100.4893 seconds
CutType.COMBINATORY: 5
CutType.TWO_MIR: 0
CutType.LATWO_MIR: 0
CutType.ZERO_HALF: 0
CutType.GMI: 0
iteration 26
relaxation time 9.3454 seconds
CutType.COMBINATORY: 0
CutType.TWO_MIR: 0
CutType.LATWO_MIR: 0
CutType.ZERO_HALF: 0
CutType.GMI: 7
iteration 27
relaxation time 18.1498 seconds
CutType.COMBINATORY: 0
CutType.TWO_MIR: 0
CutType.LATWO_MIR: 0
CutType.ZERO_HALF: 0
CutType.GMI: 0
len dataset: 989
test_ok: 989
test_false: 0
iteration 13
relaxation time 118.6059 seconds
CutType.COMBINATORY: 5
CutType.GMI: 0
CutType.GOMORY: 3
iteration 14
relaxation time 33.5379 seconds
CutType.COMBINATORY: 6
CutType.GMI: 0
CutType.GOMORY: 0
iteration 15
relaxation time 17.4798 seconds
CutType.COMBINATORY: 2
CutType.GMI: 0
CutType.GOMORY: 0
iteration 16
relaxation time 7.3027 seconds
CutType.COMBINATORY: 0
CutType.GMI: 80
CutType.GOMORY: 0
iteration 17
relaxation time 207.8303 seconds
CutType.COMBINATORY: 1
CutType.GMI: 0
CutType.GOMORY: 0
iteration 18
relaxation time 5.4211 seconds
CutType.COMBINATORY: 0
CutType.GMI: 54
CutType.GOMORY: 0
iteration 19
relaxation time 101.1154 seconds
CutType.COMBINATORY: 5
CutType.GMI: 0
CutType.GOMORY: 0
iteration 20
relaxation time 498.0625 seconds
CutType.COMBINATORY: 1
CutType.GMI: 0
CutType.GOMORY: 11
iteration 21
relaxation time 9.6927 seconds
CutType.COMBINATORY: 2
CutType.GMI: 0
CutType.GOMORY: 13
iteration 22
relaxation time 15.6492 seconds
CutType.COMBINATORY: 0
CutType.GMI: 0
CutType.GOMORY: 0
len dataset: 1010
test_ok: 1010
test_false: 0
