Combinatory set: [<CutType.ODD_WHEEL: 13>]
Non-Combinatory set: [<CutType.GMI: 2>, <CutType.ZERO_HALF: 11>, <CutType.RESIDUAL_CAPACITY: 10>, <CutType.RED_SPLIT: 3>, <CutType.LATWO_MIR: 8>, <CutType.RED_SPLIT_G: 4>]
iteration 0
relaxation time 1.248 seconds
CutType.COMBINATORY: 0
CutType.GMI: 67
CutType.ZERO_HALF: 0
CutType.RESIDUAL_CAPACITY: 0
CutType.RED_SPLIT: 0
CutType.LATWO_MIR: 0
CutType.RED_SPLIT_G: 0
iteration 1
relaxation time 0.9563 seconds
CutType.COMBINATORY: 0
CutType.GMI: 33
CutType.ZERO_HALF: 0
CutType.RESIDUAL_CAPACITY: 0
CutType.RED_SPLIT: 0
CutType.LATWO_MIR: 0
CutType.RED_SPLIT_G: 0
iteration 2
relaxation time 2.0507 seconds
CutType.COMBINATORY: 0
CutType.GMI: 11
CutType.ZERO_HALF: 0
CutType.RESIDUAL_CAPACITY: 0
CutType.RED_SPLIT: 0
CutType.LATWO_MIR: 0
CutType.RED_SPLIT_G: 0
iteration 3
relaxation time 1.7394 seconds
CutType.COMBINATORY: 0
CutType.GMI: 4
CutType.ZERO_HALF: 0
CutType.RESIDUAL_CAPACITY: 0
CutType.RED_SPLIT: 0
CutType.LATWO_MIR: 0
CutType.RED_SPLIT_G: 0
iteration 4
relaxation time 0.4915 seconds
CutType.COMBINATORY: 0
CutType.GMI: 3
CutType.ZERO_HALF: 0
CutType.RESIDUAL_CAPACITY: 0
CutType.RED_SPLIT: 0
CutType.LATWO_MIR: 0
CutType.RED_SPLIT_G: 0
iteration 5
relaxation time 0.7685 seconds
CutType.COMBINATORY: 0
CutType.GMI: 4
CutType.ZERO_HALF: 0
CutType.RESIDUAL_CAPACITY: 0
CutType.RED_SPLIT: 0
CutType.LATWO_MIR: 0
CutType.RED_SPLIT_G: 0
iteration 6
relaxation time 1.3521 seconds
CutType.COMBINATORY: 0
CutType.GMI: 3
CutType.ZERO_HALF: 0
CutType.RESIDUAL_CAPACITY: 0
CutType.RED_SPLIT: 0
CutType.LATWO_MIR: 0
CutType.RED_SPLIT_G: 0
iteration 7
relaxation time 0.9166 seconds
CutType.COMBINATORY: 0
CutType.GMI: 1
CutType.ZERO_HALF: 0
CutType.RESIDUAL_CAPACITY: 0
CutType.RED_SPLIT: 0
CutType.LATWO_MIR: 0
CutType.RED_SPLIT_G: 0
iteration 8
relaxation time 0.1062 seconds
CutType.COMBINATORY: 0
CutType.GMI: 0
CutType.ZERO_HALF: 0
CutType.RESIDUAL_CAPACITY: 0
CutType.RED_SPLIT: 23
CutType.LATWO_MIR: 0
CutType.RED_SPLIT_G: 0
iteration 9
relaxation time 2.7573 seconds
CutType.COMBINATORY: 0
CutType.GMI: 1
CutType.ZERO_HALF: 0
CutType.RESIDUAL_CAPACITY: 0
CutType.RED_SPLIT: 0
CutType.LATWO_MIR: 0
CutType.RED_SPLIT_G: 0
iteration 10
relaxation time 0.8161 seconds
CutType.COMBINATORY: 0
CutType.GMI: 0
CutType.ZERO_HALF: 0
CutType.RESIDUAL_CAPACITY: 0
CutType.RED_SPLIT: 25
CutType.LATWO_MIR: 0
CutType.RED_SPLIT_G: 0
iteration 11
relaxation time 6.7322 seconds
CutType.COMBINATORY: 0
CutType.GMI: 0
CutType.ZERO_HALF: 0
CutType.RESIDUAL_CAPACITY: 0
CutType.RED_SPLIT: 16
CutType.LATWO_MIR: 0
CutType.RED_SPLIT_G: 0
iteration 12
relaxation time 5.7139 seconds
CutType.COMBINATORY: 0
CutType.GMI: 0
CutType.ZERO_HALF: 0
CutType.RESIDUAL_CAPACITY: 0
CutType.RED_SPLIT: 27
CutType.LATWO_MIR: 0
CutType.RED_SPLIT_G: 0
iteration 13
relaxation time 14.1766 seconds
CutType.COMBINATORY: 0
CutType.GMI: 2
CutType.ZERO_HALF: 0
CutType.RESIDUAL_CAPACITY: 0
CutType.RED_SPLIT: 0
CutType.LATWO_MIR: 0
CutType.RED_SPLIT_G: 0
iteration 14
relaxation time 5.0848 seconds
CutType.COMBINATORY: 0
CutType.GMI: 2
CutType.ZERO_HALF: 0
CutType.RESIDUAL_CAPACITY: 0
CutType.RED_SPLIT: 0
CutType.LATWO_MIR: 0
CutType.RED_SPLIT_G: 0
iteration 15
relaxation time 3.6099 seconds
CutType.COMBINATORY: 0
CutType.GMI: 1
CutType.ZERO_HALF: 0
CutType.RESIDUAL_CAPACITY: 0
CutType.RED_SPLIT: 0
CutType.LATWO_MIR: 0
CutType.RED_SPLIT_G: 0
iteration 16
relaxation time 1.6346 seconds
CutType.COMBINATORY: 0
CutType.GMI: 1
CutType.ZERO_HALF: 0
CutType.RESIDUAL_CAPACITY: 0
CutType.RED_SPLIT: 0
CutType.LATWO_MIR: 0
CutType.RED_SPLIT_G: 0
iteration 17
relaxation time 1.3629 seconds
CutType.COMBINATORY: 0
CutType.GMI: 0
CutType.ZERO_HALF: 0
CutType.RESIDUAL_CAPACITY: 0
CutType.RED_SPLIT: 11
CutType.LATWO_MIR: 0
CutType.RED_SPLIT_G: 0
iteration 18
relaxation time 3.6139 seconds
CutType.COMBINATORY: 0
CutType.GMI: 1
CutType.ZERO_HALF: 0
CutType.RESIDUAL_CAPACITY: 0
CutType.RED_SPLIT: 0
CutType.LATWO_MIR: 0
CutType.RED_SPLIT_G: 0
iteration 19
relaxation time 1.7291 seconds
CutType.COMBINATORY: 0
CutType.GMI: 1
CutType.ZERO_HALF: 0
CutType.RESIDUAL_CAPACITY: 0
CutType.RED_SPLIT: 0
CutType.LATWO_MIR: 0
CutType.RED_SPLIT_G: 0
iteration 20
relaxation time 0.9833 seconds
CutType.COMBINATORY: 0
CutType.GMI: 2
CutType.ZERO_HALF: 0
CutType.RESIDUAL_CAPACITY: 0
CutType.RED_SPLIT: 0
CutType.LATWO_MIR: 0
CutType.RED_SPLIT_G: 0
iteration 21
relaxation time 0.954 seconds
CutType.COMBINATORY: 0
CutType.GMI: 2
CutType.ZERO_HALF: 0
CutType.RESIDUAL_CAPACITY: 0
CutType.RED_SPLIT: 0
CutType.LATWO_MIR: 0
CutType.RED_SPLIT_G: 0
iteration 22
relaxation time 2.5657 seconds
CutType.COMBINATORY: 0
CutType.GMI: 0
CutType.ZERO_HALF: 0
CutType.RESIDUAL_CAPACITY: 0
CutType.RED_SPLIT: 18
CutType.LATWO_MIR: 0
CutType.RED_SPLIT_G: 0
iteration 23
relaxation time 6.4774 seconds
CutType.COMBINATORY: 0
CutType.GMI: 1
CutType.ZERO_HALF: 0
CutType.RESIDUAL_CAPACITY: 0
CutType.RED_SPLIT: 0
CutType.LATWO_MIR: 0
CutType.RED_SPLIT_G: 0
iteration 24
relaxation time 1.0255 seconds
CutType.COMBINATORY: 0
CutType.GMI: 0
CutType.ZERO_HALF: 0
CutType.RESIDUAL_CAPACITY: 0
CutType.RED_SPLIT: 28
CutType.LATWO_MIR: 0
CutType.RED_SPLIT_G: 0
iteration 25
relaxation time 9.0288 seconds
CutType.COMBINATORY: 0
CutType.GMI: 0
CutType.ZERO_HALF: 0
CutType.RESIDUAL_CAPACITY: 0
CutType.RED_SPLIT: 24
CutType.LATWO_MIR: 0
CutType.RED_SPLIT_G: 0
iteration 26
relaxation time 16.5795 seconds
CutType.COMBINATORY: 0
CutType.GMI: 0
CutType.ZERO_HALF: 0
CutType.RESIDUAL_CAPACITY: 0
CutType.RED_SPLIT: 27
CutType.LATWO_MIR: 0
CutType.RED_SPLIT_G: 0
iteration 27
relaxation time 23.7639 seconds
CutType.COMBINATORY: 0
CutType.GMI: 1
CutType.ZERO_HALF: 0
CutType.RESIDUAL_CAPACITY: 0
CutType.RED_SPLIT: 0
CutType.LATWO_MIR: 0
CutType.RED_SPLIT_G: 0
iteration 28
relaxation time 2.4261 seconds
CutType.COMBINATORY: 0
CutType.GMI: 2
CutType.ZERO_HALF: 0
CutType.RESIDUAL_CAPACITY: 0
CutType.RED_SPLIT: 0
CutType.LATWO_MIR: 0
CutType.RED_SPLIT_G: 0
iteration 29
relaxation time 3.8055 seconds
CutType.COMBINATORY: 0
CutType.GMI: 1
CutType.ZERO_HALF: 0
CutType.RESIDUAL_CAPACITY: 0
CutType.RED_SPLIT: 0
CutType.LATWO_MIR: 0
CutType.RED_SPLIT_G: 0
iteration 30
relaxation time 1.8483 seconds
CutType.COMBINATORY: 0
CutType.GMI: 0
CutType.ZERO_HALF: 0
CutType.RESIDUAL_CAPACITY: 0
CutType.RED_SPLIT: 24
CutType.LATWO_MIR: 0
CutType.RED_SPLIT_G: 0
iteration 31
relaxation time 9.3942 seconds
CutType.COMBINATORY: 0
CutType.GMI: 0
CutType.ZERO_HALF: 0
CutType.RESIDUAL_CAPACITY: 0
CutType.RED_SPLIT: 25
CutType.LATWO_MIR: 0
CutType.RED_SPLIT_G: 0
iteration 32
relaxation time 21.3543 seconds
CutType.COMBINATORY: 0
CutType.GMI: 1
CutType.ZERO_HALF: 0
CutType.RESIDUAL_CAPACITY: 0
CutType.RED_SPLIT: 0
CutType.LATWO_MIR: 0
CutType.RED_SPLIT_G: 0
iteration 33
relaxation time 2.196 seconds
CutType.COMBINATORY: 0
CutType.GMI: 0
CutType.ZERO_HALF: 0
CutType.RESIDUAL_CAPACITY: 0
CutType.RED_SPLIT: 24
CutType.LATWO_MIR: 0
CutType.RED_SPLIT_G: 0
iteration 34
relaxation time 9.5824 seconds
CutType.COMBINATORY: 0
CutType.GMI: 1
CutType.ZERO_HALF: 0
CutType.RESIDUAL_CAPACITY: 0
CutType.RED_SPLIT: 0
CutType.LATWO_MIR: 0
CutType.RED_SPLIT_G: 0
iteration 35
relaxation time 1.8786 seconds
CutType.COMBINATORY: 0
CutType.GMI: 0
CutType.ZERO_HALF: 0
CutType.RESIDUAL_CAPACITY: 0
CutType.RED_SPLIT: 30
CutType.LATWO_MIR: 0
CutType.RED_SPLIT_G: 0
iteration 36
relaxation time 9.4684 seconds
CutType.COMBINATORY: 0
CutType.GMI: 0
CutType.ZERO_HALF: 0
CutType.RESIDUAL_CAPACITY: 0
CutType.RED_SPLIT: 31
CutType.LATWO_MIR: 0
CutType.RED_SPLIT_G: 0
iteration 37
relaxation time 8.4637 seconds
CutType.COMBINATORY: 0
CutType.GMI: 0
CutType.ZERO_HALF: 0
CutType.RESIDUAL_CAPACITY: 0
CutType.RED_SPLIT: 31
CutType.LATWO_MIR: 0
CutType.RED_SPLIT_G: 0
iteration 38
relaxation time 8.6606 seconds
CutType.COMBINATORY: 0
CutType.GMI: 1
CutType.ZERO_HALF: 0
CutType.RESIDUAL_CAPACITY: 0
CutType.RED_SPLIT: 0
CutType.LATWO_MIR: 0
CutType.RED_SPLIT_G: 0
iteration 39
relaxation time 7.4284 seconds
CutType.COMBINATORY: 0
CutType.GMI: 1
CutType.ZERO_HALF: 0
CutType.RESIDUAL_CAPACITY: 0
CutType.RED_SPLIT: 0
CutType.LATWO_MIR: 0
CutType.RED_SPLIT_G: 0
iteration 40
relaxation time 4.136 seconds
CutType.COMBINATORY: 0
CutType.GMI: 0
CutType.ZERO_HALF: 0
CutType.RESIDUAL_CAPACITY: 0
CutType.RED_SPLIT: 33
CutType.LATWO_MIR: 0
CutType.RED_SPLIT_G: 0
iteration 41
relaxation time 8.6374 seconds
CutType.COMBINATORY: 0
CutType.GMI: 1
CutType.ZERO_HALF: 0
CutType.RESIDUAL_CAPACITY: 0
CutType.RED_SPLIT: 0
CutType.LATWO_MIR: 0
CutType.RED_SPLIT_G: 0
iteration 42
relaxation time 4.7168 seconds
CutType.COMBINATORY: 0
CutType.GMI: 0
CutType.ZERO_HALF: 0
CutType.RESIDUAL_CAPACITY: 0
CutType.RED_SPLIT: 32
CutType.LATWO_MIR: 0
CutType.RED_SPLIT_G: 0
iteration 43
relaxation time 6.9838 seconds
CutType.COMBINATORY: 0
CutType.GMI: 0
CutType.ZERO_HALF: 0
CutType.RESIDUAL_CAPACITY: 0
CutType.RED_SPLIT: 33
CutType.LATWO_MIR: 0
CutType.RED_SPLIT_G: 0
iteration 44
relaxation time 21.6842 seconds
CutType.COMBINATORY: 0
CutType.GMI: 0
CutType.ZERO_HALF: 0
CutType.RESIDUAL_CAPACITY: 0
CutType.RED_SPLIT: 30
CutType.LATWO_MIR: 0
CutType.RED_SPLIT_G: 0
iteration 45
relaxation time 12.762 seconds
CutType.COMBINATORY: 0
CutType.GMI: 1
CutType.ZERO_HALF: 0
CutType.RESIDUAL_CAPACITY: 0
CutType.RED_SPLIT: 0
CutType.LATWO_MIR: 0
CutType.RED_SPLIT_G: 0
iteration 46
relaxation time 3.1428 seconds
CutType.COMBINATORY: 0
CutType.GMI: 1
CutType.ZERO_HALF: 0
CutType.RESIDUAL_CAPACITY: 0
CutType.RED_SPLIT: 0
CutType.LATWO_MIR: 0
CutType.RED_SPLIT_G: 0
iteration 47
relaxation time 7.1829 seconds
CutType.COMBINATORY: 0
CutType.GMI: 0
CutType.ZERO_HALF: 0
CutType.RESIDUAL_CAPACITY: 0
CutType.RED_SPLIT: 32
CutType.LATWO_MIR: 0
CutType.RED_SPLIT_G: 0
iteration 48
relaxation time 14.8754 seconds
CutType.COMBINATORY: 0
CutType.GMI: 0
CutType.ZERO_HALF: 0
CutType.RESIDUAL_CAPACITY: 0
CutType.RED_SPLIT: 32
CutType.LATWO_MIR: 0
CutType.RED_SPLIT_G: 0
iteration 49
relaxation time 17.6627 seconds
CutType.COMBINATORY: 0
CutType.GMI: 0
CutType.ZERO_HALF: 0
CutType.RESIDUAL_CAPACITY: 0
CutType.RED_SPLIT: 34
CutType.LATWO_MIR: 0
CutType.RED_SPLIT_G: 0
iteration 50
relaxation time 20.5651 seconds
CutType.COMBINATORY: 0
CutType.GMI: 0
CutType.ZERO_HALF: 0
CutType.RESIDUAL_CAPACITY: 0
CutType.RED_SPLIT: 33
CutType.LATWO_MIR: 0
CutType.RED_SPLIT_G: 0
iteration 51
relaxation time 19.6402 seconds
CutType.COMBINATORY: 0
CutType.GMI: 0
CutType.ZERO_HALF: 0
CutType.RESIDUAL_CAPACITY: 0
CutType.RED_SPLIT: 31
CutType.LATWO_MIR: 0
CutType.RED_SPLIT_G: 0
iteration 52
relaxation time 12.055 seconds
CutType.COMBINATORY: 0
CutType.GMI: 0
CutType.ZERO_HALF: 0
CutType.RESIDUAL_CAPACITY: 0
CutType.RED_SPLIT: 33
CutType.LATWO_MIR: 0
CutType.RED_SPLIT_G: 0
iteration 53
relaxation time 17.2202 seconds
CutType.COMBINATORY: 0
CutType.GMI: 0
CutType.ZERO_HALF: 0
CutType.RESIDUAL_CAPACITY: 0
CutType.RED_SPLIT: 32
CutType.LATWO_MIR: 0
CutType.RED_SPLIT_G: 0
iteration 54
relaxation time 24.0109 seconds
CutType.COMBINATORY: 0
CutType.GMI: 0
CutType.ZERO_HALF: 0
CutType.RESIDUAL_CAPACITY: 0
CutType.RED_SPLIT: 33
CutType.LATWO_MIR: 0
CutType.RED_SPLIT_G: 0
iteration 55
relaxation time 15.9781 seconds
CutType.COMBINATORY: 0
CutType.GMI: 0
CutType.ZERO_HALF: 0
CutType.RESIDUAL_CAPACITY: 0
CutType.RED_SPLIT: 34
CutType.LATWO_MIR: 0
CutType.RED_SPLIT_G: 0
iteration 56
relaxation time 20.7986 seconds
CutType.COMBINATORY: 0
CutType.GMI: 0
CutType.ZERO_HALF: 0
CutType.RESIDUAL_CAPACITY: 0
CutType.RED_SPLIT: 33
CutType.LATWO_MIR: 0
CutType.RED_SPLIT_G: 0
iteration 57
relaxation time 27.8339 seconds
CutType.COMBINATORY: 0
CutType.GMI: 0
CutType.ZERO_HALF: 0
CutType.RESIDUAL_CAPACITY: 0
CutType.RED_SPLIT: 34
CutType.LATWO_MIR: 0
CutType.RED_SPLIT_G: 0
iteration 58
relaxation time 39.7824 seconds
CutType.COMBINATORY: 0
CutType.GMI: 0
CutType.ZERO_HALF: 0
CutType.RESIDUAL_CAPACITY: 0
CutType.RED_SPLIT: 33
CutType.LATWO_MIR: 0
CutType.RED_SPLIT_G: 0
iteration 59
relaxation time 33.1367 seconds
CutType.COMBINATORY: 0
CutType.GMI: 0
CutType.ZERO_HALF: 0
CutType.RESIDUAL_CAPACITY: 0
CutType.RED_SPLIT: 34
CutType.LATWO_MIR: 0
CutType.RED_SPLIT_G: 0
iteration 60
relaxation time 42.0706 seconds
CutType.COMBINATORY: 0
CutType.GMI: 0
CutType.ZERO_HALF: 0
CutType.RESIDUAL_CAPACITY: 0
CutType.RED_SPLIT: 27
CutType.LATWO_MIR: 0
CutType.RED_SPLIT_G: 0
iteration 61
relaxation time 34.9963 seconds
CutType.COMBINATORY: 0
CutType.GMI: 0
CutType.ZERO_HALF: 0
CutType.RESIDUAL_CAPACITY: 0
CutType.RED_SPLIT: 33
CutType.LATWO_MIR: 0
CutType.RED_SPLIT_G: 0
iteration 62
relaxation time 57.3674 seconds
CutType.COMBINATORY: 0
CutType.GMI: 0
CutType.ZERO_HALF: 0
CutType.RESIDUAL_CAPACITY: 0
CutType.RED_SPLIT: 32
CutType.LATWO_MIR: 0
CutType.RED_SPLIT_G: 0
iteration 63
relaxation time 39.8387 seconds
CutType.COMBINATORY: 0
CutType.GMI: 0
CutType.ZERO_HALF: 0
CutType.RESIDUAL_CAPACITY: 0
CutType.RED_SPLIT: 31
CutType.LATWO_MIR: 0
CutType.RED_SPLIT_G: 0
iteration 64
relaxation time 51.175 seconds
CutType.COMBINATORY: 0
CutType.GMI: 0
CutType.ZERO_HALF: 0
CutType.RESIDUAL_CAPACITY: 0
CutType.RED_SPLIT: 28
CutType.LATWO_MIR: 0
CutType.RED_SPLIT_G: 0
iteration 65
relaxation time 44.4302 seconds
CutType.COMBINATORY: 0
CutType.GMI: 0
CutType.ZERO_HALF: 0
CutType.RESIDUAL_CAPACITY: 0
CutType.RED_SPLIT: 31
CutType.LATWO_MIR: 0
CutType.RED_SPLIT_G: 0
iteration 66
relaxation time 48.9752 seconds
CutType.COMBINATORY: 0
CutType.GMI: 0
CutType.ZERO_HALF: 0
CutType.RESIDUAL_CAPACITY: 0
CutType.RED_SPLIT: 27
CutType.LATWO_MIR: 0
CutType.RED_SPLIT_G: 0
iteration 67
relaxation time 32.675 seconds
CutType.COMBINATORY: 0
CutType.GMI: 0
CutType.ZERO_HALF: 0
CutType.RESIDUAL_CAPACITY: 0
CutType.RED_SPLIT: 27
CutType.LATWO_MIR: 0
CutType.RED_SPLIT_G: 0
iteration 68
relaxation time 51.0233 seconds
CutType.COMBINATORY: 0
CutType.GMI: 0
CutType.ZERO_HALF: 0
CutType.RESIDUAL_CAPACITY: 0
CutType.RED_SPLIT: 23
CutType.LATWO_MIR: 0
CutType.RED_SPLIT_G: 0
iteration 69
relaxation time 55.8892 seconds
CutType.COMBINATORY: 0
CutType.GMI: 0
CutType.ZERO_HALF: 0
CutType.RESIDUAL_CAPACITY: 0
CutType.RED_SPLIT: 26
CutType.LATWO_MIR: 0
CutType.RED_SPLIT_G: 0
iteration 70
relaxation time 52.3788 seconds
CutType.COMBINATORY: 0
CutType.GMI: 0
CutType.ZERO_HALF: 0
CutType.RESIDUAL_CAPACITY: 0
CutType.RED_SPLIT: 27
CutType.LATWO_MIR: 0
CutType.RED_SPLIT_G: 0
iteration 71
relaxation time 49.3525 seconds
CutType.COMBINATORY: 0
CutType.GMI: 0
CutType.ZERO_HALF: 0
CutType.RESIDUAL_CAPACITY: 0
CutType.RED_SPLIT: 31
CutType.LATWO_MIR: 0
CutType.RED_SPLIT_G: 0
iteration 72
relaxation time 44.8008 seconds
CutType.COMBINATORY: 0
CutType.GMI: 0
CutType.ZERO_HALF: 0
CutType.RESIDUAL_CAPACITY: 0
CutType.RED_SPLIT: 30
CutType.LATWO_MIR: 0
CutType.RED_SPLIT_G: 0
iteration 73
relaxation time 63.0742 seconds
CutType.COMBINATORY: 0
CutType.GMI: 0
CutType.ZERO_HALF: 0
CutType.RESIDUAL_CAPACITY: 0
CutType.RED_SPLIT: 31
CutType.LATWO_MIR: 0
CutType.RED_SPLIT_G: 0
iteration 74
relaxation time 52.9716 seconds
CutType.COMBINATORY: 0
CutType.GMI: 0
CutType.ZERO_HALF: 0
CutType.RESIDUAL_CAPACITY: 0
CutType.RED_SPLIT: 31
CutType.LATWO_MIR: 0
CutType.RED_SPLIT_G: 0
iteration 75
relaxation time 41.2021 seconds
CutType.COMBINATORY: 0
CutType.GMI: 0
CutType.ZERO_HALF: 0
CutType.RESIDUAL_CAPACITY: 0
CutType.RED_SPLIT: 27
CutType.LATWO_MIR: 0
CutType.RED_SPLIT_G: 0
iteration 76
relaxation time 50.8665 seconds
CutType.COMBINATORY: 0
CutType.GMI: 0
CutType.ZERO_HALF: 0
CutType.RESIDUAL_CAPACITY: 0
CutType.RED_SPLIT: 34
CutType.LATWO_MIR: 0
CutType.RED_SPLIT_G: 0
iteration 77
relaxation time 60.0158 seconds
CutType.COMBINATORY: 0
CutType.GMI: 0
CutType.ZERO_HALF: 0
CutType.RESIDUAL_CAPACITY: 0
CutType.RED_SPLIT: 26
CutType.LATWO_MIR: 0
CutType.RED_SPLIT_G: 0
iteration 78
relaxation time 79.9758 seconds
CutType.COMBINATORY: 0
CutType.GMI: 0
CutType.ZERO_HALF: 0
CutType.RESIDUAL_CAPACITY: 0
CutType.RED_SPLIT: 24
CutType.LATWO_MIR: 0
CutType.RED_SPLIT_G: 0
iteration 79
relaxation time 54.9966 seconds
CutType.COMBINATORY: 0
CutType.GMI: 0
CutType.ZERO_HALF: 0
CutType.RESIDUAL_CAPACITY: 0
CutType.RED_SPLIT: 25
CutType.LATWO_MIR: 0
CutType.RED_SPLIT_G: 0
iteration 80
relaxation time 76.4538 seconds
CutType.COMBINATORY: 0
CutType.GMI: 0
CutType.ZERO_HALF: 0
CutType.RESIDUAL_CAPACITY: 0
CutType.RED_SPLIT: 20
CutType.LATWO_MIR: 0
CutType.RED_SPLIT_G: 0
iteration 81
relaxation time 37.536 seconds
CutType.COMBINATORY: 0
CutType.GMI: 0
CutType.ZERO_HALF: 0
CutType.RESIDUAL_CAPACITY: 0
CutType.RED_SPLIT: 23
CutType.LATWO_MIR: 0
CutType.RED_SPLIT_G: 0
iteration 82
relaxation time 52.0964 seconds
CutType.COMBINATORY: 0
CutType.GMI: 0
CutType.ZERO_HALF: 0
CutType.RESIDUAL_CAPACITY: 0
CutType.RED_SPLIT: 29
CutType.LATWO_MIR: 0
CutType.RED_SPLIT_G: 0
iteration 83
relaxation time 63.5781 seconds
CutType.COMBINATORY: 0
CutType.GMI: 0
CutType.ZERO_HALF: 0
CutType.RESIDUAL_CAPACITY: 0
CutType.RED_SPLIT: 20
CutType.LATWO_MIR: 0
CutType.RED_SPLIT_G: 0
iteration 84
relaxation time 64.2494 seconds
CutType.COMBINATORY: 0
CutType.GMI: 1
CutType.ZERO_HALF: 0
CutType.RESIDUAL_CAPACITY: 0
CutType.RED_SPLIT: 0
CutType.LATWO_MIR: 0
CutType.RED_SPLIT_G: 0
iteration 85
relaxation time 15.374 seconds
CutType.COMBINATORY: 0
CutType.GMI: 0
CutType.ZERO_HALF: 0
CutType.RESIDUAL_CAPACITY: 0
CutType.RED_SPLIT: 25
CutType.LATWO_MIR: 0
CutType.RED_SPLIT_G: 0
iteration 86
relaxation time 51.6084 seconds
CutType.COMBINATORY: 0
CutType.GMI: 1
CutType.ZERO_HALF: 0
CutType.RESIDUAL_CAPACITY: 0
CutType.RED_SPLIT: 0
CutType.LATWO_MIR: 0
CutType.RED_SPLIT_G: 0
iteration 87
relaxation time 36.0671 seconds
CutType.COMBINATORY: 0
CutType.GMI: 0
CutType.ZERO_HALF: 0
CutType.RESIDUAL_CAPACITY: 0
CutType.RED_SPLIT: 20
CutType.LATWO_MIR: 0
CutType.RED_SPLIT_G: 0
iteration 88
relaxation time 104.0105 seconds
CutType.COMBINATORY: 0
CutType.GMI: 0
CutType.ZERO_HALF: 0
CutType.RESIDUAL_CAPACITY: 0
CutType.RED_SPLIT: 7
CutType.LATWO_MIR: 0
CutType.RED_SPLIT_G: 0
iteration 89
relaxation time 45.597 seconds
CutType.COMBINATORY: 0
CutType.GMI: 0
CutType.ZERO_HALF: 0
CutType.RESIDUAL_CAPACITY: 0
CutType.RED_SPLIT: 15
CutType.LATWO_MIR: 0
CutType.RED_SPLIT_G: 0
iteration 90
relaxation time 52.7421 seconds
CutType.COMBINATORY: 0
CutType.GMI: 0
CutType.ZERO_HALF: 0
CutType.RESIDUAL_CAPACITY: 0
CutType.RED_SPLIT: 18
CutType.LATWO_MIR: 0
CutType.RED_SPLIT_G: 0
iteration 91
relaxation time 68.817 seconds
CutType.COMBINATORY: 0
CutType.GMI: 0
CutType.ZERO_HALF: 0
CutType.RESIDUAL_CAPACITY: 0
CutType.RED_SPLIT: 16
CutType.LATWO_MIR: 0
CutType.RED_SPLIT_G: 0
iteration 92
relaxation time 61.7287 seconds
CutType.COMBINATORY: 0
CutType.GMI: 0
CutType.ZERO_HALF: 0
CutType.RESIDUAL_CAPACITY: 0
CutType.RED_SPLIT: 6
CutType.LATWO_MIR: 0
CutType.RED_SPLIT_G: 0
iteration 93
relaxation time 81.6832 seconds
CutType.COMBINATORY: 0
CutType.GMI: 0
CutType.ZERO_HALF: 0
CutType.RESIDUAL_CAPACITY: 0
CutType.RED_SPLIT: 10
CutType.LATWO_MIR: 0
CutType.RED_SPLIT_G: 0
iteration 94
relaxation time 71.1276 seconds
CutType.COMBINATORY: 0
CutType.GMI: 0
CutType.ZERO_HALF: 0
CutType.RESIDUAL_CAPACITY: 0
CutType.RED_SPLIT: 3
CutType.LATWO_MIR: 0
CutType.RED_SPLIT_G: 0
iteration 95
relaxation time 49.777 seconds
CutType.COMBINATORY: 0
CutType.GMI: 0
CutType.ZERO_HALF: 0
CutType.RESIDUAL_CAPACITY: 0
CutType.RED_SPLIT: 5
CutType.LATWO_MIR: 0
CutType.RED_SPLIT_G: 0
iteration 96
relaxation time 25.999 seconds
CutType.COMBINATORY: 0
CutType.GMI: 0
CutType.ZERO_HALF: 0
CutType.RESIDUAL_CAPACITY: 0
CutType.RED_SPLIT: 4
CutType.LATWO_MIR: 0
CutType.RED_SPLIT_G: 0
iteration 97
relaxation time 54.5943 seconds
CutType.COMBINATORY: 0
CutType.GMI: 0
CutType.ZERO_HALF: 0
CutType.RESIDUAL_CAPACITY: 0
CutType.RED_SPLIT: 5
CutType.LATWO_MIR: 0
CutType.RED_SPLIT_G: 0
iteration 98
relaxation time 64.5266 seconds
CutType.COMBINATORY: 0
CutType.GMI: 0
CutType.ZERO_HALF: 0
CutType.RESIDUAL_CAPACITY: 0
CutType.RED_SPLIT: 1
CutType.LATWO_MIR: 0
CutType.RED_SPLIT_G: 0
iteration 99
relaxation time 30.1684 seconds
CutType.COMBINATORY: 0
CutType.GMI: 0
CutType.ZERO_HALF: 0
CutType.RESIDUAL_CAPACITY: 0
CutType.RED_SPLIT: 5
CutType.LATWO_MIR: 0
CutType.RED_SPLIT_G: 0
iteration 100
relaxation time 81.2112 seconds
CutType.COMBINATORY: 0
CutType.GMI: 0
CutType.ZERO_HALF: 0
CutType.RESIDUAL_CAPACITY: 0
CutType.RED_SPLIT: 5
CutType.LATWO_MIR: 0
CutType.RED_SPLIT_G: 0
iteration 101
relaxation time 60.2218 seconds
CutType.COMBINATORY: 0
CutType.GMI: 0
CutType.ZERO_HALF: 0
CutType.RESIDUAL_CAPACITY: 0
CutType.RED_SPLIT: 6
CutType.LATWO_MIR: 0
CutType.RED_SPLIT_G: 0
iteration 102
relaxation time 78.2188 seconds
CutType.COMBINATORY: 0
CutType.GMI: 0
CutType.ZERO_HALF: 0
CutType.RESIDUAL_CAPACITY: 0
CutType.RED_SPLIT: 6
CutType.LATWO_MIR: 0
CutType.RED_SPLIT_G: 0
iteration 103
relaxation time 99.1307 seconds
CutType.COMBINATORY: 0
CutType.GMI: 0
CutType.ZERO_HALF: 0
CutType.RESIDUAL_CAPACITY: 0
CutType.RED_SPLIT: 8
CutType.LATWO_MIR: 0
CutType.RED_SPLIT_G: 0
iteration 104
relaxation time 70.9988 seconds
CutType.COMBINATORY: 0
CutType.GMI: 0
CutType.ZERO_HALF: 0
CutType.RESIDUAL_CAPACITY: 0
CutType.RED_SPLIT: 11
CutType.LATWO_MIR: 0
CutType.RED_SPLIT_G: 0
iteration 105
relaxation time 77.5237 seconds
CutType.COMBINATORY: 0
CutType.GMI: 0
CutType.ZERO_HALF: 0
CutType.RESIDUAL_CAPACITY: 0
CutType.RED_SPLIT: 13
CutType.LATWO_MIR: 0
CutType.RED_SPLIT_G: 0
iteration 106
relaxation time 78.7477 seconds
CutType.COMBINATORY: 0
CutType.GMI: 0
CutType.ZERO_HALF: 0
CutType.RESIDUAL_CAPACITY: 0
CutType.RED_SPLIT: 10
CutType.LATWO_MIR: 0
CutType.RED_SPLIT_G: 0
iteration 107
relaxation time 79.0711 seconds
CutType.COMBINATORY: 0
CutType.GMI: 0
CutType.ZERO_HALF: 0
CutType.RESIDUAL_CAPACITY: 0
CutType.RED_SPLIT: 19
CutType.LATWO_MIR: 0
CutType.RED_SPLIT_G: 0
iteration 108
relaxation time 116.5729 seconds
CutType.COMBINATORY: 0
CutType.GMI: 0
CutType.ZERO_HALF: 0
CutType.RESIDUAL_CAPACITY: 0
CutType.RED_SPLIT: 9
CutType.LATWO_MIR: 0
CutType.RED_SPLIT_G: 0
iteration 109
relaxation time 73.6101 seconds
CutType.COMBINATORY: 0
CutType.GMI: 0
CutType.ZERO_HALF: 0
CutType.RESIDUAL_CAPACITY: 0
CutType.RED_SPLIT: 18
CutType.LATWO_MIR: 0
CutType.RED_SPLIT_G: 0
iteration 110
relaxation time 97.6308 seconds
CutType.COMBINATORY: 0
CutType.GMI: 0
CutType.ZERO_HALF: 0
CutType.RESIDUAL_CAPACITY: 0
CutType.RED_SPLIT: 15
CutType.LATWO_MIR: 0
CutType.RED_SPLIT_G: 0
iteration 111
relaxation time 63.1658 seconds
CutType.COMBINATORY: 0
CutType.GMI: 0
CutType.ZERO_HALF: 0
CutType.RESIDUAL_CAPACITY: 0
CutType.RED_SPLIT: 9
CutType.LATWO_MIR: 0
CutType.RED_SPLIT_G: 0
iteration 112
relaxation time 110.012 seconds
CutType.COMBINATORY: 0
CutType.GMI: 0
CutType.ZERO_HALF: 0
CutType.RESIDUAL_CAPACITY: 0
CutType.RED_SPLIT: 18
CutType.LATWO_MIR: 0
CutType.RED_SPLIT_G: 0
iteration 113
relaxation time 77.0245 seconds
CutType.COMBINATORY: 0
CutType.GMI: 0
CutType.ZERO_HALF: 0
CutType.RESIDUAL_CAPACITY: 0
CutType.RED_SPLIT: 16
CutType.LATWO_MIR: 0
CutType.RED_SPLIT_G: 0
iteration 114
relaxation time 76.0093 seconds
CutType.COMBINATORY: 0
CutType.GMI: 0
CutType.ZERO_HALF: 0
CutType.RESIDUAL_CAPACITY: 0
CutType.RED_SPLIT: 11
CutType.LATWO_MIR: 0
CutType.RED_SPLIT_G: 0
iteration 115
relaxation time 58.4865 seconds
CutType.COMBINATORY: 0
CutType.GMI: 0
CutType.ZERO_HALF: 0
CutType.RESIDUAL_CAPACITY: 0
CutType.RED_SPLIT: 8
CutType.LATWO_MIR: 0
CutType.RED_SPLIT_G: 0
iteration 116
relaxation time 68.3146 seconds
CutType.COMBINATORY: 0
CutType.GMI: 0
CutType.ZERO_HALF: 0
CutType.RESIDUAL_CAPACITY: 0
CutType.RED_SPLIT: 8
CutType.LATWO_MIR: 0
CutType.RED_SPLIT_G: 0
iteration 117
relaxation time 60.4294 seconds
CutType.COMBINATORY: 0
CutType.GMI: 0
CutType.ZERO_HALF: 0
CutType.RESIDUAL_CAPACITY: 0
CutType.RED_SPLIT: 6
CutType.LATWO_MIR: 0
CutType.RED_SPLIT_G: 0
iteration 118
relaxation time 58.7309 seconds
CutType.COMBINATORY: 0
CutType.GMI: 0
CutType.ZERO_HALF: 0
CutType.RESIDUAL_CAPACITY: 0
CutType.RED_SPLIT: 13
CutType.LATWO_MIR: 0
CutType.RED_SPLIT_G: 0
iteration 119
relaxation time 81.2095 seconds
CutType.COMBINATORY: 0
CutType.GMI: 0
CutType.ZERO_HALF: 0
CutType.RESIDUAL_CAPACITY: 0
CutType.RED_SPLIT: 13
CutType.LATWO_MIR: 0
CutType.RED_SPLIT_G: 0
iteration 120
relaxation time 78.5203 seconds
CutType.COMBINATORY: 0
CutType.GMI: 0
CutType.ZERO_HALF: 0
CutType.RESIDUAL_CAPACITY: 0
CutType.RED_SPLIT: 8
CutType.LATWO_MIR: 0
CutType.RED_SPLIT_G: 0
iteration 121
relaxation time 61.6348 seconds
CutType.COMBINATORY: 0
CutType.GMI: 0
CutType.ZERO_HALF: 0
CutType.RESIDUAL_CAPACITY: 0
CutType.RED_SPLIT: 4
CutType.LATWO_MIR: 0
CutType.RED_SPLIT_G: 0
iteration 122
relaxation time 62.5036 seconds
CutType.COMBINATORY: 0
CutType.GMI: 0
CutType.ZERO_HALF: 0
CutType.RESIDUAL_CAPACITY: 0
CutType.RED_SPLIT: 14
CutType.LATWO_MIR: 0
CutType.RED_SPLIT_G: 0
iteration 123
relaxation time 80.4559 seconds
CutType.COMBINATORY: 0
CutType.GMI: 0
CutType.ZERO_HALF: 0
CutType.RESIDUAL_CAPACITY: 0
CutType.RED_SPLIT: 14
CutType.LATWO_MIR: 0
CutType.RED_SPLIT_G: 0
iteration 124
relaxation time 77.4245 seconds
CutType.COMBINATORY: 0
CutType.GMI: 0
CutType.ZERO_HALF: 0
CutType.RESIDUAL_CAPACITY: 0
CutType.RED_SPLIT: 14
CutType.LATWO_MIR: 0
CutType.RED_SPLIT_G: 0
iteration 125
relaxation time 93.1663 seconds
CutType.COMBINATORY: 0
CutType.GMI: 0
CutType.ZERO_HALF: 0
CutType.RESIDUAL_CAPACITY: 0
CutType.RED_SPLIT: 13
CutType.LATWO_MIR: 0
CutType.RED_SPLIT_G: 0
iteration 126
relaxation time 83.0502 seconds
CutType.COMBINATORY: 0
CutType.GMI: 0
CutType.ZERO_HALF: 0
CutType.RESIDUAL_CAPACITY: 0
CutType.RED_SPLIT: 8
CutType.LATWO_MIR: 0
CutType.RED_SPLIT_G: 0
iteration 127
relaxation time 49.7776 seconds
CutType.COMBINATORY: 0
CutType.GMI: 0
CutType.ZERO_HALF: 0
CutType.RESIDUAL_CAPACITY: 0
CutType.RED_SPLIT: 1
CutType.LATWO_MIR: 0
CutType.RED_SPLIT_G: 0
iteration 128
relaxation time 19.2534 seconds
CutType.COMBINATORY: 0
CutType.GMI: 0
CutType.ZERO_HALF: 0
CutType.RESIDUAL_CAPACITY: 0
CutType.RED_SPLIT: 1
CutType.LATWO_MIR: 0
CutType.RED_SPLIT_G: 0
iteration 129
relaxation time 36.4491 seconds
CutType.COMBINATORY: 0
CutType.GMI: 0
CutType.ZERO_HALF: 0
CutType.RESIDUAL_CAPACITY: 0
CutType.RED_SPLIT: 2
CutType.LATWO_MIR: 0
CutType.RED_SPLIT_G: 0
iteration 130
relaxation time 48.4078 seconds
CutType.COMBINATORY: 0
CutType.GMI: 0
CutType.ZERO_HALF: 0
CutType.RESIDUAL_CAPACITY: 0
CutType.RED_SPLIT: 3
CutType.LATWO_MIR: 0
CutType.RED_SPLIT_G: 0
iteration 131
relaxation time 50.5791 seconds
CutType.COMBINATORY: 0
CutType.GMI: 0
CutType.ZERO_HALF: 0
CutType.RESIDUAL_CAPACITY: 0
CutType.RED_SPLIT: 7
CutType.LATWO_MIR: 0
CutType.RED_SPLIT_G: 0
iteration 132
relaxation time 40.4558 seconds
CutType.COMBINATORY: 0
CutType.GMI: 0
CutType.ZERO_HALF: 0
CutType.RESIDUAL_CAPACITY: 0
CutType.RED_SPLIT: 6
CutType.LATWO_MIR: 0
CutType.RED_SPLIT_G: 0
iteration 133
relaxation time 73.0989 seconds
CutType.COMBINATORY: 0
CutType.GMI: 0
CutType.ZERO_HALF: 0
CutType.RESIDUAL_CAPACITY: 0
CutType.RED_SPLIT: 4
CutType.LATWO_MIR: 0
CutType.RED_SPLIT_G: 0
iteration 134
relaxation time 63.4407 seconds
CutType.COMBINATORY: 0
CutType.GMI: 0
CutType.ZERO_HALF: 0
CutType.RESIDUAL_CAPACITY: 0
CutType.RED_SPLIT: 2
CutType.LATWO_MIR: 0
CutType.RED_SPLIT_G: 0
iteration 135
relaxation time 60.8482 seconds
CutType.COMBINATORY: 0
CutType.GMI: 0
CutType.ZERO_HALF: 0
CutType.RESIDUAL_CAPACITY: 0
CutType.RED_SPLIT: 2
CutType.LATWO_MIR: 0
CutType.RED_SPLIT_G: 0
iteration 136
relaxation time 53.6927 seconds
CutType.COMBINATORY: 0
CutType.GMI: 0
CutType.ZERO_HALF: 0
CutType.RESIDUAL_CAPACITY: 0
CutType.RED_SPLIT: 7
CutType.LATWO_MIR: 0
CutType.RED_SPLIT_G: 0
iteration 137
relaxation time 47.2959 seconds
CutType.COMBINATORY: 0
CutType.GMI: 0
CutType.ZERO_HALF: 0
CutType.RESIDUAL_CAPACITY: 0
CutType.RED_SPLIT: 2
CutType.LATWO_MIR: 0
CutType.RED_SPLIT_G: 0
iteration 138
relaxation time 34.3346 seconds
CutType.COMBINATORY: 0
CutType.GMI: 0
CutType.ZERO_HALF: 0
CutType.RESIDUAL_CAPACITY: 0
CutType.RED_SPLIT: 17
CutType.LATWO_MIR: 0
CutType.RED_SPLIT_G: 0
iteration 139
relaxation time 100.9833 seconds
CutType.COMBINATORY: 0
CutType.GMI: 0
CutType.ZERO_HALF: 0
CutType.RESIDUAL_CAPACITY: 0
CutType.RED_SPLIT: 9
CutType.LATWO_MIR: 0
CutType.RED_SPLIT_G: 0
iteration 140
relaxation time 52.6437 seconds
CutType.COMBINATORY: 0
CutType.GMI: 0
CutType.ZERO_HALF: 0
CutType.RESIDUAL_CAPACITY: 0
CutType.RED_SPLIT: 4
CutType.LATWO_MIR: 0
CutType.RED_SPLIT_G: 0
iteration 141
relaxation time 47.3643 seconds
CutType.COMBINATORY: 0
CutType.GMI: 0
CutType.ZERO_HALF: 0
CutType.RESIDUAL_CAPACITY: 0
CutType.RED_SPLIT: 11
CutType.LATWO_MIR: 0
CutType.RED_SPLIT_G: 0
iteration 142
relaxation time 81.3864 seconds
CutType.COMBINATORY: 0
CutType.GMI: 0
CutType.ZERO_HALF: 0
CutType.RESIDUAL_CAPACITY: 0
CutType.RED_SPLIT: 2
CutType.LATWO_MIR: 0
CutType.RED_SPLIT_G: 0
iteration 143
relaxation time 31.8632 seconds
CutType.COMBINATORY: 0
CutType.GMI: 0
CutType.ZERO_HALF: 0
CutType.RESIDUAL_CAPACITY: 0
CutType.RED_SPLIT: 4
CutType.LATWO_MIR: 0
CutType.RED_SPLIT_G: 0
iteration 144
relaxation time 36.5545 seconds
CutType.COMBINATORY: 0
CutType.GMI: 0
CutType.ZERO_HALF: 0
CutType.RESIDUAL_CAPACITY: 0
CutType.RED_SPLIT: 2
CutType.LATWO_MIR: 0
CutType.RED_SPLIT_G: 0
iteration 145
relaxation time 25.6492 seconds
CutType.COMBINATORY: 0
CutType.GMI: 0
CutType.ZERO_HALF: 0
CutType.RESIDUAL_CAPACITY: 0
CutType.RED_SPLIT: 4
CutType.LATWO_MIR: 0
CutType.RED_SPLIT_G: 0
iteration 146
relaxation time 59.8894 seconds
CutType.COMBINATORY: 0
CutType.GMI: 0
CutType.ZERO_HALF: 0
CutType.RESIDUAL_CAPACITY: 0
CutType.RED_SPLIT: 3
CutType.LATWO_MIR: 0
CutType.RED_SPLIT_G: 0
iteration 147
relaxation time 52.597 seconds
CutType.COMBINATORY: 0
CutType.GMI: 0
CutType.ZERO_HALF: 0
CutType.RESIDUAL_CAPACITY: 0
CutType.RED_SPLIT: 12
CutType.LATWO_MIR: 0
CutType.RED_SPLIT_G: 0
iteration 148
relaxation time 56.235 seconds
CutType.COMBINATORY: 0
CutType.GMI: 0
CutType.ZERO_HALF: 0
CutType.RESIDUAL_CAPACITY: 0
CutType.RED_SPLIT: 19
CutType.LATWO_MIR: 0
CutType.RED_SPLIT_G: 0
iteration 149
relaxation time 114.5945 seconds
CutType.COMBINATORY: 0
CutType.GMI: 0
CutType.ZERO_HALF: 0
CutType.RESIDUAL_CAPACITY: 0
CutType.RED_SPLIT: 22
CutType.LATWO_MIR: 0
CutType.RED_SPLIT_G: 0
iteration 150
relaxation time 116.5801 seconds
CutType.COMBINATORY: 0
CutType.GMI: 0
CutType.ZERO_HALF: 0
CutType.RESIDUAL_CAPACITY: 0
CutType.RED_SPLIT: 19
CutType.LATWO_MIR: 0
CutType.RED_SPLIT_G: 0
iteration 151
relaxation time 69.1809 seconds
CutType.COMBINATORY: 0
CutType.GMI: 0
CutType.ZERO_HALF: 0
CutType.RESIDUAL_CAPACITY: 0
CutType.RED_SPLIT: 9
CutType.LATWO_MIR: 0
CutType.RED_SPLIT_G: 0
iteration 152
relaxation time 63.587 seconds
CutType.COMBINATORY: 0
CutType.GMI: 0
CutType.ZERO_HALF: 0
CutType.RESIDUAL_CAPACITY: 0
CutType.RED_SPLIT: 12
CutType.LATWO_MIR: 0
CutType.RED_SPLIT_G: 0
iteration 153
relaxation time 80.7867 seconds
CutType.COMBINATORY: 0
CutType.GMI: 0
CutType.ZERO_HALF: 0
CutType.RESIDUAL_CAPACITY: 0
CutType.RED_SPLIT: 21
CutType.LATWO_MIR: 0
CutType.RED_SPLIT_G: 0
iteration 154
relaxation time 66.618 seconds
CutType.COMBINATORY: 0
CutType.GMI: 0
CutType.ZERO_HALF: 0
CutType.RESIDUAL_CAPACITY: 0
CutType.RED_SPLIT: 28
CutType.LATWO_MIR: 0
CutType.RED_SPLIT_G: 0
iteration 155
relaxation time 149.6949 seconds
CutType.COMBINATORY: 0
CutType.GMI: 0
CutType.ZERO_HALF: 0
CutType.RESIDUAL_CAPACITY: 0
CutType.RED_SPLIT: 23
CutType.LATWO_MIR: 0
CutType.RED_SPLIT_G: 0
iteration 156
relaxation time 67.9594 seconds
CutType.COMBINATORY: 0
CutType.GMI: 1
CutType.ZERO_HALF: 0
CutType.RESIDUAL_CAPACITY: 0
CutType.RED_SPLIT: 0
CutType.LATWO_MIR: 0
CutType.RED_SPLIT_G: 0
iteration 157
relaxation time 39.6109 seconds
CutType.COMBINATORY: 0
CutType.GMI: 1
CutType.ZERO_HALF: 0
CutType.RESIDUAL_CAPACITY: 0
CutType.RED_SPLIT: 0
CutType.LATWO_MIR: 0
CutType.RED_SPLIT_G: 0
iteration 158
relaxation time 28.5868 seconds
CutType.COMBINATORY: 0
CutType.GMI: 0
CutType.ZERO_HALF: 0
CutType.RESIDUAL_CAPACITY: 0
CutType.RED_SPLIT: 15
CutType.LATWO_MIR: 0
CutType.RED_SPLIT_G: 0
iteration 159
relaxation time 79.1483 seconds
CutType.COMBINATORY: 0
CutType.GMI: 0
CutType.ZERO_HALF: 0
CutType.RESIDUAL_CAPACITY: 0
CutType.RED_SPLIT: 16
CutType.LATWO_MIR: 0
CutType.RED_SPLIT_G: 0
iteration 160
relaxation time 101.6449 seconds
CutType.COMBINATORY: 0
CutType.GMI: 0
CutType.ZERO_HALF: 0
CutType.RESIDUAL_CAPACITY: 0
CutType.RED_SPLIT: 10
CutType.LATWO_MIR: 0
CutType.RED_SPLIT_G: 0
iteration 161
relaxation time 84.0133 seconds
CutType.COMBINATORY: 0
CutType.GMI: 1
CutType.ZERO_HALF: 0
CutType.RESIDUAL_CAPACITY: 0
CutType.RED_SPLIT: 0
CutType.LATWO_MIR: 0
CutType.RED_SPLIT_G: 0
iteration 162
relaxation time 43.7871 seconds
CutType.COMBINATORY: 0
CutType.GMI: 0
CutType.ZERO_HALF: 0
CutType.RESIDUAL_CAPACITY: 0
CutType.RED_SPLIT: 2
CutType.LATWO_MIR: 0
CutType.RED_SPLIT_G: 0
iteration 163
relaxation time 67.7353 seconds
CutType.COMBINATORY: 0
CutType.GMI: 0
CutType.ZERO_HALF: 0
CutType.RESIDUAL_CAPACITY: 0
CutType.RED_SPLIT: 12
CutType.LATWO_MIR: 0
CutType.RED_SPLIT_G: 0
iteration 164
relaxation time 209.2086 seconds
CutType.COMBINATORY: 0
CutType.GMI: 0
CutType.ZERO_HALF: 0
CutType.RESIDUAL_CAPACITY: 0
CutType.RED_SPLIT: 27
CutType.LATWO_MIR: 0
CutType.RED_SPLIT_G: 0
iteration 165
relaxation time 91.0107 seconds
CutType.COMBINATORY: 0
CutType.GMI: 0
CutType.ZERO_HALF: 0
CutType.RESIDUAL_CAPACITY: 0
CutType.RED_SPLIT: 26
CutType.LATWO_MIR: 0
CutType.RED_SPLIT_G: 0
iteration 166
relaxation time 72.7802 seconds
CutType.COMBINATORY: 0
CutType.GMI: 0
CutType.ZERO_HALF: 0
CutType.RESIDUAL_CAPACITY: 0
CutType.RED_SPLIT: 29
CutType.LATWO_MIR: 0
CutType.RED_SPLIT_G: 0
iteration 167
relaxation time 64.6821 seconds
CutType.COMBINATORY: 0
CutType.GMI: 0
CutType.ZERO_HALF: 0
CutType.RESIDUAL_CAPACITY: 0
CutType.RED_SPLIT: 29
CutType.LATWO_MIR: 0
CutType.RED_SPLIT_G: 0
iteration 168
relaxation time 76.7549 seconds
CutType.COMBINATORY: 0
CutType.GMI: 0
CutType.ZERO_HALF: 0
CutType.RESIDUAL_CAPACITY: 0
CutType.RED_SPLIT: 30
CutType.LATWO_MIR: 0
CutType.RED_SPLIT_G: 0
iteration 169
relaxation time 68.3312 seconds
CutType.COMBINATORY: 0
CutType.GMI: 0
CutType.ZERO_HALF: 0
CutType.RESIDUAL_CAPACITY: 0
CutType.RED_SPLIT: 33
CutType.LATWO_MIR: 0
CutType.RED_SPLIT_G: 0
iteration 170
relaxation time 73.707 seconds
CutType.COMBINATORY: 0
CutType.GMI: 0
CutType.ZERO_HALF: 0
CutType.RESIDUAL_CAPACITY: 0
CutType.RED_SPLIT: 30
CutType.LATWO_MIR: 0
CutType.RED_SPLIT_G: 0
iteration 171
relaxation time 56.217 seconds
CutType.COMBINATORY: 0
CutType.GMI: 0
CutType.ZERO_HALF: 0
CutType.RESIDUAL_CAPACITY: 0
CutType.RED_SPLIT: 31
CutType.LATWO_MIR: 0
CutType.RED_SPLIT_G: 0
iteration 172
relaxation time 88.4242 seconds
CutType.COMBINATORY: 0
CutType.GMI: 0
CutType.ZERO_HALF: 0
CutType.RESIDUAL_CAPACITY: 0
CutType.RED_SPLIT: 32
CutType.LATWO_MIR: 0
CutType.RED_SPLIT_G: 0
iteration 173
relaxation time 75.5339 seconds
CutType.COMBINATORY: 0
CutType.GMI: 0
CutType.ZERO_HALF: 0
CutType.RESIDUAL_CAPACITY: 0
CutType.RED_SPLIT: 27
CutType.LATWO_MIR: 0
CutType.RED_SPLIT_G: 0
iteration 174
relaxation time 61.989 seconds
CutType.COMBINATORY: 0
CutType.GMI: 0
CutType.ZERO_HALF: 0
CutType.RESIDUAL_CAPACITY: 0
CutType.RED_SPLIT: 31
CutType.LATWO_MIR: 0
CutType.RED_SPLIT_G: 0
iteration 175
relaxation time 51.8025 seconds
CutType.COMBINATORY: 0
CutType.GMI: 0
CutType.ZERO_HALF: 0
CutType.RESIDUAL_CAPACITY: 0
CutType.RED_SPLIT: 29
CutType.LATWO_MIR: 0
CutType.RED_SPLIT_G: 0
iteration 176
relaxation time 53.2944 seconds
CutType.COMBINATORY: 0
CutType.GMI: 0
CutType.ZERO_HALF: 0
CutType.RESIDUAL_CAPACITY: 0
CutType.RED_SPLIT: 31
CutType.LATWO_MIR: 0
CutType.RED_SPLIT_G: 0
iteration 177
relaxation time 36.9361 seconds
CutType.COMBINATORY: 0
CutType.GMI: 0
CutType.ZERO_HALF: 0
CutType.RESIDUAL_CAPACITY: 0
CutType.RED_SPLIT: 28
CutType.LATWO_MIR: 0
CutType.RED_SPLIT_G: 0
iteration 178
relaxation time 42.9288 seconds
CutType.COMBINATORY: 0
CutType.GMI: 0
CutType.ZERO_HALF: 0
CutType.RESIDUAL_CAPACITY: 0
CutType.RED_SPLIT: 32
CutType.LATWO_MIR: 0
CutType.RED_SPLIT_G: 0
iteration 179
relaxation time 53.5957 seconds
CutType.COMBINATORY: 0
CutType.GMI: 0
CutType.ZERO_HALF: 0
CutType.RESIDUAL_CAPACITY: 0
CutType.RED_SPLIT: 29
CutType.LATWO_MIR: 0
CutType.RED_SPLIT_G: 0
iteration 180
relaxation time 44.6691 seconds
CutType.COMBINATORY: 0
CutType.GMI: 0
CutType.ZERO_HALF: 0
CutType.RESIDUAL_CAPACITY: 0
CutType.RED_SPLIT: 30
CutType.LATWO_MIR: 0
CutType.RED_SPLIT_G: 0
iteration 181
relaxation time 41.8402 seconds
CutType.COMBINATORY: 0
CutType.GMI: 1
CutType.ZERO_HALF: 0
CutType.RESIDUAL_CAPACITY: 0
CutType.RED_SPLIT: 0
CutType.LATWO_MIR: 0
CutType.RED_SPLIT_G: 0
iteration 182
relaxation time 36.5616 seconds
CutType.COMBINATORY: 0
CutType.GMI: 0
CutType.ZERO_HALF: 0
CutType.RESIDUAL_CAPACITY: 0
CutType.RED_SPLIT: 30
CutType.LATWO_MIR: 0
CutType.RED_SPLIT_G: 0
iteration 183
relaxation time 41.4022 seconds
CutType.COMBINATORY: 0
CutType.GMI: 0
CutType.ZERO_HALF: 0
CutType.RESIDUAL_CAPACITY: 0
CutType.RED_SPLIT: 34
CutType.LATWO_MIR: 0
CutType.RED_SPLIT_G: 0
iteration 184
relaxation time 36.1514 seconds
CutType.COMBINATORY: 0
CutType.GMI: 0
CutType.ZERO_HALF: 0
CutType.RESIDUAL_CAPACITY: 0
CutType.RED_SPLIT: 34
CutType.LATWO_MIR: 0
CutType.RED_SPLIT_G: 0
iteration 185
relaxation time 63.265 seconds
CutType.COMBINATORY: 0
CutType.GMI: 0
CutType.ZERO_HALF: 0
CutType.RESIDUAL_CAPACITY: 0
CutType.RED_SPLIT: 29
CutType.LATWO_MIR: 0
CutType.RED_SPLIT_G: 0
iteration 186
relaxation time 66.3711 seconds
CutType.COMBINATORY: 0
CutType.GMI: 0
CutType.ZERO_HALF: 0
CutType.RESIDUAL_CAPACITY: 0
CutType.RED_SPLIT: 30
CutType.LATWO_MIR: 0
CutType.RED_SPLIT_G: 0
iteration 187
relaxation time 75.6487 seconds
CutType.COMBINATORY: 0
CutType.GMI: 0
CutType.ZERO_HALF: 0
CutType.RESIDUAL_CAPACITY: 0
CutType.RED_SPLIT: 33
CutType.LATWO_MIR: 0
CutType.RED_SPLIT_G: 0
iteration 188
relaxation time 63.9872 seconds
CutType.COMBINATORY: 0
CutType.GMI: 0
CutType.ZERO_HALF: 0
CutType.RESIDUAL_CAPACITY: 0
CutType.RED_SPLIT: 34
CutType.LATWO_MIR: 0
CutType.RED_SPLIT_G: 0
iteration 189
relaxation time 101.4095 seconds
CutType.COMBINATORY: 0
CutType.GMI: 0
CutType.ZERO_HALF: 0
CutType.RESIDUAL_CAPACITY: 0
CutType.RED_SPLIT: 29
CutType.LATWO_MIR: 0
CutType.RED_SPLIT_G: 0
iteration 190
relaxation time 63.8422 seconds
CutType.COMBINATORY: 0
CutType.GMI: 0
CutType.ZERO_HALF: 0
CutType.RESIDUAL_CAPACITY: 0
CutType.RED_SPLIT: 31
CutType.LATWO_MIR: 0
CutType.RED_SPLIT_G: 0
iteration 191
relaxation time 69.7125 seconds
CutType.COMBINATORY: 0
CutType.GMI: 0
CutType.ZERO_HALF: 0
CutType.RESIDUAL_CAPACITY: 0
CutType.RED_SPLIT: 34
CutType.LATWO_MIR: 0
CutType.RED_SPLIT_G: 0
iteration 192
relaxation time 65.7408 seconds
CutType.COMBINATORY: 0
CutType.GMI: 0
CutType.ZERO_HALF: 0
CutType.RESIDUAL_CAPACITY: 0
CutType.RED_SPLIT: 32
CutType.LATWO_MIR: 0
CutType.RED_SPLIT_G: 0
iteration 193
relaxation time 72.6598 seconds
CutType.COMBINATORY: 0
CutType.GMI: 0
CutType.ZERO_HALF: 0
CutType.RESIDUAL_CAPACITY: 0
CutType.RED_SPLIT: 30
CutType.LATWO_MIR: 0
CutType.RED_SPLIT_G: 0
iteration 194
relaxation time 50.8107 seconds
CutType.COMBINATORY: 0
CutType.GMI: 0
CutType.ZERO_HALF: 0
CutType.RESIDUAL_CAPACITY: 0
CutType.RED_SPLIT: 32
CutType.LATWO_MIR: 0
CutType.RED_SPLIT_G: 0
iteration 195
relaxation time 88.1623 seconds
CutType.COMBINATORY: 0
CutType.GMI: 0
CutType.ZERO_HALF: 0
CutType.RESIDUAL_CAPACITY: 0
CutType.RED_SPLIT: 29
CutType.LATWO_MIR: 0
CutType.RED_SPLIT_G: 0
iteration 196
relaxation time 88.1949 seconds
CutType.COMBINATORY: 0
CutType.GMI: 0
CutType.ZERO_HALF: 0
CutType.RESIDUAL_CAPACITY: 0
CutType.RED_SPLIT: 29
CutType.LATWO_MIR: 0
CutType.RED_SPLIT_G: 0
iteration 197
relaxation time 95.1817 seconds
CutType.COMBINATORY: 0
CutType.GMI: 0
CutType.ZERO_HALF: 0
CutType.RESIDUAL_CAPACITY: 0
len dataset: 3464
test_ok: 3464
test_false: 0
Combinatory set: [<CutType.CLIQUE: 12>, <CutType.PROBING: 0>]
Non-Combinatory set: [<CutType.RED_SPLIT_G: 4>, <CutType.GMI: 2>, <CutType.LATWO_MIR: 8>]
iteration 0
relaxation time 2.5613 seconds
CutType.COMBINATORY: 0
CutType.RED_SPLIT_G: 23
CutType.GMI: 0
CutType.LATWO_MIR: 0
iteration 1
relaxation time 0.2977 seconds
CutType.COMBINATORY: 0
CutType.RED_SPLIT_G: 3
CutType.GMI: 0
CutType.LATWO_MIR: 0
iteration 2
relaxation time 0.3786 seconds
CutType.COMBINATORY: 0
CutType.RED_SPLIT_G: 5
CutType.GMI: 0
CutType.LATWO_MIR: 0
iteration 3
relaxation time 0.5147 seconds
CutType.COMBINATORY: 0
CutType.RED_SPLIT_G: 3
CutType.GMI: 0
CutType.LATWO_MIR: 0
iteration 4
relaxation time 0.3872 seconds
CutType.COMBINATORY: 0
CutType.RED_SPLIT_G: 3
CutType.GMI: 0
CutType.LATWO_MIR: 0
iteration 5
relaxation time 0.3952 seconds
CutType.COMBINATORY: 0
CutType.RED_SPLIT_G: 4
CutType.GMI: 0
CutType.LATWO_MIR: 0
iteration 6
relaxation time 0.4281 seconds
CutType.COMBINATORY: 0
CutType.RED_SPLIT_G: 0
CutType.GMI: 38
CutType.LATWO_MIR: 0
iteration 7
relaxation time 4.1722 seconds
CutType.COMBINATORY: 0
CutType.RED_SPLIT_G: 5
CutType.GMI: 0
CutType.LATWO_MIR: 0
iteration 8
relaxation time 0.0572 seconds
CutType.COMBINATORY: 0
CutType.RED_SPLIT_G: 5
CutType.GMI: 0
CutType.LATWO_MIR: 0
iteration 9
relaxation time 0.0554 seconds
CutType.COMBINATORY: 0
CutType.RED_SPLIT_G: 5
CutType.GMI: 0
CutType.LATWO_MIR: 0
iteration 10
relaxation time 0.046 seconds
CutType.COMBINATORY: 0
CutType.RED_SPLIT_G: 9
CutType.GMI: 0
CutType.LATWO_MIR: 0
iteration 11
relaxation time 0.8568 seconds
CutType.COMBINATORY: 0
CutType.RED_SPLIT_G: 17
CutType.GMI: 0
CutType.LATWO_MIR: 0
iteration 12
relaxation time 0.077 seconds
CutType.COMBINATORY: 0
CutType.RED_SPLIT_G: 9
CutType.GMI: 0
CutType.LATWO_MIR: 0
iteration 13
relaxation time 0.0587 seconds
CutType.COMBINATORY: 0
CutType.RED_SPLIT_G: 23
CutType.GMI: 0
CutType.LATWO_MIR: 0
iteration 14
relaxation time 0.0617 seconds
CutType.COMBINATORY: 0
CutType.RED_SPLIT_G: 32
CutType.GMI: 0
CutType.LATWO_MIR: 0
iteration 15
relaxation time 0.066 seconds
CutType.COMBINATORY: 0
CutType.RED_SPLIT_G: 44
CutType.GMI: 0
CutType.LATWO_MIR: 0
iteration 16
relaxation time 0.0838 seconds
CutType.COMBINATORY: 0
CutType.RED_SPLIT_G: 7
CutType.GMI: 0
CutType.LATWO_MIR: 0
iteration 17
relaxation time 0.0777 seconds
CutType.COMBINATORY: 0
CutType.RED_SPLIT_G: 43
CutType.GMI: 0
CutType.LATWO_MIR: 0
iteration 18
relaxation time 0.0787 seconds
CutType.COMBINATORY: 0
CutType.RED_SPLIT_G: 32
CutType.GMI: 0
CutType.LATWO_MIR: 0
iteration 19
relaxation time 0.0945 seconds
CutType.COMBINATORY: 0
CutType.RED_SPLIT_G: 44
CutType.GMI: 0
CutType.LATWO_MIR: 0
iteration 20
relaxation time 0.0905 seconds
CutType.COMBINATORY: 0
CutType.RED_SPLIT_G: 42
CutType.GMI: 0
CutType.LATWO_MIR: 0
iteration 21
relaxation time 0.0991 seconds
CutType.COMBINATORY: 0
CutType.RED_SPLIT_G: 33
CutType.GMI: 0
CutType.LATWO_MIR: 0
iteration 22
relaxation time 0.0865 seconds
CutType.COMBINATORY: 0
CutType.RED_SPLIT_G: 24
CutType.GMI: 0
CutType.LATWO_MIR: 0
iteration 23
relaxation time 0.1021 seconds
CutType.COMBINATORY: 0
CutType.RED_SPLIT_G: 40
CutType.GMI: 0
CutType.LATWO_MIR: 0
iteration 24
relaxation time 0.101 seconds
CutType.COMBINATORY: 0
CutType.RED_SPLIT_G: 64
CutType.GMI: 0
CutType.LATWO_MIR: 0
iteration 25
relaxation time 0.1009 seconds
CutType.COMBINATORY: 0
CutType.RED_SPLIT_G: 63
CutType.GMI: 0
CutType.LATWO_MIR: 0
iteration 26
relaxation time 0.1316 seconds
CutType.COMBINATORY: 0
CutType.RED_SPLIT_G: 55
CutType.GMI: 0
CutType.LATWO_MIR: 0
iteration 27
relaxation time 0.1369 seconds
CutType.COMBINATORY: 0
CutType.RED_SPLIT_G: 43
CutType.GMI: 0
CutType.LATWO_MIR: 0
iteration 28
relaxation time 0.1598 seconds
CutType.COMBINATORY: 0
CutType.RED_SPLIT_G: 50
CutType.GMI: 0
CutType.LATWO_MIR: 0
iteration 29
relaxation time 0.1547 seconds
CutType.COMBINATORY: 0
CutType.RED_SPLIT_G: 39
CutType.GMI: 0
CutType.LATWO_MIR: 0
iteration 30
relaxation time 0.1435 seconds
CutType.COMBINATORY: 0
CutType.RED_SPLIT_G: 49
CutType.GMI: 0
CutType.LATWO_MIR: 0
iteration 31
relaxation time 0.1373 seconds
CutType.COMBINATORY: 0
CutType.RED_SPLIT_G: 51
CutType.GMI: 0
CutType.LATWO_MIR: 0
iteration 32
relaxation time 0.1625 seconds
CutType.COMBINATORY: 0
CutType.RED_SPLIT_G: 46
CutType.GMI: 0
CutType.LATWO_MIR: 0
iteration 33
relaxation time 0.131 seconds
CutType.COMBINATORY: 0
CutType.RED_SPLIT_G: 64
CutType.GMI: 0
CutType.LATWO_MIR: 0
iteration 34
relaxation time 0.1599 seconds
CutType.COMBINATORY: 0
CutType.RED_SPLIT_G: 58
CutType.GMI: 0
CutType.LATWO_MIR: 0
iteration 35
relaxation time 0.1484 seconds
CutType.COMBINATORY: 0
CutType.RED_SPLIT_G: 50
CutType.GMI: 0
CutType.LATWO_MIR: 0
iteration 36
relaxation time 0.1401 seconds
CutType.COMBINATORY: 0
CutType.RED_SPLIT_G: 34
CutType.GMI: 0
CutType.LATWO_MIR: 0
iteration 37
relaxation time 0.2029 seconds
CutType.COMBINATORY: 0
CutType.RED_SPLIT_G: 44
CutType.GMI: 0
CutType.LATWO_MIR: 0
iteration 38
relaxation time 0.2035 seconds
CutType.COMBINATORY: 0
CutType.RED_SPLIT_G: 56
CutType.GMI: 0
CutType.LATWO_MIR: 0
iteration 39
relaxation time 0.1396 seconds
CutType.COMBINATORY: 0
CutType.RED_SPLIT_G: 59
CutType.GMI: 0
CutType.LATWO_MIR: 0
iteration 40
relaxation time 0.1791 seconds
CutType.COMBINATORY: 0
CutType.RED_SPLIT_G: 41
CutType.GMI: 0
CutType.LATWO_MIR: 0
iteration 41
relaxation time 0.2001 seconds
CutType.COMBINATORY: 0
CutType.RED_SPLIT_G: 45
CutType.GMI: 0
CutType.LATWO_MIR: 0
iteration 42
relaxation time 0.2215 seconds
CutType.COMBINATORY: 0
CutType.RED_SPLIT_G: 55
CutType.GMI: 0
CutType.LATWO_MIR: 0
iteration 43
relaxation time 0.2623 seconds
CutType.COMBINATORY: 0
CutType.RED_SPLIT_G: 17
CutType.GMI: 0
CutType.LATWO_MIR: 0
iteration 44
relaxation time 0.2423 seconds
CutType.COMBINATORY: 0
CutType.RED_SPLIT_G: 44
CutType.GMI: 0
CutType.LATWO_MIR: 0
iteration 45
relaxation time 0.1964 seconds
CutType.COMBINATORY: 0
CutType.RED_SPLIT_G: 34
CutType.GMI: 0
CutType.LATWO_MIR: 0
iteration 46
relaxation time 0.2129 seconds
CutType.COMBINATORY: 0
CutType.RED_SPLIT_G: 32
CutType.GMI: 0
CutType.LATWO_MIR: 0
iteration 47
relaxation time 0.2381 seconds
CutType.COMBINATORY: 0
CutType.RED_SPLIT_G: 43
CutType.GMI: 0
CutType.LATWO_MIR: 0
iteration 48
relaxation time 0.2748 seconds
CutType.COMBINATORY: 0
CutType.RED_SPLIT_G: 43
CutType.GMI: 0
CutType.LATWO_MIR: 0
iteration 49
relaxation time 0.2625 seconds
CutType.COMBINATORY: 0
CutType.RED_SPLIT_G: 37
CutType.GMI: 0
CutType.LATWO_MIR: 0
iteration 50
relaxation time 0.2657 seconds
CutType.COMBINATORY: 0
CutType.RED_SPLIT_G: 55
CutType.GMI: 0
CutType.LATWO_MIR: 0
iteration 51
relaxation time 0.2945 seconds
CutType.COMBINATORY: 0
CutType.RED_SPLIT_G: 74
CutType.GMI: 0
CutType.LATWO_MIR: 0
iteration 52
relaxation time 0.317 seconds
CutType.COMBINATORY: 0
CutType.RED_SPLIT_G: 22
CutType.GMI: 0
CutType.LATWO_MIR: 0
iteration 53
relaxation time 0.2299 seconds
CutType.COMBINATORY: 0
CutType.RED_SPLIT_G: 51
CutType.GMI: 0
CutType.LATWO_MIR: 0
iteration 54
relaxation time 0.3481 seconds
CutType.COMBINATORY: 0
CutType.RED_SPLIT_G: 35
CutType.GMI: 0
CutType.LATWO_MIR: 0
iteration 55
relaxation time 0.3556 seconds
CutType.COMBINATORY: 0
CutType.RED_SPLIT_G: 60
CutType.GMI: 0
CutType.LATWO_MIR: 0
iteration 56
relaxation time 0.331 seconds
CutType.COMBINATORY: 0
CutType.RED_SPLIT_G: 52
CutType.GMI: 0
CutType.LATWO_MIR: 0
iteration 57
relaxation time 0.3856 seconds
CutType.COMBINATORY: 0
CutType.RED_SPLIT_G: 60
CutType.GMI: 0
CutType.LATWO_MIR: 0
iteration 58
relaxation time 0.3867 seconds
CutType.COMBINATORY: 0
CutType.RED_SPLIT_G: 58
CutType.GMI: 0
CutType.LATWO_MIR: 0
iteration 59
relaxation time 0.3593 seconds
CutType.COMBINATORY: 0
CutType.RED_SPLIT_G: 50
CutType.GMI: 0
CutType.LATWO_MIR: 0
iteration 60
relaxation time 0.3184 seconds
CutType.COMBINATORY: 0
CutType.RED_SPLIT_G: 37
CutType.GMI: 0
CutType.LATWO_MIR: 0
iteration 61
relaxation time 0.3765 seconds
CutType.COMBINATORY: 0
CutType.RED_SPLIT_G: 44
CutType.GMI: 0
CutType.LATWO_MIR: 0
iteration 62
relaxation time 0.4021 seconds
CutType.COMBINATORY: 0
CutType.RED_SPLIT_G: 39
CutType.GMI: 0
CutType.LATWO_MIR: 0
iteration 63
relaxation time 0.3127 seconds
CutType.COMBINATORY: 0
CutType.RED_SPLIT_G: 36
CutType.GMI: 0
CutType.LATWO_MIR: 0
iteration 64
relaxation time 0.42 seconds
CutType.COMBINATORY: 0
CutType.RED_SPLIT_G: 20
CutType.GMI: 0
CutType.LATWO_MIR: 0
iteration 65
relaxation time 0.4415 seconds
CutType.COMBINATORY: 0
CutType.RED_SPLIT_G: 31
CutType.GMI: 0
CutType.LATWO_MIR: 0
iteration 66
relaxation time 0.466 seconds
CutType.COMBINATORY: 0
CutType.RED_SPLIT_G: 63
CutType.GMI: 0
CutType.LATWO_MIR: 0
iteration 67
relaxation time 0.4605 seconds
CutType.COMBINATORY: 0
CutType.RED_SPLIT_G: 60
CutType.GMI: 0
CutType.LATWO_MIR: 0
iteration 68
relaxation time 0.3977 seconds
CutType.COMBINATORY: 0
CutType.RED_SPLIT_G: 40
CutType.GMI: 0
CutType.LATWO_MIR: 0
iteration 69
relaxation time 0.5077 seconds
CutType.COMBINATORY: 0
CutType.RED_SPLIT_G: 44
CutType.GMI: 0
CutType.LATWO_MIR: 0
iteration 70
relaxation time 0.4936 seconds
CutType.COMBINATORY: 0
CutType.RED_SPLIT_G: 32
CutType.GMI: 0
CutType.LATWO_MIR: 0
iteration 71
relaxation time 0.4754 seconds
CutType.COMBINATORY: 0
CutType.RED_SPLIT_G: 56
CutType.GMI: 0
CutType.LATWO_MIR: 0
iteration 72
relaxation time 0.4976 seconds
CutType.COMBINATORY: 0
CutType.RED_SPLIT_G: 26
CutType.GMI: 0
CutType.LATWO_MIR: 0
iteration 73
relaxation time 0.5046 seconds
CutType.COMBINATORY: 0
CutType.RED_SPLIT_G: 53
CutType.GMI: 0
CutType.LATWO_MIR: 0
iteration 74
relaxation time 0.5134 seconds
CutType.COMBINATORY: 0
CutType.RED_SPLIT_G: 41
CutType.GMI: 0
CutType.LATWO_MIR: 0
iteration 75
relaxation time 0.4839 seconds
CutType.COMBINATORY: 0
CutType.RED_SPLIT_G: 39
CutType.GMI: 0
CutType.LATWO_MIR: 0
iteration 76
relaxation time 0.5243 seconds
CutType.COMBINATORY: 0
CutType.RED_SPLIT_G: 30
CutType.GMI: 0
CutType.LATWO_MIR: 0
iteration 77
relaxation time 0.5275 seconds
CutType.COMBINATORY: 0
CutType.RED_SPLIT_G: 51
CutType.GMI: 0
CutType.LATWO_MIR: 0
iteration 78
relaxation time 0.5652 seconds
CutType.COMBINATORY: 0
CutType.RED_SPLIT_G: 31
CutType.GMI: 0
CutType.LATWO_MIR: 0
iteration 79
relaxation time 0.5596 seconds
CutType.COMBINATORY: 0
CutType.RED_SPLIT_G: 64
CutType.GMI: 0
CutType.LATWO_MIR: 0
iteration 80
relaxation time 0.5433 seconds
CutType.COMBINATORY: 0
CutType.RED_SPLIT_G: 43
CutType.GMI: 0
CutType.LATWO_MIR: 0
iteration 81
relaxation time 0.6196 seconds
CutType.COMBINATORY: 0
CutType.RED_SPLIT_G: 53
CutType.GMI: 0
CutType.LATWO_MIR: 0
iteration 82
relaxation time 0.6958 seconds
CutType.COMBINATORY: 0
CutType.RED_SPLIT_G: 24
CutType.GMI: 0
CutType.LATWO_MIR: 0
iteration 83
relaxation time 0.6846 seconds
CutType.COMBINATORY: 0
CutType.RED_SPLIT_G: 31
CutType.GMI: 0
CutType.LATWO_MIR: 0
iteration 84
relaxation time 0.5181 seconds
CutType.COMBINATORY: 0
CutType.RED_SPLIT_G: 62
CutType.GMI: 0
CutType.LATWO_MIR: 0
iteration 85
relaxation time 0.6795 seconds
CutType.COMBINATORY: 0
CutType.RED_SPLIT_G: 18
CutType.GMI: 0
CutType.LATWO_MIR: 0
iteration 86
relaxation time 0.6226 seconds
CutType.COMBINATORY: 0
CutType.RED_SPLIT_G: 55
CutType.GMI: 0
CutType.LATWO_MIR: 0
iteration 87
relaxation time 0.6501 seconds
CutType.COMBINATORY: 0
CutType.RED_SPLIT_G: 41
CutType.GMI: 0
CutType.LATWO_MIR: 0
iteration 88
relaxation time 0.6397 seconds
CutType.COMBINATORY: 0
CutType.RED_SPLIT_G: 35
CutType.GMI: 0
CutType.LATWO_MIR: 0
iteration 89
relaxation time 0.6674 seconds
CutType.COMBINATORY: 0
CutType.RED_SPLIT_G: 59
CutType.GMI: 0
CutType.LATWO_MIR: 0
iteration 90
relaxation time 0.6607 seconds
CutType.COMBINATORY: 0
CutType.RED_SPLIT_G: 19
CutType.GMI: 0
CutType.LATWO_MIR: 0
iteration 91
relaxation time 0.6528 seconds
CutType.COMBINATORY: 0
CutType.RED_SPLIT_G: 42
CutType.GMI: 0
CutType.LATWO_MIR: 0
iteration 92
relaxation time 0.6657 seconds
CutType.COMBINATORY: 0
CutType.RED_SPLIT_G: 47
CutType.GMI: 0
CutType.LATWO_MIR: 0
iteration 93
relaxation time 0.7294 seconds
CutType.COMBINATORY: 0
CutType.RED_SPLIT_G: 38
CutType.GMI: 0
CutType.LATWO_MIR: 0
iteration 94
relaxation time 0.6193 seconds
CutType.COMBINATORY: 0
CutType.RED_SPLIT_G: 17
CutType.GMI: 0
CutType.LATWO_MIR: 0
iteration 95
relaxation time 0.6296 seconds
CutType.COMBINATORY: 0
CutType.RED_SPLIT_G: 39
CutType.GMI: 0
CutType.LATWO_MIR: 0
iteration 96
relaxation time 0.5983 seconds
CutType.COMBINATORY: 0
CutType.RED_SPLIT_G: 49
CutType.GMI: 0
CutType.LATWO_MIR: 0
iteration 97
relaxation time 0.6281 seconds
CutType.COMBINATORY: 0
CutType.RED_SPLIT_G: 45
CutType.GMI: 0
CutType.LATWO_MIR: 0
iteration 98
relaxation time 0.6325 seconds
CutType.COMBINATORY: 0
CutType.RED_SPLIT_G: 14
CutType.GMI: 0
CutType.LATWO_MIR: 0
iteration 99
relaxation time 0.5539 seconds
CutType.COMBINATORY: 0
CutType.RED_SPLIT_G: 43
CutType.GMI: 0
CutType.LATWO_MIR: 0
iteration 100
relaxation time 0.8231 seconds
CutType.COMBINATORY: 0
CutType.RED_SPLIT_G: 26
CutType.GMI: 0
CutType.LATWO_MIR: 0
iteration 101
relaxation time 0.6712 seconds
CutType.COMBINATORY: 0
CutType.RED_SPLIT_G: 54
CutType.GMI: 0
CutType.LATWO_MIR: 0
iteration 102
relaxation time 1.0307 seconds
CutType.COMBINATORY: 0
CutType.RED_SPLIT_G: 57
CutType.GMI: 0
CutType.LATWO_MIR: 0
iteration 103
relaxation time 0.6566 seconds
CutType.COMBINATORY: 0
CutType.RED_SPLIT_G: 39
CutType.GMI: 0
CutType.LATWO_MIR: 0
iteration 104
relaxation time 0.634 seconds
CutType.COMBINATORY: 0
CutType.RED_SPLIT_G: 35
CutType.GMI: 0
CutType.LATWO_MIR: 0
iteration 105
relaxation time 0.687 seconds
CutType.COMBINATORY: 0
CutType.RED_SPLIT_G: 18
CutType.GMI: 0
CutType.LATWO_MIR: 0
iteration 106
relaxation time 0.6809 seconds
CutType.COMBINATORY: 0
CutType.RED_SPLIT_G: 34
CutType.GMI: 0
CutType.LATWO_MIR: 0
iteration 107
relaxation time 0.6768 seconds
CutType.COMBINATORY: 0
CutType.RED_SPLIT_G: 63
CutType.GMI: 0
CutType.LATWO_MIR: 0
iteration 108
relaxation time 0.8955 seconds
CutType.COMBINATORY: 0
CutType.RED_SPLIT_G: 52
CutType.GMI: 0
CutType.LATWO_MIR: 0
iteration 109
relaxation time 0.723 seconds
CutType.COMBINATORY: 0
CutType.RED_SPLIT_G: 51
CutType.GMI: 0
CutType.LATWO_MIR: 0
iteration 110
relaxation time 0.7391 seconds
CutType.COMBINATORY: 0
CutType.RED_SPLIT_G: 44
CutType.GMI: 0
CutType.LATWO_MIR: 0
iteration 111
relaxation time 0.6742 seconds
CutType.COMBINATORY: 0
CutType.RED_SPLIT_G: 42
CutType.GMI: 0
CutType.LATWO_MIR: 0
iteration 112
relaxation time 0.7022 seconds
CutType.COMBINATORY: 0
CutType.RED_SPLIT_G: 37
CutType.GMI: 0
CutType.LATWO_MIR: 0
iteration 113
relaxation time 0.929 seconds
CutType.COMBINATORY: 0
CutType.RED_SPLIT_G: 53
CutType.GMI: 0
CutType.LATWO_MIR: 0
iteration 114
relaxation time 0.803 seconds
CutType.COMBINATORY: 0
CutType.RED_SPLIT_G: 55
CutType.GMI: 0
CutType.LATWO_MIR: 0
iteration 115
relaxation time 0.8081 seconds
CutType.COMBINATORY: 0
CutType.RED_SPLIT_G: 41
CutType.GMI: 0
CutType.LATWO_MIR: 0
iteration 116
relaxation time 0.7801 seconds
CutType.COMBINATORY: 0
CutType.RED_SPLIT_G: 48
CutType.GMI: 0
CutType.LATWO_MIR: 0
iteration 117
relaxation time 0.8794 seconds
CutType.COMBINATORY: 0
CutType.RED_SPLIT_G: 18
CutType.GMI: 0
CutType.LATWO_MIR: 0
iteration 118
relaxation time 0.844 seconds
CutType.COMBINATORY: 0
CutType.RED_SPLIT_G: 13
CutType.GMI: 0
CutType.LATWO_MIR: 0
iteration 119
relaxation time 0.8107 seconds
CutType.COMBINATORY: 0
CutType.RED_SPLIT_G: 26
CutType.GMI: 0
CutType.LATWO_MIR: 0
iteration 120
relaxation time 0.8215 seconds
CutType.COMBINATORY: 0
CutType.RED_SPLIT_G: 51
CutType.GMI: 0
CutType.LATWO_MIR: 0
iteration 121
relaxation time 0.824 seconds
CutType.COMBINATORY: 0
CutType.RED_SPLIT_G: 49
CutType.GMI: 0
CutType.LATWO_MIR: 0
iteration 122
relaxation time 0.8692 seconds
CutType.COMBINATORY: 0
CutType.RED_SPLIT_G: 16
CutType.GMI: 0
CutType.LATWO_MIR: 0
iteration 123
relaxation time 0.8521 seconds
CutType.COMBINATORY: 0
CutType.RED_SPLIT_G: 22
CutType.GMI: 0
CutType.LATWO_MIR: 0
iteration 124
relaxation time 0.7947 seconds
CutType.COMBINATORY: 0
CutType.RED_SPLIT_G: 19
CutType.GMI: 0
CutType.LATWO_MIR: 0
iteration 125
relaxation time 0.8089 seconds
CutType.COMBINATORY: 0
CutType.RED_SPLIT_G: 37
CutType.GMI: 0
CutType.LATWO_MIR: 0
iteration 126
relaxation time 0.9043 seconds
CutType.COMBINATORY: 0
CutType.RED_SPLIT_G: 52
CutType.GMI: 0
CutType.LATWO_MIR: 0
iteration 127
relaxation time 0.8726 seconds
CutType.COMBINATORY: 0
CutType.RED_SPLIT_G: 18
CutType.GMI: 0
CutType.LATWO_MIR: 0
iteration 128
relaxation time 0.8237 seconds
CutType.COMBINATORY: 0
CutType.RED_SPLIT_G: 22
CutType.GMI: 0
CutType.LATWO_MIR: 0
iteration 129
relaxation time 1.1228 seconds
CutType.COMBINATORY: 0
CutType.RED_SPLIT_G: 32
CutType.GMI: 0
CutType.LATWO_MIR: 0
iteration 130
relaxation time 0.8897 seconds
CutType.COMBINATORY: 0
CutType.RED_SPLIT_G: 30
CutType.GMI: 0
CutType.LATWO_MIR: 0
iteration 131
relaxation time 0.9072 seconds
CutType.COMBINATORY: 0
CutType.RED_SPLIT_G: 33
CutType.GMI: 0
CutType.LATWO_MIR: 0
iteration 132
relaxation time 0.8922 seconds
CutType.COMBINATORY: 0
CutType.RED_SPLIT_G: 18
CutType.GMI: 0
CutType.LATWO_MIR: 0
iteration 133
relaxation time 1.1553 seconds
CutType.COMBINATORY: 0
CutType.RED_SPLIT_G: 56
CutType.GMI: 0
CutType.LATWO_MIR: 0
iteration 134
relaxation time 0.9565 seconds
CutType.COMBINATORY: 0
CutType.RED_SPLIT_G: 37
CutType.GMI: 0
CutType.LATWO_MIR: 0
iteration 135
relaxation time 0.9149 seconds
CutType.COMBINATORY: 0
CutType.RED_SPLIT_G: 54
CutType.GMI: 0
CutType.LATWO_MIR: 0
iteration 136
relaxation time 0.9926 seconds
CutType.COMBINATORY: 0
CutType.RED_SPLIT_G: 48
CutType.GMI: 0
CutType.LATWO_MIR: 0
iteration 137
relaxation time 1.1638 seconds
CutType.COMBINATORY: 0
CutType.RED_SPLIT_G: 50
CutType.GMI: 0
CutType.LATWO_MIR: 0
iteration 138
relaxation time 0.9482 seconds
CutType.COMBINATORY: 0
CutType.RED_SPLIT_G: 39
CutType.GMI: 0
CutType.LATWO_MIR: 0
iteration 139
relaxation time 0.9253 seconds
CutType.COMBINATORY: 0
CutType.RED_SPLIT_G: 39
CutType.GMI: 0
CutType.LATWO_MIR: 0
iteration 140
relaxation time 0.9305 seconds
CutType.COMBINATORY: 0
CutType.RED_SPLIT_G: 50
CutType.GMI: 0
CutType.LATWO_MIR: 0
iteration 141
relaxation time 0.9835 seconds
CutType.COMBINATORY: 0
CutType.RED_SPLIT_G: 4
CutType.GMI: 0
CutType.LATWO_MIR: 0
iteration 142
relaxation time 0.9851 seconds
CutType.COMBINATORY: 0
CutType.RED_SPLIT_G: 50
CutType.GMI: 0
CutType.LATWO_MIR: 0
iteration 143
relaxation time 0.942 seconds
CutType.COMBINATORY: 0
CutType.RED_SPLIT_G: 61
CutType.GMI: 0
CutType.LATWO_MIR: 0
iteration 144
relaxation time 0.8767 seconds
CutType.COMBINATORY: 0
CutType.RED_SPLIT_G: 48
CutType.GMI: 0
CutType.LATWO_MIR: 0
iteration 145
relaxation time 0.908 seconds
CutType.COMBINATORY: 0
CutType.RED_SPLIT_G: 17
CutType.GMI: 0
CutType.LATWO_MIR: 0
iteration 146
relaxation time 0.9094 seconds
CutType.COMBINATORY: 0
CutType.RED_SPLIT_G: 37
CutType.GMI: 0
CutType.LATWO_MIR: 0
iteration 147
relaxation time 0.9388 seconds
CutType.COMBINATORY: 0
CutType.RED_SPLIT_G: 52
CutType.GMI: 0
CutType.LATWO_MIR: 0
iteration 148
relaxation time 1.0654 seconds
CutType.COMBINATORY: 0
CutType.RED_SPLIT_G: 42
CutType.GMI: 0
CutType.LATWO_MIR: 0
iteration 149
relaxation time 0.9498 seconds
CutType.COMBINATORY: 0
CutType.RED_SPLIT_G: 61
CutType.GMI: 0
CutType.LATWO_MIR: 0
iteration 150
relaxation time 1.1599 seconds
CutType.COMBINATORY: 0
CutType.RED_SPLIT_G: 67
CutType.GMI: 0
CutType.LATWO_MIR: 0
iteration 151
relaxation time 1.0631 seconds
CutType.COMBINATORY: 0
CutType.RED_SPLIT_G: 27
CutType.GMI: 0
CutType.LATWO_MIR: 0
iteration 152
relaxation time 1.0369 seconds
CutType.COMBINATORY: 0
CutType.RED_SPLIT_G: 33
CutType.GMI: 0
CutType.LATWO_MIR: 0
iteration 153
relaxation time 0.9821 seconds
CutType.COMBINATORY: 0
CutType.RED_SPLIT_G: 65
CutType.GMI: 0
CutType.LATWO_MIR: 0
iteration 154
relaxation time 1.2643 seconds
CutType.COMBINATORY: 0
CutType.RED_SPLIT_G: 19
CutType.GMI: 0
CutType.LATWO_MIR: 0
iteration 155
relaxation time 0.9839 seconds
CutType.COMBINATORY: 0
CutType.RED_SPLIT_G: 67
CutType.GMI: 0
CutType.LATWO_MIR: 0
iteration 156
relaxation time 1.2194 seconds
CutType.COMBINATORY: 0
CutType.RED_SPLIT_G: 46
CutType.GMI: 0
CutType.LATWO_MIR: 0
iteration 157
relaxation time 1.1812 seconds
CutType.COMBINATORY: 0
CutType.RED_SPLIT_G: 15
CutType.GMI: 0
CutType.LATWO_MIR: 0
iteration 158
relaxation time 1.413 seconds
CutType.COMBINATORY: 0
CutType.RED_SPLIT_G: 12
CutType.GMI: 0
CutType.LATWO_MIR: 0
iteration 159
relaxation time 1.0568 seconds
CutType.COMBINATORY: 0
CutType.RED_SPLIT_G: 39
CutType.GMI: 0
CutType.LATWO_MIR: 0
iteration 160
relaxation time 1.1293 seconds
CutType.COMBINATORY: 0
CutType.RED_SPLIT_G: 26
CutType.GMI: 0
CutType.LATWO_MIR: 0
iteration 161
relaxation time 1.1819 seconds
CutType.COMBINATORY: 0
CutType.RED_SPLIT_G: 42
CutType.GMI: 0
CutType.LATWO_MIR: 0
iteration 162
relaxation time 1.2487 seconds
CutType.COMBINATORY: 0
CutType.RED_SPLIT_G: 26
CutType.GMI: 0
CutType.LATWO_MIR: 0
iteration 163
relaxation time 1.1722 seconds
CutType.COMBINATORY: 0
CutType.RED_SPLIT_G: 12
CutType.GMI: 0
CutType.LATWO_MIR: 0
iteration 164
relaxation time 1.2083 seconds
CutType.COMBINATORY: 0
CutType.RED_SPLIT_G: 12
CutType.GMI: 0
CutType.LATWO_MIR: 0
iteration 165
relaxation time 1.2368 seconds
CutType.COMBINATORY: 0
CutType.RED_SPLIT_G: 12
CutType.GMI: 0
CutType.LATWO_MIR: 0
iteration 166
relaxation time 1.166 seconds
CutType.COMBINATORY: 0
CutType.RED_SPLIT_G: 10
CutType.GMI: 0
CutType.LATWO_MIR: 0
iteration 167
relaxation time 1.2003 seconds
CutType.COMBINATORY: 0
CutType.RED_SPLIT_G: 10
CutType.GMI: 0
CutType.LATWO_MIR: 0
iteration 168
relaxation time 1.2226 seconds
CutType.COMBINATORY: 0
CutType.RED_SPLIT_G: 23
CutType.GMI: 0
CutType.LATWO_MIR: 0
iteration 169
relaxation time 1.2955 seconds
CutType.COMBINATORY: 0
CutType.RED_SPLIT_G: 46
CutType.GMI: 0
CutType.LATWO_MIR: 0
iteration 170
relaxation time 1.2818 seconds
CutType.COMBINATORY: 0
CutType.RED_SPLIT_G: 50
CutType.GMI: 0
CutType.LATWO_MIR: 0
iteration 171
relaxation time 1.3246 seconds
CutType.COMBINATORY: 0
CutType.RED_SPLIT_G: 42
CutType.GMI: 0
CutType.LATWO_MIR: 0
iteration 172
relaxation time 1.2612 seconds
CutType.COMBINATORY: 0
CutType.RED_SPLIT_G: 31
CutType.GMI: 0
CutType.LATWO_MIR: 0
iteration 173
relaxation time 1.3799 seconds
CutType.COMBINATORY: 0
CutType.RED_SPLIT_G: 25
CutType.GMI: 0
CutType.LATWO_MIR: 0
iteration 174
relaxation time 1.2333 seconds
CutType.COMBINATORY: 0
CutType.RED_SPLIT_G: 40
CutType.GMI: 0
CutType.LATWO_MIR: 0
iteration 175
relaxation time 1.2965 seconds
CutType.COMBINATORY: 0
CutType.RED_SPLIT_G: 40
CutType.GMI: 0
CutType.LATWO_MIR: 0
iteration 176
relaxation time 1.3418 seconds
CutType.COMBINATORY: 0
CutType.RED_SPLIT_G: 36
CutType.GMI: 0
CutType.LATWO_MIR: 0
iteration 177
relaxation time 1.3243 seconds
CutType.COMBINATORY: 0
CutType.RED_SPLIT_G: 37
CutType.GMI: 0
CutType.LATWO_MIR: 0
iteration 178
relaxation time 1.2467 seconds
CutType.COMBINATORY: 0
CutType.RED_SPLIT_G: 33
CutType.GMI: 0
CutType.LATWO_MIR: 0
iteration 179
relaxation time 1.4983 seconds
CutType.COMBINATORY: 0
CutType.RED_SPLIT_G: 30
CutType.GMI: 0
CutType.LATWO_MIR: 0
iteration 180
relaxation time 1.3454 seconds
CutType.COMBINATORY: 0
CutType.RED_SPLIT_G: 11
CutType.GMI: 0
CutType.LATWO_MIR: 0
iteration 181
relaxation time 1.4628 seconds
CutType.COMBINATORY: 0
CutType.RED_SPLIT_G: 8
CutType.GMI: 0
CutType.LATWO_MIR: 0
iteration 182
relaxation time 0.9959 seconds
CutType.COMBINATORY: 0
CutType.RED_SPLIT_G: 18
CutType.GMI: 0
CutType.LATWO_MIR: 0
iteration 183
relaxation time 1.1458 seconds
CutType.COMBINATORY: 0
CutType.RED_SPLIT_G: 11
CutType.GMI: 0
CutType.LATWO_MIR: 0
iteration 184
relaxation time 1.1072 seconds
CutType.COMBINATORY: 0
CutType.RED_SPLIT_G: 46
CutType.GMI: 0
CutType.LATWO_MIR: 0
iteration 185
relaxation time 1.0524 seconds
CutType.COMBINATORY: 0
CutType.RED_SPLIT_G: 33
CutType.GMI: 0
CutType.LATWO_MIR: 0
iteration 186
relaxation time 1.0121 seconds
CutType.COMBINATORY: 0
CutType.RED_SPLIT_G: 12
CutType.GMI: 0
CutType.LATWO_MIR: 0
iteration 187
relaxation time 1.1032 seconds
CutType.COMBINATORY: 0
CutType.RED_SPLIT_G: 16
CutType.GMI: 0
CutType.LATWO_MIR: 0
iteration 188
relaxation time 1.0974 seconds
CutType.COMBINATORY: 0
CutType.RED_SPLIT_G: 63
CutType.GMI: 0
CutType.LATWO_MIR: 0
iteration 189
relaxation time 1.041 seconds
CutType.COMBINATORY: 0
CutType.RED_SPLIT_G: 57
CutType.GMI: 0
CutType.LATWO_MIR: 0
iteration 190
relaxation time 1.4845 seconds
CutType.COMBINATORY: 0
CutType.RED_SPLIT_G: 72
CutType.GMI: 0
CutType.LATWO_MIR: 0
iteration 191
relaxation time 1.4177 seconds
CutType.COMBINATORY: 0
CutType.RED_SPLIT_G: 65
CutType.GMI: 0
CutType.LATWO_MIR: 0
iteration 192
relaxation time 1.1234 seconds
CutType.COMBINATORY: 0
CutType.RED_SPLIT_G: 22
CutType.GMI: 0
CutType.LATWO_MIR: 0
iteration 193
relaxation time 1.2649 seconds
CutType.COMBINATORY: 0
CutType.RED_SPLIT_G: 16
CutType.GMI: 0
CutType.LATWO_MIR: 0
iteration 194
relaxation time 1.4489 seconds
CutType.COMBINATORY: 0
CutType.RED_SPLIT_G: 22
CutType.GMI: 0
CutType.LATWO_MIR: 0
iteration 195
relaxation time 1.4622 seconds
CutType.COMBINATORY: 0
CutType.RED_SPLIT_G: 67
CutType.GMI: 0
CutType.LATWO_MIR: 0
iteration 196
relaxation time 1.475 seconds
CutType.COMBINATORY: 0
CutType.RED_SPLIT_G: 36
CutType.GMI: 0
CutType.LATWO_MIR: 0
iteration 197
relaxation time 1.4537 seconds
CutType.COMBINATORY: 0
CutType.RED_SPLIT_G: 47
CutType.GMI: 0
CutType.LATWO_MIR: 0
iteration 198
relaxation time 1.4734 seconds
CutType.COMBINATORY: 0
CutType.RED_SPLIT_G: 54
CutType.GMI: 0
CutType.LATWO_MIR: 0
iteration 199
relaxation time 1.4999 seconds
CutType.COMBINATORY: 0
CutType.RED_SPLIT_G: 45
CutType.GMI: 0
CutType.LATWO_MIR: 0
iteration 200
relaxation time 1.3671 seconds
CutType.COMBINATORY: 0
CutType.RED_SPLIT_G: 69
CutType.GMI: 0
CutType.LATWO_MIR: 0
iteration 201
relaxation time 1.4184 seconds
CutType.COMBINATORY: 0
CutType.RED_SPLIT_G: 51
CutType.GMI: 0
CutType.LATWO_MIR: 0
iteration 202
relaxation time 1.6246 seconds
CutType.COMBINATORY: 0
CutType.RED_SPLIT_G: 56
CutType.GMI: 0
CutType.LATWO_MIR: 0
iteration 203
relaxation time 1.3512 seconds
CutType.COMBINATORY: 0
CutType.RED_SPLIT_G: 19
CutType.GMI: 0
CutType.LATWO_MIR: 0
iteration 204
relaxation time 1.5325 seconds
CutType.COMBINATORY: 0
CutType.RED_SPLIT_G: 31
CutType.GMI: 0
CutType.LATWO_MIR: 0
iteration 205
relaxation time 1.3763 seconds
CutType.COMBINATORY: 0
CutType.RED_SPLIT_G: 43
CutType.GMI: 0
CutType.LATWO_MIR: 0
iteration 206
relaxation time 1.5721 seconds
CutType.COMBINATORY: 0
CutType.RED_SPLIT_G: 59
CutType.GMI: 0
CutType.LATWO_MIR: 0
iteration 207
relaxation time 1.5498 seconds
CutType.COMBINATORY: 0
CutType.RED_SPLIT_G: 30
CutType.GMI: 0
CutType.LATWO_MIR: 0
iteration 208
relaxation time 1.5935 seconds
CutType.COMBINATORY: 0
CutType.RED_SPLIT_G: 53
CutType.GMI: 0
CutType.LATWO_MIR: 0
iteration 209
relaxation time 1.6004 seconds
CutType.COMBINATORY: 0
CutType.RED_SPLIT_G: 55
CutType.GMI: 0
CutType.LATWO_MIR: 0
iteration 210
relaxation time 1.4088 seconds
CutType.COMBINATORY: 0
CutType.RED_SPLIT_G: 33
CutType.GMI: 0
CutType.LATWO_MIR: 0
iteration 211
relaxation time 1.5335 seconds
CutType.COMBINATORY: 0
CutType.RED_SPLIT_G: 59
CutType.GMI: 0
CutType.LATWO_MIR: 0
iteration 212
relaxation time 1.5517 seconds
CutType.COMBINATORY: 0
CutType.RED_SPLIT_G: 77
CutType.GMI: 0
CutType.LATWO_MIR: 0
iteration 213
relaxation time 1.6581 seconds
CutType.COMBINATORY: 0
CutType.RED_SPLIT_G: 17
CutType.GMI: 0
CutType.LATWO_MIR: 0
iteration 214
relaxation time 2.0433 seconds
CutType.COMBINATORY: 0
CutType.RED_SPLIT_G: 52
CutType.GMI: 0
CutType.LATWO_MIR: 0
iteration 215
relaxation time 1.6837 seconds
CutType.COMBINATORY: 0
CutType.RED_SPLIT_G: 34
CutType.GMI: 0
CutType.LATWO_MIR: 0
iteration 216
relaxation time 1.4455 seconds
CutType.COMBINATORY: 0
CutType.RED_SPLIT_G: 64
CutType.GMI: 0
CutType.LATWO_MIR: 0
iteration 217
relaxation time 1.4233 seconds
CutType.COMBINATORY: 0
CutType.RED_SPLIT_G: 56
CutType.GMI: 0
CutType.LATWO_MIR: 0
iteration 218
relaxation time 1.3891 seconds
CutType.COMBINATORY: 0
CutType.RED_SPLIT_G: 35
CutType.GMI: 0
CutType.LATWO_MIR: 0
iteration 219
relaxation time 1.5037 seconds
CutType.COMBINATORY: 0
CutType.RED_SPLIT_G: 46
CutType.GMI: 0
CutType.LATWO_MIR: 0
iteration 220
relaxation time 1.4492 seconds
CutType.COMBINATORY: 0
CutType.RED_SPLIT_G: 47
CutType.GMI: 0
CutType.LATWO_MIR: 0
iteration 221
relaxation time 1.4081 seconds
CutType.COMBINATORY: 0
CutType.RED_SPLIT_G: 52
CutType.GMI: 0
CutType.LATWO_MIR: 0
iteration 222
relaxation time 1.4858 seconds
CutType.COMBINATORY: 0
CutType.RED_SPLIT_G: 55
CutType.GMI: 0
CutType.LATWO_MIR: 0
iteration 223
relaxation time 1.351 seconds
CutType.COMBINATORY: 0
CutType.RED_SPLIT_G: 46
CutType.GMI: 0
CutType.LATWO_MIR: 0
iteration 224
relaxation time 1.3284 seconds
CutType.COMBINATORY: 0
CutType.RED_SPLIT_G: 22
CutType.GMI: 0
CutType.LATWO_MIR: 0
iteration 225
relaxation time 1.66 seconds
CutType.COMBINATORY: 0
CutType.RED_SPLIT_G: 51
CutType.GMI: 0
CutType.LATWO_MIR: 0
iteration 226
relaxation time 1.9997 seconds
CutType.COMBINATORY: 0
CutType.RED_SPLIT_G: 43
CutType.GMI: 0
CutType.LATWO_MIR: 0
iteration 227
relaxation time 1.8372 seconds
CutType.COMBINATORY: 0
CutType.RED_SPLIT_G: 21
CutType.GMI: 0
CutType.LATWO_MIR: 0
iteration 228
relaxation time 1.7708 seconds
CutType.COMBINATORY: 0
CutType.RED_SPLIT_G: 64
CutType.GMI: 0
CutType.LATWO_MIR: 0
iteration 229
relaxation time 1.7557 seconds
CutType.COMBINATORY: 0
CutType.RED_SPLIT_G: 58
CutType.GMI: 0
CutType.LATWO_MIR: 0
iteration 230
relaxation time 2.2008 seconds
CutType.COMBINATORY: 0
CutType.RED_SPLIT_G: 52
CutType.GMI: 0
CutType.LATWO_MIR: 0
iteration 231
relaxation time 1.7028 seconds
CutType.COMBINATORY: 0
CutType.RED_SPLIT_G: 34
CutType.GMI: 0
CutType.LATWO_MIR: 0
iteration 232
relaxation time 1.2548 seconds
CutType.COMBINATORY: 0
CutType.RED_SPLIT_G: 16
CutType.GMI: 0
CutType.LATWO_MIR: 0
iteration 233
relaxation time 1.926 seconds
CutType.COMBINATORY: 0
CutType.RED_SPLIT_G: 0
CutType.GMI: 10
CutType.LATWO_MIR: 0
iteration 234
relaxation time 10.8449 seconds
CutType.COMBINATORY: 0
CutType.RED_SPLIT_G: 2
CutType.GMI: 0
CutType.LATWO_MIR: 0
iteration 235
relaxation time 4.9141 seconds
CutType.COMBINATORY: 0
CutType.RED_SPLIT_G: 13
CutType.GMI: 0
CutType.LATWO_MIR: 0
iteration 236
relaxation time 1.6871 seconds
CutType.COMBINATORY: 0
CutType.RED_SPLIT_G: 16
CutType.GMI: 0
CutType.LATWO_MIR: 0
iteration 237
relaxation time 1.7618 seconds
CutType.COMBINATORY: 0
CutType.RED_SPLIT_G: 13
CutType.GMI: 0
CutType.LATWO_MIR: 0
iteration 238
relaxation time 1.7265 seconds
CutType.COMBINATORY: 0
CutType.RED_SPLIT_G: 68
CutType.GMI: 0
CutType.LATWO_MIR: 0
iteration 239
relaxation time 1.8166 seconds
CutType.COMBINATORY: 0
CutType.RED_SPLIT_G: 17
CutType.GMI: 0
CutType.LATWO_MIR: 0
iteration 240
relaxation time 1.7875 seconds
CutType.COMBINATORY: 0
CutType.RED_SPLIT_G: 14
CutType.GMI: 0
CutType.LATWO_MIR: 0
iteration 241
relaxation time 1.7401 seconds
CutType.COMBINATORY: 0
CutType.RED_SPLIT_G: 21
CutType.GMI: 0
CutType.LATWO_MIR: 0
iteration 242
relaxation time 1.8839 seconds
CutType.COMBINATORY: 0
CutType.RED_SPLIT_G: 10
CutType.GMI: 0
CutType.LATWO_MIR: 0
iteration 243
relaxation time 1.7087 seconds
CutType.COMBINATORY: 0
CutType.RED_SPLIT_G: 19
CutType.GMI: 0
CutType.LATWO_MIR: 0
iteration 244
relaxation time 1.817 seconds
CutType.COMBINATORY: 0
CutType.RED_SPLIT_G: 24
CutType.GMI: 0
CutType.LATWO_MIR: 0
iteration 245
relaxation time 1.5353 seconds
CutType.COMBINATORY: 0
CutType.RED_SPLIT_G: 44
CutType.GMI: 0
CutType.LATWO_MIR: 0
iteration 246
relaxation time 1.638 seconds
CutType.COMBINATORY: 0
CutType.RED_SPLIT_G: 13
CutType.GMI: 0
CutType.LATWO_MIR: 0
iteration 247
relaxation time 1.6475 seconds
CutType.COMBINATORY: 0
CutType.RED_SPLIT_G: 15
CutType.GMI: 0
CutType.LATWO_MIR: 0
iteration 248
relaxation time 1.5711 seconds
CutType.COMBINATORY: 0
CutType.RED_SPLIT_G: 1
CutType.GMI: 0
CutType.LATWO_MIR: 0
iteration 249
relaxation time 1.2101 seconds
CutType.COMBINATORY: 0
CutType.RED_SPLIT_G: 6
CutType.GMI: 0
CutType.LATWO_MIR: 0
iteration 250
relaxation time 1.5547 seconds
CutType.COMBINATORY: 0
CutType.RED_SPLIT_G: 7
CutType.GMI: 0
CutType.LATWO_MIR: 0
iteration 251
relaxation time 1.6252 seconds
CutType.COMBINATORY: 0
CutType.RED_SPLIT_G: 33
CutType.GMI: 0
CutType.LATWO_MIR: 0
iteration 252
relaxation time 1.6377 seconds
CutType.COMBINATORY: 0
CutType.RED_SPLIT_G: 61
CutType.GMI: 0
CutType.LATWO_MIR: 0
iteration 253
relaxation time 1.7276 seconds
CutType.COMBINATORY: 0
CutType.RED_SPLIT_G: 14
CutType.GMI: 0
CutType.LATWO_MIR: 0
iteration 254
relaxation time 1.6723 seconds
CutType.COMBINATORY: 0
CutType.RED_SPLIT_G: 40
CutType.GMI: 0
CutType.LATWO_MIR: 0
iteration 255
relaxation time 1.7794 seconds
CutType.COMBINATORY: 0
CutType.RED_SPLIT_G: 55
CutType.GMI: 0
CutType.LATWO_MIR: 0
iteration 256
relaxation time 1.8218 seconds
CutType.COMBINATORY: 0
CutType.RED_SPLIT_G: 2
CutType.GMI: 0
CutType.LATWO_MIR: 0
iteration 257
relaxation time 1.6865 seconds
CutType.COMBINATORY: 0
CutType.RED_SPLIT_G: 0
CutType.GMI: 4
CutType.LATWO_MIR: 0
iteration 258
relaxation time 7.3911 seconds
CutType.COMBINATORY: 0
CutType.RED_SPLIT_G: 0
CutType.GMI: 2
CutType.LATWO_MIR: 0
iteration 259
relaxation time 7.7658 seconds
CutType.COMBINATORY: 0
CutType.RED_SPLIT_G: 0
CutType.GMI: 6
CutType.LATWO_MIR: 0
iteration 260
relaxation time 8.4868 seconds
CutType.COMBINATORY: 0
CutType.RED_SPLIT_G: 1
CutType.GMI: 0
CutType.LATWO_MIR: 0
iteration 261
relaxation time 1.765 seconds
CutType.COMBINATORY: 0
CutType.RED_SPLIT_G: 1
CutType.GMI: 0
CutType.LATWO_MIR: 0
iteration 262
relaxation time 1.6921 seconds
CutType.COMBINATORY: 0
CutType.RED_SPLIT_G: 7
CutType.GMI: 0
CutType.LATWO_MIR: 0
iteration 263
relaxation time 1.6147 seconds
CutType.COMBINATORY: 0
CutType.RED_SPLIT_G: 3
CutType.GMI: 0
CutType.LATWO_MIR: 0
iteration 264
relaxation time 1.2877 seconds
CutType.COMBINATORY: 0
CutType.RED_SPLIT_G: 2
CutType.GMI: 0
CutType.LATWO_MIR: 0
iteration 265
relaxation time 1.7225 seconds
CutType.COMBINATORY: 0
CutType.RED_SPLIT_G: 4
CutType.GMI: 0
CutType.LATWO_MIR: 0
iteration 266
relaxation time 1.8631 seconds
CutType.COMBINATORY: 0
CutType.RED_SPLIT_G: 29
CutType.GMI: 0
CutType.LATWO_MIR: 0
iteration 267
relaxation time 1.8728 seconds
CutType.COMBINATORY: 0
CutType.RED_SPLIT_G: 7
CutType.GMI: 0
CutType.LATWO_MIR: 0
iteration 268
relaxation time 1.8442 seconds
CutType.COMBINATORY: 0
CutType.RED_SPLIT_G: 35
CutType.GMI: 0
CutType.LATWO_MIR: 0
iteration 269
relaxation time 1.9055 seconds
CutType.COMBINATORY: 0
CutType.RED_SPLIT_G: 43
CutType.GMI: 0
CutType.LATWO_MIR: 0
iteration 270
relaxation time 1.9054 seconds
CutType.COMBINATORY: 0
CutType.RED_SPLIT_G: 18
CutType.GMI: 0
CutType.LATWO_MIR: 0
iteration 271
relaxation time 1.7891 seconds
CutType.COMBINATORY: 0
CutType.RED_SPLIT_G: 48
CutType.GMI: 0
CutType.LATWO_MIR: 0
iteration 272
relaxation time 1.7787 seconds
CutType.COMBINATORY: 0
CutType.RED_SPLIT_G: 45
CutType.GMI: 0
CutType.LATWO_MIR: 0
iteration 273
relaxation time 1.9545 seconds
CutType.COMBINATORY: 0
CutType.RED_SPLIT_G: 52
CutType.GMI: 0
CutType.LATWO_MIR: 0
iteration 274
relaxation time 1.9222 seconds
CutType.COMBINATORY: 0
CutType.RED_SPLIT_G: 53
CutType.GMI: 0
CutType.LATWO_MIR: 0
iteration 275
relaxation time 1.8582 seconds
CutType.COMBINATORY: 0
CutType.RED_SPLIT_G: 47
CutType.GMI: 0
CutType.LATWO_MIR: 0
iteration 276
relaxation time 1.9531 seconds
CutType.COMBINATORY: 0
CutType.RED_SPLIT_G: 43
CutType.GMI: 0
CutType.LATWO_MIR: 0
iteration 277
relaxation time 1.8844 seconds
CutType.COMBINATORY: 0
CutType.RED_SPLIT_G: 57
CutType.GMI: 0
CutType.LATWO_MIR: 0
iteration 278
relaxation time 2.1376 seconds
CutType.COMBINATORY: 0
CutType.RED_SPLIT_G: 51
CutType.GMI: 0
CutType.LATWO_MIR: 0
Combinatory set: [<CutType.CLIQUE: 12>, <CutType.ODD_WHEEL: 13>, <CutType.KNAPSACK_COVER: 14>]
Non-Combinatory set: [<CutType.RED_SPLIT: 3>, <CutType.GOMORY: 1>, <CutType.LATWO_MIR: 8>, <CutType.FLOW_COVER: 5>, <CutType.RED_SPLIT_G: 4>, <CutType.TWO_MIR: 7>, <CutType.MIR: 6>, <CutType.LIFT_AND_PROJECT: 9>, <CutType.RESIDUAL_CAPACITY: 10>]
iteration 0
relaxation time 2.5255 seconds
CutType.COMBINATORY: 0
CutType.RED_SPLIT: 22
CutType.GOMORY: 30
CutType.LATWO_MIR: 0
CutType.FLOW_COVER: 0
CutType.RED_SPLIT_G: 0
CutType.TWO_MIR: 0
CutType.MIR: 31
CutType.LIFT_AND_PROJECT: 66
CutType.RESIDUAL_CAPACITY: 0
iteration 279
relaxation time 2.1208 seconds
CutType.COMBINATORY: 0
CutType.RED_SPLIT_G: 38
CutType.GMI: 0
CutType.LATWO_MIR: 0
iteration 280
relaxation time 1.9186 seconds
CutType.COMBINATORY: 0
CutType.RED_SPLIT_G: 37
CutType.GMI: 0
CutType.LATWO_MIR: 0
iteration 281
relaxation time 1.9692 seconds
CutType.COMBINATORY: 0
CutType.RED_SPLIT_G: 35
CutType.GMI: 0
CutType.LATWO_MIR: 0
iteration 282
relaxation time 1.9399 seconds
CutType.COMBINATORY: 0
CutType.RED_SPLIT_G: 13
CutType.GMI: 0
CutType.LATWO_MIR: 0
iteration 283
relaxation time 2.0385 seconds
CutType.COMBINATORY: 0
CutType.RED_SPLIT_G: 7
CutType.GMI: 0
CutType.LATWO_MIR: 0
iteration 284
relaxation time 1.9843 seconds
CutType.COMBINATORY: 0
CutType.RED_SPLIT_G: 36
CutType.GMI: 0
CutType.LATWO_MIR: 0
iteration 1
relaxation time 5.2908 seconds
CutType.COMBINATORY: 0
CutType.RED_SPLIT: 12
CutType.GOMORY: 23
CutType.LATWO_MIR: 0
CutType.FLOW_COVER: 0
CutType.RED_SPLIT_G: 0
CutType.TWO_MIR: 0
CutType.MIR: 24
CutType.LIFT_AND_PROJECT: 33
CutType.RESIDUAL_CAPACITY: 0
iteration 285
relaxation time 2.2007 seconds
CutType.COMBINATORY: 0
CutType.RED_SPLIT_G: 0
CutType.GMI: 3
CutType.LATWO_MIR: 0
iteration 286
relaxation time 5.5872 seconds
CutType.COMBINATORY: 0
CutType.RED_SPLIT_G: 2
CutType.GMI: 0
CutType.LATWO_MIR: 0
iteration 287
relaxation time 1.9166 seconds
CutType.COMBINATORY: 0
CutType.RED_SPLIT_G: 18
CutType.GMI: 0
CutType.LATWO_MIR: 0
iteration 288
relaxation time 2.1501 seconds
CutType.COMBINATORY: 0
CutType.RED_SPLIT_G: 12
CutType.GMI: 0
CutType.LATWO_MIR: 0
iteration 289
relaxation time 2.2228 seconds
CutType.COMBINATORY: 0
CutType.RED_SPLIT_G: 60
CutType.GMI: 0
CutType.LATWO_MIR: 0
iteration 290
relaxation time 2.2613 seconds
CutType.COMBINATORY: 0
CutType.RED_SPLIT_G: 66
CutType.GMI: 0
CutType.LATWO_MIR: 0
iteration 291
relaxation time 2.4348 seconds
CutType.COMBINATORY: 0
CutType.RED_SPLIT_G: 36
CutType.GMI: 0
CutType.LATWO_MIR: 0
iteration 292
relaxation time 2.4933 seconds
CutType.COMBINATORY: 0
CutType.RED_SPLIT_G: 60
CutType.GMI: 0
CutType.LATWO_MIR: 0
iteration 293
relaxation time 2.3991 seconds
CutType.COMBINATORY: 0
CutType.RED_SPLIT_G: 2
CutType.GMI: 0
CutType.LATWO_MIR: 0
iteration 294
relaxation time 2.3919 seconds
CutType.COMBINATORY: 0
CutType.RED_SPLIT_G: 60
CutType.GMI: 0
CutType.LATWO_MIR: 0
iteration 2
relaxation time 9.1645 seconds
CutType.COMBINATORY: 0
CutType.RED_SPLIT: 17
CutType.GOMORY: 6
CutType.LATWO_MIR: 0
CutType.FLOW_COVER: 0
CutType.RED_SPLIT_G: 0
CutType.TWO_MIR: 0
CutType.MIR: 7
CutType.LIFT_AND_PROJECT: 9
CutType.RESIDUAL_CAPACITY: 0
iteration 295
relaxation time 2.1956 seconds
CutType.COMBINATORY: 0
CutType.RED_SPLIT_G: 68
CutType.GMI: 0
CutType.LATWO_MIR: 0
iteration 296
relaxation time 2.2596 seconds
CutType.COMBINATORY: 0
CutType.RED_SPLIT_G: 63
CutType.GMI: 0
CutType.LATWO_MIR: 0
iteration 297
relaxation time 2.4991 seconds
CutType.COMBINATORY: 0
CutType.RED_SPLIT_G: 46
CutType.GMI: 0
CutType.LATWO_MIR: 0
iteration 298
relaxation time 2.2008 seconds
CutType.COMBINATORY: 0
CutType.RED_SPLIT_G: 51
CutType.GMI: 0
CutType.LATWO_MIR: 0
iteration 299
relaxation time 2.2852 seconds
CutType.COMBINATORY: 0
CutType.RED_SPLIT_G: 43
CutType.GMI: 0
CutType.LATWO_MIR: 0
iteration 300
relaxation time 2.1288 seconds
CutType.COMBINATORY: 0
CutType.RED_SPLIT_G: 0
CutType.GMI: 0
CutType.LATWO_MIR: 0
len dataset: 10813
test_ok: 10813
test_false: 0
iteration 3
relaxation time 13.0716 seconds
CutType.COMBINATORY: 0
CutType.RED_SPLIT: 23
CutType.GOMORY: 2
CutType.LATWO_MIR: 0
CutType.FLOW_COVER: 0
CutType.RED_SPLIT_G: 0
CutType.TWO_MIR: 0
CutType.MIR: 4
CutType.LIFT_AND_PROJECT: 7
CutType.RESIDUAL_CAPACITY: 0
iteration 4
relaxation time 9.5644 seconds
CutType.COMBINATORY: 0
CutType.RED_SPLIT: 23
CutType.GOMORY: 1
CutType.LATWO_MIR: 0
CutType.FLOW_COVER: 0
CutType.RED_SPLIT_G: 0
CutType.TWO_MIR: 0
CutType.MIR: 1
CutType.LIFT_AND_PROJECT: 6
CutType.RESIDUAL_CAPACITY: 0
iteration 5
relaxation time 25.3493 seconds
CutType.COMBINATORY: 0
CutType.RED_SPLIT: 25
CutType.GOMORY: 1
CutType.LATWO_MIR: 0
CutType.FLOW_COVER: 0
CutType.RED_SPLIT_G: 0
CutType.TWO_MIR: 0
CutType.MIR: 1
CutType.LIFT_AND_PROJECT: 19
CutType.RESIDUAL_CAPACITY: 0
iteration 6
relaxation time 24.7658 seconds
CutType.COMBINATORY: 0
CutType.RED_SPLIT: 29
CutType.GOMORY: 1
CutType.LATWO_MIR: 0
CutType.FLOW_COVER: 0
CutType.RED_SPLIT_G: 0
CutType.TWO_MIR: 0
CutType.MIR: 1
CutType.LIFT_AND_PROJECT: 36
CutType.RESIDUAL_CAPACITY: 0
iteration 7
relaxation time 80.2899 seconds
CutType.COMBINATORY: 0
CutType.RED_SPLIT: 16
CutType.GOMORY: 0
CutType.LATWO_MIR: 0
CutType.FLOW_COVER: 0
CutType.RED_SPLIT_G: 0
CutType.TWO_MIR: 0
CutType.MIR: 0
CutType.LIFT_AND_PROJECT: 34
CutType.RESIDUAL_CAPACITY: 0
iteration 8
relaxation time 72.0435 seconds
CutType.COMBINATORY: 0
CutType.RED_SPLIT: 29
CutType.GOMORY: 1
CutType.LATWO_MIR: 0
CutType.FLOW_COVER: 0
CutType.RED_SPLIT_G: 0
CutType.TWO_MIR: 0
CutType.MIR: 1
CutType.LIFT_AND_PROJECT: 41
CutType.RESIDUAL_CAPACITY: 0
iteration 9
relaxation time 82.6026 seconds
CutType.COMBINATORY: 0
CutType.RED_SPLIT: 30
CutType.GOMORY: 0
CutType.LATWO_MIR: 0
CutType.FLOW_COVER: 0
CutType.RED_SPLIT_G: 0
CutType.TWO_MIR: 0
CutType.MIR: 1
CutType.LIFT_AND_PROJECT: 73
CutType.RESIDUAL_CAPACITY: 0
iteration 10
relaxation time 71.5406 seconds
CutType.COMBINATORY: 0
CutType.RED_SPLIT: 31
CutType.GOMORY: 0
CutType.LATWO_MIR: 0
CutType.FLOW_COVER: 0
CutType.RED_SPLIT_G: 0
CutType.TWO_MIR: 0
CutType.MIR: 0
CutType.LIFT_AND_PROJECT: 68
CutType.RESIDUAL_CAPACITY: 0
iteration 11
relaxation time 63.3055 seconds
CutType.COMBINATORY: 0
CutType.RED_SPLIT: 20
CutType.GOMORY: 0
CutType.LATWO_MIR: 0
CutType.FLOW_COVER: 0
CutType.RED_SPLIT_G: 0
CutType.TWO_MIR: 0
CutType.MIR: 0
CutType.LIFT_AND_PROJECT: 65
CutType.RESIDUAL_CAPACITY: 0
iteration 12
relaxation time 72.8252 seconds
CutType.COMBINATORY: 0
CutType.RED_SPLIT: 28
CutType.GOMORY: 0
CutType.LATWO_MIR: 0
CutType.FLOW_COVER: 0
CutType.RED_SPLIT_G: 0
CutType.TWO_MIR: 0
CutType.MIR: 0
CutType.LIFT_AND_PROJECT: 70
CutType.RESIDUAL_CAPACITY: 0
iteration 13
relaxation time 111.1616 seconds
CutType.COMBINATORY: 0
CutType.RED_SPLIT: 31
CutType.GOMORY: 0
CutType.LATWO_MIR: 0
CutType.FLOW_COVER: 0
CutType.RED_SPLIT_G: 0
CutType.TWO_MIR: 0
CutType.MIR: 0
CutType.LIFT_AND_PROJECT: 71
CutType.RESIDUAL_CAPACITY: 0
iteration 14
relaxation time 110.3781 seconds
CutType.COMBINATORY: 0
CutType.RED_SPLIT: 33
CutType.GOMORY: 0
CutType.LATWO_MIR: 0
CutType.FLOW_COVER: 0
CutType.RED_SPLIT_G: 0
CutType.TWO_MIR: 0
CutType.MIR: 0
CutType.LIFT_AND_PROJECT: 67
CutType.RESIDUAL_CAPACITY: 0
iteration 15
relaxation time 140.3239 seconds
CutType.COMBINATORY: 0
CutType.RED_SPLIT: 32
CutType.GOMORY: 0
CutType.LATWO_MIR: 0
CutType.FLOW_COVER: 0
CutType.RED_SPLIT_G: 0
CutType.TWO_MIR: 0
CutType.MIR: 0
CutType.LIFT_AND_PROJECT: 67
CutType.RESIDUAL_CAPACITY: 0
iteration 16
relaxation time 173.3481 seconds
CutType.COMBINATORY: 0
CutType.RED_SPLIT: 30
CutType.GOMORY: 1
CutType.LATWO_MIR: 0
CutType.FLOW_COVER: 0
CutType.RED_SPLIT_G: 0
CutType.TWO_MIR: 0
CutType.MIR: 1
CutType.LIFT_AND_PROJECT: 57
CutType.RESIDUAL_CAPACITY: 0
iteration 17
relaxation time 193.565 seconds
CutType.COMBINATORY: 0
CutType.RED_SPLIT: 32
CutType.GOMORY: 0
CutType.LATWO_MIR: 0
CutType.FLOW_COVER: 0
CutType.RED_SPLIT_G: 0
CutType.TWO_MIR: 0
CutType.MIR: 0
CutType.LIFT_AND_PROJECT: 65
CutType.RESIDUAL_CAPACITY: 0
iteration 18
relaxation time 205.3712 seconds
CutType.COMBINATORY: 0
CutType.RED_SPLIT: 35
CutType.GOMORY: 0
CutType.LATWO_MIR: 0
CutType.FLOW_COVER: 0
CutType.RED_SPLIT_G: 0
CutType.TWO_MIR: 0
CutType.MIR: 0
len dataset: 1490
test_ok: 1490
test_false: 0
