Combinatory set: [<CutType.CLIQUE: 12>, <CutType.PROBING: 0>, <CutType.ODD_WHEEL: 13>]
Non-Combinatory set: [<CutType.LIFT_AND_PROJECT: 9>, <CutType.ZERO_HALF: 11>, <CutType.FLOW_COVER: 5>, <CutType.TWO_MIR: 7>, <CutType.GOMORY: 1>, <CutType.RED_SPLIT: 3>, <CutType.RED_SPLIT_G: 4>, <CutType.LATWO_MIR: 8>, <CutType.MIR: 6>]
iteration 0
relaxation time 6.6855 seconds
CutType.COMBINATORY: 1294
len dataset: 0
test_ok: 0
test_false: 0
Combinatory set: [<CutType.PROBING: 0>, <CutType.ODD_WHEEL: 13>, <CutType.KNAPSACK_COVER: 14>, <CutType.CLIQUE: 12>]
Non-Combinatory set: [<CutType.FLOW_COVER: 5>, <CutType.RED_SPLIT: 3>, <CutType.GOMORY: 1>, <CutType.RED_SPLIT_G: 4>, <CutType.RESIDUAL_CAPACITY: 10>, <CutType.LATWO_MIR: 8>]
iteration 0
relaxation time 11.5412 seconds
CutType.COMBINATORY: 1301
CutType.FLOW_COVER: 5
CutType.RED_SPLIT: 0
CutType.GOMORY: 28
CutType.RED_SPLIT_G: 0
CutType.RESIDUAL_CAPACITY: 24
CutType.LATWO_MIR: 0
iteration 1
relaxation time 37.9131 seconds
CutType.COMBINATORY: 173
CutType.FLOW_COVER: 1
CutType.RED_SPLIT: 0
CutType.GOMORY: 59
CutType.RED_SPLIT_G: 0
CutType.RESIDUAL_CAPACITY: 2
CutType.LATWO_MIR: 0
iteration 2
relaxation time 10.1864 seconds
CutType.COMBINATORY: 31
CutType.FLOW_COVER: 0
CutType.RED_SPLIT: 0
CutType.GOMORY: 115
CutType.RED_SPLIT_G: 0
CutType.RESIDUAL_CAPACITY: 2
CutType.LATWO_MIR: 0
iteration 3
relaxation time 9.0345 seconds
CutType.COMBINATORY: 35
CutType.FLOW_COVER: 0
CutType.RED_SPLIT: 0
CutType.GOMORY: 88
CutType.RED_SPLIT_G: 0
CutType.RESIDUAL_CAPACITY: 1
CutType.LATWO_MIR: 0
iteration 4
relaxation time 13.03 seconds
CutType.COMBINATORY: 53
CutType.FLOW_COVER: 0
CutType.RED_SPLIT: 0
CutType.GOMORY: 62
CutType.RED_SPLIT_G: 0
CutType.RESIDUAL_CAPACITY: 0
CutType.LATWO_MIR: 0
iteration 5
relaxation time 15.5007 seconds
CutType.COMBINATORY: 96
CutType.FLOW_COVER: 0
CutType.RED_SPLIT: 0
CutType.GOMORY: 1
CutType.RED_SPLIT_G: 0
CutType.RESIDUAL_CAPACITY: 1
CutType.LATWO_MIR: 0
iteration 6
relaxation time 3.0447 seconds
CutType.COMBINATORY: 11
CutType.FLOW_COVER: 0
CutType.RED_SPLIT: 0
CutType.GOMORY: 0
CutType.RED_SPLIT_G: 0
CutType.RESIDUAL_CAPACITY: 0
CutType.LATWO_MIR: 0
iteration 7
relaxation time 0.7972 seconds
CutType.COMBINATORY: 31
CutType.FLOW_COVER: 0
CutType.RED_SPLIT: 0
CutType.GOMORY: 0
CutType.RED_SPLIT_G: 0
CutType.RESIDUAL_CAPACITY: 0
CutType.LATWO_MIR: 0
iteration 8
relaxation time 6.9514 seconds
CutType.COMBINATORY: 11
CutType.FLOW_COVER: 0
CutType.RED_SPLIT: 0
CutType.GOMORY: 0
CutType.RED_SPLIT_G: 0
CutType.RESIDUAL_CAPACITY: 0
CutType.LATWO_MIR: 0
iteration 9
relaxation time 2.8928 seconds
CutType.COMBINATORY: 7
CutType.FLOW_COVER: 0
CutType.RED_SPLIT: 0
CutType.GOMORY: 0
CutType.RED_SPLIT_G: 0
CutType.RESIDUAL_CAPACITY: 0
CutType.LATWO_MIR: 0
iteration 10
relaxation time 0.6068 seconds
CutType.COMBINATORY: 8
CutType.FLOW_COVER: 0
CutType.RED_SPLIT: 0
CutType.GOMORY: 0
CutType.RED_SPLIT_G: 0
CutType.RESIDUAL_CAPACITY: 0
CutType.LATWO_MIR: 0
iteration 11
relaxation time 0.6307 seconds
CutType.COMBINATORY: 4
CutType.FLOW_COVER: 0
CutType.RED_SPLIT: 0
CutType.GOMORY: 0
CutType.RED_SPLIT_G: 0
CutType.RESIDUAL_CAPACITY: 0
CutType.LATWO_MIR: 0
iteration 12
relaxation time 0.7711 seconds
CutType.COMBINATORY: 4
CutType.FLOW_COVER: 0
CutType.RED_SPLIT: 0
CutType.GOMORY: 0
CutType.RED_SPLIT_G: 0
CutType.RESIDUAL_CAPACITY: 0
CutType.LATWO_MIR: 0
iteration 13
relaxation time 0.5187 seconds
CutType.COMBINATORY: 4
CutType.FLOW_COVER: 0
CutType.RED_SPLIT: 0
CutType.GOMORY: 0
CutType.RED_SPLIT_G: 0
CutType.RESIDUAL_CAPACITY: 0
CutType.LATWO_MIR: 0
iteration 14
relaxation time 0.5314 seconds
CutType.COMBINATORY: 0
CutType.FLOW_COVER: 0
CutType.RED_SPLIT: 6
CutType.GOMORY: 0
CutType.RED_SPLIT_G: 0
CutType.RESIDUAL_CAPACITY: 0
CutType.LATWO_MIR: 0
iteration 15
relaxation time 1.7069 seconds
CutType.COMBINATORY: 7
CutType.FLOW_COVER: 0
CutType.RED_SPLIT: 0
CutType.GOMORY: 0
CutType.RED_SPLIT_G: 0
CutType.RESIDUAL_CAPACITY: 0
CutType.LATWO_MIR: 0
iteration 16
relaxation time 1.103 seconds
CutType.COMBINATORY: 7
CutType.FLOW_COVER: 0
CutType.RED_SPLIT: 0
CutType.GOMORY: 0
CutType.RED_SPLIT_G: 0
CutType.RESIDUAL_CAPACITY: 0
CutType.LATWO_MIR: 0
iteration 17
relaxation time 3.9127 seconds
CutType.COMBINATORY: 8
CutType.FLOW_COVER: 0
CutType.RED_SPLIT: 0
CutType.GOMORY: 0
CutType.RED_SPLIT_G: 0
CutType.RESIDUAL_CAPACITY: 0
CutType.LATWO_MIR: 0
iteration 18
relaxation time 1.4227 seconds
CutType.COMBINATORY: 7
CutType.FLOW_COVER: 0
CutType.RED_SPLIT: 0
CutType.GOMORY: 0
CutType.RED_SPLIT_G: 0
CutType.RESIDUAL_CAPACITY: 0
CutType.LATWO_MIR: 0
iteration 19
relaxation time 0.806 seconds
CutType.COMBINATORY: 3
CutType.FLOW_COVER: 0
CutType.RED_SPLIT: 0
CutType.GOMORY: 0
CutType.RED_SPLIT_G: 0
CutType.RESIDUAL_CAPACITY: 0
CutType.LATWO_MIR: 0
iteration 20
relaxation time 0.7215 seconds
CutType.COMBINATORY: 3
CutType.FLOW_COVER: 0
CutType.RED_SPLIT: 0
CutType.GOMORY: 0
CutType.RED_SPLIT_G: 0
CutType.RESIDUAL_CAPACITY: 0
CutType.LATWO_MIR: 0
iteration 21
relaxation time 0.7783 seconds
CutType.COMBINATORY: 4
CutType.FLOW_COVER: 0
CutType.RED_SPLIT: 0
CutType.GOMORY: 0
CutType.RED_SPLIT_G: 0
CutType.RESIDUAL_CAPACITY: 0
CutType.LATWO_MIR: 0
iteration 22
relaxation time 0.8941 seconds
CutType.COMBINATORY: 3
CutType.FLOW_COVER: 0
CutType.RED_SPLIT: 0
CutType.GOMORY: 0
CutType.RED_SPLIT_G: 0
CutType.RESIDUAL_CAPACITY: 0
CutType.LATWO_MIR: 0
iteration 23
relaxation time 0.4595 seconds
CutType.COMBINATORY: 3
CutType.FLOW_COVER: 0
CutType.RED_SPLIT: 0
CutType.GOMORY: 0
CutType.RED_SPLIT_G: 0
CutType.RESIDUAL_CAPACITY: 0
CutType.LATWO_MIR: 0
iteration 24
relaxation time 0.8707 seconds
CutType.COMBINATORY: 3
CutType.FLOW_COVER: 0
CutType.RED_SPLIT: 0
CutType.GOMORY: 0
CutType.RED_SPLIT_G: 0
CutType.RESIDUAL_CAPACITY: 0
CutType.LATWO_MIR: 0
iteration 25
relaxation time 0.9051 seconds
CutType.COMBINATORY: 3
CutType.FLOW_COVER: 0
CutType.RED_SPLIT: 0
CutType.GOMORY: 0
CutType.RED_SPLIT_G: 0
CutType.RESIDUAL_CAPACITY: 0
CutType.LATWO_MIR: 0
iteration 26
relaxation time 1.2241 seconds
CutType.COMBINATORY: 3
CutType.FLOW_COVER: 0
CutType.RED_SPLIT: 0
CutType.GOMORY: 0
CutType.RED_SPLIT_G: 0
CutType.RESIDUAL_CAPACITY: 0
CutType.LATWO_MIR: 0
iteration 27
relaxation time 0.4799 seconds
CutType.COMBINATORY: 0
CutType.FLOW_COVER: 0
CutType.RED_SPLIT: 6
CutType.GOMORY: 0
CutType.RED_SPLIT_G: 0
CutType.RESIDUAL_CAPACITY: 0
CutType.LATWO_MIR: 0
iteration 28
relaxation time 6.5983 seconds
CutType.COMBINATORY: 11
CutType.FLOW_COVER: 0
CutType.RED_SPLIT: 0
CutType.GOMORY: 0
CutType.RED_SPLIT_G: 0
CutType.RESIDUAL_CAPACITY: 3
CutType.LATWO_MIR: 0
iteration 29
relaxation time 5.3872 seconds
CutType.COMBINATORY: 4
CutType.FLOW_COVER: 0
CutType.RED_SPLIT: 0
CutType.GOMORY: 0
CutType.RED_SPLIT_G: 0
CutType.RESIDUAL_CAPACITY: 0
CutType.LATWO_MIR: 0
iteration 30
relaxation time 0.4851 seconds
CutType.COMBINATORY: 0
CutType.FLOW_COVER: 0
CutType.RED_SPLIT: 5
CutType.GOMORY: 0
CutType.RED_SPLIT_G: 0
CutType.RESIDUAL_CAPACITY: 0
CutType.LATWO_MIR: 0
iteration 31
relaxation time 12.66 seconds
CutType.COMBINATORY: 3
CutType.FLOW_COVER: 0
CutType.RED_SPLIT: 0
CutType.GOMORY: 0
CutType.RED_SPLIT_G: 0
CutType.RESIDUAL_CAPACITY: 0
CutType.LATWO_MIR: 0
iteration 32
relaxation time 1.6281 seconds
CutType.COMBINATORY: 3
CutType.FLOW_COVER: 0
CutType.RED_SPLIT: 0
CutType.GOMORY: 0
CutType.RED_SPLIT_G: 0
CutType.RESIDUAL_CAPACITY: 0
CutType.LATWO_MIR: 0
iteration 33
relaxation time 1.6638 seconds
CutType.COMBINATORY: 3
CutType.FLOW_COVER: 0
CutType.RED_SPLIT: 0
CutType.GOMORY: 0
CutType.RED_SPLIT_G: 0
CutType.RESIDUAL_CAPACITY: 0
CutType.LATWO_MIR: 0
iteration 34
relaxation time 0.5463 seconds
CutType.COMBINATORY: 0
CutType.FLOW_COVER: 0
CutType.RED_SPLIT: 10
CutType.GOMORY: 0
CutType.RED_SPLIT_G: 0
CutType.RESIDUAL_CAPACITY: 0
CutType.LATWO_MIR: 0
iteration 35
relaxation time 5.2367 seconds
CutType.COMBINATORY: 21
CutType.FLOW_COVER: 0
CutType.RED_SPLIT: 0
CutType.GOMORY: 0
CutType.RED_SPLIT_G: 0
CutType.RESIDUAL_CAPACITY: 1
CutType.LATWO_MIR: 0
iteration 36
relaxation time 1.8843 seconds
CutType.COMBINATORY: 0
CutType.FLOW_COVER: 0
CutType.RED_SPLIT: 5
CutType.GOMORY: 0
CutType.RED_SPLIT_G: 0
CutType.RESIDUAL_CAPACITY: 0
CutType.LATWO_MIR: 0
iteration 37
relaxation time 13.7827 seconds
CutType.COMBINATORY: 0
CutType.FLOW_COVER: 0
CutType.RED_SPLIT: 7
CutType.GOMORY: 4
CutType.RED_SPLIT_G: 0
CutType.RESIDUAL_CAPACITY: 0
CutType.LATWO_MIR: 0
iteration 38
relaxation time 33.0875 seconds
CutType.COMBINATORY: 13
CutType.FLOW_COVER: 0
CutType.RED_SPLIT: 0
CutType.GOMORY: 46
CutType.RED_SPLIT_G: 0
CutType.RESIDUAL_CAPACITY: 0
CutType.LATWO_MIR: 0
iteration 39
relaxation time 7.4519 seconds
CutType.COMBINATORY: 3
CutType.FLOW_COVER: 0
CutType.RED_SPLIT: 0
CutType.GOMORY: 81
CutType.RED_SPLIT_G: 0
CutType.RESIDUAL_CAPACITY: 0
CutType.LATWO_MIR: 0
iteration 40
relaxation time 7.6932 seconds
CutType.COMBINATORY: 13
CutType.FLOW_COVER: 0
CutType.RED_SPLIT: 0
CutType.GOMORY: 26
CutType.RED_SPLIT_G: 0
CutType.RESIDUAL_CAPACITY: 0
CutType.LATWO_MIR: 0
iteration 41
relaxation time 3.9568 seconds
CutType.COMBINATORY: 0
CutType.FLOW_COVER: 0
CutType.RED_SPLIT: 7
CutType.GOMORY: 0
CutType.RED_SPLIT_G: 0
CutType.RESIDUAL_CAPACITY: 0
CutType.LATWO_MIR: 0
iteration 42
relaxation time 33.3301 seconds
CutType.COMBINATORY: 37
CutType.FLOW_COVER: 0
CutType.RED_SPLIT: 0
CutType.GOMORY: 0
CutType.RED_SPLIT_G: 0
CutType.RESIDUAL_CAPACITY: 0
CutType.LATWO_MIR: 0
iteration 43
relaxation time 2.7628 seconds
CutType.COMBINATORY: 3
CutType.FLOW_COVER: 0
CutType.RED_SPLIT: 0
CutType.GOMORY: 0
CutType.RED_SPLIT_G: 0
CutType.RESIDUAL_CAPACITY: 0
CutType.LATWO_MIR: 0
iteration 44
relaxation time 2.2041 seconds
CutType.COMBINATORY: 0
CutType.FLOW_COVER: 0
CutType.RED_SPLIT: 13
CutType.GOMORY: 0
CutType.RED_SPLIT_G: 0
CutType.RESIDUAL_CAPACITY: 0
CutType.LATWO_MIR: 0
iteration 45
relaxation time 23.6379 seconds
CutType.COMBINATORY: 23
CutType.FLOW_COVER: 1
CutType.RED_SPLIT: 0
CutType.GOMORY: 0
CutType.RED_SPLIT_G: 0
CutType.RESIDUAL_CAPACITY: 0
CutType.LATWO_MIR: 0
iteration 46
relaxation time 2.865 seconds
CutType.COMBINATORY: 0
CutType.FLOW_COVER: 0
CutType.RED_SPLIT: 4
CutType.GOMORY: 0
CutType.RED_SPLIT_G: 0
CutType.RESIDUAL_CAPACITY: 0
CutType.LATWO_MIR: 0
iteration 47
relaxation time 10.639 seconds
CutType.COMBINATORY: 15
CutType.FLOW_COVER: 0
CutType.RED_SPLIT: 0
CutType.GOMORY: 1
CutType.RED_SPLIT_G: 0
CutType.RESIDUAL_CAPACITY: 0
CutType.LATWO_MIR: 0
iteration 48
relaxation time 3.5956 seconds
len dataset: 615
test_ok: 615
test_false: 0
Combinatory set: [<CutType.ODD_WHEEL: 13>]
Non-Combinatory set: [<CutType.GMI: 2>, <CutType.TWO_MIR: 7>, <CutType.MIR: 6>, <CutType.LATWO_MIR: 8>, <CutType.FLOW_COVER: 5>, <CutType.RESIDUAL_CAPACITY: 10>, <CutType.RED_SPLIT_G: 4>, <CutType.LIFT_AND_PROJECT: 9>, <CutType.ZERO_HALF: 11>]
iteration 0
relaxation time 10.9538 seconds
CutType.COMBINATORY: 6
CutType.GMI: 0
CutType.TWO_MIR: 0
CutType.MIR: 23
CutType.LATWO_MIR: 0
CutType.FLOW_COVER: 8
CutType.RESIDUAL_CAPACITY: 14
CutType.RED_SPLIT_G: 0
len dataset: 45
test_ok: 45
test_false: 0
