Combinatory set: [<CutType.KNAPSACK_COVER: 14>, <CutType.CLIQUE: 12>, <CutType.PROBING: 0>, <CutType.ODD_WHEEL: 13>]
Non-Combinatory set: [<CutType.GMI: 2>, <CutType.LIFT_AND_PROJECT: 9>]
iteration 0
relaxation time 0.0113 seconds
CutType.COMBINATORY: 0
CutType.GMI: 28
CutType.LIFT_AND_PROJECT: 83
iteration 1
relaxation time 0.0115 seconds
CutType.COMBINATORY: 0
CutType.GMI: 4
CutType.LIFT_AND_PROJECT: 33
iteration 2
relaxation time 0.0058 seconds
CutType.COMBINATORY: 0
CutType.GMI: 94
CutType.LIFT_AND_PROJECT: 106
iteration 3
relaxation time 0.0123 seconds
CutType.COMBINATORY: 0
CutType.GMI: 105
CutType.LIFT_AND_PROJECT: 103
iteration 4
relaxation time 0.0469 seconds
CutType.COMBINATORY: 0
CutType.GMI: 31
CutType.LIFT_AND_PROJECT: 74
iteration 5
relaxation time 0.0547 seconds
CutType.COMBINATORY: 0
CutType.GMI: 2
CutType.LIFT_AND_PROJECT: 43
iteration 6
relaxation time 0.0562 seconds
CutType.COMBINATORY: 0
CutType.GMI: 34
CutType.LIFT_AND_PROJECT: 64
iteration 7
relaxation time 0.0849 seconds
CutType.COMBINATORY: 0
CutType.GMI: 17
CutType.LIFT_AND_PROJECT: 68
iteration 8
relaxation time 0.1274 seconds
CutType.COMBINATORY: 0
CutType.GMI: 25
CutType.LIFT_AND_PROJECT: 85
iteration 9
relaxation time 0.2117 seconds
CutType.COMBINATORY: 0
CutType.GMI: 18
CutType.LIFT_AND_PROJECT: 62
iteration 10
relaxation time 0.1866 seconds
CutType.COMBINATORY: 0
CutType.GMI: 16
CutType.LIFT_AND_PROJECT: 57
iteration 11
relaxation time 0.1623 seconds
CutType.COMBINATORY: 0
CutType.GMI: 16
CutType.LIFT_AND_PROJECT: 74
iteration 12
relaxation time 0.2425 seconds
CutType.COMBINATORY: 0
CutType.GMI: 27
CutType.LIFT_AND_PROJECT: 62
iteration 13
relaxation time 0.1721 seconds
CutType.COMBINATORY: 0
CutType.GMI: 43
CutType.LIFT_AND_PROJECT: 82
iteration 14
relaxation time 0.1559 seconds
CutType.COMBINATORY: 0
CutType.GMI: 0
CutType.LIFT_AND_PROJECT: 35
iteration 15
relaxation time 0.4242 seconds
CutType.COMBINATORY: 0
CutType.GMI: 0
CutType.LIFT_AND_PROJECT: 40
iteration 16
relaxation time 0.4155 seconds
CutType.COMBINATORY: 0
CutType.GMI: 0
CutType.LIFT_AND_PROJECT: 28
iteration 17
relaxation time 0.3383 seconds
CutType.COMBINATORY: 0
CutType.GMI: 0
CutType.LIFT_AND_PROJECT: 33
iteration 18
relaxation time 0.3957 seconds
CutType.COMBINATORY: 0
CutType.GMI: 0
CutType.LIFT_AND_PROJECT: 24
iteration 19
relaxation time 0.3339 seconds
CutType.COMBINATORY: 0
CutType.GMI: 0
CutType.LIFT_AND_PROJECT: 56
iteration 20
relaxation time 0.49 seconds
CutType.COMBINATORY: 0
CutType.GMI: 0
CutType.LIFT_AND_PROJECT: 45
iteration 21
relaxation time 0.4441 seconds
CutType.COMBINATORY: 0
CutType.GMI: 0
CutType.LIFT_AND_PROJECT: 51
iteration 22
relaxation time 0.4417 seconds
CutType.COMBINATORY: 0
CutType.GMI: 4
CutType.LIFT_AND_PROJECT: 40
iteration 23
relaxation time 0.5132 seconds
CutType.COMBINATORY: 0
CutType.GMI: 0
CutType.LIFT_AND_PROJECT: 50
iteration 24
relaxation time 0.516 seconds
CutType.COMBINATORY: 0
CutType.GMI: 0
CutType.LIFT_AND_PROJECT: 46
iteration 25
relaxation time 0.6288 seconds
CutType.COMBINATORY: 0
CutType.GMI: 0
CutType.LIFT_AND_PROJECT: 47
iteration 26
relaxation time 0.5367 seconds
CutType.COMBINATORY: 0
CutType.GMI: 0
CutType.LIFT_AND_PROJECT: 20
iteration 27
relaxation time 0.6355 seconds
CutType.COMBINATORY: 0
CutType.GMI: 0
CutType.LIFT_AND_PROJECT: 16
iteration 28
relaxation time 0.4137 seconds
CutType.COMBINATORY: 0
CutType.GMI: 0
CutType.LIFT_AND_PROJECT: 23
iteration 29
relaxation time 0.5074 seconds
CutType.COMBINATORY: 0
CutType.GMI: 0
CutType.LIFT_AND_PROJECT: 29
iteration 30
relaxation time 0.5019 seconds
CutType.COMBINATORY: 0
CutType.GMI: 0
CutType.LIFT_AND_PROJECT: 48
iteration 31
relaxation time 0.6694 seconds
CutType.COMBINATORY: 0
CutType.GMI: 0
CutType.LIFT_AND_PROJECT: 31
iteration 32
relaxation time 0.4943 seconds
CutType.COMBINATORY: 0
CutType.GMI: 4
CutType.LIFT_AND_PROJECT: 65
iteration 33
relaxation time 0.5606 seconds
CutType.COMBINATORY: 0
CutType.GMI: 0
CutType.LIFT_AND_PROJECT: 60
iteration 34
relaxation time 0.6144 seconds
CutType.COMBINATORY: 0
CutType.GMI: 0
CutType.LIFT_AND_PROJECT: 63
iteration 35
relaxation time 0.7032 seconds
CutType.COMBINATORY: 0
CutType.GMI: 0
CutType.LIFT_AND_PROJECT: 60
iteration 36
relaxation time 0.5979 seconds
CutType.COMBINATORY: 0
CutType.GMI: 4
CutType.LIFT_AND_PROJECT: 69
iteration 37
relaxation time 0.6355 seconds
CutType.COMBINATORY: 0
CutType.GMI: 0
CutType.LIFT_AND_PROJECT: 54
iteration 38
relaxation time 0.7624 seconds
CutType.COMBINATORY: 0
CutType.GMI: 0
CutType.LIFT_AND_PROJECT: 54
iteration 39
relaxation time 0.7622 seconds
CutType.COMBINATORY: 0
CutType.GMI: 2
CutType.LIFT_AND_PROJECT: 70
iteration 40
relaxation time 0.6087 seconds
CutType.COMBINATORY: 0
CutType.GMI: 4
CutType.LIFT_AND_PROJECT: 77
iteration 41
relaxation time 0.5277 seconds
CutType.COMBINATORY: 0
CutType.GMI: 2
CutType.LIFT_AND_PROJECT: 87
iteration 42
relaxation time 0.7721 seconds
CutType.COMBINATORY: 0
CutType.GMI: 0
CutType.LIFT_AND_PROJECT: 75
iteration 43
relaxation time 0.6058 seconds
CutType.COMBINATORY: 0
CutType.GMI: 0
CutType.LIFT_AND_PROJECT: 62
iteration 44
relaxation time 0.8463 seconds
CutType.COMBINATORY: 0
CutType.GMI: 0
CutType.LIFT_AND_PROJECT: 59
iteration 45
relaxation time 1.0772 seconds
CutType.COMBINATORY: 0
CutType.GMI: 0
CutType.LIFT_AND_PROJECT: 66
iteration 46
relaxation time 1.2492 seconds
CutType.COMBINATORY: 0
CutType.GMI: 0
CutType.LIFT_AND_PROJECT: 64
iteration 47
relaxation time 0.9061 seconds
CutType.COMBINATORY: 0
CutType.GMI: 0
CutType.LIFT_AND_PROJECT: 65
iteration 48
relaxation time 1.2833 seconds
CutType.COMBINATORY: 0
CutType.GMI: 0
CutType.LIFT_AND_PROJECT: 69
iteration 49
relaxation time 0.8702 seconds
CutType.COMBINATORY: 0
CutType.GMI: 0
CutType.LIFT_AND_PROJECT: 55
iteration 50
relaxation time 0.773 seconds
CutType.COMBINATORY: 0
CutType.GMI: 2
CutType.LIFT_AND_PROJECT: 64
iteration 51
relaxation time 0.7436 seconds
CutType.COMBINATORY: 0
CutType.GMI: 0
CutType.LIFT_AND_PROJECT: 63
iteration 52
relaxation time 0.8956 seconds
CutType.COMBINATORY: 0
CutType.GMI: 0
CutType.LIFT_AND_PROJECT: 60
iteration 53
relaxation time 0.7986 seconds
CutType.COMBINATORY: 0
CutType.GMI: 0
CutType.LIFT_AND_PROJECT: 49
iteration 54
relaxation time 0.9706 seconds
CutType.COMBINATORY: 0
CutType.GMI: 0
CutType.LIFT_AND_PROJECT: 55
iteration 55
relaxation time 1.0007 seconds
CutType.COMBINATORY: 0
CutType.GMI: 0
CutType.LIFT_AND_PROJECT: 56
iteration 56
relaxation time 0.9644 seconds
CutType.COMBINATORY: 0
CutType.GMI: 0
CutType.LIFT_AND_PROJECT: 54
iteration 57
relaxation time 0.867 seconds
CutType.COMBINATORY: 0
CutType.GMI: 0
CutType.LIFT_AND_PROJECT: 42
iteration 58
relaxation time 1.01 seconds
CutType.COMBINATORY: 0
CutType.GMI: 1
CutType.LIFT_AND_PROJECT: 62
iteration 59
relaxation time 0.7191 seconds
CutType.COMBINATORY: 4
CutType.GMI: 0
CutType.LIFT_AND_PROJECT: 35
iteration 60
relaxation time 0.6029 seconds
CutType.COMBINATORY: 0
CutType.GMI: 0
CutType.LIFT_AND_PROJECT: 36
iteration 61
relaxation time 1.1486 seconds
CutType.COMBINATORY: 0
CutType.GMI: 0
CutType.LIFT_AND_PROJECT: 31
iteration 62
relaxation time 1.0112 seconds
CutType.COMBINATORY: 0
CutType.GMI: 0
CutType.LIFT_AND_PROJECT: 53
iteration 63
relaxation time 1.0336 seconds
CutType.COMBINATORY: 0
CutType.GMI: 0
CutType.LIFT_AND_PROJECT: 43
iteration 64
relaxation time 0.9337 seconds
CutType.COMBINATORY: 0
CutType.GMI: 0
CutType.LIFT_AND_PROJECT: 46
iteration 65
relaxation time 1.024 seconds
CutType.COMBINATORY: 0
CutType.GMI: 0
CutType.LIFT_AND_PROJECT: 36
iteration 66
relaxation time 0.8002 seconds
CutType.COMBINATORY: 0
CutType.GMI: 0
CutType.LIFT_AND_PROJECT: 52
iteration 67
relaxation time 1.1508 seconds
CutType.COMBINATORY: 0
CutType.GMI: 0
CutType.LIFT_AND_PROJECT: 53
iteration 68
relaxation time 1.0905 seconds
CutType.COMBINATORY: 0
CutType.GMI: 0
CutType.LIFT_AND_PROJECT: 45
iteration 69
relaxation time 1.1449 seconds
CutType.COMBINATORY: 0
CutType.GMI: 0
CutType.LIFT_AND_PROJECT: 40
iteration 70
relaxation time 1.397 seconds
CutType.COMBINATORY: 0
CutType.GMI: 0
CutType.LIFT_AND_PROJECT: 46
iteration 71
relaxation time 0.9759 seconds
CutType.COMBINATORY: 1
CutType.GMI: 0
CutType.LIFT_AND_PROJECT: 51
iteration 72
relaxation time 1.34 seconds
CutType.COMBINATORY: 0
CutType.GMI: 0
CutType.LIFT_AND_PROJECT: 33
iteration 73
relaxation time 0.9155 seconds
CutType.COMBINATORY: 0
CutType.GMI: 0
CutType.LIFT_AND_PROJECT: 49
iteration 74
relaxation time 1.15 seconds
CutType.COMBINATORY: 0
CutType.GMI: 0
CutType.LIFT_AND_PROJECT: 53
iteration 75
relaxation time 1.2458 seconds
CutType.COMBINATORY: 0
CutType.GMI: 0
CutType.LIFT_AND_PROJECT: 51
iteration 76
relaxation time 2.4522 seconds
CutType.COMBINATORY: 0
CutType.GMI: 0
CutType.LIFT_AND_PROJECT: 42
iteration 77
relaxation time 1.6371 seconds
CutType.COMBINATORY: 0
CutType.GMI: 0
CutType.LIFT_AND_PROJECT: 50
iteration 78
relaxation time 1.3372 seconds
CutType.COMBINATORY: 0
CutType.GMI: 0
CutType.LIFT_AND_PROJECT: 42
iteration 79
relaxation time 1.254 seconds
CutType.COMBINATORY: 0
CutType.GMI: 0
CutType.LIFT_AND_PROJECT: 59
iteration 80
relaxation time 1.7758 seconds
CutType.COMBINATORY: 0
CutType.GMI: 0
CutType.LIFT_AND_PROJECT: 64
iteration 81
relaxation time 1.7942 seconds
CutType.COMBINATORY: 0
CutType.GMI: 0
CutType.LIFT_AND_PROJECT: 64
iteration 82
relaxation time 1.6651 seconds
CutType.COMBINATORY: 1
CutType.GMI: 0
CutType.LIFT_AND_PROJECT: 44
iteration 83
relaxation time 1.1832 seconds
CutType.COMBINATORY: 0
CutType.GMI: 0
CutType.LIFT_AND_PROJECT: 55
iteration 84
relaxation time 1.391 seconds
CutType.COMBINATORY: 0
CutType.GMI: 0
CutType.LIFT_AND_PROJECT: 42
iteration 85
relaxation time 1.3707 seconds
CutType.COMBINATORY: 0
CutType.GMI: 0
CutType.LIFT_AND_PROJECT: 48
iteration 86
relaxation time 1.5932 seconds
CutType.COMBINATORY: 0
CutType.GMI: 0
CutType.LIFT_AND_PROJECT: 53
iteration 87
relaxation time 1.9399 seconds
CutType.COMBINATORY: 0
CutType.GMI: 0
CutType.LIFT_AND_PROJECT: 40
iteration 88
relaxation time 1.4926 seconds
CutType.COMBINATORY: 0
CutType.GMI: 0
CutType.LIFT_AND_PROJECT: 37
iteration 89
relaxation time 1.3197 seconds
CutType.COMBINATORY: 0
CutType.GMI: 0
CutType.LIFT_AND_PROJECT: 36
iteration 90
relaxation time 1.3416 seconds
CutType.COMBINATORY: 0
CutType.GMI: 0
CutType.LIFT_AND_PROJECT: 43
iteration 91
relaxation time 1.5585 seconds
CutType.COMBINATORY: 0
CutType.GMI: 0
CutType.LIFT_AND_PROJECT: 32
iteration 92
relaxation time 1.3238 seconds
CutType.COMBINATORY: 0
CutType.GMI: 0
CutType.LIFT_AND_PROJECT: 27
iteration 93
relaxation time 1.6442 seconds
CutType.COMBINATORY: 0
CutType.GMI: 0
CutType.LIFT_AND_PROJECT: 27
iteration 94
relaxation time 1.554 seconds
CutType.COMBINATORY: 0
CutType.GMI: 0
CutType.LIFT_AND_PROJECT: 25
iteration 95
relaxation time 2.4833 seconds
CutType.COMBINATORY: 0
CutType.GMI: 0
CutType.LIFT_AND_PROJECT: 27
iteration 96
relaxation time 1.7074 seconds
CutType.COMBINATORY: 0
CutType.GMI: 0
CutType.LIFT_AND_PROJECT: 46
iteration 97
relaxation time 1.4999 seconds
CutType.COMBINATORY: 0
CutType.GMI: 0
CutType.LIFT_AND_PROJECT: 20
iteration 98
relaxation time 1.8867 seconds
CutType.COMBINATORY: 0
CutType.GMI: 0
CutType.LIFT_AND_PROJECT: 59
iteration 99
relaxation time 1.5573 seconds
CutType.COMBINATORY: 0
CutType.GMI: 0
CutType.LIFT_AND_PROJECT: 29
iteration 100
relaxation time 1.5261 seconds
CutType.COMBINATORY: 0
CutType.GMI: 0
CutType.LIFT_AND_PROJECT: 57
iteration 101
relaxation time 1.7488 seconds
CutType.COMBINATORY: 0
CutType.GMI: 0
CutType.LIFT_AND_PROJECT: 58
iteration 102
relaxation time 1.9355 seconds
CutType.COMBINATORY: 0
CutType.GMI: 0
CutType.LIFT_AND_PROJECT: 55
iteration 103
relaxation time 1.8439 seconds
CutType.COMBINATORY: 0
CutType.GMI: 0
CutType.LIFT_AND_PROJECT: 71
iteration 104
relaxation time 1.7229 seconds
CutType.COMBINATORY: 0
CutType.GMI: 0
CutType.LIFT_AND_PROJECT: 48
iteration 105
relaxation time 2.9094 seconds
CutType.COMBINATORY: 0
CutType.GMI: 0
CutType.LIFT_AND_PROJECT: 67
iteration 106
relaxation time 2.3107 seconds
CutType.COMBINATORY: 0
CutType.GMI: 0
CutType.LIFT_AND_PROJECT: 55
iteration 107
relaxation time 1.9559 seconds
CutType.COMBINATORY: 0
CutType.GMI: 0
CutType.LIFT_AND_PROJECT: 69
iteration 108
relaxation time 2.1324 seconds
CutType.COMBINATORY: 0
CutType.GMI: 0
CutType.LIFT_AND_PROJECT: 57
iteration 109
relaxation time 2.4874 seconds
CutType.COMBINATORY: 0
CutType.GMI: 0
CutType.LIFT_AND_PROJECT: 67
iteration 110
relaxation time 2.2354 seconds
CutType.COMBINATORY: 0
CutType.GMI: 0
CutType.LIFT_AND_PROJECT: 63
iteration 111
relaxation time 2.5574 seconds
CutType.COMBINATORY: 0
CutType.GMI: 0
CutType.LIFT_AND_PROJECT: 65
iteration 112
relaxation time 2.2084 seconds
CutType.COMBINATORY: 0
CutType.GMI: 0
CutType.LIFT_AND_PROJECT: 61
iteration 113
relaxation time 2.2105 seconds
CutType.COMBINATORY: 0
CutType.GMI: 0
CutType.LIFT_AND_PROJECT: 60
iteration 114
relaxation time 1.9862 seconds
CutType.COMBINATORY: 0
CutType.GMI: 0
CutType.LIFT_AND_PROJECT: 63
iteration 115
relaxation time 2.5378 seconds
CutType.COMBINATORY: 0
CutType.GMI: 0
CutType.LIFT_AND_PROJECT: 64
iteration 116
relaxation time 1.7923 seconds
CutType.COMBINATORY: 0
CutType.GMI: 0
CutType.LIFT_AND_PROJECT: 65
iteration 117
relaxation time 2.5053 seconds
CutType.COMBINATORY: 0
CutType.GMI: 0
CutType.LIFT_AND_PROJECT: 62
iteration 118
relaxation time 2.4783 seconds
CutType.COMBINATORY: 0
CutType.GMI: 0
CutType.LIFT_AND_PROJECT: 63
iteration 119
relaxation time 2.2583 seconds
CutType.COMBINATORY: 0
CutType.GMI: 0
CutType.LIFT_AND_PROJECT: 65
iteration 120
relaxation time 2.3464 seconds
CutType.COMBINATORY: 0
CutType.GMI: 0
CutType.LIFT_AND_PROJECT: 65
iteration 121
relaxation time 2.8382 seconds
CutType.COMBINATORY: 0
CutType.GMI: 0
CutType.LIFT_AND_PROJECT: 72
iteration 122
relaxation time 2.2555 seconds
CutType.COMBINATORY: 0
CutType.GMI: 0
CutType.LIFT_AND_PROJECT: 65
iteration 123
relaxation time 2.2877 seconds
CutType.COMBINATORY: 0
CutType.GMI: 0
CutType.LIFT_AND_PROJECT: 71
iteration 124
relaxation time 2.2502 seconds
CutType.COMBINATORY: 0
CutType.GMI: 0
CutType.LIFT_AND_PROJECT: 60
iteration 125
relaxation time 2.0755 seconds
CutType.COMBINATORY: 0
CutType.GMI: 0
CutType.LIFT_AND_PROJECT: 51
iteration 126
relaxation time 2.2694 seconds
CutType.COMBINATORY: 0
CutType.GMI: 0
CutType.LIFT_AND_PROJECT: 56
iteration 127
relaxation time 2.1688 seconds
CutType.COMBINATORY: 0
CutType.GMI: 0
CutType.LIFT_AND_PROJECT: 64
iteration 128
relaxation time 2.0837 seconds
CutType.COMBINATORY: 0
CutType.GMI: 0
CutType.LIFT_AND_PROJECT: 62
iteration 129
relaxation time 2.3857 seconds
CutType.COMBINATORY: 0
CutType.GMI: 0
CutType.LIFT_AND_PROJECT: 63
iteration 130
relaxation time 2.4078 seconds
CutType.COMBINATORY: 0
CutType.GMI: 0
CutType.LIFT_AND_PROJECT: 70
iteration 131
relaxation time 2.3547 seconds
CutType.COMBINATORY: 0
CutType.GMI: 0
CutType.LIFT_AND_PROJECT: 67
iteration 132
relaxation time 2.7197 seconds
CutType.COMBINATORY: 0
CutType.GMI: 0
CutType.LIFT_AND_PROJECT: 68
iteration 133
relaxation time 2.5608 seconds
CutType.COMBINATORY: 0
CutType.GMI: 0
CutType.LIFT_AND_PROJECT: 52
iteration 134
relaxation time 2.6275 seconds
CutType.COMBINATORY: 0
CutType.GMI: 0
CutType.LIFT_AND_PROJECT: 62
iteration 135
relaxation time 2.7584 seconds
CutType.COMBINATORY: 0
CutType.GMI: 0
CutType.LIFT_AND_PROJECT: 64
iteration 136
relaxation time 2.7937 seconds
CutType.COMBINATORY: 0
CutType.GMI: 0
CutType.LIFT_AND_PROJECT: 64
iteration 137
relaxation time 2.2061 seconds
CutType.COMBINATORY: 0
CutType.GMI: 0
CutType.LIFT_AND_PROJECT: 65
iteration 138
relaxation time 2.6212 seconds
CutType.COMBINATORY: 0
CutType.GMI: 0
CutType.LIFT_AND_PROJECT: 64
iteration 139
relaxation time 3.3616 seconds
CutType.COMBINATORY: 0
CutType.GMI: 0
CutType.LIFT_AND_PROJECT: 65
iteration 140
relaxation time 2.5949 seconds
CutType.COMBINATORY: 0
CutType.GMI: 0
CutType.LIFT_AND_PROJECT: 63
iteration 141
relaxation time 3.0637 seconds
CutType.COMBINATORY: 0
CutType.GMI: 0
CutType.LIFT_AND_PROJECT: 62
iteration 142
relaxation time 2.6038 seconds
CutType.COMBINATORY: 0
CutType.GMI: 0
CutType.LIFT_AND_PROJECT: 63
iteration 143
relaxation time 2.7143 seconds
CutType.COMBINATORY: 0
CutType.GMI: 0
CutType.LIFT_AND_PROJECT: 67
iteration 144
relaxation time 3.1156 seconds
CutType.COMBINATORY: 0
CutType.GMI: 0
CutType.LIFT_AND_PROJECT: 60
iteration 145
relaxation time 2.9062 seconds
CutType.COMBINATORY: 0
CutType.GMI: 0
CutType.LIFT_AND_PROJECT: 62
iteration 146
relaxation time 3.1301 seconds
CutType.COMBINATORY: 0
CutType.GMI: 0
CutType.LIFT_AND_PROJECT: 71
iteration 147
relaxation time 2.7297 seconds
CutType.COMBINATORY: 0
CutType.GMI: 0
CutType.LIFT_AND_PROJECT: 31
iteration 148
relaxation time 2.8694 seconds
CutType.COMBINATORY: 0
CutType.GMI: 0
CutType.LIFT_AND_PROJECT: 66
iteration 149
relaxation time 2.8599 seconds
CutType.COMBINATORY: 0
CutType.GMI: 0
CutType.LIFT_AND_PROJECT: 69
iteration 150
relaxation time 3.1032 seconds
CutType.COMBINATORY: 0
CutType.GMI: 0
CutType.LIFT_AND_PROJECT: 46
iteration 151
relaxation time 2.732 seconds
CutType.COMBINATORY: 0
CutType.GMI: 0
CutType.LIFT_AND_PROJECT: 68
iteration 152
relaxation time 2.8218 seconds
CutType.COMBINATORY: 0
CutType.GMI: 0
CutType.LIFT_AND_PROJECT: 65
iteration 153
relaxation time 3.3572 seconds
CutType.COMBINATORY: 0
CutType.GMI: 0
CutType.LIFT_AND_PROJECT: 61
iteration 154
relaxation time 3.4488 seconds
CutType.COMBINATORY: 0
CutType.GMI: 0
CutType.LIFT_AND_PROJECT: 70
iteration 155
relaxation time 3.243 seconds
CutType.COMBINATORY: 0
CutType.GMI: 0
CutType.LIFT_AND_PROJECT: 59
iteration 156
relaxation time 2.9994 seconds
CutType.COMBINATORY: 0
CutType.GMI: 0
CutType.LIFT_AND_PROJECT: 73
iteration 157
relaxation time 3.1032 seconds
CutType.COMBINATORY: 0
CutType.GMI: 0
CutType.LIFT_AND_PROJECT: 73
iteration 158
relaxation time 2.7053 seconds
CutType.COMBINATORY: 0
CutType.GMI: 0
CutType.LIFT_AND_PROJECT: 66
iteration 159
relaxation time 3.2108 seconds
CutType.COMBINATORY: 0
CutType.GMI: 0
CutType.LIFT_AND_PROJECT: 64
iteration 160
relaxation time 3.645 seconds
CutType.COMBINATORY: 0
CutType.GMI: 0
CutType.LIFT_AND_PROJECT: 65
iteration 161
relaxation time 2.898 seconds
CutType.COMBINATORY: 0
CutType.GMI: 0
CutType.LIFT_AND_PROJECT: 64
iteration 162
relaxation time 3.4626 seconds
CutType.COMBINATORY: 0
CutType.GMI: 0
CutType.LIFT_AND_PROJECT: 64
iteration 163
relaxation time 3.7236 seconds
CutType.COMBINATORY: 0
CutType.GMI: 0
CutType.LIFT_AND_PROJECT: 65
iteration 164
relaxation time 4.0376 seconds
CutType.COMBINATORY: 0
CutType.GMI: 0
CutType.LIFT_AND_PROJECT: 69
iteration 165
relaxation time 3.0364 seconds
CutType.COMBINATORY: 0
CutType.GMI: 0
CutType.LIFT_AND_PROJECT: 47
iteration 166
relaxation time 3.5005 seconds
CutType.COMBINATORY: 0
CutType.GMI: 0
CutType.LIFT_AND_PROJECT: 58
iteration 167
relaxation time 3.5427 seconds
CutType.COMBINATORY: 0
CutType.GMI: 0
CutType.LIFT_AND_PROJECT: 62
iteration 168
relaxation time 3.3237 seconds
CutType.COMBINATORY: 0
CutType.GMI: 0
CutType.LIFT_AND_PROJECT: 66
iteration 169
relaxation time 3.8672 seconds
CutType.COMBINATORY: 0
CutType.GMI: 0
CutType.LIFT_AND_PROJECT: 61
iteration 170
relaxation time 3.5536 seconds
CutType.COMBINATORY: 0
CutType.GMI: 0
CutType.LIFT_AND_PROJECT: 63
iteration 171
relaxation time 3.8051 seconds
CutType.COMBINATORY: 0
CutType.GMI: 0
CutType.LIFT_AND_PROJECT: 54
iteration 172
relaxation time 3.537 seconds
CutType.COMBINATORY: 0
CutType.GMI: 0
CutType.LIFT_AND_PROJECT: 63
iteration 173
relaxation time 3.1976 seconds
CutType.COMBINATORY: 0
CutType.GMI: 0
CutType.LIFT_AND_PROJECT: 60
iteration 174
relaxation time 3.1986 seconds
CutType.COMBINATORY: 0
CutType.GMI: 0
CutType.LIFT_AND_PROJECT: 59
iteration 175
relaxation time 3.8838 seconds
CutType.COMBINATORY: 0
CutType.GMI: 0
CutType.LIFT_AND_PROJECT: 57
iteration 176
relaxation time 3.7817 seconds
CutType.COMBINATORY: 0
CutType.GMI: 0
CutType.LIFT_AND_PROJECT: 60
iteration 177
relaxation time 3.729 seconds
CutType.COMBINATORY: 0
CutType.GMI: 0
CutType.LIFT_AND_PROJECT: 63
iteration 178
relaxation time 3.0711 seconds
CutType.COMBINATORY: 0
CutType.GMI: 0
CutType.LIFT_AND_PROJECT: 59
iteration 179
relaxation time 3.3946 seconds
CutType.COMBINATORY: 0
CutType.GMI: 0
CutType.LIFT_AND_PROJECT: 64
iteration 180
relaxation time 3.88 seconds
CutType.COMBINATORY: 0
CutType.GMI: 0
CutType.LIFT_AND_PROJECT: 61
iteration 181
relaxation time 3.1507 seconds
CutType.COMBINATORY: 0
CutType.GMI: 0
CutType.LIFT_AND_PROJECT: 49
iteration 182
relaxation time 3.8276 seconds
CutType.COMBINATORY: 0
CutType.GMI: 0
CutType.LIFT_AND_PROJECT: 63
iteration 183
relaxation time 4.224 seconds
CutType.COMBINATORY: 0
CutType.GMI: 0
CutType.LIFT_AND_PROJECT: 57
iteration 184
relaxation time 3.7417 seconds
CutType.COMBINATORY: 0
CutType.GMI: 0
CutType.LIFT_AND_PROJECT: 62
iteration 185
relaxation time 4.0346 seconds
CutType.COMBINATORY: 0
CutType.GMI: 0
CutType.LIFT_AND_PROJECT: 59
iteration 186
relaxation time 3.8464 seconds
CutType.COMBINATORY: 0
CutType.GMI: 0
CutType.LIFT_AND_PROJECT: 59
iteration 187
relaxation time 3.3009 seconds
CutType.COMBINATORY: 0
CutType.GMI: 0
CutType.LIFT_AND_PROJECT: 68
iteration 188
relaxation time 2.9105 seconds
CutType.COMBINATORY: 0
CutType.GMI: 0
CutType.LIFT_AND_PROJECT: 63
iteration 189
relaxation time 4.1568 seconds
CutType.COMBINATORY: 0
CutType.GMI: 0
CutType.LIFT_AND_PROJECT: 62
iteration 190
relaxation time 3.7053 seconds
CutType.COMBINATORY: 0
CutType.GMI: 0
CutType.LIFT_AND_PROJECT: 65
iteration 191
relaxation time 3.901 seconds
CutType.COMBINATORY: 0
CutType.GMI: 0
CutType.LIFT_AND_PROJECT: 62
iteration 192
relaxation time 4.2623 seconds
CutType.COMBINATORY: 0
CutType.GMI: 0
CutType.LIFT_AND_PROJECT: 63
iteration 193
relaxation time 3.7604 seconds
CutType.COMBINATORY: 0
CutType.GMI: 0
CutType.LIFT_AND_PROJECT: 64
iteration 194
relaxation time 4.4535 seconds
CutType.COMBINATORY: 0
CutType.GMI: 0
CutType.LIFT_AND_PROJECT: 65
iteration 195
relaxation time 4.0667 seconds
CutType.COMBINATORY: 0
CutType.GMI: 0
CutType.LIFT_AND_PROJECT: 66
iteration 196
relaxation time 3.7189 seconds
CutType.COMBINATORY: 0
CutType.GMI: 0
CutType.LIFT_AND_PROJECT: 67
iteration 197
relaxation time 4.2361 seconds
CutType.COMBINATORY: 0
CutType.GMI: 0
CutType.LIFT_AND_PROJECT: 61
iteration 198
relaxation time 5.3375 seconds
CutType.COMBINATORY: 0
CutType.GMI: 0
CutType.LIFT_AND_PROJECT: 66
iteration 199
relaxation time 2.8463 seconds
CutType.COMBINATORY: 0
CutType.GMI: 0
CutType.LIFT_AND_PROJECT: 64
iteration 200
relaxation time 3.1219 seconds
CutType.COMBINATORY: 0
CutType.GMI: 0
CutType.LIFT_AND_PROJECT: 69
iteration 201
relaxation time 4.1642 seconds
CutType.COMBINATORY: 0
CutType.GMI: 0
CutType.LIFT_AND_PROJECT: 68
iteration 202
relaxation time 4.4534 seconds
CutType.COMBINATORY: 0
CutType.GMI: 0
CutType.LIFT_AND_PROJECT: 66
iteration 203
relaxation time 4.8213 seconds
CutType.COMBINATORY: 0
CutType.GMI: 0
CutType.LIFT_AND_PROJECT: 60
iteration 204
relaxation time 5.0475 seconds
CutType.COMBINATORY: 0
CutType.GMI: 0
CutType.LIFT_AND_PROJECT: 62
iteration 205
relaxation time 4.5396 seconds
CutType.COMBINATORY: 0
CutType.GMI: 0
CutType.LIFT_AND_PROJECT: 60
iteration 206
relaxation time 3.9679 seconds
CutType.COMBINATORY: 0
CutType.GMI: 0
CutType.LIFT_AND_PROJECT: 66
iteration 207
relaxation time 4.703 seconds
CutType.COMBINATORY: 0
CutType.GMI: 0
CutType.LIFT_AND_PROJECT: 63
iteration 208
relaxation time 4.8157 seconds
CutType.COMBINATORY: 0
CutType.GMI: 0
CutType.LIFT_AND_PROJECT: 56
iteration 209
relaxation time 4.2582 seconds
CutType.COMBINATORY: 0
CutType.GMI: 0
CutType.LIFT_AND_PROJECT: 53
iteration 210
relaxation time 4.9781 seconds
CutType.COMBINATORY: 0
CutType.GMI: 0
CutType.LIFT_AND_PROJECT: 58
iteration 211
relaxation time 5.144 seconds
CutType.COMBINATORY: 0
CutType.GMI: 0
CutType.LIFT_AND_PROJECT: 49
iteration 212
relaxation time 4.7033 seconds
CutType.COMBINATORY: 0
CutType.GMI: 0
CutType.LIFT_AND_PROJECT: 64
iteration 213
relaxation time 4.0559 seconds
CutType.COMBINATORY: 0
CutType.GMI: 0
CutType.LIFT_AND_PROJECT: 39
iteration 214
relaxation time 4.5485 seconds
CutType.COMBINATORY: 0
CutType.GMI: 0
CutType.LIFT_AND_PROJECT: 64
iteration 215
relaxation time 5.1421 seconds
CutType.COMBINATORY: 0
CutType.GMI: 0
CutType.LIFT_AND_PROJECT: 62
iteration 216
relaxation time 5.2098 seconds
CutType.COMBINATORY: 0
CutType.GMI: 0
len dataset: 12776
test_ok: 12776
test_false: 0
Combinatory set: [<CutType.ODD_WHEEL: 13>, <CutType.CLIQUE: 12>, <CutType.PROBING: 0>, <CutType.KNAPSACK_COVER: 14>]
Non-Combinatory set: [<CutType.ZERO_HALF: 11>, <CutType.FLOW_COVER: 5>, <CutType.GOMORY: 1>, <CutType.LIFT_AND_PROJECT: 9>, <CutType.RED_SPLIT_G: 4>, <CutType.GMI: 2>, <CutType.RESIDUAL_CAPACITY: 10>, <CutType.TWO_MIR: 7>, <CutType.RED_SPLIT: 3>, <CutType.MIR: 6>]
iteration 0
relaxation time 0.0345 seconds
CutType.COMBINATORY: 0
CutType.ZERO_HALF: 0
CutType.FLOW_COVER: 0
CutType.GOMORY: 0
CutType.LIFT_AND_PROJECT: 83
CutType.RED_SPLIT_G: 0
CutType.GMI: 0
CutType.RESIDUAL_CAPACITY: 0
CutType.TWO_MIR: 0
CutType.RED_SPLIT: 0
CutType.MIR: 0
iteration 1
relaxation time 0.0212 seconds
CutType.COMBINATORY: 0
CutType.ZERO_HALF: 0
CutType.FLOW_COVER: 0
CutType.GOMORY: 0
CutType.LIFT_AND_PROJECT: 32
CutType.RED_SPLIT_G: 0
CutType.GMI: 0
CutType.RESIDUAL_CAPACITY: 0
CutType.TWO_MIR: 0
CutType.RED_SPLIT: 0
CutType.MIR: 1
iteration 2
relaxation time 0.0062 seconds
CutType.COMBINATORY: 0
CutType.ZERO_HALF: 0
CutType.FLOW_COVER: 0
CutType.GOMORY: 145
CutType.LIFT_AND_PROJECT: 122
CutType.RED_SPLIT_G: 0
CutType.GMI: 0
CutType.RESIDUAL_CAPACITY: 0
CutType.TWO_MIR: 0
CutType.RED_SPLIT: 0
CutType.MIR: 23
iteration 3
relaxation time 0.038 seconds
CutType.COMBINATORY: 2
CutType.ZERO_HALF: 0
CutType.FLOW_COVER: 0
CutType.GOMORY: 36
CutType.LIFT_AND_PROJECT: 66
CutType.RED_SPLIT_G: 0
CutType.GMI: 0
CutType.RESIDUAL_CAPACITY: 0
CutType.TWO_MIR: 0
CutType.RED_SPLIT: 0
CutType.MIR: 2
iteration 4
relaxation time 0.072 seconds
CutType.COMBINATORY: 0
CutType.ZERO_HALF: 0
CutType.FLOW_COVER: 0
CutType.GOMORY: 17
CutType.LIFT_AND_PROJECT: 47
CutType.RED_SPLIT_G: 0
CutType.GMI: 0
CutType.RESIDUAL_CAPACITY: 0
CutType.TWO_MIR: 0
CutType.RED_SPLIT: 0
CutType.MIR: 0
iteration 5
relaxation time 0.1003 seconds
CutType.COMBINATORY: 0
CutType.ZERO_HALF: 0
CutType.FLOW_COVER: 0
CutType.GOMORY: 49
CutType.LIFT_AND_PROJECT: 83
CutType.RED_SPLIT_G: 0
CutType.GMI: 0
CutType.RESIDUAL_CAPACITY: 0
CutType.TWO_MIR: 0
CutType.RED_SPLIT: 0
CutType.MIR: 0
iteration 6
relaxation time 0.1694 seconds
CutType.COMBINATORY: 0
CutType.ZERO_HALF: 0
CutType.FLOW_COVER: 0
CutType.GOMORY: 13
CutType.LIFT_AND_PROJECT: 42
CutType.RED_SPLIT_G: 0
CutType.GMI: 0
CutType.RESIDUAL_CAPACITY: 0
CutType.TWO_MIR: 0
CutType.RED_SPLIT: 0
CutType.MIR: 0
iteration 7
relaxation time 0.1959 seconds
CutType.COMBINATORY: 0
CutType.ZERO_HALF: 0
CutType.FLOW_COVER: 0
CutType.GOMORY: 22
CutType.LIFT_AND_PROJECT: 81
CutType.RED_SPLIT_G: 0
CutType.GMI: 0
CutType.RESIDUAL_CAPACITY: 0
CutType.TWO_MIR: 0
CutType.RED_SPLIT: 0
CutType.MIR: 0
iteration 8
relaxation time 0.3408 seconds
CutType.COMBINATORY: 0
CutType.ZERO_HALF: 0
CutType.FLOW_COVER: 0
CutType.GOMORY: 7
CutType.LIFT_AND_PROJECT: 86
CutType.RED_SPLIT_G: 0
CutType.GMI: 0
CutType.RESIDUAL_CAPACITY: 0
CutType.TWO_MIR: 0
CutType.RED_SPLIT: 0
CutType.MIR: 0
iteration 9
relaxation time 0.422 seconds
CutType.COMBINATORY: 0
CutType.ZERO_HALF: 0
CutType.FLOW_COVER: 0
CutType.GOMORY: 12
CutType.LIFT_AND_PROJECT: 76
CutType.RED_SPLIT_G: 0
CutType.GMI: 0
CutType.RESIDUAL_CAPACITY: 0
CutType.TWO_MIR: 0
CutType.RED_SPLIT: 0
CutType.MIR: 0
iteration 10
relaxation time 0.2323 seconds
CutType.COMBINATORY: 0
CutType.ZERO_HALF: 0
CutType.FLOW_COVER: 0
CutType.GOMORY: 0
CutType.LIFT_AND_PROJECT: 90
CutType.RED_SPLIT_G: 0
CutType.GMI: 0
CutType.RESIDUAL_CAPACITY: 0
CutType.TWO_MIR: 0
CutType.RED_SPLIT: 0
CutType.MIR: 0
iteration 11
relaxation time 0.3668 seconds
CutType.COMBINATORY: 0
CutType.ZERO_HALF: 0
CutType.FLOW_COVER: 0
CutType.GOMORY: 1
CutType.LIFT_AND_PROJECT: 73
CutType.RED_SPLIT_G: 0
CutType.GMI: 0
CutType.RESIDUAL_CAPACITY: 0
CutType.TWO_MIR: 0
CutType.RED_SPLIT: 0
CutType.MIR: 0
iteration 12
relaxation time 0.4206 seconds
CutType.COMBINATORY: 0
CutType.ZERO_HALF: 0
CutType.FLOW_COVER: 0
CutType.GOMORY: 0
CutType.LIFT_AND_PROJECT: 77
CutType.RED_SPLIT_G: 0
CutType.GMI: 0
CutType.RESIDUAL_CAPACITY: 0
CutType.TWO_MIR: 0
CutType.RED_SPLIT: 0
CutType.MIR: 0
iteration 13
relaxation time 0.5714 seconds
CutType.COMBINATORY: 0
CutType.ZERO_HALF: 0
CutType.FLOW_COVER: 0
CutType.GOMORY: 3
CutType.LIFT_AND_PROJECT: 69
CutType.RED_SPLIT_G: 0
CutType.GMI: 0
CutType.RESIDUAL_CAPACITY: 0
CutType.TWO_MIR: 0
CutType.RED_SPLIT: 0
CutType.MIR: 0
iteration 14
relaxation time 0.4965 seconds
CutType.COMBINATORY: 0
CutType.ZERO_HALF: 0
CutType.FLOW_COVER: 0
CutType.GOMORY: 7
CutType.LIFT_AND_PROJECT: 67
CutType.RED_SPLIT_G: 0
CutType.GMI: 0
CutType.RESIDUAL_CAPACITY: 0
CutType.TWO_MIR: 0
CutType.RED_SPLIT: 0
CutType.MIR: 0
iteration 15
relaxation time 0.4983 seconds
CutType.COMBINATORY: 0
CutType.ZERO_HALF: 0
CutType.FLOW_COVER: 0
CutType.GOMORY: 23
CutType.LIFT_AND_PROJECT: 62
CutType.RED_SPLIT_G: 0
CutType.GMI: 0
CutType.RESIDUAL_CAPACITY: 0
CutType.TWO_MIR: 0
CutType.RED_SPLIT: 0
CutType.MIR: 0
iteration 16
relaxation time 0.4709 seconds
CutType.COMBINATORY: 0
CutType.ZERO_HALF: 0
CutType.FLOW_COVER: 0
CutType.GOMORY: 0
CutType.LIFT_AND_PROJECT: 35
CutType.RED_SPLIT_G: 0
CutType.GMI: 0
CutType.RESIDUAL_CAPACITY: 0
CutType.TWO_MIR: 0
CutType.RED_SPLIT: 0
CutType.MIR: 0
iteration 17
relaxation time 0.4991 seconds
CutType.COMBINATORY: 0
CutType.ZERO_HALF: 0
CutType.FLOW_COVER: 0
CutType.GOMORY: 1
CutType.LIFT_AND_PROJECT: 71
CutType.RED_SPLIT_G: 0
CutType.GMI: 0
CutType.RESIDUAL_CAPACITY: 0
CutType.TWO_MIR: 0
CutType.RED_SPLIT: 0
CutType.MIR: 0
iteration 18
relaxation time 0.7406 seconds
CutType.COMBINATORY: 0
CutType.ZERO_HALF: 0
CutType.FLOW_COVER: 0
CutType.GOMORY: 1
CutType.LIFT_AND_PROJECT: 61
CutType.RED_SPLIT_G: 0
CutType.GMI: 0
CutType.RESIDUAL_CAPACITY: 0
CutType.TWO_MIR: 0
CutType.RED_SPLIT: 0
CutType.MIR: 0
iteration 19
relaxation time 0.5775 seconds
CutType.COMBINATORY: 0
CutType.ZERO_HALF: 0
CutType.FLOW_COVER: 0
CutType.GOMORY: 23
CutType.LIFT_AND_PROJECT: 60
CutType.RED_SPLIT_G: 0
CutType.GMI: 0
CutType.RESIDUAL_CAPACITY: 0
CutType.TWO_MIR: 0
CutType.RED_SPLIT: 0
CutType.MIR: 0
iteration 20
relaxation time 0.572 seconds
CutType.COMBINATORY: 0
CutType.ZERO_HALF: 0
CutType.FLOW_COVER: 0
CutType.GOMORY: 9
CutType.LIFT_AND_PROJECT: 56
CutType.RED_SPLIT_G: 0
CutType.GMI: 0
CutType.RESIDUAL_CAPACITY: 0
CutType.TWO_MIR: 0
CutType.RED_SPLIT: 0
CutType.MIR: 0
iteration 21
relaxation time 0.7443 seconds
CutType.COMBINATORY: 0
CutType.ZERO_HALF: 0
CutType.FLOW_COVER: 0
CutType.GOMORY: 8
CutType.LIFT_AND_PROJECT: 55
CutType.RED_SPLIT_G: 0
CutType.GMI: 0
CutType.RESIDUAL_CAPACITY: 0
CutType.TWO_MIR: 0
CutType.RED_SPLIT: 0
CutType.MIR: 0
iteration 22
relaxation time 0.8388 seconds
CutType.COMBINATORY: 0
CutType.ZERO_HALF: 0
CutType.FLOW_COVER: 0
CutType.GOMORY: 1
CutType.LIFT_AND_PROJECT: 52
CutType.RED_SPLIT_G: 0
CutType.GMI: 0
CutType.RESIDUAL_CAPACITY: 0
CutType.TWO_MIR: 0
CutType.RED_SPLIT: 0
CutType.MIR: 0
iteration 23
relaxation time 0.9776 seconds
CutType.COMBINATORY: 0
CutType.ZERO_HALF: 0
CutType.FLOW_COVER: 0
CutType.GOMORY: 0
CutType.LIFT_AND_PROJECT: 49
CutType.RED_SPLIT_G: 0
CutType.GMI: 0
CutType.RESIDUAL_CAPACITY: 0
CutType.TWO_MIR: 0
CutType.RED_SPLIT: 0
CutType.MIR: 0
Combinatory set: [<CutType.ODD_WHEEL: 13>, <CutType.KNAPSACK_COVER: 14>, <CutType.PROBING: 0>]
Non-Combinatory set: [<CutType.LATWO_MIR: 8>]
iteration 0
relaxation time 0.017 seconds
CutType.COMBINATORY: 0
CutType.LATWO_MIR: 0
len dataset: 0
test_ok: 0
test_false: 0
