Combinatory set: [<CutType.CLIQUE: 12>, <CutType.KNAPSACK_COVER: 14>]
Non-Combinatory set: [<CutType.RED_SPLIT: 3>, <CutType.LIFT_AND_PROJECT: 9>, <CutType.MIR: 6>, <CutType.TWO_MIR: 7>, <CutType.RED_SPLIT_G: 4>]
iteration 0
relaxation time 4.0772 seconds
CutType.COMBINATORY: 14
CutType.RED_SPLIT: 0
exception ('Unknow sense: N',)
error in cut CutType.LIFT_AND_PROJECT
CutType.MIR: 0
CutType.TWO_MIR: 0
CutType.RED_SPLIT_G: 0
iteration 1
relaxation time 2.042 seconds
CutType.COMBINATORY: 1
CutType.RED_SPLIT: 0
exception ('Unknow sense: N',)
error in cut CutType.LIFT_AND_PROJECT
CutType.MIR: 0
CutType.TWO_MIR: 0
CutType.RED_SPLIT_G: 0
iteration 2
relaxation time 2.1285 seconds
CutType.COMBINATORY: 0
CutType.RED_SPLIT: 25
exception ('Unknow sense: N',)
error in cut CutType.LIFT_AND_PROJECT
CutType.MIR: 49
CutType.TWO_MIR: 0
CutType.RED_SPLIT_G: 0
iteration 3
relaxation time 21.5135 seconds
CutType.COMBINATORY: 2
CutType.RED_SPLIT: 0
exception ('Unknow sense: N',)
error in cut CutType.LIFT_AND_PROJECT
CutType.MIR: 0
CutType.TWO_MIR: 0
CutType.RED_SPLIT_G: 0
iteration 4
relaxation time 5.3304 seconds
CutType.COMBINATORY: 2
CutType.RED_SPLIT: 0
exception ('Unknow sense: N',)
error in cut CutType.LIFT_AND_PROJECT
CutType.MIR: 0
CutType.TWO_MIR: 0
CutType.RED_SPLIT_G: 0
iteration 5
relaxation time 3.0714 seconds
CutType.COMBINATORY: 1
CutType.RED_SPLIT: 0
exception ('Unknow sense: N',)
error in cut CutType.LIFT_AND_PROJECT
CutType.MIR: 0
CutType.TWO_MIR: 0
CutType.RED_SPLIT_G: 0
iteration 6
relaxation time 1.1895 seconds
CutType.COMBINATORY: 0
CutType.RED_SPLIT: 21
exception ('Unknow sense: N',)
error in cut CutType.LIFT_AND_PROJECT
CutType.MIR: 42
CutType.TWO_MIR: 0
CutType.RED_SPLIT_G: 0
iteration 7
relaxation time 103.5636 seconds
CutType.COMBINATORY: 3
CutType.RED_SPLIT: 0
exception ('Unknow sense: N',)
error in cut CutType.LIFT_AND_PROJECT
CutType.MIR: 0
CutType.TWO_MIR: 0
CutType.RED_SPLIT_G: 0
iteration 8
relaxation time 2.2961 seconds
CutType.COMBINATORY: 1
CutType.RED_SPLIT: 0
exception ('Unknow sense: N',)
error in cut CutType.LIFT_AND_PROJECT
CutType.MIR: 0
CutType.TWO_MIR: 0
CutType.RED_SPLIT_G: 0
iteration 9
relaxation time 1.0267 seconds
CutType.COMBINATORY: 0
CutType.RED_SPLIT: 24
exception ('Unknow sense: N',)
error in cut CutType.LIFT_AND_PROJECT
CutType.MIR: 46
CutType.TWO_MIR: 0
CutType.RED_SPLIT_G: 0
iteration 10
relaxation time 252.4318 seconds
CutType.COMBINATORY: 5
CutType.RED_SPLIT: 0
exception ('Unknow sense: N',)
error in cut CutType.LIFT_AND_PROJECT
CutType.MIR: 0
CutType.TWO_MIR: 0
CutType.RED_SPLIT_G: 0
iteration 11
relaxation time 18.8313 seconds
CutType.COMBINATORY: 3
CutType.RED_SPLIT: 0
exception ('Unknow sense: N',)
error in cut CutType.LIFT_AND_PROJECT
CutType.MIR: 0
CutType.TWO_MIR: 0
CutType.RED_SPLIT_G: 0
iteration 12
relaxation time 9.7141 seconds
CutType.COMBINATORY: 0
CutType.RED_SPLIT: 26
exception ('Unknow sense: N',)
error in cut CutType.LIFT_AND_PROJECT
CutType.MIR: 49
CutType.TWO_MIR: 0
CutType.RED_SPLIT_G: 0
iteration 13
relaxation time 419.0292 seconds
CutType.COMBINATORY: 1
CutType.RED_SPLIT: 0
exception ('Unknow sense: N',)
error in cut CutType.LIFT_AND_PROJECT
CutType.MIR: 0
CutType.TWO_MIR: 0
CutType.RED_SPLIT_G: 0
iteration 14
relaxation time 2.8605 seconds
CutType.COMBINATORY: 0
CutType.RED_SPLIT: 29
exception ('Unknow sense: N',)
error in cut CutType.LIFT_AND_PROJECT
CutType.MIR: 51
CutType.TWO_MIR: 0
CutType.RED_SPLIT_G: 0
iteration 15
relaxation time 749.4583 seconds
CutType.COMBINATORY: 1
CutType.RED_SPLIT: 0
exception ('Unknow sense: N',)
error in cut CutType.LIFT_AND_PROJECT
CutType.MIR: 0
CutType.TWO_MIR: 0
CutType.RED_SPLIT_G: 0
iteration 16
relaxation time 3.3745 seconds
CutType.COMBINATORY: 0
CutType.RED_SPLIT: 15
len dataset: 377
test_ok: 377
test_false: 0
Combinatory set: [<CutType.PROBING: 0>]
Non-Combinatory set: [<CutType.ZERO_HALF: 11>, <CutType.GOMORY: 1>, <CutType.FLOW_COVER: 5>, <CutType.MIR: 6>]
iteration 0
relaxation time 9.6032 seconds
CutType.COMBINATORY: 0
CutType.ZERO_HALF: 0
CutType.GOMORY: 0
CutType.FLOW_COVER: 0
CutType.MIR: 0
len dataset: 0
test_ok: 0
test_false: 0
Combinatory set: [<CutType.ODD_WHEEL: 13>, <CutType.KNAPSACK_COVER: 14>, <CutType.CLIQUE: 12>]
Non-Combinatory set: [<CutType.LIFT_AND_PROJECT: 9>, <CutType.TWO_MIR: 7>, <CutType.ZERO_HALF: 11>, <CutType.FLOW_COVER: 5>]
iteration 0
relaxation time 8.2648 seconds
CutType.COMBINATORY: 7
exception ('Unknow sense: N',)
error in cut CutType.LIFT_AND_PROJECT
CutType.TWO_MIR: 0
CutType.ZERO_HALF: 0
CutType.FLOW_COVER: 0
iteration 1
relaxation time 2.4446 seconds
CutType.COMBINATORY: 3
exception ('Unknow sense: N',)
error in cut CutType.LIFT_AND_PROJECT
CutType.TWO_MIR: 0
CutType.ZERO_HALF: 0
CutType.FLOW_COVER: 0
iteration 2
relaxation time 1.6252 seconds
CutType.COMBINATORY: 1
exception ('Unknow sense: N',)
error in cut CutType.LIFT_AND_PROJECT
CutType.TWO_MIR: 0
CutType.ZERO_HALF: 0
CutType.FLOW_COVER: 0
iteration 3
relaxation time 1.5461 seconds
CutType.COMBINATORY: 3
exception ('Unknow sense: N',)
error in cut CutType.LIFT_AND_PROJECT
CutType.TWO_MIR: 0
CutType.ZERO_HALF: 0
CutType.FLOW_COVER: 0
iteration 4
relaxation time 1.3821 seconds
CutType.COMBINATORY: 0
exception ('Unknow sense: N',)
error in cut CutType.LIFT_AND_PROJECT
CutType.TWO_MIR: 0
CutType.ZERO_HALF: 0
CutType.FLOW_COVER: 0
len dataset: 0
test_ok: 0
test_false: 0
