Combinatory set: [<CutType.CLIQUE: 12>, <CutType.PROBING: 0>, <CutType.KNAPSACK_COVER: 14>]
Non-Combinatory set: [<CutType.GMI: 2>, <CutType.ZERO_HALF: 11>, <CutType.LIFT_AND_PROJECT: 9>, <CutType.MIR: 6>]
iteration 0
relaxation time 0.0436 seconds
CutType.COMBINATORY: 0
CutType.GMI: 7
CutType.ZERO_HALF: 0
CutType.LIFT_AND_PROJECT: 167
CutType.MIR: 0
iteration 1
relaxation time 0.0465 seconds
CutType.COMBINATORY: 0
CutType.GMI: 44
CutType.ZERO_HALF: 0
CutType.LIFT_AND_PROJECT: 155
CutType.MIR: 3
iteration 2
relaxation time 0.1454 seconds
CutType.COMBINATORY: 0
CutType.GMI: 57
CutType.ZERO_HALF: 0
CutType.LIFT_AND_PROJECT: 173
CutType.MIR: 19
iteration 3
relaxation time 0.3421 seconds
CutType.COMBINATORY: 0
CutType.GMI: 1
CutType.ZERO_HALF: 0
CutType.LIFT_AND_PROJECT: 165
CutType.MIR: 13
iteration 4
relaxation time 0.562 seconds
CutType.COMBINATORY: 1
CutType.GMI: 0
CutType.ZERO_HALF: 0
CutType.LIFT_AND_PROJECT: 66
CutType.MIR: 6
iteration 5
relaxation time 0.5647 seconds
CutType.COMBINATORY: 0
CutType.GMI: 25
CutType.ZERO_HALF: 0
CutType.LIFT_AND_PROJECT: 91
CutType.MIR: 5
iteration 6
relaxation time 0.4767 seconds
CutType.COMBINATORY: 2
CutType.GMI: 0
CutType.ZERO_HALF: 0
CutType.LIFT_AND_PROJECT: 13
CutType.MIR: 3
iteration 7
relaxation time 0.478 seconds
CutType.COMBINATORY: 4
CutType.GMI: 0
CutType.ZERO_HALF: 0
CutType.LIFT_AND_PROJECT: 7
CutType.MIR: 0
iteration 8
relaxation time 0.4406 seconds
CutType.COMBINATORY: 0
CutType.GMI: 0
CutType.ZERO_HALF: 0
CutType.LIFT_AND_PROJECT: 11
CutType.MIR: 13
iteration 9
relaxation time 0.404 seconds
CutType.COMBINATORY: 2
CutType.GMI: 0
CutType.ZERO_HALF: 0
CutType.LIFT_AND_PROJECT: 13
CutType.MIR: 12
iteration 10
relaxation time 1.3601 seconds
CutType.COMBINATORY: 0
CutType.GMI: 0
CutType.ZERO_HALF: 0
CutType.LIFT_AND_PROJECT: 3
CutType.MIR: 1
iteration 11
relaxation time 0.33 seconds
CutType.COMBINATORY: 1
CutType.GMI: 0
CutType.ZERO_HALF: 0
CutType.LIFT_AND_PROJECT: 12
CutType.MIR: 11
iteration 12
relaxation time 0.7209 seconds
CutType.COMBINATORY: 0
CutType.GMI: 0
CutType.ZERO_HALF: 0
CutType.LIFT_AND_PROJECT: 4
CutType.MIR: 3
iteration 13
relaxation time 0.5447 seconds
CutType.COMBINATORY: 0
CutType.GMI: 0
CutType.ZERO_HALF: 0
CutType.LIFT_AND_PROJECT: 1
CutType.MIR: 0
iteration 14
relaxation time 0.0506 seconds
CutType.COMBINATORY: 0
CutType.GMI: 0
CutType.ZERO_HALF: 0
CutType.LIFT_AND_PROJECT: 2
CutType.MIR: 0
iteration 15
relaxation time 0.0906 seconds
CutType.COMBINATORY: 0
CutType.GMI: 0
CutType.ZERO_HALF: 0
CutType.LIFT_AND_PROJECT: 4
CutType.MIR: 0
iteration 16
relaxation time 0.0883 seconds
CutType.COMBINATORY: 0
CutType.GMI: 0
CutType.ZERO_HALF: 0
CutType.LIFT_AND_PROJECT: 3
CutType.MIR: 0
iteration 17
relaxation time 0.3821 seconds
CutType.COMBINATORY: 0
CutType.GMI: 0
CutType.ZERO_HALF: 0
CutType.LIFT_AND_PROJECT: 3
CutType.MIR: 0
iteration 18
relaxation time 0.1143 seconds
CutType.COMBINATORY: 0
CutType.GMI: 0
CutType.ZERO_HALF: 0
CutType.LIFT_AND_PROJECT: 9
CutType.MIR: 0
iteration 19
relaxation time 0.2453 seconds
CutType.COMBINATORY: 0
CutType.GMI: 1
CutType.ZERO_HALF: 0
CutType.LIFT_AND_PROJECT: 7
CutType.MIR: 0
iteration 20
relaxation time 0.5351 seconds
CutType.COMBINATORY: 0
CutType.GMI: 0
CutType.ZERO_HALF: 0
CutType.LIFT_AND_PROJECT: 1
CutType.MIR: 0
iteration 21
relaxation time 0.1168 seconds
CutType.COMBINATORY: 0
CutType.GMI: 0
CutType.ZERO_HALF: 0
CutType.LIFT_AND_PROJECT: 8
CutType.MIR: 0
iteration 22
relaxation time 0.4602 seconds
CutType.COMBINATORY: 2
CutType.GMI: 0
CutType.ZERO_HALF: 0
CutType.LIFT_AND_PROJECT: 31
CutType.MIR: 12
iteration 23
relaxation time 0.8775 seconds
CutType.COMBINATORY: 0
CutType.GMI: 0
CutType.ZERO_HALF: 0
CutType.LIFT_AND_PROJECT: 13
CutType.MIR: 0
iteration 24
relaxation time 0.2501 seconds
CutType.COMBINATORY: 0
CutType.GMI: 0
CutType.ZERO_HALF: 0
CutType.LIFT_AND_PROJECT: 3
CutType.MIR: 0
iteration 25
relaxation time 0.5253 seconds
CutType.COMBINATORY: 0
CutType.GMI: 0
CutType.ZERO_HALF: 0
CutType.LIFT_AND_PROJECT: 4
CutType.MIR: 3
iteration 26
relaxation time 0.2346 seconds
CutType.COMBINATORY: 0
CutType.GMI: 0
CutType.ZERO_HALF: 0
CutType.LIFT_AND_PROJECT: 16
CutType.MIR: 0
iteration 27
relaxation time 0.3898 seconds
CutType.COMBINATORY: 1
CutType.GMI: 0
CutType.ZERO_HALF: 0
CutType.LIFT_AND_PROJECT: 5
CutType.MIR: 0
iteration 28
relaxation time 0.3938 seconds
CutType.COMBINATORY: 0
CutType.GMI: 0
CutType.ZERO_HALF: 0
CutType.LIFT_AND_PROJECT: 12
CutType.MIR: 1
iteration 29
relaxation time 1.3688 seconds
CutType.COMBINATORY: 0
CutType.GMI: 0
CutType.ZERO_HALF: 0
CutType.LIFT_AND_PROJECT: 1
CutType.MIR: 3
iteration 30
relaxation time 0.2773 seconds
CutType.COMBINATORY: 5
CutType.GMI: 0
CutType.ZERO_HALF: 0
CutType.LIFT_AND_PROJECT: 13
CutType.MIR: 4
iteration 31
relaxation time 0.337 seconds
CutType.COMBINATORY: 6
CutType.GMI: 0
CutType.ZERO_HALF: 0
CutType.LIFT_AND_PROJECT: 6
CutType.MIR: 0
iteration 32
relaxation time 0.2826 seconds
CutType.COMBINATORY: 7
CutType.GMI: 0
CutType.ZERO_HALF: 0
CutType.LIFT_AND_PROJECT: 74
CutType.MIR: 0
iteration 33
relaxation time 0.7627 seconds
CutType.COMBINATORY: 7
CutType.GMI: 0
CutType.ZERO_HALF: 0
CutType.LIFT_AND_PROJECT: 68
CutType.MIR: 0
iteration 34
relaxation time 1.0286 seconds
CutType.COMBINATORY: 0
CutType.GMI: 0
CutType.ZERO_HALF: 0
CutType.LIFT_AND_PROJECT: 8
CutType.MIR: 7
iteration 35
relaxation time 1.059 seconds
CutType.COMBINATORY: 0
CutType.GMI: 0
CutType.ZERO_HALF: 0
CutType.LIFT_AND_PROJECT: 15
CutType.MIR: 3
iteration 36
relaxation time 1.0089 seconds
CutType.COMBINATORY: 0
CutType.GMI: 0
CutType.ZERO_HALF: 0
CutType.LIFT_AND_PROJECT: 2
CutType.MIR: 0
iteration 37
relaxation time 0.3817 seconds
CutType.COMBINATORY: 0
CutType.GMI: 0
CutType.ZERO_HALF: 0
CutType.LIFT_AND_PROJECT: 7
CutType.MIR: 0
iteration 38
relaxation time 0.3011 seconds
CutType.COMBINATORY: 0
CutType.GMI: 0
CutType.ZERO_HALF: 0
CutType.LIFT_AND_PROJECT: 19
CutType.MIR: 0
iteration 39
relaxation time 0.6642 seconds
CutType.COMBINATORY: 0
CutType.GMI: 0
CutType.ZERO_HALF: 0
CutType.LIFT_AND_PROJECT: 74
CutType.MIR: 0
iteration 40
relaxation time 1.1897 seconds
CutType.COMBINATORY: 0
CutType.GMI: 0
CutType.ZERO_HALF: 0
CutType.LIFT_AND_PROJECT: 83
CutType.MIR: 0
iteration 41
relaxation time 1.4207 seconds
CutType.COMBINATORY: 0
CutType.GMI: 0
CutType.ZERO_HALF: 0
CutType.LIFT_AND_PROJECT: 13
CutType.MIR: 0
iteration 42
relaxation time 0.525 seconds
CutType.COMBINATORY: 0
CutType.GMI: 0
CutType.ZERO_HALF: 0
CutType.LIFT_AND_PROJECT: 52
CutType.MIR: 0
iteration 43
relaxation time 1.2512 seconds
CutType.COMBINATORY: 0
CutType.GMI: 0
CutType.ZERO_HALF: 0
CutType.LIFT_AND_PROJECT: 13
CutType.MIR: 1
iteration 44
relaxation time 0.7053 seconds
CutType.COMBINATORY: 0
CutType.GMI: 0
CutType.ZERO_HALF: 0
CutType.LIFT_AND_PROJECT: 102
CutType.MIR: 0
iteration 45
relaxation time 0.9735 seconds
CutType.COMBINATORY: 0
CutType.GMI: 0
CutType.ZERO_HALF: 0
CutType.LIFT_AND_PROJECT: 16
CutType.MIR: 0
iteration 46
relaxation time 1.8446 seconds
CutType.COMBINATORY: 0
CutType.GMI: 0
CutType.ZERO_HALF: 0
CutType.LIFT_AND_PROJECT: 4
CutType.MIR: 0
iteration 47
relaxation time 0.4869 seconds
CutType.COMBINATORY: 0
CutType.GMI: 0
CutType.ZERO_HALF: 0
CutType.LIFT_AND_PROJECT: 18
CutType.MIR: 0
iteration 48
relaxation time 0.7504 seconds
CutType.COMBINATORY: 0
CutType.GMI: 0
CutType.ZERO_HALF: 0
CutType.LIFT_AND_PROJECT: 13
CutType.MIR: 0
iteration 49
relaxation time 0.6144 seconds
CutType.COMBINATORY: 0
CutType.GMI: 0
CutType.ZERO_HALF: 0
CutType.LIFT_AND_PROJECT: 5
CutType.MIR: 0
iteration 50
relaxation time 0.9331 seconds
CutType.COMBINATORY: 0
CutType.GMI: 0
CutType.ZERO_HALF: 0
CutType.LIFT_AND_PROJECT: 8
CutType.MIR: 1
iteration 51
relaxation time 1.1469 seconds
CutType.COMBINATORY: 0
CutType.GMI: 0
CutType.ZERO_HALF: 0
CutType.LIFT_AND_PROJECT: 83
CutType.MIR: 0
iteration 52
relaxation time 1.4344 seconds
CutType.COMBINATORY: 0
CutType.GMI: 0
CutType.ZERO_HALF: 0
CutType.LIFT_AND_PROJECT: 14
CutType.MIR: 1
iteration 53
relaxation time 1.4975 seconds
CutType.COMBINATORY: 0
CutType.GMI: 0
CutType.ZERO_HALF: 0
CutType.LIFT_AND_PROJECT: 3
CutType.MIR: 2
iteration 54
relaxation time 0.8922 seconds
CutType.COMBINATORY: 0
CutType.GMI: 0
CutType.ZERO_HALF: 0
CutType.LIFT_AND_PROJECT: 120
CutType.MIR: 0
iteration 55
relaxation time 2.718 seconds
CutType.COMBINATORY: 3
CutType.GMI: 0
CutType.ZERO_HALF: 0
CutType.LIFT_AND_PROJECT: 97
CutType.MIR: 7
iteration 56
relaxation time 2.0469 seconds
CutType.COMBINATORY: 0
CutType.GMI: 0
CutType.ZERO_HALF: 0
CutType.LIFT_AND_PROJECT: 76
CutType.MIR: 0
iteration 57
relaxation time 1.9658 seconds
CutType.COMBINATORY: 2
CutType.GMI: 0
CutType.ZERO_HALF: 0
CutType.LIFT_AND_PROJECT: 106
CutType.MIR: 16
iteration 58
relaxation time 2.2659 seconds
CutType.COMBINATORY: 0
CutType.GMI: 0
CutType.ZERO_HALF: 0
CutType.LIFT_AND_PROJECT: 45
CutType.MIR: 15
iteration 59
relaxation time 2.2118 seconds
CutType.COMBINATORY: 0
CutType.GMI: 0
CutType.ZERO_HALF: 0
CutType.LIFT_AND_PROJECT: 107
CutType.MIR: 0
iteration 60
relaxation time 2.2821 seconds
CutType.COMBINATORY: 0
CutType.GMI: 0
CutType.ZERO_HALF: 0
CutType.LIFT_AND_PROJECT: 147
CutType.MIR: 0
iteration 61
relaxation time 3.4279 seconds
CutType.COMBINATORY: 0
CutType.GMI: 0
CutType.ZERO_HALF: 0
CutType.LIFT_AND_PROJECT: 43
CutType.MIR: 16
iteration 62
relaxation time 2.3761 seconds
CutType.COMBINATORY: 0
CutType.GMI: 0
CutType.ZERO_HALF: 0
CutType.LIFT_AND_PROJECT: 66
CutType.MIR: 0
iteration 63
relaxation time 2.8677 seconds
CutType.COMBINATORY: 0
CutType.GMI: 0
CutType.ZERO_HALF: 0
CutType.LIFT_AND_PROJECT: 7
CutType.MIR: 0
iteration 64
relaxation time 5.6212 seconds
CutType.COMBINATORY: 0
CutType.GMI: 0
CutType.ZERO_HALF: 0
CutType.LIFT_AND_PROJECT: 65
CutType.MIR: 16
iteration 65
relaxation time 3.2846 seconds
CutType.COMBINATORY: 0
CutType.GMI: 0
CutType.ZERO_HALF: 0
CutType.LIFT_AND_PROJECT: 4
CutType.MIR: 7
iteration 66
relaxation time 1.6353 seconds
CutType.COMBINATORY: 0
CutType.GMI: 0
CutType.ZERO_HALF: 0
CutType.LIFT_AND_PROJECT: 8
CutType.MIR: 1
iteration 67
relaxation time 4.0434 seconds
CutType.COMBINATORY: 0
CutType.GMI: 0
CutType.ZERO_HALF: 0
CutType.LIFT_AND_PROJECT: 5
CutType.MIR: 3
iteration 68
relaxation time 2.2716 seconds
CutType.COMBINATORY: 0
CutType.GMI: 0
CutType.ZERO_HALF: 0
CutType.LIFT_AND_PROJECT: 6
CutType.MIR: 0
iteration 69
relaxation time 3.1032 seconds
CutType.COMBINATORY: 0
CutType.GMI: 0
CutType.ZERO_HALF: 0
CutType.LIFT_AND_PROJECT: 8
CutType.MIR: 0
iteration 70
relaxation time 1.493 seconds
CutType.COMBINATORY: 0
CutType.GMI: 0
CutType.ZERO_HALF: 0
CutType.LIFT_AND_PROJECT: 13
CutType.MIR: 0
iteration 71
relaxation time 2.213 seconds
CutType.COMBINATORY: 0
CutType.GMI: 0
CutType.ZERO_HALF: 0
CutType.LIFT_AND_PROJECT: 39
CutType.MIR: 0
iteration 72
relaxation time 4.1768 seconds
CutType.COMBINATORY: 0
CutType.GMI: 0
CutType.ZERO_HALF: 0
CutType.LIFT_AND_PROJECT: 13
CutType.MIR: 0
iteration 73
relaxation time 2.5665 seconds
CutType.COMBINATORY: 0
CutType.GMI: 0
CutType.ZERO_HALF: 0
CutType.LIFT_AND_PROJECT: 94
CutType.MIR: 0
iteration 74
relaxation time 4.6589 seconds
CutType.COMBINATORY: 0
CutType.GMI: 0
CutType.ZERO_HALF: 0
CutType.LIFT_AND_PROJECT: 75
CutType.MIR: 0
iteration 75
relaxation time 4.6274 seconds
CutType.COMBINATORY: 0
CutType.GMI: 0
CutType.ZERO_HALF: 0
CutType.LIFT_AND_PROJECT: 17
CutType.MIR: 0
iteration 76
relaxation time 3.1771 seconds
CutType.COMBINATORY: 0
CutType.GMI: 0
CutType.ZERO_HALF: 0
CutType.LIFT_AND_PROJECT: 13
CutType.MIR: 0
iteration 77
relaxation time 2.7082 seconds
CutType.COMBINATORY: 0
CutType.GMI: 0
CutType.ZERO_HALF: 0
CutType.LIFT_AND_PROJECT: 3
CutType.MIR: 0
iteration 78
relaxation time 3.7147 seconds
CutType.COMBINATORY: 0
CutType.GMI: 0
CutType.ZERO_HALF: 0
CutType.LIFT_AND_PROJECT: 61
CutType.MIR: 0
iteration 79
relaxation time 4.1053 seconds
CutType.COMBINATORY: 0
CutType.GMI: 0
CutType.ZERO_HALF: 0
CutType.LIFT_AND_PROJECT: 33
CutType.MIR: 0
iteration 80
relaxation time 3.1257 seconds
CutType.COMBINATORY: 0
CutType.GMI: 0
CutType.ZERO_HALF: 0
CutType.LIFT_AND_PROJECT: 80
CutType.MIR: 0
iteration 81
relaxation time 3.5107 seconds
CutType.COMBINATORY: 0
CutType.GMI: 0
CutType.ZERO_HALF: 0
CutType.LIFT_AND_PROJECT: 7
CutType.MIR: 0
iteration 82
relaxation time 2.2968 seconds
CutType.COMBINATORY: 0
CutType.GMI: 0
CutType.ZERO_HALF: 0
CutType.LIFT_AND_PROJECT: 51
CutType.MIR: 0
iteration 83
relaxation time 3.8086 seconds
CutType.COMBINATORY: 0
CutType.GMI: 0
CutType.ZERO_HALF: 0
CutType.LIFT_AND_PROJECT: 103
CutType.MIR: 0
iteration 84
relaxation time 5.9624 seconds
CutType.COMBINATORY: 0
CutType.GMI: 0
CutType.ZERO_HALF: 0
CutType.LIFT_AND_PROJECT: 141
CutType.MIR: 0
iteration 85
relaxation time 6.0216 seconds
CutType.COMBINATORY: 0
CutType.GMI: 0
CutType.ZERO_HALF: 0
CutType.LIFT_AND_PROJECT: 126
CutType.MIR: 0
iteration 86
relaxation time 7.2293 seconds
CutType.COMBINATORY: 0
CutType.GMI: 0
CutType.ZERO_HALF: 0
CutType.LIFT_AND_PROJECT: 143
CutType.MIR: 0
iteration 87
relaxation time 7.2559 seconds
CutType.COMBINATORY: 0
CutType.GMI: 0
CutType.ZERO_HALF: 0
CutType.LIFT_AND_PROJECT: 153
CutType.MIR: 0
iteration 88
relaxation time 4.6592 seconds
CutType.COMBINATORY: 0
CutType.GMI: 0
CutType.ZERO_HALF: 0
CutType.LIFT_AND_PROJECT: 165
CutType.MIR: 0
iteration 89
relaxation time 7.2322 seconds
CutType.COMBINATORY: 0
CutType.GMI: 0
CutType.ZERO_HALF: 0
CutType.LIFT_AND_PROJECT: 93
CutType.MIR: 0
iteration 90
relaxation time 10.7515 seconds
CutType.COMBINATORY: 0
CutType.GMI: 0
CutType.ZERO_HALF: 0
CutType.LIFT_AND_PROJECT: 134
CutType.MIR: 47
iteration 91
relaxation time 6.4668 seconds
CutType.COMBINATORY: 0
CutType.GMI: 0
CutType.ZERO_HALF: 0
CutType.LIFT_AND_PROJECT: 94
CutType.MIR: 0
iteration 92
relaxation time 5.6449 seconds
CutType.COMBINATORY: 0
CutType.GMI: 0
CutType.ZERO_HALF: 0
CutType.LIFT_AND_PROJECT: 116
CutType.MIR: 1
iteration 93
relaxation time 6.9809 seconds
CutType.COMBINATORY: 0
CutType.GMI: 0
CutType.ZERO_HALF: 0
CutType.LIFT_AND_PROJECT: 23
CutType.MIR: 0
iteration 94
relaxation time 6.252 seconds
CutType.COMBINATORY: 0
CutType.GMI: 0
CutType.ZERO_HALF: 0
CutType.LIFT_AND_PROJECT: 28
CutType.MIR: 0
iteration 95
relaxation time 8.9992 seconds
CutType.COMBINATORY: 0
CutType.GMI: 0
CutType.ZERO_HALF: 0
CutType.LIFT_AND_PROJECT: 38
CutType.MIR: 0
iteration 96
relaxation time 6.5448 seconds
CutType.COMBINATORY: 0
CutType.GMI: 0
CutType.ZERO_HALF: 0
CutType.LIFT_AND_PROJECT: 58
CutType.MIR: 0
iteration 97
relaxation time 5.8994 seconds
CutType.COMBINATORY: 0
CutType.GMI: 0
CutType.ZERO_HALF: 0
CutType.LIFT_AND_PROJECT: 11
CutType.MIR: 1
iteration 98
relaxation time 3.957 seconds
CutType.COMBINATORY: 1
CutType.GMI: 0
CutType.ZERO_HALF: 0
CutType.LIFT_AND_PROJECT: 77
CutType.MIR: 1
iteration 99
relaxation time 6.5732 seconds
CutType.COMBINATORY: 0
CutType.GMI: 0
CutType.ZERO_HALF: 0
CutType.LIFT_AND_PROJECT: 97
CutType.MIR: 0
iteration 100
relaxation time 11.7038 seconds
CutType.COMBINATORY: 0
CutType.GMI: 0
CutType.ZERO_HALF: 0
CutType.LIFT_AND_PROJECT: 15
CutType.MIR: 0
iteration 101
relaxation time 7.298 seconds
CutType.COMBINATORY: 0
CutType.GMI: 0
CutType.ZERO_HALF: 0
CutType.LIFT_AND_PROJECT: 49
CutType.MIR: 6
iteration 102
relaxation time 6.1035 seconds
CutType.COMBINATORY: 0
CutType.GMI: 0
CutType.ZERO_HALF: 0
CutType.LIFT_AND_PROJECT: 10
CutType.MIR: 0
iteration 103
relaxation time 9.6234 seconds
CutType.COMBINATORY: 0
CutType.GMI: 0
CutType.ZERO_HALF: 0
CutType.LIFT_AND_PROJECT: 33
CutType.MIR: 0
iteration 104
relaxation time 6.2607 seconds
CutType.COMBINATORY: 0
CutType.GMI: 0
CutType.ZERO_HALF: 0
CutType.LIFT_AND_PROJECT: 72
CutType.MIR: 0
iteration 105
relaxation time 9.165 seconds
CutType.COMBINATORY: 0
CutType.GMI: 0
CutType.ZERO_HALF: 0
CutType.LIFT_AND_PROJECT: 182
CutType.MIR: 0
iteration 106
relaxation time 9.6797 seconds
CutType.COMBINATORY: 0
CutType.GMI: 0
CutType.ZERO_HALF: 0
CutType.LIFT_AND_PROJECT: 151
CutType.MIR: 15
iteration 107
relaxation time 9.7236 seconds
CutType.COMBINATORY: 3
CutType.GMI: 0
CutType.ZERO_HALF: 0
CutType.LIFT_AND_PROJECT: 180
CutType.MIR: 0
iteration 108
relaxation time 8.3404 seconds
CutType.COMBINATORY: 0
CutType.GMI: 0
CutType.ZERO_HALF: 0
CutType.LIFT_AND_PROJECT: 165
CutType.MIR: 6
iteration 109
relaxation time 10.7255 seconds
CutType.COMBINATORY: 0
CutType.GMI: 0
CutType.ZERO_HALF: 0
CutType.LIFT_AND_PROJECT: 197
CutType.MIR: 0
iteration 110
relaxation time 6.1773 seconds
CutType.COMBINATORY: 0
CutType.GMI: 0
CutType.ZERO_HALF: 0
CutType.LIFT_AND_PROJECT: 197
CutType.MIR: 0
iteration 111
relaxation time 9.7878 seconds
CutType.COMBINATORY: 0
CutType.GMI: 0
CutType.ZERO_HALF: 0
CutType.LIFT_AND_PROJECT: 190
CutType.MIR: 0
iteration 112
relaxation time 11.1853 seconds
CutType.COMBINATORY: 0
CutType.GMI: 0
CutType.ZERO_HALF: 0
CutType.LIFT_AND_PROJECT: 191
CutType.MIR: 0
iteration 113
relaxation time 10.0821 seconds
CutType.COMBINATORY: 0
CutType.GMI: 0
CutType.ZERO_HALF: 0
CutType.LIFT_AND_PROJECT: 194
CutType.MIR: 0
iteration 114
relaxation time 11.83 seconds
CutType.COMBINATORY: 2
CutType.GMI: 0
CutType.ZERO_HALF: 0
CutType.LIFT_AND_PROJECT: 191
CutType.MIR: 0
iteration 115
relaxation time 13.968 seconds
CutType.COMBINATORY: 0
CutType.GMI: 0
CutType.ZERO_HALF: 0
CutType.LIFT_AND_PROJECT: 204
CutType.MIR: 0
iteration 116
relaxation time 9.2324 seconds
CutType.COMBINATORY: 0
CutType.GMI: 0
CutType.ZERO_HALF: 0
CutType.LIFT_AND_PROJECT: 127
CutType.MIR: 0
iteration 117
relaxation time 11.4432 seconds
CutType.COMBINATORY: 0
CutType.GMI: 0
CutType.ZERO_HALF: 0
CutType.LIFT_AND_PROJECT: 198
CutType.MIR: 0
iteration 118
relaxation time 11.1597 seconds
CutType.COMBINATORY: 0
CutType.GMI: 0
CutType.ZERO_HALF: 0
CutType.LIFT_AND_PROJECT: 113
CutType.MIR: 0
iteration 119
relaxation time 10.3598 seconds
CutType.COMBINATORY: 0
CutType.GMI: 0
CutType.ZERO_HALF: 0
len dataset: 7804
test_ok: 7804
test_false: 0
Combinatory set: [<CutType.PROBING: 0>, <CutType.CLIQUE: 12>]
Non-Combinatory set: [<CutType.TWO_MIR: 7>, <CutType.RED_SPLIT: 3>, <CutType.FLOW_COVER: 5>, <CutType.GMI: 2>]
iteration 0
relaxation time 0.066 seconds
CutType.COMBINATORY: 0
CutType.TWO_MIR: 0
CutType.RED_SPLIT: 0
CutType.FLOW_COVER: 0
CutType.GMI: 7
iteration 1
relaxation time 0.021 seconds
CutType.COMBINATORY: 0
CutType.TWO_MIR: 0
CutType.RED_SPLIT: 0
CutType.FLOW_COVER: 0
CutType.GMI: 2
iteration 2
relaxation time 0.0395 seconds
CutType.COMBINATORY: 0
CutType.TWO_MIR: 0
CutType.RED_SPLIT: 0
CutType.FLOW_COVER: 0
CutType.GMI: 3
iteration 3
relaxation time 0.0399 seconds
CutType.COMBINATORY: 0
CutType.TWO_MIR: 0
CutType.RED_SPLIT: 0
CutType.FLOW_COVER: 0
CutType.GMI: 8
iteration 4
relaxation time 0.0562 seconds
CutType.COMBINATORY: 0
CutType.TWO_MIR: 0
CutType.RED_SPLIT: 0
CutType.FLOW_COVER: 0
CutType.GMI: 3
iteration 5
relaxation time 0.0441 seconds
CutType.COMBINATORY: 0
CutType.TWO_MIR: 0
CutType.RED_SPLIT: 0
CutType.FLOW_COVER: 0
CutType.GMI: 9
iteration 6
relaxation time 0.0643 seconds
CutType.COMBINATORY: 0
CutType.TWO_MIR: 0
CutType.RED_SPLIT: 0
CutType.FLOW_COVER: 0
CutType.GMI: 10
iteration 7
relaxation time 0.0837 seconds
CutType.COMBINATORY: 0
CutType.TWO_MIR: 0
CutType.RED_SPLIT: 0
CutType.FLOW_COVER: 0
CutType.GMI: 10
iteration 8
relaxation time 0.093 seconds
CutType.COMBINATORY: 0
CutType.TWO_MIR: 0
CutType.RED_SPLIT: 0
CutType.FLOW_COVER: 0
CutType.GMI: 11
iteration 9
relaxation time 0.0606 seconds
CutType.COMBINATORY: 0
CutType.TWO_MIR: 0
CutType.RED_SPLIT: 0
CutType.FLOW_COVER: 0
CutType.GMI: 15
iteration 10
relaxation time 0.0822 seconds
CutType.COMBINATORY: 0
CutType.TWO_MIR: 0
CutType.RED_SPLIT: 0
CutType.FLOW_COVER: 0
CutType.GMI: 16
iteration 11
relaxation time 0.0863 seconds
CutType.COMBINATORY: 0
CutType.TWO_MIR: 0
CutType.RED_SPLIT: 0
CutType.FLOW_COVER: 0
CutType.GMI: 18
iteration 12
relaxation time 0.1571 seconds
CutType.COMBINATORY: 0
CutType.TWO_MIR: 0
CutType.RED_SPLIT: 0
CutType.FLOW_COVER: 0
CutType.GMI: 27
iteration 13
relaxation time 0.1651 seconds
CutType.COMBINATORY: 0
CutType.TWO_MIR: 0
CutType.RED_SPLIT: 0
CutType.FLOW_COVER: 0
CutType.GMI: 26
iteration 14
relaxation time 0.1324 seconds
CutType.COMBINATORY: 0
CutType.TWO_MIR: 0
CutType.RED_SPLIT: 0
CutType.FLOW_COVER: 0
CutType.GMI: 27
iteration 15
relaxation time 0.2024 seconds
CutType.COMBINATORY: 0
CutType.TWO_MIR: 0
CutType.RED_SPLIT: 0
CutType.FLOW_COVER: 0
CutType.GMI: 3
iteration 16
relaxation time 0.0931 seconds
CutType.COMBINATORY: 0
CutType.TWO_MIR: 0
CutType.RED_SPLIT: 0
CutType.FLOW_COVER: 0
CutType.GMI: 13
iteration 17
relaxation time 0.1186 seconds
CutType.COMBINATORY: 0
CutType.TWO_MIR: 0
CutType.RED_SPLIT: 0
CutType.FLOW_COVER: 0
CutType.GMI: 14
iteration 18
relaxation time 0.1541 seconds
CutType.COMBINATORY: 0
CutType.TWO_MIR: 0
CutType.RED_SPLIT: 0
CutType.FLOW_COVER: 0
CutType.GMI: 16
iteration 19
relaxation time 0.0961 seconds
CutType.COMBINATORY: 0
CutType.TWO_MIR: 0
CutType.RED_SPLIT: 0
CutType.FLOW_COVER: 0
CutType.GMI: 22
iteration 20
relaxation time 0.159 seconds
CutType.COMBINATORY: 0
CutType.TWO_MIR: 0
CutType.RED_SPLIT: 0
CutType.FLOW_COVER: 0
CutType.GMI: 8
iteration 21
relaxation time 0.1734 seconds
CutType.COMBINATORY: 0
CutType.TWO_MIR: 0
CutType.RED_SPLIT: 0
CutType.FLOW_COVER: 0
CutType.GMI: 13
iteration 22
relaxation time 0.0991 seconds
CutType.COMBINATORY: 0
CutType.TWO_MIR: 0
CutType.RED_SPLIT: 0
CutType.FLOW_COVER: 0
CutType.GMI: 8
iteration 23
relaxation time 0.1044 seconds
CutType.COMBINATORY: 0
CutType.TWO_MIR: 0
CutType.RED_SPLIT: 0
CutType.FLOW_COVER: 0
CutType.GMI: 29
iteration 24
relaxation time 0.4367 seconds
CutType.COMBINATORY: 0
CutType.TWO_MIR: 0
CutType.RED_SPLIT: 0
CutType.FLOW_COVER: 0
CutType.GMI: 7
iteration 25
relaxation time 0.1018 seconds
CutType.COMBINATORY: 0
CutType.TWO_MIR: 0
CutType.RED_SPLIT: 0
CutType.FLOW_COVER: 0
CutType.GMI: 7
iteration 26
relaxation time 0.2461 seconds
CutType.COMBINATORY: 0
CutType.TWO_MIR: 0
CutType.RED_SPLIT: 0
CutType.FLOW_COVER: 0
CutType.GMI: 32
iteration 27
relaxation time 0.1178 seconds
CutType.COMBINATORY: 0
CutType.TWO_MIR: 0
CutType.RED_SPLIT: 0
CutType.FLOW_COVER: 0
CutType.GMI: 8
iteration 28
relaxation time 0.0974 seconds
CutType.COMBINATORY: 0
CutType.TWO_MIR: 0
CutType.RED_SPLIT: 0
CutType.FLOW_COVER: 0
CutType.GMI: 8
iteration 29
relaxation time 0.4203 seconds
CutType.COMBINATORY: 0
CutType.TWO_MIR: 0
CutType.RED_SPLIT: 0
CutType.FLOW_COVER: 0
CutType.GMI: 7
iteration 30
relaxation time 0.1827 seconds
CutType.COMBINATORY: 0
CutType.TWO_MIR: 0
CutType.RED_SPLIT: 0
CutType.FLOW_COVER: 0
CutType.GMI: 3
iteration 31
relaxation time 0.0436 seconds
CutType.COMBINATORY: 0
CutType.TWO_MIR: 0
CutType.RED_SPLIT: 0
CutType.FLOW_COVER: 0
CutType.GMI: 2
iteration 32
relaxation time 0.3151 seconds
CutType.COMBINATORY: 0
CutType.TWO_MIR: 0
CutType.RED_SPLIT: 0
CutType.FLOW_COVER: 0
CutType.GMI: 1
iteration 33
relaxation time 0.0643 seconds
CutType.COMBINATORY: 0
CutType.TWO_MIR: 0
CutType.RED_SPLIT: 0
CutType.FLOW_COVER: 0
CutType.GMI: 1
iteration 34
relaxation time 0.0463 seconds
CutType.COMBINATORY: 0
CutType.TWO_MIR: 0
CutType.RED_SPLIT: 0
CutType.FLOW_COVER: 0
CutType.GMI: 1
iteration 35
relaxation time 0.08 seconds
CutType.COMBINATORY: 0
CutType.TWO_MIR: 0
CutType.RED_SPLIT: 0
CutType.FLOW_COVER: 0
CutType.GMI: 1
iteration 36
relaxation time 0.0605 seconds
CutType.COMBINATORY: 0
CutType.TWO_MIR: 0
CutType.RED_SPLIT: 0
CutType.FLOW_COVER: 0
CutType.GMI: 30
iteration 37
relaxation time 0.42 seconds
CutType.COMBINATORY: 0
CutType.TWO_MIR: 0
CutType.RED_SPLIT: 0
CutType.FLOW_COVER: 0
CutType.GMI: 34
iteration 38
relaxation time 0.401 seconds
CutType.COMBINATORY: 0
CutType.TWO_MIR: 0
CutType.RED_SPLIT: 0
CutType.FLOW_COVER: 0
CutType.GMI: 7
iteration 39
relaxation time 0.4589 seconds
CutType.COMBINATORY: 0
CutType.TWO_MIR: 0
CutType.RED_SPLIT: 0
CutType.FLOW_COVER: 0
CutType.GMI: 6
iteration 40
relaxation time 0.2403 seconds
CutType.COMBINATORY: 0
CutType.TWO_MIR: 0
CutType.RED_SPLIT: 0
CutType.FLOW_COVER: 0
CutType.GMI: 0
len dataset: 473
test_ok: 473
test_false: 0
Combinatory set: [<CutType.ODD_WHEEL: 13>, <CutType.CLIQUE: 12>, <CutType.PROBING: 0>]
Non-Combinatory set: [<CutType.LIFT_AND_PROJECT: 9>, <CutType.FLOW_COVER: 5>, <CutType.LATWO_MIR: 8>, <CutType.MIR: 6>, <CutType.TWO_MIR: 7>, <CutType.GMI: 2>, <CutType.RED_SPLIT: 3>, <CutType.RED_SPLIT_G: 4>, <CutType.ZERO_HALF: 11>]
iteration 0
relaxation time 0.0753 seconds
CutType.COMBINATORY: 0
CutType.LIFT_AND_PROJECT: 162
CutType.FLOW_COVER: 0
CutType.LATWO_MIR: 0
CutType.MIR: 1
CutType.TWO_MIR: 0
CutType.GMI: 0
CutType.RED_SPLIT: 0
CutType.RED_SPLIT_G: 0
CutType.ZERO_HALF: 0
iteration 1
relaxation time 0.1193 seconds
CutType.COMBINATORY: 0
CutType.LIFT_AND_PROJECT: 138
CutType.FLOW_COVER: 0
CutType.LATWO_MIR: 0
CutType.MIR: 9
CutType.TWO_MIR: 0
CutType.GMI: 0
CutType.RED_SPLIT: 0
CutType.RED_SPLIT_G: 0
CutType.ZERO_HALF: 0
iteration 2
relaxation time 0.2646 seconds
CutType.COMBINATORY: 0
CutType.LIFT_AND_PROJECT: 148
CutType.FLOW_COVER: 0
CutType.LATWO_MIR: 0
CutType.MIR: 10
CutType.TWO_MIR: 0
CutType.GMI: 0
CutType.RED_SPLIT: 0
CutType.RED_SPLIT_G: 0
CutType.ZERO_HALF: 0
iteration 3
relaxation time 0.6383 seconds
CutType.COMBINATORY: 0
CutType.LIFT_AND_PROJECT: 54
CutType.FLOW_COVER: 0
CutType.LATWO_MIR: 0
CutType.MIR: 5
CutType.TWO_MIR: 0
CutType.GMI: 0
CutType.RED_SPLIT: 0
CutType.RED_SPLIT_G: 0
CutType.ZERO_HALF: 0
iteration 4
relaxation time 0.5165 seconds
CutType.COMBINATORY: 0
CutType.LIFT_AND_PROJECT: 5
CutType.FLOW_COVER: 0
CutType.LATWO_MIR: 0
CutType.MIR: 0
CutType.TWO_MIR: 0
CutType.GMI: 0
CutType.RED_SPLIT: 0
CutType.RED_SPLIT_G: 0
CutType.ZERO_HALF: 0
iteration 5
relaxation time 0.3389 seconds
CutType.COMBINATORY: 0
CutType.LIFT_AND_PROJECT: 9
CutType.FLOW_COVER: 0
CutType.LATWO_MIR: 0
CutType.MIR: 2
CutType.TWO_MIR: 0
CutType.GMI: 0
CutType.RED_SPLIT: 0
CutType.RED_SPLIT_G: 0
CutType.ZERO_HALF: 0
iteration 6
relaxation time 0.9301 seconds
CutType.COMBINATORY: 0
CutType.LIFT_AND_PROJECT: 15
CutType.FLOW_COVER: 0
CutType.LATWO_MIR: 0
CutType.MIR: 1
CutType.TWO_MIR: 0
CutType.GMI: 0
CutType.RED_SPLIT: 0
CutType.RED_SPLIT_G: 0
CutType.ZERO_HALF: 0
iteration 7
relaxation time 0.4633 seconds
CutType.COMBINATORY: 0
CutType.LIFT_AND_PROJECT: 6
CutType.FLOW_COVER: 0
CutType.LATWO_MIR: 0
CutType.MIR: 0
CutType.TWO_MIR: 0
CutType.GMI: 0
CutType.RED_SPLIT: 0
CutType.RED_SPLIT_G: 0
CutType.ZERO_HALF: 0
iteration 8
relaxation time 0.2481 seconds
CutType.COMBINATORY: 0
CutType.LIFT_AND_PROJECT: 16
CutType.FLOW_COVER: 0
CutType.LATWO_MIR: 0
CutType.MIR: 0
CutType.TWO_MIR: 0
CutType.GMI: 0
CutType.RED_SPLIT: 0
CutType.RED_SPLIT_G: 0
CutType.ZERO_HALF: 0
iteration 9
relaxation time 0.4652 seconds
CutType.COMBINATORY: 0
CutType.LIFT_AND_PROJECT: 25
CutType.FLOW_COVER: 0
CutType.LATWO_MIR: 0
CutType.MIR: 2
CutType.TWO_MIR: 0
CutType.GMI: 0
CutType.RED_SPLIT: 0
CutType.RED_SPLIT_G: 0
CutType.ZERO_HALF: 0
iteration 10
relaxation time 1.3002 seconds
CutType.COMBINATORY: 0
CutType.LIFT_AND_PROJECT: 3
CutType.FLOW_COVER: 0
CutType.LATWO_MIR: 0
CutType.MIR: 0
CutType.TWO_MIR: 0
CutType.GMI: 0
CutType.RED_SPLIT: 0
CutType.RED_SPLIT_G: 0
CutType.ZERO_HALF: 0
iteration 11
relaxation time 0.2384 seconds
CutType.COMBINATORY: 1
CutType.LIFT_AND_PROJECT: 2
CutType.FLOW_COVER: 0
CutType.LATWO_MIR: 0
CutType.MIR: 1
CutType.TWO_MIR: 0
CutType.GMI: 0
CutType.RED_SPLIT: 0
CutType.RED_SPLIT_G: 0
CutType.ZERO_HALF: 0
iteration 12
relaxation time 1.2933 seconds
CutType.COMBINATORY: 1
CutType.LIFT_AND_PROJECT: 7
CutType.FLOW_COVER: 0
CutType.LATWO_MIR: 0
CutType.MIR: 0
CutType.TWO_MIR: 0
CutType.GMI: 0
CutType.RED_SPLIT: 0
CutType.RED_SPLIT_G: 0
CutType.ZERO_HALF: 0
iteration 13
relaxation time 0.5981 seconds
CutType.COMBINATORY: 0
CutType.LIFT_AND_PROJECT: 12
CutType.FLOW_COVER: 0
CutType.LATWO_MIR: 0
CutType.MIR: 1
CutType.TWO_MIR: 0
CutType.GMI: 0
CutType.RED_SPLIT: 0
CutType.RED_SPLIT_G: 0
CutType.ZERO_HALF: 0
iteration 14
relaxation time 1.4651 seconds
CutType.COMBINATORY: 0
CutType.LIFT_AND_PROJECT: 5
CutType.FLOW_COVER: 0
CutType.LATWO_MIR: 0
CutType.MIR: 0
CutType.TWO_MIR: 0
CutType.GMI: 0
CutType.RED_SPLIT: 0
CutType.RED_SPLIT_G: 0
CutType.ZERO_HALF: 0
iteration 15
relaxation time 0.9128 seconds
CutType.COMBINATORY: 0
CutType.LIFT_AND_PROJECT: 3
CutType.FLOW_COVER: 0
CutType.LATWO_MIR: 0
CutType.MIR: 0
CutType.TWO_MIR: 0
CutType.GMI: 0
CutType.RED_SPLIT: 0
CutType.RED_SPLIT_G: 0
CutType.ZERO_HALF: 0
iteration 16
relaxation time 1.9722 seconds
CutType.COMBINATORY: 0
CutType.LIFT_AND_PROJECT: 1
CutType.FLOW_COVER: 0
CutType.LATWO_MIR: 0
CutType.MIR: 1
CutType.TWO_MIR: 0
CutType.GMI: 0
CutType.RED_SPLIT: 0
CutType.RED_SPLIT_G: 0
CutType.ZERO_HALF: 0
iteration 17
relaxation time 0.6265 seconds
CutType.COMBINATORY: 0
CutType.LIFT_AND_PROJECT: 2
CutType.FLOW_COVER: 0
CutType.LATWO_MIR: 0
CutType.MIR: 0
CutType.TWO_MIR: 0
CutType.GMI: 0
CutType.RED_SPLIT: 0
CutType.RED_SPLIT_G: 0
CutType.ZERO_HALF: 0
iteration 18
relaxation time 1.6686 seconds
CutType.COMBINATORY: 0
CutType.LIFT_AND_PROJECT: 9
CutType.FLOW_COVER: 0
CutType.LATWO_MIR: 0
CutType.MIR: 1
CutType.TWO_MIR: 0
CutType.GMI: 0
CutType.RED_SPLIT: 0
CutType.RED_SPLIT_G: 0
CutType.ZERO_HALF: 0
iteration 19
relaxation time 0.8107 seconds
CutType.COMBINATORY: 1
CutType.LIFT_AND_PROJECT: 4
CutType.FLOW_COVER: 0
CutType.LATWO_MIR: 0
CutType.MIR: 1
CutType.TWO_MIR: 0
CutType.GMI: 0
CutType.RED_SPLIT: 0
CutType.RED_SPLIT_G: 0
CutType.ZERO_HALF: 0
iteration 20
relaxation time 0.8401 seconds
CutType.COMBINATORY: 0
CutType.LIFT_AND_PROJECT: 1
CutType.FLOW_COVER: 0
CutType.LATWO_MIR: 0
CutType.MIR: 0
CutType.TWO_MIR: 0
CutType.GMI: 0
CutType.RED_SPLIT: 0
CutType.RED_SPLIT_G: 0
CutType.ZERO_HALF: 0
iteration 21
relaxation time 0.8353 seconds
CutType.COMBINATORY: 0
CutType.LIFT_AND_PROJECT: 0
CutType.FLOW_COVER: 0
CutType.LATWO_MIR: 0
CutType.MIR: 0
CutType.TWO_MIR: 0
CutType.GMI: 0
CutType.RED_SPLIT: 0
CutType.RED_SPLIT_G: 1
CutType.ZERO_HALF: 0
iteration 22
relaxation time 0.0592 seconds
CutType.COMBINATORY: 0
CutType.LIFT_AND_PROJECT: 0
CutType.FLOW_COVER: 0
CutType.LATWO_MIR: 0
CutType.MIR: 0
CutType.TWO_MIR: 0
CutType.GMI: 0
CutType.RED_SPLIT: 0
CutType.RED_SPLIT_G: 1
CutType.ZERO_HALF: 0
iteration 23
relaxation time 0.1027 seconds
CutType.COMBINATORY: 0
CutType.LIFT_AND_PROJECT: 1
CutType.FLOW_COVER: 0
CutType.LATWO_MIR: 0
CutType.MIR: 1
CutType.TWO_MIR: 0
CutType.GMI: 0
CutType.RED_SPLIT: 0
CutType.RED_SPLIT_G: 0
CutType.ZERO_HALF: 0
iteration 24
relaxation time 0.6422 seconds
CutType.COMBINATORY: 1
CutType.LIFT_AND_PROJECT: 0
CutType.FLOW_COVER: 0
CutType.LATWO_MIR: 0
CutType.MIR: 0
CutType.TWO_MIR: 0
CutType.GMI: 0
CutType.RED_SPLIT: 0
CutType.RED_SPLIT_G: 0
CutType.ZERO_HALF: 0
iteration 25
relaxation time 0.1972 seconds
CutType.COMBINATORY: 0
CutType.LIFT_AND_PROJECT: 0
CutType.FLOW_COVER: 0
CutType.LATWO_MIR: 0
CutType.MIR: 0
CutType.TWO_MIR: 0
CutType.GMI: 0
CutType.RED_SPLIT: 0
CutType.RED_SPLIT_G: 0
CutType.ZERO_HALF: 0
len dataset: 666
test_ok: 666
test_false: 0
