Combinatory set: [<CutType.PROBING: 0>, <CutType.ODD_WHEEL: 13>, <CutType.KNAPSACK_COVER: 14>, <CutType.CLIQUE: 12>]
Non-Combinatory set: [<CutType.TWO_MIR: 7>]
iteration 0
relaxation time 0.1043 seconds
CutType.COMBINATORY: 518
CutType.TWO_MIR: 0
iteration 1
relaxation time 0.8545 seconds
CutType.COMBINATORY: 67
CutType.TWO_MIR: 0
iteration 2
relaxation time 0.2915 seconds
CutType.COMBINATORY: 22
CutType.TWO_MIR: 0
iteration 3
relaxation time 0.1062 seconds
CutType.COMBINATORY: 4
CutType.TWO_MIR: 0
iteration 4
relaxation time 0.1266 seconds
CutType.COMBINATORY: 1
CutType.TWO_MIR: 0
iteration 5
relaxation time 0.123 seconds
CutType.COMBINATORY: 1
CutType.TWO_MIR: 0
iteration 6
relaxation time 0.1369 seconds
CutType.COMBINATORY: 1
CutType.TWO_MIR: 0
iteration 7
relaxation time 0.159 seconds
CutType.COMBINATORY: 1
CutType.TWO_MIR: 0
iteration 8
relaxation time 0.1128 seconds
CutType.COMBINATORY: 2
CutType.TWO_MIR: 0
iteration 9
relaxation time 0.128 seconds
CutType.COMBINATORY: 2
CutType.TWO_MIR: 0
iteration 10
relaxation time 0.1098 seconds
CutType.COMBINATORY: 1
CutType.TWO_MIR: 0
iteration 11
relaxation time 0.1256 seconds
CutType.COMBINATORY: 1
CutType.TWO_MIR: 0
iteration 12
relaxation time 0.1069 seconds
CutType.COMBINATORY: 2
CutType.TWO_MIR: 0
iteration 13
relaxation time 0.165 seconds
CutType.COMBINATORY: 1
CutType.TWO_MIR: 0
iteration 14
relaxation time 0.1216 seconds
CutType.COMBINATORY: 1
CutType.TWO_MIR: 0
iteration 15
relaxation time 0.1277 seconds
CutType.COMBINATORY: 1
CutType.TWO_MIR: 0
iteration 16
relaxation time 0.1424 seconds
CutType.COMBINATORY: 1
CutType.TWO_MIR: 0
iteration 17
relaxation time 0.1548 seconds
CutType.COMBINATORY: 1
CutType.TWO_MIR: 0
iteration 18
relaxation time 0.1719 seconds
CutType.COMBINATORY: 5
CutType.TWO_MIR: 0
iteration 19
relaxation time 0.0231 seconds
CutType.COMBINATORY: 0
CutType.TWO_MIR: 0
len dataset: 0
test_ok: 0
test_false: 0
Combinatory set: []
Non-Combinatory set: [<CutType.GOMORY: 1>, <CutType.RED_SPLIT_G: 4>, <CutType.MIR: 6>, <CutType.FLOW_COVER: 5>, <CutType.GMI: 2>, <CutType.RED_SPLIT: 3>, <CutType.LATWO_MIR: 8>, <CutType.LIFT_AND_PROJECT: 9>, <CutType.RESIDUAL_CAPACITY: 10>]
iteration 0
relaxation time 0.1108 seconds
CutType.COMBINATORY: 176
CutType.GOMORY: 39
CutType.RED_SPLIT_G: 0
CutType.MIR: 130
CutType.FLOW_COVER: 142
CutType.GMI: 0
CutType.RED_SPLIT: 0
CutType.LATWO_MIR: 0
CutType.LIFT_AND_PROJECT: 51
CutType.RESIDUAL_CAPACITY: 0
Combinatory set: []
Non-Combinatory set: [<CutType.MIR: 6>, <CutType.RED_SPLIT_G: 4>, <CutType.LATWO_MIR: 8>]
iteration 0
relaxation time 0.2137 seconds
CutType.COMBINATORY: 176
CutType.MIR: 130
CutType.RED_SPLIT_G: 0
CutType.LATWO_MIR: 0
iteration 1
relaxation time 1.9629 seconds
CutType.COMBINATORY: 144
CutType.MIR: 79
CutType.RED_SPLIT_G: 0
CutType.LATWO_MIR: 0
iteration 2
relaxation time 1.787 seconds
CutType.COMBINATORY: 133
CutType.MIR: 73
CutType.RED_SPLIT_G: 0
CutType.LATWO_MIR: 0
iteration 3
relaxation time 1.2064 seconds
CutType.COMBINATORY: 47
CutType.MIR: 25
CutType.RED_SPLIT_G: 0
CutType.LATWO_MIR: 0
iteration 4
relaxation time 0.9566 seconds
CutType.COMBINATORY: 55
CutType.MIR: 39
CutType.RED_SPLIT_G: 0
CutType.LATWO_MIR: 0
iteration 5
relaxation time 1.4256 seconds
CutType.COMBINATORY: 37
CutType.MIR: 9
CutType.RED_SPLIT_G: 0
CutType.LATWO_MIR: 0
iteration 6
relaxation time 0.812 seconds
CutType.COMBINATORY: 35
CutType.MIR: 18
CutType.RED_SPLIT_G: 0
CutType.LATWO_MIR: 0
iteration 7
relaxation time 0.6269 seconds
CutType.COMBINATORY: 35
CutType.MIR: 15
CutType.RED_SPLIT_G: 0
CutType.LATWO_MIR: 0
iteration 8
relaxation time 0.3337 seconds
CutType.COMBINATORY: 29
CutType.MIR: 16
CutType.RED_SPLIT_G: 0
CutType.LATWO_MIR: 0
iteration 9
relaxation time 0.6401 seconds
CutType.COMBINATORY: 47
CutType.MIR: 7
CutType.RED_SPLIT_G: 0
CutType.LATWO_MIR: 0
iteration 10
relaxation time 1.2082 seconds
CutType.COMBINATORY: 32
CutType.MIR: 12
CutType.RED_SPLIT_G: 0
CutType.LATWO_MIR: 0
iteration 11
relaxation time 1.4588 seconds
CutType.COMBINATORY: 27
CutType.MIR: 7
CutType.RED_SPLIT_G: 0
CutType.LATWO_MIR: 0
iteration 12
relaxation time 1.1427 seconds
CutType.COMBINATORY: 27
CutType.MIR: 10
CutType.RED_SPLIT_G: 0
CutType.LATWO_MIR: 0
iteration 13
relaxation time 0.6543 seconds
CutType.COMBINATORY: 24
CutType.MIR: 11
CutType.RED_SPLIT_G: 0
CutType.LATWO_MIR: 0
iteration 14
relaxation time 0.9167 seconds
CutType.COMBINATORY: 32
CutType.MIR: 19
CutType.RED_SPLIT_G: 0
CutType.LATWO_MIR: 0
iteration 15
relaxation time 0.9459 seconds
CutType.COMBINATORY: 29
CutType.MIR: 3
CutType.RED_SPLIT_G: 0
CutType.LATWO_MIR: 0
iteration 16
relaxation time 0.9219 seconds
CutType.COMBINATORY: 24
CutType.MIR: 9
CutType.RED_SPLIT_G: 0
CutType.LATWO_MIR: 0
iteration 17
relaxation time 1.6472 seconds
CutType.COMBINATORY: 47
CutType.MIR: 34
CutType.RED_SPLIT_G: 0
CutType.LATWO_MIR: 0
iteration 18
relaxation time 1.4378 seconds
CutType.COMBINATORY: 23
CutType.MIR: 7
CutType.RED_SPLIT_G: 0
CutType.LATWO_MIR: 0
iteration 19
relaxation time 1.7274 seconds
CutType.COMBINATORY: 24
CutType.MIR: 6
CutType.RED_SPLIT_G: 0
CutType.LATWO_MIR: 0
iteration 20
relaxation time 1.1062 seconds
CutType.COMBINATORY: 14
CutType.MIR: 2
CutType.RED_SPLIT_G: 0
CutType.LATWO_MIR: 0
iteration 21
relaxation time 1.6651 seconds
CutType.COMBINATORY: 14
CutType.MIR: 7
CutType.RED_SPLIT_G: 0
CutType.LATWO_MIR: 0
iteration 1
relaxation time 2.2297 seconds
CutType.COMBINATORY: 147
CutType.GOMORY: 33
CutType.RED_SPLIT_G: 0
CutType.MIR: 69
CutType.FLOW_COVER: 22
CutType.GMI: 0
CutType.RED_SPLIT: 0
CutType.LATWO_MIR: 0
CutType.LIFT_AND_PROJECT: 95
CutType.RESIDUAL_CAPACITY: 0
iteration 22
relaxation time 1.1644 seconds
CutType.COMBINATORY: 19
CutType.MIR: 2
CutType.RED_SPLIT_G: 0
CutType.LATWO_MIR: 0
iteration 23
relaxation time 1.948 seconds
CutType.COMBINATORY: 11
CutType.MIR: 3
CutType.RED_SPLIT_G: 0
CutType.LATWO_MIR: 0
iteration 24
relaxation time 0.7206 seconds
CutType.COMBINATORY: 18
CutType.MIR: 3
CutType.RED_SPLIT_G: 0
CutType.LATWO_MIR: 0
iteration 25
relaxation time 1.7807 seconds
CutType.COMBINATORY: 36
CutType.MIR: 19
CutType.RED_SPLIT_G: 0
CutType.LATWO_MIR: 0
iteration 26
relaxation time 1.2698 seconds
CutType.COMBINATORY: 1
CutType.MIR: 0
CutType.RED_SPLIT_G: 0
CutType.LATWO_MIR: 0
iteration 27
relaxation time 0.1406 seconds
CutType.COMBINATORY: 0
CutType.MIR: 0
CutType.RED_SPLIT_G: 0
CutType.LATWO_MIR: 0
len dataset: 565
test_ok: 565
test_false: 0
iteration 2
relaxation time 3.5183 seconds
CutType.COMBINATORY: 110
CutType.GOMORY: 21
CutType.RED_SPLIT_G: 0
CutType.MIR: 52
CutType.FLOW_COVER: 16
CutType.GMI: 0
CutType.RED_SPLIT: 0
CutType.LATWO_MIR: 0
CutType.LIFT_AND_PROJECT: 119
CutType.RESIDUAL_CAPACITY: 0
iteration 3
relaxation time 5.6924 seconds
CutType.COMBINATORY: 73
CutType.GOMORY: 20
CutType.RED_SPLIT_G: 0
CutType.MIR: 36
CutType.FLOW_COVER: 3
CutType.GMI: 0
CutType.RED_SPLIT: 0
CutType.LATWO_MIR: 0
CutType.LIFT_AND_PROJECT: 142
CutType.RESIDUAL_CAPACITY: 0
iteration 4
relaxation time 7.0891 seconds
CutType.COMBINATORY: 32
CutType.GOMORY: 9
CutType.RED_SPLIT_G: 0
CutType.MIR: 14
CutType.FLOW_COVER: 1
CutType.GMI: 0
CutType.RED_SPLIT: 0
CutType.LATWO_MIR: 0
CutType.LIFT_AND_PROJECT: 142
CutType.RESIDUAL_CAPACITY: 0
iteration 5
relaxation time 9.9557 seconds
CutType.COMBINATORY: 30
CutType.GOMORY: 8
CutType.RED_SPLIT_G: 0
CutType.MIR: 10
CutType.FLOW_COVER: 0
CutType.GMI: 0
CutType.RED_SPLIT: 0
CutType.LATWO_MIR: 0
CutType.LIFT_AND_PROJECT: 132
CutType.RESIDUAL_CAPACITY: 0
iteration 6
relaxation time 10.0412 seconds
CutType.COMBINATORY: 35
CutType.GOMORY: 5
CutType.RED_SPLIT_G: 0
CutType.MIR: 22
CutType.FLOW_COVER: 2
CutType.GMI: 0
CutType.RED_SPLIT: 0
CutType.LATWO_MIR: 0
CutType.LIFT_AND_PROJECT: 119
CutType.RESIDUAL_CAPACITY: 0
iteration 7
relaxation time 14.4624 seconds
CutType.COMBINATORY: 26
CutType.GOMORY: 12
CutType.RED_SPLIT_G: 0
CutType.MIR: 10
CutType.FLOW_COVER: 0
CutType.GMI: 0
CutType.RED_SPLIT: 0
CutType.LATWO_MIR: 0
CutType.LIFT_AND_PROJECT: 121
CutType.RESIDUAL_CAPACITY: 0
iteration 8
relaxation time 9.6073 seconds
CutType.COMBINATORY: 22
CutType.GOMORY: 11
CutType.RED_SPLIT_G: 0
CutType.MIR: 8
CutType.FLOW_COVER: 0
CutType.GMI: 0
CutType.RED_SPLIT: 0
CutType.LATWO_MIR: 0
CutType.LIFT_AND_PROJECT: 77
CutType.RESIDUAL_CAPACITY: 0
iteration 9
relaxation time 13.7814 seconds
CutType.COMBINATORY: 16
CutType.GOMORY: 10
CutType.RED_SPLIT_G: 0
CutType.MIR: 5
CutType.FLOW_COVER: 1
CutType.GMI: 0
CutType.RED_SPLIT: 0
CutType.LATWO_MIR: 0
CutType.LIFT_AND_PROJECT: 128
CutType.RESIDUAL_CAPACITY: 0
iteration 10
relaxation time 20.2784 seconds
CutType.COMBINATORY: 26
CutType.GOMORY: 21
CutType.RED_SPLIT_G: 0
CutType.MIR: 3
CutType.FLOW_COVER: 0
CutType.GMI: 0
CutType.RED_SPLIT: 0
CutType.LATWO_MIR: 0
CutType.LIFT_AND_PROJECT: 115
CutType.RESIDUAL_CAPACITY: 0
iteration 11
relaxation time 9.0063 seconds
CutType.COMBINATORY: 21
CutType.GOMORY: 21
CutType.RED_SPLIT_G: 0
CutType.MIR: 0
CutType.FLOW_COVER: 0
CutType.GMI: 0
CutType.RED_SPLIT: 0
CutType.LATWO_MIR: 0
CutType.LIFT_AND_PROJECT: 99
CutType.RESIDUAL_CAPACITY: 0
iteration 12
relaxation time 11.9442 seconds
CutType.COMBINATORY: 19
CutType.GOMORY: 18
CutType.RED_SPLIT_G: 0
CutType.MIR: 1
CutType.FLOW_COVER: 0
CutType.GMI: 0
CutType.RED_SPLIT: 0
CutType.LATWO_MIR: 0
CutType.LIFT_AND_PROJECT: 94
CutType.RESIDUAL_CAPACITY: 0
iteration 13
relaxation time 12.847 seconds
CutType.COMBINATORY: 10
CutType.GOMORY: 5
CutType.RED_SPLIT_G: 0
CutType.MIR: 4
CutType.FLOW_COVER: 0
CutType.GMI: 0
CutType.RED_SPLIT: 0
CutType.LATWO_MIR: 0
CutType.LIFT_AND_PROJECT: 42
CutType.RESIDUAL_CAPACITY: 0
iteration 14
relaxation time 14.191 seconds
CutType.COMBINATORY: 4
CutType.GOMORY: 2
CutType.RED_SPLIT_G: 0
CutType.MIR: 2
CutType.FLOW_COVER: 0
CutType.GMI: 0
CutType.RED_SPLIT: 0
CutType.LATWO_MIR: 0
CutType.LIFT_AND_PROJECT: 34
CutType.RESIDUAL_CAPACITY: 0
iteration 15
relaxation time 10.0962 seconds
CutType.COMBINATORY: 5
CutType.GOMORY: 4
CutType.RED_SPLIT_G: 0
CutType.MIR: 1
CutType.FLOW_COVER: 0
CutType.GMI: 0
CutType.RED_SPLIT: 0
CutType.LATWO_MIR: 0
CutType.LIFT_AND_PROJECT: 99
CutType.RESIDUAL_CAPACITY: 0
iteration 16
relaxation time 15.8341 seconds
CutType.COMBINATORY: 6
CutType.GOMORY: 3
CutType.RED_SPLIT_G: 0
CutType.MIR: 2
CutType.FLOW_COVER: 1
CutType.GMI: 0
CutType.RED_SPLIT: 0
CutType.LATWO_MIR: 0
CutType.LIFT_AND_PROJECT: 76
CutType.RESIDUAL_CAPACITY: 0
iteration 17
relaxation time 19.4864 seconds
CutType.COMBINATORY: 8
CutType.GOMORY: 7
CutType.RED_SPLIT_G: 0
CutType.MIR: 1
CutType.FLOW_COVER: 0
CutType.GMI: 0
CutType.RED_SPLIT: 0
CutType.LATWO_MIR: 0
CutType.LIFT_AND_PROJECT: 104
CutType.RESIDUAL_CAPACITY: 0
iteration 18
relaxation time 10.5777 seconds
CutType.COMBINATORY: 13
CutType.GOMORY: 11
CutType.RED_SPLIT_G: 0
CutType.MIR: 4
CutType.FLOW_COVER: 2
CutType.GMI: 0
CutType.RED_SPLIT: 0
CutType.LATWO_MIR: 0
CutType.LIFT_AND_PROJECT: 103
CutType.RESIDUAL_CAPACITY: 0
iteration 19
relaxation time 13.9235 seconds
CutType.COMBINATORY: 9
CutType.GOMORY: 9
CutType.RED_SPLIT_G: 0
CutType.MIR: 0
CutType.FLOW_COVER: 0
CutType.GMI: 0
CutType.RED_SPLIT: 0
CutType.LATWO_MIR: 0
CutType.LIFT_AND_PROJECT: 84
CutType.RESIDUAL_CAPACITY: 0
iteration 20
relaxation time 17.7587 seconds
CutType.COMBINATORY: 19
CutType.GOMORY: 17
CutType.RED_SPLIT_G: 0
CutType.MIR: 2
CutType.FLOW_COVER: 0
CutType.GMI: 0
CutType.RED_SPLIT: 0
CutType.LATWO_MIR: 0
CutType.LIFT_AND_PROJECT: 87
CutType.RESIDUAL_CAPACITY: 0
