Combinatory set: []
Non-Combinatory set: [<CutType.MIR: 6>, <CutType.RED_SPLIT_G: 4>, <CutType.LIFT_AND_PROJECT: 9>, <CutType.RED_SPLIT: 3>, <CutType.GMI: 2>, <CutType.TWO_MIR: 7>, <CutType.ZERO_HALF: 11>, <CutType.LATWO_MIR: 8>]
iteration 0
relaxation time 14.3499 seconds
CutType.COMBINATORY: 46
CutType.MIR: 26
CutType.RED_SPLIT_G: 0
CutType.LIFT_AND_PROJECT: 578
CutType.RED_SPLIT: 0
CutType.GMI: 0
CutType.TWO_MIR: 0
CutType.ZERO_HALF: 0
CutType.LATWO_MIR: 0
iteration 1
relaxation time 625.6015 seconds
CutType.COMBINATORY: 72
CutType.MIR: 13
CutType.RED_SPLIT_G: 0
CutType.LIFT_AND_PROJECT: 555
CutType.RED_SPLIT: 0
CutType.GMI: 0
CutType.TWO_MIR: 0
CutType.ZERO_HALF: 0
CutType.LATWO_MIR: 0
iteration 2
relaxation time 3802.9342 seconds
CutType.COMBINATORY: 50
CutType.MIR: 16
CutType.RED_SPLIT_G: 0
len dataset: 1188
test_ok: 1188
test_false: 0
Combinatory set: [<CutType.PROBING: 0>]
Non-Combinatory set: [<CutType.RED_SPLIT: 3>, <CutType.LATWO_MIR: 8>, <CutType.TWO_MIR: 7>, <CutType.ZERO_HALF: 11>, <CutType.GOMORY: 1>, <CutType.LIFT_AND_PROJECT: 9>, <CutType.MIR: 6>, <CutType.RED_SPLIT_G: 4>, <CutType.FLOW_COVER: 5>, <CutType.RESIDUAL_CAPACITY: 10>, <CutType.GMI: 2>]
iteration 0
relaxation time 31.387 seconds
CutType.COMBINATORY: 293
CutType.RED_SPLIT: 0
CutType.LATWO_MIR: 0
CutType.TWO_MIR: 0
CutType.ZERO_HALF: 0
CutType.GOMORY: 7
CutType.LIFT_AND_PROJECT: 566
CutType.MIR: 810
CutType.RED_SPLIT_G: 0
CutType.FLOW_COVER: 0
CutType.RESIDUAL_CAPACITY: 0
CutType.GMI: 0
Combinatory set: [<CutType.ODD_WHEEL: 13>, <CutType.KNAPSACK_COVER: 14>]
Non-Combinatory set: [<CutType.TWO_MIR: 7>, <CutType.MIR: 6>, <CutType.LIFT_AND_PROJECT: 9>, <CutType.ZERO_HALF: 11>]
iteration 0
relaxation time 33.3419 seconds
CutType.COMBINATORY: 16
CutType.TWO_MIR: 0
CutType.MIR: 17
CutType.LIFT_AND_PROJECT: 578
CutType.ZERO_HALF: 0
iteration 1
relaxation time 1071.7811 seconds
CutType.COMBINATORY: 418
CutType.RED_SPLIT: 0
CutType.LATWO_MIR: 0
CutType.TWO_MIR: 0
CutType.ZERO_HALF: 0
CutType.GOMORY: 6
len dataset: 1389
test_ok: 1389
test_false: 0
iteration 1
relaxation time 1099.1261 seconds
CutType.COMBINATORY: 10
CutType.TWO_MIR: 0
CutType.MIR: 21
len dataset: 616
test_ok: 616
test_false: 0
