Combinatory set: [<CutType.KNAPSACK_COVER: 14>]
Non-Combinatory set: [<CutType.LATWO_MIR: 8>, <CutType.TWO_MIR: 7>, <CutType.LIFT_AND_PROJECT: 9>, <CutType.FLOW_COVER: 5>, <CutType.MIR: 6>, <CutType.GMI: 2>, <CutType.RED_SPLIT: 3>, <CutType.ZERO_HALF: 11>, <CutType.RED_SPLIT_G: 4>]
iteration 0
relaxation time 11.8302 seconds
CutType.COMBINATORY: 0
CutType.LATWO_MIR: 0
CutType.TWO_MIR: 0
exception ('Unknow sense: N',)
error in cut CutType.LIFT_AND_PROJECT
CutType.FLOW_COVER: 0
CutType.MIR: 0
CutType.GMI: 298
CutType.RED_SPLIT: 0
CutType.ZERO_HALF: 0
CutType.RED_SPLIT_G: 0
iteration 1
relaxation time 66.7973 seconds
CutType.COMBINATORY: 0
CutType.LATWO_MIR: 0
CutType.TWO_MIR: 0
len dataset: 298
test_ok: 298
test_false: 0
Combinatory set: []
Non-Combinatory set: [<CutType.LIFT_AND_PROJECT: 9>, <CutType.RESIDUAL_CAPACITY: 10>, <CutType.GMI: 2>, <CutType.RED_SPLIT: 3>, <CutType.TWO_MIR: 7>]
iteration 0
relaxation time 23.1979 seconds
CutType.COMBINATORY: 397
exception ('Unknow sense: N',)
error in cut CutType.LIFT_AND_PROJECT
CutType.RESIDUAL_CAPACITY: 0
CutType.GMI: 0
CutType.RED_SPLIT: 0
CutType.TWO_MIR: 0
iteration 1
relaxation time 127.8603 seconds
CutType.COMBINATORY: 311
len dataset: 0
test_ok: 0
test_false: 0
Combinatory set: [<CutType.PROBING: 0>, <CutType.CLIQUE: 12>]
Non-Combinatory set: [<CutType.LIFT_AND_PROJECT: 9>, <CutType.ZERO_HALF: 11>, <CutType.GOMORY: 1>]
iteration 0
relaxation time 28.1849 seconds
CutType.COMBINATORY: 296
exception ('Unknow sense: N',)
error in cut CutType.LIFT_AND_PROJECT
CutType.ZERO_HALF: 0
CutType.GOMORY: 133
iteration 1
relaxation time 129.1137 seconds
CutType.COMBINATORY: 289
len dataset: 133
test_ok: 133
test_false: 0
