Combinatory set: [<CutType.ODD_WHEEL: 13>, <CutType.KNAPSACK_COVER: 14>]
Non-Combinatory set: [<CutType.LATWO_MIR: 8>, <CutType.GOMORY: 1>, <CutType.RESIDUAL_CAPACITY: 10>, <CutType.GMI: 2>]
iteration 0
relaxation time 4.0667 seconds
CutType.COMBINATORY: 1
CutType.LATWO_MIR: 0
CutType.GOMORY: 35
CutType.RESIDUAL_CAPACITY: 0
CutType.GMI: 0
iteration 1
relaxation time 0.7796 seconds
CutType.COMBINATORY: 0
CutType.LATWO_MIR: 0
CutType.GOMORY: 52
CutType.RESIDUAL_CAPACITY: 0
CutType.GMI: 0
iteration 2
relaxation time 0.9058 seconds
CutType.COMBINATORY: 1
CutType.LATWO_MIR: 0
CutType.GOMORY: 25
CutType.RESIDUAL_CAPACITY: 0
CutType.GMI: 0
iteration 3
relaxation time 0.9155 seconds
CutType.COMBINATORY: 1
CutType.LATWO_MIR: 0
CutType.GOMORY: 20
CutType.RESIDUAL_CAPACITY: 0
CutType.GMI: 0
iteration 4
relaxation time 0.5882 seconds
CutType.COMBINATORY: 3
CutType.LATWO_MIR: 0
CutType.GOMORY: 25
CutType.RESIDUAL_CAPACITY: 0
CutType.GMI: 0
iteration 5
relaxation time 1.4351 seconds
CutType.COMBINATORY: 3
CutType.LATWO_MIR: 0
CutType.GOMORY: 40
CutType.RESIDUAL_CAPACITY: 0
CutType.GMI: 0
iteration 6
relaxation time 2.4529 seconds
CutType.COMBINATORY: 0
CutType.LATWO_MIR: 0
CutType.GOMORY: 17
CutType.RESIDUAL_CAPACITY: 0
CutType.GMI: 0
iteration 7
relaxation time 1.9421 seconds
CutType.COMBINATORY: 3
CutType.LATWO_MIR: 0
CutType.GOMORY: 40
CutType.RESIDUAL_CAPACITY: 0
CutType.GMI: 0
iteration 8
relaxation time 2.2112 seconds
CutType.COMBINATORY: 0
CutType.LATWO_MIR: 0
CutType.GOMORY: 13
CutType.RESIDUAL_CAPACITY: 0
CutType.GMI: 0
iteration 9
relaxation time 1.7434 seconds
CutType.COMBINATORY: 0
CutType.LATWO_MIR: 0
CutType.GOMORY: 29
CutType.RESIDUAL_CAPACITY: 0
CutType.GMI: 0
iteration 10
relaxation time 2.0987 seconds
CutType.COMBINATORY: 1
CutType.LATWO_MIR: 0
CutType.GOMORY: 9
CutType.RESIDUAL_CAPACITY: 0
CutType.GMI: 0
iteration 11
relaxation time 2.3311 seconds
CutType.COMBINATORY: 0
CutType.LATWO_MIR: 0
CutType.GOMORY: 2
CutType.RESIDUAL_CAPACITY: 0
CutType.GMI: 0
iteration 12
relaxation time 0.8518 seconds
CutType.COMBINATORY: 0
CutType.LATWO_MIR: 0
CutType.GOMORY: 3
CutType.RESIDUAL_CAPACITY: 0
CutType.GMI: 0
iteration 13
relaxation time 1.2792 seconds
CutType.COMBINATORY: 0
CutType.LATWO_MIR: 0
CutType.GOMORY: 0
CutType.RESIDUAL_CAPACITY: 0
CutType.GMI: 0
len dataset: 310
test_ok: 310
test_false: 0
Combinatory set: [<CutType.PROBING: 0>]
Non-Combinatory set: [<CutType.TWO_MIR: 7>, <CutType.GMI: 2>, <CutType.LIFT_AND_PROJECT: 9>, <CutType.LATWO_MIR: 8>, <CutType.MIR: 6>, <CutType.GOMORY: 1>, <CutType.RED_SPLIT: 3>, <CutType.RED_SPLIT_G: 4>, <CutType.ZERO_HALF: 11>]
iteration 0
relaxation time 7.8402 seconds
CutType.COMBINATORY: 37
CutType.TWO_MIR: 0
CutType.GMI: 0
CutType.LIFT_AND_PROJECT: 338
CutType.LATWO_MIR: 0
CutType.MIR: 0
CutType.GOMORY: 35
CutType.RED_SPLIT: 0
CutType.RED_SPLIT_G: 0
CutType.ZERO_HALF: 0
Combinatory set: [<CutType.ODD_WHEEL: 13>]
Non-Combinatory set: [<CutType.ZERO_HALF: 11>, <CutType.MIR: 6>, <CutType.LIFT_AND_PROJECT: 9>, <CutType.LATWO_MIR: 8>, <CutType.RED_SPLIT_G: 4>, <CutType.FLOW_COVER: 5>]
iteration 0
relaxation time 8.347 seconds
CutType.COMBINATORY: 1
CutType.ZERO_HALF: 0
CutType.MIR: 0
CutType.LIFT_AND_PROJECT: 397
CutType.LATWO_MIR: 0
CutType.RED_SPLIT_G: 0
CutType.FLOW_COVER: 0
iteration 1
relaxation time 56.0146 seconds
CutType.COMBINATORY: 15
CutType.TWO_MIR: 0
CutType.GMI: 0
CutType.LIFT_AND_PROJECT: 235
CutType.LATWO_MIR: 0
CutType.MIR: 0
CutType.GOMORY: 46
CutType.RED_SPLIT: 0
CutType.RED_SPLIT_G: 0
CutType.ZERO_HALF: 0
iteration 1
relaxation time 60.0391 seconds
CutType.COMBINATORY: 1
CutType.ZERO_HALF: 0
CutType.MIR: 1
CutType.LIFT_AND_PROJECT: 272
CutType.LATWO_MIR: 0
CutType.RED_SPLIT_G: 0
CutType.FLOW_COVER: 0
iteration 2
relaxation time 53.0277 seconds
CutType.COMBINATORY: 1
CutType.TWO_MIR: 0
CutType.GMI: 0
CutType.LIFT_AND_PROJECT: 234
CutType.LATWO_MIR: 0
CutType.MIR: 0
CutType.GOMORY: 14
CutType.RED_SPLIT: 0
CutType.RED_SPLIT_G: 0
CutType.ZERO_HALF: 0
iteration 2
relaxation time 48.4575 seconds
CutType.COMBINATORY: 3
CutType.ZERO_HALF: 0
CutType.MIR: 0
CutType.LIFT_AND_PROJECT: 192
CutType.LATWO_MIR: 0
CutType.RED_SPLIT_G: 0
CutType.FLOW_COVER: 0
iteration 3
relaxation time 61.2804 seconds
CutType.COMBINATORY: 9
CutType.TWO_MIR: 0
CutType.GMI: 0
len dataset: 902
test_ok: 902
test_false: 0
iteration 3
relaxation time 37.5324 seconds
CutType.COMBINATORY: 3
CutType.ZERO_HALF: 0
CutType.MIR: 0
len dataset: 862
test_ok: 862
test_false: 0
