Combinatory set: [<CutType.CLIQUE: 12>, <CutType.ODD_WHEEL: 13>]
Non-Combinatory set: [<CutType.ZERO_HALF: 11>, <CutType.GMI: 2>, <CutType.MIR: 6>, <CutType.LIFT_AND_PROJECT: 9>, <CutType.RED_SPLIT: 3>, <CutType.FLOW_COVER: 5>, <CutType.RESIDUAL_CAPACITY: 10>]
iteration 0
relaxation time 2.4071 seconds
CutType.COMBINATORY: 3
CutType.ZERO_HALF: 0
CutType.GMI: 0
CutType.MIR: 0
exception ('Unknow sense: N',)
error in cut CutType.LIFT_AND_PROJECT
CutType.RED_SPLIT: 0
CutType.FLOW_COVER: 0
CutType.RESIDUAL_CAPACITY: 0
iteration 1
relaxation time 0.4118 seconds
CutType.COMBINATORY: 3
CutType.ZERO_HALF: 0
CutType.GMI: 0
CutType.MIR: 0
exception ('Unknow sense: N',)
error in cut CutType.LIFT_AND_PROJECT
CutType.RED_SPLIT: 0
CutType.FLOW_COVER: 0
CutType.RESIDUAL_CAPACITY: 0
iteration 2
relaxation time 0.6775 seconds
CutType.COMBINATORY: 9
CutType.ZERO_HALF: 0
CutType.GMI: 0
CutType.MIR: 0
exception ('Unknow sense: N',)
error in cut CutType.LIFT_AND_PROJECT
CutType.RED_SPLIT: 0
CutType.FLOW_COVER: 0
CutType.RESIDUAL_CAPACITY: 0
iteration 3
relaxation time 0.793 seconds
CutType.COMBINATORY: 3
CutType.ZERO_HALF: 0
CutType.GMI: 0
CutType.MIR: 0
exception ('Unknow sense: N',)
error in cut CutType.LIFT_AND_PROJECT
CutType.RED_SPLIT: 0
CutType.FLOW_COVER: 0
CutType.RESIDUAL_CAPACITY: 0
iteration 4
relaxation time 0.6005 seconds
CutType.COMBINATORY: 8
CutType.ZERO_HALF: 0
CutType.GMI: 0
CutType.MIR: 0
exception ('Unknow sense: N',)
error in cut CutType.LIFT_AND_PROJECT
CutType.RED_SPLIT: 0
CutType.FLOW_COVER: 0
CutType.RESIDUAL_CAPACITY: 0
iteration 5
relaxation time 0.666 seconds
CutType.COMBINATORY: 27
CutType.ZERO_HALF: 0
CutType.GMI: 0
CutType.MIR: 0
exception ('Unknow sense: N',)
error in cut CutType.LIFT_AND_PROJECT
CutType.RED_SPLIT: 0
CutType.FLOW_COVER: 0
CutType.RESIDUAL_CAPACITY: 0
iteration 6
relaxation time 1.2263 seconds
CutType.COMBINATORY: 11
CutType.ZERO_HALF: 0
CutType.GMI: 0
CutType.MIR: 0
exception ('Unknow sense: N',)
error in cut CutType.LIFT_AND_PROJECT
CutType.RED_SPLIT: 0
CutType.FLOW_COVER: 0
CutType.RESIDUAL_CAPACITY: 0
iteration 7
relaxation time 1.0585 seconds
CutType.COMBINATORY: 34
CutType.ZERO_HALF: 0
CutType.GMI: 0
CutType.MIR: 0
exception ('Unknow sense: N',)
error in cut CutType.LIFT_AND_PROJECT
CutType.RED_SPLIT: 0
CutType.FLOW_COVER: 0
CutType.RESIDUAL_CAPACITY: 0
iteration 8
relaxation time 1.6464 seconds
CutType.COMBINATORY: 22
CutType.ZERO_HALF: 0
CutType.GMI: 0
CutType.MIR: 0
exception ('Unknow sense: N',)
error in cut CutType.LIFT_AND_PROJECT
CutType.RED_SPLIT: 0
CutType.FLOW_COVER: 0
CutType.RESIDUAL_CAPACITY: 0
iteration 9
relaxation time 1.4088 seconds
CutType.COMBINATORY: 44
CutType.ZERO_HALF: 0
CutType.GMI: 0
CutType.MIR: 0
exception ('Unknow sense: N',)
error in cut CutType.LIFT_AND_PROJECT
CutType.RED_SPLIT: 0
CutType.FLOW_COVER: 0
CutType.RESIDUAL_CAPACITY: 0
iteration 10
relaxation time 2.6929 seconds
CutType.COMBINATORY: 24
CutType.ZERO_HALF: 0
CutType.GMI: 0
CutType.MIR: 0
exception ('Unknow sense: N',)
error in cut CutType.LIFT_AND_PROJECT
CutType.RED_SPLIT: 0
CutType.FLOW_COVER: 0
CutType.RESIDUAL_CAPACITY: 0
iteration 11
relaxation time 1.6221 seconds
CutType.COMBINATORY: 25
CutType.ZERO_HALF: 0
CutType.GMI: 0
CutType.MIR: 0
exception ('Unknow sense: N',)
error in cut CutType.LIFT_AND_PROJECT
CutType.RED_SPLIT: 0
CutType.FLOW_COVER: 0
CutType.RESIDUAL_CAPACITY: 0
iteration 12
relaxation time 2.9088 seconds
CutType.COMBINATORY: 21
CutType.ZERO_HALF: 0
CutType.GMI: 0
CutType.MIR: 0
exception ('Unknow sense: N',)
error in cut CutType.LIFT_AND_PROJECT
CutType.RED_SPLIT: 0
CutType.FLOW_COVER: 0
CutType.RESIDUAL_CAPACITY: 0
iteration 13
relaxation time 1.9225 seconds
CutType.COMBINATORY: 22
CutType.ZERO_HALF: 0
CutType.GMI: 0
CutType.MIR: 0
exception ('Unknow sense: N',)
error in cut CutType.LIFT_AND_PROJECT
CutType.RED_SPLIT: 0
CutType.FLOW_COVER: 0
CutType.RESIDUAL_CAPACITY: 0
iteration 14
relaxation time 2.0937 seconds
CutType.COMBINATORY: 12
CutType.ZERO_HALF: 0
CutType.GMI: 0
CutType.MIR: 0
exception ('Unknow sense: N',)
error in cut CutType.LIFT_AND_PROJECT
CutType.RED_SPLIT: 0
CutType.FLOW_COVER: 0
CutType.RESIDUAL_CAPACITY: 0
iteration 15
relaxation time 2.1618 seconds
CutType.COMBINATORY: 18
CutType.ZERO_HALF: 0
CutType.GMI: 0
CutType.MIR: 0
exception ('Unknow sense: N',)
error in cut CutType.LIFT_AND_PROJECT
CutType.RED_SPLIT: 0
CutType.FLOW_COVER: 0
CutType.RESIDUAL_CAPACITY: 0
iteration 16
relaxation time 1.2655 seconds
CutType.COMBINATORY: 17
CutType.ZERO_HALF: 0
CutType.GMI: 0
CutType.MIR: 0
exception ('Unknow sense: N',)
error in cut CutType.LIFT_AND_PROJECT
CutType.RED_SPLIT: 0
CutType.FLOW_COVER: 0
CutType.RESIDUAL_CAPACITY: 0
iteration 17
relaxation time 2.381 seconds
CutType.COMBINATORY: 5
CutType.ZERO_HALF: 0
CutType.GMI: 0
CutType.MIR: 0
exception ('Unknow sense: N',)
error in cut CutType.LIFT_AND_PROJECT
CutType.RED_SPLIT: 0
CutType.FLOW_COVER: 0
CutType.RESIDUAL_CAPACITY: 0
iteration 18
relaxation time 1.7625 seconds
CutType.COMBINATORY: 0
CutType.ZERO_HALF: 0
CutType.GMI: 0
CutType.MIR: 0
exception ('Unknow sense: N',)
error in cut CutType.LIFT_AND_PROJECT
CutType.RED_SPLIT: 21
CutType.FLOW_COVER: 0
CutType.RESIDUAL_CAPACITY: 0
iteration 19
relaxation time 67.7402 seconds
CutType.COMBINATORY: 17
CutType.ZERO_HALF: 0
CutType.GMI: 0
CutType.MIR: 0
exception ('Unknow sense: N',)
error in cut CutType.LIFT_AND_PROJECT
CutType.RED_SPLIT: 0
CutType.FLOW_COVER: 0
CutType.RESIDUAL_CAPACITY: 0
iteration 20
relaxation time 5.767 seconds
CutType.COMBINATORY: 18
CutType.ZERO_HALF: 0
CutType.GMI: 0
CutType.MIR: 0
exception ('Unknow sense: N',)
error in cut CutType.LIFT_AND_PROJECT
CutType.RED_SPLIT: 0
CutType.FLOW_COVER: 0
CutType.RESIDUAL_CAPACITY: 0
iteration 21
relaxation time 7.6549 seconds
CutType.COMBINATORY: 16
CutType.ZERO_HALF: 0
CutType.GMI: 0
CutType.MIR: 0
exception ('Unknow sense: N',)
error in cut CutType.LIFT_AND_PROJECT
CutType.RED_SPLIT: 0
CutType.FLOW_COVER: 0
CutType.RESIDUAL_CAPACITY: 0
iteration 22
relaxation time 7.1471 seconds
CutType.COMBINATORY: 20
CutType.ZERO_HALF: 0
CutType.GMI: 0
CutType.MIR: 0
exception ('Unknow sense: N',)
error in cut CutType.LIFT_AND_PROJECT
CutType.RED_SPLIT: 0
CutType.FLOW_COVER: 0
CutType.RESIDUAL_CAPACITY: 0
iteration 23
relaxation time 13.6301 seconds
CutType.COMBINATORY: 10
CutType.ZERO_HALF: 0
CutType.GMI: 0
CutType.MIR: 0
exception ('Unknow sense: N',)
error in cut CutType.LIFT_AND_PROJECT
CutType.RED_SPLIT: 0
CutType.FLOW_COVER: 0
CutType.RESIDUAL_CAPACITY: 0
iteration 24
relaxation time 5.9257 seconds
CutType.COMBINATORY: 0
CutType.ZERO_HALF: 0
CutType.GMI: 0
CutType.MIR: 0
exception ('Unknow sense: N',)
error in cut CutType.LIFT_AND_PROJECT
CutType.RED_SPLIT: 13
CutType.FLOW_COVER: 0
CutType.RESIDUAL_CAPACITY: 0
iteration 25
relaxation time 90.8556 seconds
CutType.COMBINATORY: 6
CutType.ZERO_HALF: 0
CutType.GMI: 0
CutType.MIR: 1
exception ('Unknow sense: N',)
error in cut CutType.LIFT_AND_PROJECT
CutType.RED_SPLIT: 0
CutType.FLOW_COVER: 0
CutType.RESIDUAL_CAPACITY: 0
iteration 26
relaxation time 7.5541 seconds
CutType.COMBINATORY: 4
CutType.ZERO_HALF: 0
CutType.GMI: 0
CutType.MIR: 0
exception ('Unknow sense: N',)
error in cut CutType.LIFT_AND_PROJECT
CutType.RED_SPLIT: 0
CutType.FLOW_COVER: 0
CutType.RESIDUAL_CAPACITY: 0
iteration 27
relaxation time 12.5009 seconds
CutType.COMBINATORY: 21
CutType.ZERO_HALF: 0
CutType.GMI: 0
CutType.MIR: 0
exception ('Unknow sense: N',)
error in cut CutType.LIFT_AND_PROJECT
CutType.RED_SPLIT: 0
CutType.FLOW_COVER: 0
CutType.RESIDUAL_CAPACITY: 0
iteration 28
relaxation time 11.823 seconds
CutType.COMBINATORY: 20
CutType.ZERO_HALF: 0
CutType.GMI: 0
CutType.MIR: 0
exception ('Unknow sense: N',)
error in cut CutType.LIFT_AND_PROJECT
CutType.RED_SPLIT: 0
CutType.FLOW_COVER: 0
CutType.RESIDUAL_CAPACITY: 0
iteration 29
relaxation time 5.9947 seconds
CutType.COMBINATORY: 3
CutType.ZERO_HALF: 0
CutType.GMI: 0
CutType.MIR: 0
exception ('Unknow sense: N',)
error in cut CutType.LIFT_AND_PROJECT
CutType.RED_SPLIT: 0
CutType.FLOW_COVER: 0
CutType.RESIDUAL_CAPACITY: 0
iteration 30
relaxation time 3.3106 seconds
CutType.COMBINATORY: 11
CutType.ZERO_HALF: 0
CutType.GMI: 0
CutType.MIR: 0
exception ('Unknow sense: N',)
error in cut CutType.LIFT_AND_PROJECT
CutType.RED_SPLIT: 0
CutType.FLOW_COVER: 0
CutType.RESIDUAL_CAPACITY: 0
iteration 31
relaxation time 6.9336 seconds
CutType.COMBINATORY: 0
CutType.ZERO_HALF: 0
CutType.GMI: 0
CutType.MIR: 0
exception ('Unknow sense: N',)
error in cut CutType.LIFT_AND_PROJECT
CutType.RED_SPLIT: 12
CutType.FLOW_COVER: 0
CutType.RESIDUAL_CAPACITY: 0
iteration 32
relaxation time 32.3401 seconds
CutType.COMBINATORY: 20
CutType.ZERO_HALF: 0
CutType.GMI: 0
CutType.MIR: 0
exception ('Unknow sense: N',)
error in cut CutType.LIFT_AND_PROJECT
CutType.RED_SPLIT: 0
CutType.FLOW_COVER: 0
CutType.RESIDUAL_CAPACITY: 0
iteration 33
relaxation time 7.0027 seconds
CutType.COMBINATORY: 0
CutType.ZERO_HALF: 0
CutType.GMI: 0
CutType.MIR: 0
exception ('Unknow sense: N',)
error in cut CutType.LIFT_AND_PROJECT
CutType.RED_SPLIT: 14
CutType.FLOW_COVER: 0
CutType.RESIDUAL_CAPACITY: 0
iteration 34
relaxation time 117.4726 seconds
CutType.COMBINATORY: 6
CutType.ZERO_HALF: 0
CutType.GMI: 0
CutType.MIR: 0
exception ('Unknow sense: N',)
error in cut CutType.LIFT_AND_PROJECT
CutType.RED_SPLIT: 0
CutType.FLOW_COVER: 0
CutType.RESIDUAL_CAPACITY: 0
iteration 35
relaxation time 6.8776 seconds
CutType.COMBINATORY: 0
CutType.ZERO_HALF: 0
CutType.GMI: 0
CutType.MIR: 0
exception ('Unknow sense: N',)
error in cut CutType.LIFT_AND_PROJECT
CutType.RED_SPLIT: 16
CutType.FLOW_COVER: 0
CutType.RESIDUAL_CAPACITY: 0
iteration 36
relaxation time 92.868 seconds
CutType.COMBINATORY: 14
CutType.ZERO_HALF: 0
CutType.GMI: 0
CutType.MIR: 0
exception ('Unknow sense: N',)
error in cut CutType.LIFT_AND_PROJECT
CutType.RED_SPLIT: 0
CutType.FLOW_COVER: 0
CutType.RESIDUAL_CAPACITY: 0
iteration 37
relaxation time 14.4211 seconds
CutType.COMBINATORY: 10
CutType.ZERO_HALF: 0
CutType.GMI: 0
CutType.MIR: 0
exception ('Unknow sense: N',)
error in cut CutType.LIFT_AND_PROJECT
CutType.RED_SPLIT: 0
CutType.FLOW_COVER: 0
CutType.RESIDUAL_CAPACITY: 0
iteration 38
relaxation time 10.5103 seconds
CutType.COMBINATORY: 7
CutType.ZERO_HALF: 0
CutType.GMI: 0
CutType.MIR: 0
exception ('Unknow sense: N',)
error in cut CutType.LIFT_AND_PROJECT
CutType.RED_SPLIT: 0
CutType.FLOW_COVER: 0
CutType.RESIDUAL_CAPACITY: 0
iteration 39
relaxation time 7.5005 seconds
CutType.COMBINATORY: 0
CutType.ZERO_HALF: 0
CutType.GMI: 0
CutType.MIR: 0
exception ('Unknow sense: N',)
error in cut CutType.LIFT_AND_PROJECT
CutType.RED_SPLIT: 11
CutType.FLOW_COVER: 0
CutType.RESIDUAL_CAPACITY: 0
iteration 40
relaxation time 83.5096 seconds
CutType.COMBINATORY: 21
CutType.ZERO_HALF: 0
CutType.GMI: 0
CutType.MIR: 0
exception ('Unknow sense: N',)
error in cut CutType.LIFT_AND_PROJECT
CutType.RED_SPLIT: 0
CutType.FLOW_COVER: 0
CutType.RESIDUAL_CAPACITY: 0
iteration 41
relaxation time 15.1831 seconds
CutType.COMBINATORY: 10
CutType.ZERO_HALF: 0
CutType.GMI: 0
CutType.MIR: 0
exception ('Unknow sense: N',)
error in cut CutType.LIFT_AND_PROJECT
CutType.RED_SPLIT: 0
CutType.FLOW_COVER: 0
CutType.RESIDUAL_CAPACITY: 0
iteration 42
relaxation time 8.8877 seconds
CutType.COMBINATORY: 5
CutType.ZERO_HALF: 0
CutType.GMI: 0
CutType.MIR: 0
exception ('Unknow sense: N',)
error in cut CutType.LIFT_AND_PROJECT
CutType.RED_SPLIT: 0
CutType.FLOW_COVER: 0
CutType.RESIDUAL_CAPACITY: 0
iteration 43
relaxation time 6.3276 seconds
CutType.COMBINATORY: 2
CutType.ZERO_HALF: 0
CutType.GMI: 0
CutType.MIR: 0
exception ('Unknow sense: N',)
error in cut CutType.LIFT_AND_PROJECT
CutType.RED_SPLIT: 0
CutType.FLOW_COVER: 0
CutType.RESIDUAL_CAPACITY: 0
iteration 44
relaxation time 13.3941 seconds
CutType.COMBINATORY: 2
CutType.ZERO_HALF: 0
CutType.GMI: 0
CutType.MIR: 0
exception ('Unknow sense: N',)
error in cut CutType.LIFT_AND_PROJECT
CutType.RED_SPLIT: 0
CutType.FLOW_COVER: 0
CutType.RESIDUAL_CAPACITY: 0
iteration 45
relaxation time 4.2721 seconds
CutType.COMBINATORY: 3
CutType.ZERO_HALF: 0
CutType.GMI: 0
CutType.MIR: 0
exception ('Unknow sense: N',)
error in cut CutType.LIFT_AND_PROJECT
CutType.RED_SPLIT: 0
CutType.FLOW_COVER: 0
CutType.RESIDUAL_CAPACITY: 0
iteration 46
relaxation time 3.1262 seconds
CutType.COMBINATORY: 0
CutType.ZERO_HALF: 0
CutType.GMI: 0
CutType.MIR: 0
exception ('Unknow sense: N',)
error in cut CutType.LIFT_AND_PROJECT
CutType.RED_SPLIT: 15
CutType.FLOW_COVER: 0
CutType.RESIDUAL_CAPACITY: 0
iteration 47
relaxation time 101.7786 seconds
CutType.COMBINATORY: 7
CutType.ZERO_HALF: 0
CutType.GMI: 0
CutType.MIR: 0
exception ('Unknow sense: N',)
error in cut CutType.LIFT_AND_PROJECT
CutType.RED_SPLIT: 0
CutType.FLOW_COVER: 0
CutType.RESIDUAL_CAPACITY: 0
iteration 48
relaxation time 10.2747 seconds
CutType.COMBINATORY: 2
CutType.ZERO_HALF: 0
CutType.GMI: 0
CutType.MIR: 0
exception ('Unknow sense: N',)
error in cut CutType.LIFT_AND_PROJECT
CutType.RED_SPLIT: 0
CutType.FLOW_COVER: 0
CutType.RESIDUAL_CAPACITY: 0
iteration 49
relaxation time 5.7557 seconds
CutType.COMBINATORY: 0
CutType.ZERO_HALF: 0
CutType.GMI: 0
CutType.MIR: 0
exception ('Unknow sense: N',)
error in cut CutType.LIFT_AND_PROJECT
CutType.RED_SPLIT: 19
CutType.FLOW_COVER: 0
CutType.RESIDUAL_CAPACITY: 0
iteration 50
relaxation time 138.8983 seconds
CutType.COMBINATORY: 14
CutType.ZERO_HALF: 0
CutType.GMI: 0
CutType.MIR: 0
exception ('Unknow sense: N',)
error in cut CutType.LIFT_AND_PROJECT
CutType.RED_SPLIT: 0
CutType.FLOW_COVER: 0
CutType.RESIDUAL_CAPACITY: 0
iteration 51
relaxation time 15.0649 seconds
CutType.COMBINATORY: 0
CutType.ZERO_HALF: 0
CutType.GMI: 0
CutType.MIR: 0
exception ('Unknow sense: N',)
error in cut CutType.LIFT_AND_PROJECT
CutType.RED_SPLIT: 8
CutType.FLOW_COVER: 0
CutType.RESIDUAL_CAPACITY: 0
iteration 52
relaxation time 67.8211 seconds
CutType.COMBINATORY: 2
CutType.ZERO_HALF: 0
CutType.GMI: 0
CutType.MIR: 0
exception ('Unknow sense: N',)
error in cut CutType.LIFT_AND_PROJECT
CutType.RED_SPLIT: 0
CutType.FLOW_COVER: 0
CutType.RESIDUAL_CAPACITY: 0
iteration 53
relaxation time 7.3327 seconds
CutType.COMBINATORY: 0
CutType.ZERO_HALF: 0
CutType.GMI: 0
CutType.MIR: 0
exception ('Unknow sense: N',)
error in cut CutType.LIFT_AND_PROJECT
CutType.RED_SPLIT: 15
CutType.FLOW_COVER: 0
CutType.RESIDUAL_CAPACITY: 0
iteration 54
relaxation time 192.8191 seconds
CutType.COMBINATORY: 5
CutType.ZERO_HALF: 0
CutType.GMI: 0
CutType.MIR: 0
exception ('Unknow sense: N',)
error in cut CutType.LIFT_AND_PROJECT
CutType.RED_SPLIT: 0
CutType.FLOW_COVER: 0
CutType.RESIDUAL_CAPACITY: 0
iteration 55
relaxation time 19.6923 seconds
CutType.COMBINATORY: 0
CutType.ZERO_HALF: 0
CutType.GMI: 0
CutType.MIR: 0
exception ('Unknow sense: N',)
error in cut CutType.LIFT_AND_PROJECT
CutType.RED_SPLIT: 8
CutType.FLOW_COVER: 0
CutType.RESIDUAL_CAPACITY: 0
iteration 56
relaxation time 78.7218 seconds
CutType.COMBINATORY: 0
CutType.ZERO_HALF: 0
CutType.GMI: 0
CutType.MIR: 0
exception ('Unknow sense: N',)
error in cut CutType.LIFT_AND_PROJECT
CutType.RED_SPLIT: 5
CutType.FLOW_COVER: 0
CutType.RESIDUAL_CAPACITY: 0
iteration 57
relaxation time 63.3938 seconds
CutType.COMBINATORY: 16
CutType.ZERO_HALF: 0
CutType.GMI: 0
CutType.MIR: 0
exception ('Unknow sense: N',)
error in cut CutType.LIFT_AND_PROJECT
CutType.RED_SPLIT: 0
CutType.FLOW_COVER: 0
CutType.RESIDUAL_CAPACITY: 0
iteration 58
relaxation time 26.5154 seconds
CutType.COMBINATORY: 0
CutType.ZERO_HALF: 0
CutType.GMI: 0
CutType.MIR: 0
exception ('Unknow sense: N',)
error in cut CutType.LIFT_AND_PROJECT
CutType.RED_SPLIT: 11
CutType.FLOW_COVER: 0
CutType.RESIDUAL_CAPACITY: 0
iteration 59
relaxation time 117.531 seconds
CutType.COMBINATORY: 33
CutType.ZERO_HALF: 0
CutType.GMI: 0
CutType.MIR: 0
exception ('Unknow sense: N',)
error in cut CutType.LIFT_AND_PROJECT
CutType.RED_SPLIT: 0
CutType.FLOW_COVER: 0
CutType.RESIDUAL_CAPACITY: 0
iteration 60
relaxation time 40.6632 seconds
CutType.COMBINATORY: 10
CutType.ZERO_HALF: 0
CutType.GMI: 0
CutType.MIR: 0
exception ('Unknow sense: N',)
error in cut CutType.LIFT_AND_PROJECT
CutType.RED_SPLIT: 0
CutType.FLOW_COVER: 0
CutType.RESIDUAL_CAPACITY: 0
iteration 61
relaxation time 14.8597 seconds
CutType.COMBINATORY: 0
CutType.ZERO_HALF: 0
CutType.GMI: 0
CutType.MIR: 0
exception ('Unknow sense: N',)
error in cut CutType.LIFT_AND_PROJECT
CutType.RED_SPLIT: 14
CutType.FLOW_COVER: 0
CutType.RESIDUAL_CAPACITY: 0
iteration 62
relaxation time 180.0049 seconds
CutType.COMBINATORY: 5
CutType.ZERO_HALF: 0
CutType.GMI: 0
CutType.MIR: 0
exception ('Unknow sense: N',)
error in cut CutType.LIFT_AND_PROJECT
CutType.RED_SPLIT: 0
CutType.FLOW_COVER: 0
CutType.RESIDUAL_CAPACITY: 0
iteration 63
relaxation time 15.2556 seconds
CutType.COMBINATORY: 0
CutType.ZERO_HALF: 0
CutType.GMI: 0
CutType.MIR: 0
exception ('Unknow sense: N',)
error in cut CutType.LIFT_AND_PROJECT
CutType.RED_SPLIT: 15
CutType.FLOW_COVER: 0
CutType.RESIDUAL_CAPACITY: 0
iteration 64
relaxation time 216.1014 seconds
CutType.COMBINATORY: 12
CutType.ZERO_HALF: 0
CutType.GMI: 0
CutType.MIR: 0
exception ('Unknow sense: N',)
error in cut CutType.LIFT_AND_PROJECT
CutType.RED_SPLIT: 0
CutType.FLOW_COVER: 0
CutType.RESIDUAL_CAPACITY: 0
iteration 65
relaxation time 22.3686 seconds
CutType.COMBINATORY: 15
CutType.ZERO_HALF: 0
CutType.GMI: 0
CutType.MIR: 0
exception ('Unknow sense: N',)
error in cut CutType.LIFT_AND_PROJECT
CutType.RED_SPLIT: 0
CutType.FLOW_COVER: 0
CutType.RESIDUAL_CAPACITY: 0
iteration 66
relaxation time 19.0897 seconds
CutType.COMBINATORY: 20
CutType.ZERO_HALF: 0
CutType.GMI: 0
CutType.MIR: 0
exception ('Unknow sense: N',)
error in cut CutType.LIFT_AND_PROJECT
CutType.RED_SPLIT: 0
CutType.FLOW_COVER: 0
CutType.RESIDUAL_CAPACITY: 0
iteration 67
relaxation time 17.1889 seconds
CutType.COMBINATORY: 0
CutType.ZERO_HALF: 0
CutType.GMI: 0
CutType.MIR: 0
exception ('Unknow sense: N',)
error in cut CutType.LIFT_AND_PROJECT
CutType.RED_SPLIT: 23
CutType.FLOW_COVER: 0
CutType.RESIDUAL_CAPACITY: 0
iteration 68
relaxation time 194.5913 seconds
CutType.COMBINATORY: 0
CutType.ZERO_HALF: 0
CutType.GMI: 0
CutType.MIR: 0
exception ('Unknow sense: N',)
error in cut CutType.LIFT_AND_PROJECT
CutType.RED_SPLIT: 14
CutType.FLOW_COVER: 0
CutType.RESIDUAL_CAPACITY: 0
iteration 69
relaxation time 329.1229 seconds
CutType.COMBINATORY: 4
CutType.ZERO_HALF: 0
CutType.GMI: 0
CutType.MIR: 0
exception ('Unknow sense: N',)
error in cut CutType.LIFT_AND_PROJECT
CutType.RED_SPLIT: 0
CutType.FLOW_COVER: 0
CutType.RESIDUAL_CAPACITY: 0
iteration 70
relaxation time 27.297 seconds
CutType.COMBINATORY: 0
CutType.ZERO_HALF: 0
CutType.GMI: 0
CutType.MIR: 0
exception ('Unknow sense: N',)
error in cut CutType.LIFT_AND_PROJECT
CutType.RED_SPLIT: 18
CutType.FLOW_COVER: 0
CutType.RESIDUAL_CAPACITY: 0
iteration 71
relaxation time 328.7165 seconds
CutType.COMBINATORY: 3
CutType.ZERO_HALF: 0
CutType.GMI: 0
CutType.MIR: 0
exception ('Unknow sense: N',)
error in cut CutType.LIFT_AND_PROJECT
CutType.RED_SPLIT: 0
CutType.FLOW_COVER: 0
CutType.RESIDUAL_CAPACITY: 0
iteration 72
relaxation time 16.3446 seconds
CutType.COMBINATORY: 0
CutType.ZERO_HALF: 0
CutType.GMI: 0
CutType.MIR: 0
exception ('Unknow sense: N',)
error in cut CutType.LIFT_AND_PROJECT
CutType.RED_SPLIT: 10
CutType.FLOW_COVER: 0
CutType.RESIDUAL_CAPACITY: 0
iteration 73
relaxation time 184.7898 seconds
CutType.COMBINATORY: 0
CutType.ZERO_HALF: 0
CutType.GMI: 0
CutType.MIR: 0
exception ('Unknow sense: N',)
error in cut CutType.LIFT_AND_PROJECT
CutType.RED_SPLIT: 12
CutType.FLOW_COVER: 0
CutType.RESIDUAL_CAPACITY: 0
iteration 74
relaxation time 247.9525 seconds
CutType.COMBINATORY: 2
CutType.ZERO_HALF: 0
CutType.GMI: 0
CutType.MIR: 0
exception ('Unknow sense: N',)
error in cut CutType.LIFT_AND_PROJECT
CutType.RED_SPLIT: 0
CutType.FLOW_COVER: 0
CutType.RESIDUAL_CAPACITY: 0
iteration 75
relaxation time 21.848 seconds
CutType.COMBINATORY: 2
CutType.ZERO_HALF: 0
CutType.GMI: 0
CutType.MIR: 0
exception ('Unknow sense: N',)
error in cut CutType.LIFT_AND_PROJECT
CutType.RED_SPLIT: 0
CutType.FLOW_COVER: 0
CutType.RESIDUAL_CAPACITY: 0
iteration 76
relaxation time 29.7568 seconds
CutType.COMBINATORY: 0
CutType.ZERO_HALF: 0
CutType.GMI: 0
CutType.MIR: 0
exception ('Unknow sense: N',)
error in cut CutType.LIFT_AND_PROJECT
CutType.RED_SPLIT: 1
CutType.FLOW_COVER: 0
CutType.RESIDUAL_CAPACITY: 0
iteration 77
relaxation time 152.1286 seconds
CutType.COMBINATORY: 0
CutType.ZERO_HALF: 0
CutType.GMI: 0
CutType.MIR: 0
exception ('Unknow sense: N',)
error in cut CutType.LIFT_AND_PROJECT
CutType.RED_SPLIT: 0
CutType.FLOW_COVER: 0
CutType.RESIDUAL_CAPACITY: 0
len dataset: 276
test_ok: 276
test_false: 0
Combinatory set: []
Non-Combinatory set: [<CutType.GOMORY: 1>, <CutType.TWO_MIR: 7>, <CutType.FLOW_COVER: 5>, <CutType.GMI: 2>]
iteration 0
relaxation time 4.7141 seconds
CutType.COMBINATORY: 3
CutType.GOMORY: 0
CutType.TWO_MIR: 0
CutType.FLOW_COVER: 0
CutType.GMI: 0
iteration 1
relaxation time 0.9018 seconds
CutType.COMBINATORY: 3
CutType.GOMORY: 0
CutType.TWO_MIR: 0
CutType.FLOW_COVER: 0
CutType.GMI: 0
iteration 2
relaxation time 1.4041 seconds
CutType.COMBINATORY: 9
CutType.GOMORY: 0
CutType.TWO_MIR: 0
CutType.FLOW_COVER: 0
CutType.GMI: 0
iteration 3
relaxation time 1.6378 seconds
CutType.COMBINATORY: 3
CutType.GOMORY: 0
CutType.TWO_MIR: 0
CutType.FLOW_COVER: 0
CutType.GMI: 0
iteration 4
relaxation time 1.2676 seconds
CutType.COMBINATORY: 8
CutType.GOMORY: 0
CutType.TWO_MIR: 0
CutType.FLOW_COVER: 0
CutType.GMI: 0
iteration 5
relaxation time 1.4017 seconds
CutType.COMBINATORY: 27
CutType.GOMORY: 0
CutType.TWO_MIR: 0
CutType.FLOW_COVER: 0
CutType.GMI: 0
iteration 6
relaxation time 2.5802 seconds
CutType.COMBINATORY: 11
CutType.GOMORY: 0
CutType.TWO_MIR: 0
CutType.FLOW_COVER: 0
CutType.GMI: 0
iteration 7
relaxation time 2.3142 seconds
CutType.COMBINATORY: 34
CutType.GOMORY: 0
CutType.TWO_MIR: 0
CutType.FLOW_COVER: 0
CutType.GMI: 0
iteration 8
relaxation time 3.5242 seconds
CutType.COMBINATORY: 22
CutType.GOMORY: 0
CutType.TWO_MIR: 0
CutType.FLOW_COVER: 0
CutType.GMI: 0
iteration 9
relaxation time 3.2204 seconds
CutType.COMBINATORY: 44
CutType.GOMORY: 0
CutType.TWO_MIR: 0
CutType.FLOW_COVER: 0
CutType.GMI: 0
iteration 10
relaxation time 5.563 seconds
CutType.COMBINATORY: 24
CutType.GOMORY: 0
CutType.TWO_MIR: 0
CutType.FLOW_COVER: 0
CutType.GMI: 0
iteration 11
relaxation time 3.4734 seconds
CutType.COMBINATORY: 25
CutType.GOMORY: 0
CutType.TWO_MIR: 0
CutType.FLOW_COVER: 0
CutType.GMI: 0
iteration 12
relaxation time 5.8678 seconds
CutType.COMBINATORY: 21
CutType.GOMORY: 0
CutType.TWO_MIR: 0
CutType.FLOW_COVER: 0
CutType.GMI: 0
iteration 13
relaxation time 4.0171 seconds
CutType.COMBINATORY: 22
CutType.GOMORY: 0
CutType.TWO_MIR: 0
CutType.FLOW_COVER: 0
CutType.GMI: 0
iteration 14
relaxation time 4.3571 seconds
CutType.COMBINATORY: 12
CutType.GOMORY: 0
CutType.TWO_MIR: 0
CutType.FLOW_COVER: 0
CutType.GMI: 0
iteration 15
relaxation time 4.8022 seconds
CutType.COMBINATORY: 18
CutType.GOMORY: 0
CutType.TWO_MIR: 0
CutType.FLOW_COVER: 0
CutType.GMI: 0
iteration 16
relaxation time 2.8013 seconds
CutType.COMBINATORY: 17
CutType.GOMORY: 0
CutType.TWO_MIR: 0
CutType.FLOW_COVER: 0
CutType.GMI: 0
iteration 17
relaxation time 5.5924 seconds
CutType.COMBINATORY: 5
CutType.GOMORY: 0
CutType.TWO_MIR: 0
CutType.FLOW_COVER: 0
CutType.GMI: 0
iteration 18
relaxation time 3.8972 seconds
CutType.COMBINATORY: 0
CutType.GOMORY: 0
CutType.TWO_MIR: 0
CutType.FLOW_COVER: 0
CutType.GMI: 0
len dataset: 0
test_ok: 0
test_false: 0
Combinatory set: [<CutType.CLIQUE: 12>, <CutType.ODD_WHEEL: 13>]
Non-Combinatory set: [<CutType.RED_SPLIT_G: 4>, <CutType.TWO_MIR: 7>, <CutType.FLOW_COVER: 5>, <CutType.LATWO_MIR: 8>, <CutType.ZERO_HALF: 11>, <CutType.LIFT_AND_PROJECT: 9>]
iteration 0
relaxation time 5.0292 seconds
CutType.COMBINATORY: 3
CutType.RED_SPLIT_G: 0
CutType.TWO_MIR: 0
CutType.FLOW_COVER: 0
CutType.LATWO_MIR: 0
CutType.ZERO_HALF: 0
exception ('Unknow sense: N',)
error in cut CutType.LIFT_AND_PROJECT
iteration 1
relaxation time 0.873 seconds
CutType.COMBINATORY: 3
CutType.RED_SPLIT_G: 0
CutType.TWO_MIR: 0
CutType.FLOW_COVER: 0
CutType.LATWO_MIR: 0
CutType.ZERO_HALF: 0
exception ('Unknow sense: N',)
error in cut CutType.LIFT_AND_PROJECT
iteration 2
relaxation time 1.3045 seconds
CutType.COMBINATORY: 9
CutType.RED_SPLIT_G: 0
CutType.TWO_MIR: 0
CutType.FLOW_COVER: 0
CutType.LATWO_MIR: 0
CutType.ZERO_HALF: 0
exception ('Unknow sense: N',)
error in cut CutType.LIFT_AND_PROJECT
iteration 3
relaxation time 1.6306 seconds
CutType.COMBINATORY: 3
CutType.RED_SPLIT_G: 0
CutType.TWO_MIR: 0
CutType.FLOW_COVER: 0
CutType.LATWO_MIR: 0
CutType.ZERO_HALF: 0
exception ('Unknow sense: N',)
error in cut CutType.LIFT_AND_PROJECT
iteration 4
relaxation time 1.1462 seconds
CutType.COMBINATORY: 8
CutType.RED_SPLIT_G: 0
CutType.TWO_MIR: 0
CutType.FLOW_COVER: 0
CutType.LATWO_MIR: 0
CutType.ZERO_HALF: 0
exception ('Unknow sense: N',)
error in cut CutType.LIFT_AND_PROJECT
iteration 5
relaxation time 1.3112 seconds
CutType.COMBINATORY: 27
CutType.RED_SPLIT_G: 0
CutType.TWO_MIR: 0
CutType.FLOW_COVER: 0
CutType.LATWO_MIR: 0
CutType.ZERO_HALF: 0
exception ('Unknow sense: N',)
error in cut CutType.LIFT_AND_PROJECT
iteration 6
relaxation time 2.3966 seconds
CutType.COMBINATORY: 11
CutType.RED_SPLIT_G: 0
CutType.TWO_MIR: 0
CutType.FLOW_COVER: 0
CutType.LATWO_MIR: 0
CutType.ZERO_HALF: 0
exception ('Unknow sense: N',)
error in cut CutType.LIFT_AND_PROJECT
iteration 7
relaxation time 1.9807 seconds
CutType.COMBINATORY: 34
CutType.RED_SPLIT_G: 0
CutType.TWO_MIR: 0
CutType.FLOW_COVER: 0
CutType.LATWO_MIR: 0
CutType.ZERO_HALF: 0
exception ('Unknow sense: N',)
error in cut CutType.LIFT_AND_PROJECT
iteration 8
relaxation time 3.3385 seconds
CutType.COMBINATORY: 22
CutType.RED_SPLIT_G: 0
CutType.TWO_MIR: 0
CutType.FLOW_COVER: 0
CutType.LATWO_MIR: 0
CutType.ZERO_HALF: 0
exception ('Unknow sense: N',)
error in cut CutType.LIFT_AND_PROJECT
iteration 9
relaxation time 2.6474 seconds
CutType.COMBINATORY: 44
CutType.RED_SPLIT_G: 0
CutType.TWO_MIR: 0
CutType.FLOW_COVER: 0
CutType.LATWO_MIR: 0
CutType.ZERO_HALF: 0
exception ('Unknow sense: N',)
error in cut CutType.LIFT_AND_PROJECT
iteration 10
relaxation time 5.2494 seconds
CutType.COMBINATORY: 24
CutType.RED_SPLIT_G: 0
CutType.TWO_MIR: 0
CutType.FLOW_COVER: 0
CutType.LATWO_MIR: 0
CutType.ZERO_HALF: 0
exception ('Unknow sense: N',)
error in cut CutType.LIFT_AND_PROJECT
iteration 11
relaxation time 3.2439 seconds
CutType.COMBINATORY: 25
CutType.RED_SPLIT_G: 0
CutType.TWO_MIR: 0
CutType.FLOW_COVER: 0
CutType.LATWO_MIR: 0
CutType.ZERO_HALF: 0
exception ('Unknow sense: N',)
error in cut CutType.LIFT_AND_PROJECT
iteration 12
relaxation time 5.8662 seconds
CutType.COMBINATORY: 21
CutType.RED_SPLIT_G: 0
CutType.TWO_MIR: 0
CutType.FLOW_COVER: 0
CutType.LATWO_MIR: 0
CutType.ZERO_HALF: 0
exception ('Unknow sense: N',)
error in cut CutType.LIFT_AND_PROJECT
iteration 13
relaxation time 3.9893 seconds
CutType.COMBINATORY: 22
CutType.RED_SPLIT_G: 0
CutType.TWO_MIR: 0
CutType.FLOW_COVER: 0
CutType.LATWO_MIR: 0
CutType.ZERO_HALF: 0
exception ('Unknow sense: N',)
error in cut CutType.LIFT_AND_PROJECT
iteration 14
relaxation time 4.7278 seconds
CutType.COMBINATORY: 12
CutType.RED_SPLIT_G: 0
CutType.TWO_MIR: 0
CutType.FLOW_COVER: 0
CutType.LATWO_MIR: 0
CutType.ZERO_HALF: 0
exception ('Unknow sense: N',)
error in cut CutType.LIFT_AND_PROJECT
iteration 15
relaxation time 4.9459 seconds
CutType.COMBINATORY: 18
CutType.RED_SPLIT_G: 0
CutType.TWO_MIR: 0
CutType.FLOW_COVER: 0
CutType.LATWO_MIR: 0
CutType.ZERO_HALF: 0
exception ('Unknow sense: N',)
error in cut CutType.LIFT_AND_PROJECT
iteration 16
relaxation time 2.8231 seconds
CutType.COMBINATORY: 17
CutType.RED_SPLIT_G: 0
CutType.TWO_MIR: 0
CutType.FLOW_COVER: 0
CutType.LATWO_MIR: 0
CutType.ZERO_HALF: 0
exception ('Unknow sense: N',)
error in cut CutType.LIFT_AND_PROJECT
iteration 17
relaxation time 5.2599 seconds
CutType.COMBINATORY: 5
CutType.RED_SPLIT_G: 0
CutType.TWO_MIR: 0
CutType.FLOW_COVER: 0
CutType.LATWO_MIR: 0
CutType.ZERO_HALF: 0
exception ('Unknow sense: N',)
error in cut CutType.LIFT_AND_PROJECT
iteration 18
relaxation time 4.3698 seconds
CutType.COMBINATORY: 0
CutType.RED_SPLIT_G: 0
CutType.TWO_MIR: 0
CutType.FLOW_COVER: 0
CutType.LATWO_MIR: 0
CutType.ZERO_HALF: 0
exception ('Unknow sense: N',)
error in cut CutType.LIFT_AND_PROJECT
len dataset: 0
test_ok: 0
test_false: 0
