Combinatory set: [<CutType.ODD_WHEEL: 13>, <CutType.PROBING: 0>]
Non-Combinatory set: [<CutType.FLOW_COVER: 5>, <CutType.RESIDUAL_CAPACITY: 10>, <CutType.MIR: 6>]
iteration 0
relaxation time 77.6582 seconds
CutType.COMBINATORY: 10675
CutType.FLOW_COVER: 5
CutType.RESIDUAL_CAPACITY: 3092
CutType.MIR: 2688
iteration 1
relaxation time 91.2075 seconds
CutType.COMBINATORY: 13773
CutType.FLOW_COVER: 0
CutType.RESIDUAL_CAPACITY: 1367
CutType.MIR: 1149
iteration 2
relaxation time 103.3767 seconds
CutType.COMBINATORY: 5657
CutType.FLOW_COVER: 0
CutType.RESIDUAL_CAPACITY: 506
CutType.MIR: 346
iteration 3
relaxation time 65.4473 seconds
CutType.COMBINATORY: 2186
CutType.FLOW_COVER: 0
CutType.RESIDUAL_CAPACITY: 214
CutType.MIR: 89
iteration 4
relaxation time 66.3923 seconds
CutType.COMBINATORY: 1437
CutType.FLOW_COVER: 0
CutType.RESIDUAL_CAPACITY: 129
CutType.MIR: 25
iteration 5
relaxation time 57.0051 seconds
CutType.COMBINATORY: 850
CutType.FLOW_COVER: 0
CutType.RESIDUAL_CAPACITY: 94
CutType.MIR: 11
iteration 6
relaxation time 31.5704 seconds
CutType.COMBINATORY: 377
CutType.FLOW_COVER: 0
CutType.RESIDUAL_CAPACITY: 40
CutType.MIR: 6
iteration 7
relaxation time 28.0966 seconds
CutType.COMBINATORY: 208
CutType.FLOW_COVER: 0
CutType.RESIDUAL_CAPACITY: 21
CutType.MIR: 2
iteration 8
relaxation time 10.359 seconds
CutType.COMBINATORY: 463
CutType.FLOW_COVER: 0
CutType.RESIDUAL_CAPACITY: 10
CutType.MIR: 3
iteration 9
relaxation time 14.0433 seconds
CutType.COMBINATORY: 147
CutType.FLOW_COVER: 0
CutType.RESIDUAL_CAPACITY: 18
CutType.MIR: 0
iteration 10
relaxation time 5.0994 seconds
CutType.COMBINATORY: 112
CutType.FLOW_COVER: 0
CutType.RESIDUAL_CAPACITY: 8
CutType.MIR: 5
iteration 11
relaxation time 20.1814 seconds
CutType.COMBINATORY: 524
CutType.FLOW_COVER: 0
CutType.RESIDUAL_CAPACITY: 22
CutType.MIR: 10
iteration 12
relaxation time 19.2376 seconds
CutType.COMBINATORY: 719
CutType.FLOW_COVER: 0
CutType.RESIDUAL_CAPACITY: 36
CutType.MIR: 10
iteration 13
relaxation time 21.9201 seconds
CutType.COMBINATORY: 431
CutType.FLOW_COVER: 0
CutType.RESIDUAL_CAPACITY: 30
CutType.MIR: 6
iteration 14
relaxation time 9.1836 seconds
CutType.COMBINATORY: 365
CutType.FLOW_COVER: 0
CutType.RESIDUAL_CAPACITY: 22
CutType.MIR: 6
iteration 15
relaxation time 8.9437 seconds
CutType.COMBINATORY: 214
CutType.FLOW_COVER: 0
CutType.RESIDUAL_CAPACITY: 23
CutType.MIR: 5
iteration 16
relaxation time 9.0476 seconds
CutType.COMBINATORY: 227
CutType.FLOW_COVER: 0
CutType.RESIDUAL_CAPACITY: 22
CutType.MIR: 2
iteration 17
relaxation time 7.8039 seconds
CutType.COMBINATORY: 132
CutType.FLOW_COVER: 0
CutType.RESIDUAL_CAPACITY: 15
CutType.MIR: 1
iteration 18
relaxation time 3.1817 seconds
CutType.COMBINATORY: 91
CutType.FLOW_COVER: 0
CutType.RESIDUAL_CAPACITY: 9
CutType.MIR: 2
iteration 19
relaxation time 4.1311 seconds
CutType.COMBINATORY: 77
CutType.FLOW_COVER: 0
CutType.RESIDUAL_CAPACITY: 4
CutType.MIR: 0
iteration 20
relaxation time 3.9098 seconds
CutType.COMBINATORY: 59
CutType.FLOW_COVER: 0
CutType.RESIDUAL_CAPACITY: 5
CutType.MIR: 1
iteration 21
relaxation time 2.3032 seconds
CutType.COMBINATORY: 7
CutType.FLOW_COVER: 0
CutType.RESIDUAL_CAPACITY: 1
CutType.MIR: 0
iteration 22
relaxation time 1.2195 seconds
CutType.COMBINATORY: 14
CutType.FLOW_COVER: 0
CutType.RESIDUAL_CAPACITY: 1
CutType.MIR: 0
iteration 23
relaxation time 0.7204 seconds
CutType.COMBINATORY: 0
CutType.FLOW_COVER: 0
CutType.RESIDUAL_CAPACITY: 0
CutType.MIR: 0
len dataset: 10061
test_ok: 10061
test_false: 0
Combinatory set: [<CutType.ODD_WHEEL: 13>]
Non-Combinatory set: [<CutType.RED_SPLIT: 3>, <CutType.FLOW_COVER: 5>, <CutType.GMI: 2>, <CutType.TWO_MIR: 7>, <CutType.LATWO_MIR: 8>]
iteration 0
relaxation time 168.0459 seconds
CutType.COMBINATORY: 0
CutType.RED_SPLIT: 0
CutType.FLOW_COVER: 5
CutType.GMI: 0
CutType.TWO_MIR: 0
CutType.LATWO_MIR: 0
iteration 1
relaxation time 26.0421 seconds
CutType.COMBINATORY: 3
CutType.RED_SPLIT: 0
CutType.FLOW_COVER: 0
CutType.GMI: 0
CutType.TWO_MIR: 0
CutType.LATWO_MIR: 0
iteration 2
relaxation time 3.5784 seconds
CutType.COMBINATORY: 2
CutType.RED_SPLIT: 0
CutType.FLOW_COVER: 0
CutType.GMI: 0
CutType.TWO_MIR: 0
CutType.LATWO_MIR: 0
iteration 3
relaxation time 2.5263 seconds
CutType.COMBINATORY: 0
CutType.RED_SPLIT: 20
CutType.FLOW_COVER: 0
CutType.GMI: 0
CutType.TWO_MIR: 0
CutType.LATWO_MIR: 0
iteration 4
relaxation time 7.6069 seconds
CutType.COMBINATORY: 0
CutType.RED_SPLIT: 17
CutType.FLOW_COVER: 0
CutType.GMI: 0
CutType.TWO_MIR: 0
CutType.LATWO_MIR: 0
iteration 5
relaxation time 8.0634 seconds
CutType.COMBINATORY: 0
CutType.RED_SPLIT: 14
CutType.FLOW_COVER: 0
CutType.GMI: 0
CutType.TWO_MIR: 0
CutType.LATWO_MIR: 0
iteration 6
relaxation time 10.7209 seconds
CutType.COMBINATORY: 0
CutType.RED_SPLIT: 16
CutType.FLOW_COVER: 1
CutType.GMI: 0
CutType.TWO_MIR: 0
CutType.LATWO_MIR: 0
iteration 7
relaxation time 8.46 seconds
CutType.COMBINATORY: 0
CutType.RED_SPLIT: 13
CutType.FLOW_COVER: 0
CutType.GMI: 0
CutType.TWO_MIR: 0
CutType.LATWO_MIR: 0
iteration 8
relaxation time 8.6581 seconds
CutType.COMBINATORY: 0
CutType.RED_SPLIT: 17
CutType.FLOW_COVER: 0
CutType.GMI: 0
CutType.TWO_MIR: 0
CutType.LATWO_MIR: 0
iteration 9
relaxation time 18.1513 seconds
CutType.COMBINATORY: 0
CutType.RED_SPLIT: 18
CutType.FLOW_COVER: 0
CutType.GMI: 0
CutType.TWO_MIR: 0
CutType.LATWO_MIR: 0
iteration 10
relaxation time 10.2638 seconds
CutType.COMBINATORY: 0
CutType.RED_SPLIT: 16
CutType.FLOW_COVER: 1
CutType.GMI: 0
CutType.TWO_MIR: 0
CutType.LATWO_MIR: 0
iteration 11
relaxation time 14.9347 seconds
CutType.COMBINATORY: 0
CutType.RED_SPLIT: 14
CutType.FLOW_COVER: 1
CutType.GMI: 0
CutType.TWO_MIR: 0
CutType.LATWO_MIR: 0
iteration 12
relaxation time 11.7006 seconds
CutType.COMBINATORY: 1
CutType.RED_SPLIT: 0
CutType.FLOW_COVER: 0
CutType.GMI: 0
CutType.TWO_MIR: 0
CutType.LATWO_MIR: 0
iteration 13
relaxation time 4.8403 seconds
CutType.COMBINATORY: 0
CutType.RED_SPLIT: 12
CutType.FLOW_COVER: 2
CutType.GMI: 0
CutType.TWO_MIR: 0
CutType.LATWO_MIR: 0
iteration 14
relaxation time 9.99 seconds
CutType.COMBINATORY: 0
CutType.RED_SPLIT: 17
CutType.FLOW_COVER: 1
CutType.GMI: 0
CutType.TWO_MIR: 0
CutType.LATWO_MIR: 0
iteration 15
relaxation time 16.3835 seconds
CutType.COMBINATORY: 0
CutType.RED_SPLIT: 13
CutType.FLOW_COVER: 0
CutType.GMI: 0
CutType.TWO_MIR: 0
CutType.LATWO_MIR: 0
iteration 16
relaxation time 17.7799 seconds
CutType.COMBINATORY: 0
CutType.RED_SPLIT: 13
CutType.FLOW_COVER: 0
CutType.GMI: 0
CutType.TWO_MIR: 0
CutType.LATWO_MIR: 0
iteration 17
relaxation time 26.7213 seconds
CutType.COMBINATORY: 0
CutType.RED_SPLIT: 12
CutType.FLOW_COVER: 1
CutType.GMI: 0
CutType.TWO_MIR: 0
CutType.LATWO_MIR: 0
iteration 18
relaxation time 6.0203 seconds
CutType.COMBINATORY: 0
CutType.RED_SPLIT: 11
CutType.FLOW_COVER: 0
CutType.GMI: 0
CutType.TWO_MIR: 0
CutType.LATWO_MIR: 0
iteration 19
relaxation time 13.5812 seconds
CutType.COMBINATORY: 0
CutType.RED_SPLIT: 13
CutType.FLOW_COVER: 0
CutType.GMI: 0
CutType.TWO_MIR: 0
CutType.LATWO_MIR: 0
iteration 20
relaxation time 28.0061 seconds
CutType.COMBINATORY: 1
CutType.RED_SPLIT: 0
CutType.FLOW_COVER: 0
CutType.GMI: 0
CutType.TWO_MIR: 0
CutType.LATWO_MIR: 0
iteration 21
relaxation time 9.9232 seconds
CutType.COMBINATORY: 0
CutType.RED_SPLIT: 13
CutType.FLOW_COVER: 1
CutType.GMI: 0
CutType.TWO_MIR: 0
CutType.LATWO_MIR: 0
iteration 22
relaxation time 19.586 seconds
CutType.COMBINATORY: 0
CutType.RED_SPLIT: 15
CutType.FLOW_COVER: 1
CutType.GMI: 0
CutType.TWO_MIR: 0
CutType.LATWO_MIR: 0
iteration 23
relaxation time 24.0077 seconds
CutType.COMBINATORY: 2
CutType.RED_SPLIT: 0
CutType.FLOW_COVER: 0
CutType.GMI: 0
CutType.TWO_MIR: 0
CutType.LATWO_MIR: 0
iteration 24
relaxation time 2.7507 seconds
CutType.COMBINATORY: 0
CutType.RED_SPLIT: 16
CutType.FLOW_COVER: 2
CutType.GMI: 0
CutType.TWO_MIR: 0
CutType.LATWO_MIR: 0
iteration 25
relaxation time 13.1081 seconds
CutType.COMBINATORY: 1
CutType.RED_SPLIT: 0
CutType.FLOW_COVER: 2
CutType.GMI: 0
CutType.TWO_MIR: 0
CutType.LATWO_MIR: 0
iteration 26
relaxation time 5.1531 seconds
CutType.COMBINATORY: 0
CutType.RED_SPLIT: 15
CutType.FLOW_COVER: 0
CutType.GMI: 0
CutType.TWO_MIR: 0
CutType.LATWO_MIR: 0
iteration 27
relaxation time 26.1547 seconds
CutType.COMBINATORY: 0
CutType.RED_SPLIT: 15
CutType.FLOW_COVER: 1
CutType.GMI: 0
CutType.TWO_MIR: 0
CutType.LATWO_MIR: 0
iteration 28
relaxation time 18.6899 seconds
CutType.COMBINATORY: 0
CutType.RED_SPLIT: 15
CutType.FLOW_COVER: 0
CutType.GMI: 0
CutType.TWO_MIR: 0
CutType.LATWO_MIR: 0
iteration 29
relaxation time 14.8678 seconds
len dataset: 344
test_ok: 344
test_false: 0
Combinatory set: [<CutType.ODD_WHEEL: 13>, <CutType.PROBING: 0>, <CutType.CLIQUE: 12>]
Non-Combinatory set: [<CutType.LATWO_MIR: 8>, <CutType.MIR: 6>, <CutType.RESIDUAL_CAPACITY: 10>, <CutType.RED_SPLIT: 3>, <CutType.LIFT_AND_PROJECT: 9>, <CutType.RED_SPLIT_G: 4>, <CutType.GMI: 2>]
iteration 0
relaxation time 155.918 seconds
CutType.COMBINATORY: 10675
CutType.LATWO_MIR: 0
CutType.MIR: 2688
CutType.RESIDUAL_CAPACITY: 3477
CutType.RED_SPLIT: 0
len dataset: 6165
test_ok: 6165
test_false: 0
