Combinatory set: [<CutType.KNAPSACK_COVER: 14>, <CutType.ODD_WHEEL: 13>, <CutType.PROBING: 0>]
Non-Combinatory set: [<CutType.LIFT_AND_PROJECT: 9>]
iteration 0
relaxation time 0.8052 seconds
CutType.COMBINATORY: 6157
CutType.LIFT_AND_PROJECT: 2733
iteration 1
relaxation time 12.7792 seconds
CutType.COMBINATORY: 6425
len dataset: 2733
test_ok: 2733
test_false: 0
Combinatory set: []
Non-Combinatory set: [<CutType.RED_SPLIT: 3>, <CutType.LATWO_MIR: 8>, <CutType.RED_SPLIT_G: 4>, <CutType.GMI: 2>, <CutType.GOMORY: 1>, <CutType.RESIDUAL_CAPACITY: 10>, <CutType.ZERO_HALF: 11>, <CutType.LIFT_AND_PROJECT: 9>, <CutType.FLOW_COVER: 5>]
iteration 0
relaxation time 1.6303 seconds
CutType.COMBINATORY: 1634
CutType.RED_SPLIT: 0
CutType.LATWO_MIR: 0
CutType.RED_SPLIT_G: 0
CutType.GMI: 0
CutType.GOMORY: 1634
CutType.RESIDUAL_CAPACITY: 14
CutType.ZERO_HALF: 0
len dataset: 1648
test_ok: 1648
test_false: 0
Combinatory set: [<CutType.PROBING: 0>, <CutType.CLIQUE: 12>, <CutType.ODD_WHEEL: 13>]
Non-Combinatory set: [<CutType.RED_SPLIT_G: 4>, <CutType.LIFT_AND_PROJECT: 9>, <CutType.FLOW_COVER: 5>, <CutType.TWO_MIR: 7>]
iteration 0
relaxation time 2.237 seconds
CutType.COMBINATORY: 6156
CutType.RED_SPLIT_G: 0
len dataset: 0
test_ok: 0
test_false: 0
