Combinatory set: [<CutType.KNAPSACK_COVER: 14>, <CutType.ODD_WHEEL: 13>]
Non-Combinatory set: [<CutType.LATWO_MIR: 8>, <CutType.RESIDUAL_CAPACITY: 10>, <CutType.RED_SPLIT: 3>, <CutType.GOMORY: 1>, <CutType.MIR: 6>, <CutType.FLOW_COVER: 5>, <CutType.LIFT_AND_PROJECT: 9>]
iteration 0
relaxation time 8.8712 seconds
CutType.COMBINATORY: 0
CutType.LATWO_MIR: 0
CutType.RESIDUAL_CAPACITY: 0
CutType.RED_SPLIT: 141
CutType.GOMORY: 0
CutType.MIR: 8
CutType.FLOW_COVER: 0
exception ('Unknow sense: N',)
error in cut CutType.LIFT_AND_PROJECT
iteration 1
relaxation time 11.0972 seconds
CutType.COMBINATORY: 0
CutType.LATWO_MIR: 0
CutType.RESIDUAL_CAPACITY: 0
CutType.RED_SPLIT: 152
CutType.GOMORY: 0
CutType.MIR: 105
CutType.FLOW_COVER: 0
exception ('Unknow sense: N',)
error in cut CutType.LIFT_AND_PROJECT
iteration 2
relaxation time 82.0562 seconds
CutType.COMBINATORY: 0
CutType.LATWO_MIR: 0
CutType.RESIDUAL_CAPACITY: 0
CutType.RED_SPLIT: 113
CutType.GOMORY: 0
CutType.MIR: 83
CutType.FLOW_COVER: 0
exception ('Unknow sense: N',)
error in cut CutType.LIFT_AND_PROJECT
iteration 3
relaxation time 421.8807 seconds
CutType.COMBINATORY: 0
CutType.LATWO_MIR: 0
CutType.RESIDUAL_CAPACITY: 0
CutType.RED_SPLIT: 91
CutType.GOMORY: 0
CutType.MIR: 81
CutType.FLOW_COVER: 0
exception ('Unknow sense: N',)
error in cut CutType.LIFT_AND_PROJECT
iteration 4
relaxation time 415.7495 seconds
CutType.COMBINATORY: 0
CutType.LATWO_MIR: 0
CutType.RESIDUAL_CAPACITY: 0
CutType.RED_SPLIT: 91
CutType.GOMORY: 0
CutType.MIR: 120
CutType.FLOW_COVER: 0
exception ('Unknow sense: N',)
error in cut CutType.LIFT_AND_PROJECT
iteration 5
relaxation time 859.6256 seconds
CutType.COMBINATORY: 0
CutType.LATWO_MIR: 0
CutType.RESIDUAL_CAPACITY: 0
CutType.RED_SPLIT: 105
CutType.GOMORY: 0
CutType.MIR: 107
CutType.FLOW_COVER: 0
exception ('Unknow sense: N',)
error in cut CutType.LIFT_AND_PROJECT
iteration 6
relaxation time 1662.7699 seconds
CutType.COMBINATORY: 0
CutType.LATWO_MIR: 0
CutType.RESIDUAL_CAPACITY: 0
CutType.RED_SPLIT: 98
CutType.GOMORY: 0
len dataset: 1295
test_ok: 1295
test_false: 0
Combinatory set: []
Non-Combinatory set: [<CutType.RED_SPLIT: 3>, <CutType.RED_SPLIT_G: 4>, <CutType.MIR: 6>, <CutType.GOMORY: 1>]
iteration 0
relaxation time 16.8852 seconds
CutType.COMBINATORY: 0
CutType.RED_SPLIT: 141
CutType.RED_SPLIT_G: 0
CutType.MIR: 8
CutType.GOMORY: 0
iteration 1
relaxation time 22.0639 seconds
CutType.COMBINATORY: 25
CutType.RED_SPLIT: 0
CutType.RED_SPLIT_G: 0
CutType.MIR: 31
CutType.GOMORY: 0
iteration 2
relaxation time 13.5534 seconds
CutType.COMBINATORY: 21
CutType.RED_SPLIT: 0
CutType.RED_SPLIT_G: 0
CutType.MIR: 25
type CutType.MIR: -22460.813698119866 < -22460.81370003648 - 1.9166145648341626e-06
CutType.GOMORY: 0
iteration 3
relaxation time 29.7013 seconds
CutType.COMBINATORY: 29
CutType.RED_SPLIT: 0
CutType.RED_SPLIT_G: 0
CutType.MIR: 39
CutType.GOMORY: 0
iteration 4
relaxation time 30.1938 seconds
CutType.COMBINATORY: 37
CutType.RED_SPLIT: 0
CutType.RED_SPLIT_G: 0
CutType.MIR: 44
CutType.GOMORY: 0
iteration 5
relaxation time 35.9441 seconds
CutType.COMBINATORY: 53
CutType.RED_SPLIT: 0
CutType.RED_SPLIT_G: 0
CutType.MIR: 73
CutType.GOMORY: 0
Combinatory set: [<CutType.PROBING: 0>, <CutType.KNAPSACK_COVER: 14>]
Non-Combinatory set: [<CutType.TWO_MIR: 7>, <CutType.RESIDUAL_CAPACITY: 10>, <CutType.GMI: 2>, <CutType.MIR: 6>, <CutType.LIFT_AND_PROJECT: 9>]
iteration 0
relaxation time 16.0381 seconds
CutType.COMBINATORY: 0
CutType.TWO_MIR: 0
CutType.RESIDUAL_CAPACITY: 0
CutType.GMI: 182
CutType.MIR: 0
exception ('Unknow sense: N',)
error in cut CutType.LIFT_AND_PROJECT
iteration 6
relaxation time 54.3371 seconds
CutType.COMBINATORY: 31
CutType.RED_SPLIT: 0
CutType.RED_SPLIT_G: 0
CutType.MIR: 34
CutType.GOMORY: 0
iteration 1
relaxation time 11.4274 seconds
CutType.COMBINATORY: 0
CutType.TWO_MIR: 0
CutType.RESIDUAL_CAPACITY: 0
CutType.GMI: 63
CutType.MIR: 138
exception ('Unknow sense: N',)
error in cut CutType.LIFT_AND_PROJECT
iteration 7
relaxation time 33.8457 seconds
CutType.COMBINATORY: 44
CutType.RED_SPLIT: 0
CutType.RED_SPLIT_G: 0
CutType.MIR: 53
CutType.GOMORY: 0
iteration 8
relaxation time 53.4396 seconds
CutType.COMBINATORY: 35
CutType.RED_SPLIT: 0
CutType.RED_SPLIT_G: 0
CutType.MIR: 50
CutType.GOMORY: 0
iteration 9
relaxation time 75.9344 seconds
CutType.COMBINATORY: 19
CutType.RED_SPLIT: 0
CutType.RED_SPLIT_G: 0
CutType.MIR: 20
CutType.GOMORY: 0
iteration 2
relaxation time 53.8222 seconds
CutType.COMBINATORY: 0
CutType.TWO_MIR: 0
CutType.RESIDUAL_CAPACITY: 0
CutType.GMI: 34
CutType.MIR: 144
exception ('Unknow sense: N',)
error in cut CutType.LIFT_AND_PROJECT
iteration 10
relaxation time 37.2269 seconds
CutType.COMBINATORY: 4
CutType.RED_SPLIT: 0
CutType.RED_SPLIT_G: 0
CutType.MIR: 4
CutType.GOMORY: 0
iteration 11
relaxation time 26.6535 seconds
CutType.COMBINATORY: 32
CutType.RED_SPLIT: 0
CutType.RED_SPLIT_G: 0
CutType.MIR: 36
CutType.GOMORY: 0
iteration 12
relaxation time 49.8147 seconds
CutType.COMBINATORY: 13
CutType.RED_SPLIT: 0
CutType.RED_SPLIT_G: 0
CutType.MIR: 17
CutType.GOMORY: 0
iteration 3
relaxation time 62.5453 seconds
CutType.COMBINATORY: 0
CutType.TWO_MIR: 0
CutType.RESIDUAL_CAPACITY: 0
CutType.GMI: 18
CutType.MIR: 106
exception ('Unknow sense: N',)
error in cut CutType.LIFT_AND_PROJECT
iteration 13
relaxation time 68.07 seconds
CutType.COMBINATORY: 5
CutType.RED_SPLIT: 0
CutType.RED_SPLIT_G: 0
CutType.MIR: 5
CutType.GOMORY: 0
iteration 14
relaxation time 34.5957 seconds
CutType.COMBINATORY: 8
CutType.RED_SPLIT: 0
CutType.RED_SPLIT_G: 0
CutType.MIR: 8
CutType.GOMORY: 0
iteration 4
relaxation time 58.0338 seconds
CutType.COMBINATORY: 0
CutType.TWO_MIR: 0
CutType.RESIDUAL_CAPACITY: 0
CutType.GMI: 0
CutType.MIR: 145
exception ('Unknow sense: N',)
error in cut CutType.LIFT_AND_PROJECT
iteration 15
relaxation time 40.5962 seconds
CutType.COMBINATORY: 3
CutType.RED_SPLIT: 0
CutType.RED_SPLIT_G: 0
CutType.MIR: 3
CutType.GOMORY: 0
iteration 16
relaxation time 33.8917 seconds
CutType.COMBINATORY: 6
CutType.RED_SPLIT: 0
CutType.RED_SPLIT_G: 0
CutType.MIR: 7
CutType.GOMORY: 0
iteration 17
relaxation time 15.413 seconds
CutType.COMBINATORY: 1
CutType.RED_SPLIT: 0
CutType.RED_SPLIT_G: 0
CutType.MIR: 1
CutType.GOMORY: 0
iteration 5
relaxation time 31.2101 seconds
CutType.COMBINATORY: 0
CutType.TWO_MIR: 0
CutType.RESIDUAL_CAPACITY: 0
CutType.GMI: 0
CutType.MIR: 109
exception ('Unknow sense: N',)
error in cut CutType.LIFT_AND_PROJECT
iteration 18
relaxation time 9.293 seconds
CutType.COMBINATORY: 0
CutType.RED_SPLIT: 64
CutType.RED_SPLIT_G: 0
CutType.MIR: 20
CutType.GOMORY: 0
iteration 6
relaxation time 63.714 seconds
CutType.COMBINATORY: 0
CutType.TWO_MIR: 0
CutType.RESIDUAL_CAPACITY: 0
CutType.GMI: 19
CutType.MIR: 125
exception ('Unknow sense: N',)
error in cut CutType.LIFT_AND_PROJECT
iteration 19
relaxation time 362.125 seconds
CutType.COMBINATORY: 16
CutType.RED_SPLIT: 0
CutType.RED_SPLIT_G: 0
CutType.MIR: 18
CutType.GOMORY: 0
iteration 7
relaxation time 144.2441 seconds
CutType.COMBINATORY: 0
CutType.TWO_MIR: 0
CutType.RESIDUAL_CAPACITY: 0
CutType.GMI: 22
CutType.MIR: 157
exception ('Unknow sense: N',)
error in cut CutType.LIFT_AND_PROJECT
iteration 20
relaxation time 336.4317 seconds
CutType.COMBINATORY: 35
CutType.RED_SPLIT: 0
CutType.RED_SPLIT_G: 0
CutType.MIR: 41
CutType.GOMORY: 0
iteration 8
relaxation time 143.0836 seconds
CutType.COMBINATORY: 0
CutType.TWO_MIR: 0
CutType.RESIDUAL_CAPACITY: 0
CutType.GMI: 18
CutType.MIR: 132
exception ('Unknow sense: N',)
error in cut CutType.LIFT_AND_PROJECT
iteration 21
relaxation time 261.4784 seconds
CutType.COMBINATORY: 18
CutType.RED_SPLIT: 0
CutType.RED_SPLIT_G: 0
CutType.MIR: 21
CutType.GOMORY: 0
iteration 22
relaxation time 67.449 seconds
CutType.COMBINATORY: 26
CutType.RED_SPLIT: 0
CutType.RED_SPLIT_G: 0
CutType.MIR: 30
CutType.GOMORY: 0
iteration 9
relaxation time 143.0833 seconds
CutType.COMBINATORY: 0
CutType.TWO_MIR: 0
CutType.RESIDUAL_CAPACITY: 0
CutType.GMI: 0
CutType.MIR: 93
exception ('Unknow sense: N',)
error in cut CutType.LIFT_AND_PROJECT
iteration 23
relaxation time 97.0203 seconds
CutType.COMBINATORY: 8
CutType.RED_SPLIT: 0
CutType.RED_SPLIT_G: 0
CutType.MIR: 8
CutType.GOMORY: 0
iteration 24
relaxation time 63.3889 seconds
CutType.COMBINATORY: 13
CutType.RED_SPLIT: 0
CutType.RED_SPLIT_G: 0
CutType.MIR: 13
CutType.GOMORY: 0
iteration 10
relaxation time 95.9179 seconds
CutType.COMBINATORY: 0
CutType.TWO_MIR: 0
CutType.RESIDUAL_CAPACITY: 0
CutType.GMI: 0
CutType.MIR: 50
exception ('Unknow sense: N',)
error in cut CutType.LIFT_AND_PROJECT
iteration 25
relaxation time 92.8094 seconds
CutType.COMBINATORY: 8
CutType.RED_SPLIT: 0
CutType.RED_SPLIT_G: 0
CutType.MIR: 10
CutType.GOMORY: 0
iteration 26
relaxation time 87.6383 seconds
CutType.COMBINATORY: 1
CutType.RED_SPLIT: 0
CutType.RED_SPLIT_G: 0
CutType.MIR: 1
CutType.GOMORY: 0
iteration 11
relaxation time 87.4685 seconds
CutType.COMBINATORY: 0
CutType.TWO_MIR: 0
CutType.RESIDUAL_CAPACITY: 0
CutType.GMI: 0
CutType.MIR: 50
exception ('Unknow sense: N',)
error in cut CutType.LIFT_AND_PROJECT
iteration 27
relaxation time 48.574 seconds
CutType.COMBINATORY: 1
CutType.RED_SPLIT: 0
CutType.RED_SPLIT_G: 0
CutType.MIR: 1
CutType.GOMORY: 0
iteration 28
relaxation time 17.1436 seconds
CutType.COMBINATORY: 1
CutType.RED_SPLIT: 0
CutType.RED_SPLIT_G: 0
CutType.MIR: 1
CutType.GOMORY: 0
iteration 12
relaxation time 119.4934 seconds
CutType.COMBINATORY: 0
CutType.TWO_MIR: 0
CutType.RESIDUAL_CAPACITY: 0
CutType.GMI: 0
CutType.MIR: 46
exception ('Unknow sense: N',)
error in cut CutType.LIFT_AND_PROJECT
iteration 29
relaxation time 16.0517 seconds
CutType.COMBINATORY: 0
CutType.RED_SPLIT: 56
CutType.RED_SPLIT_G: 0
CutType.MIR: 24
CutType.GOMORY: 0
iteration 13
relaxation time 40.6283 seconds
CutType.COMBINATORY: 0
CutType.TWO_MIR: 0
CutType.RESIDUAL_CAPACITY: 0
CutType.GMI: 0
CutType.MIR: 22
exception ('Unknow sense: N',)
error in cut CutType.LIFT_AND_PROJECT
iteration 14
relaxation time 27.4799 seconds
CutType.COMBINATORY: 0
CutType.TWO_MIR: 0
CutType.RESIDUAL_CAPACITY: 0
CutType.GMI: 0
CutType.MIR: 18
exception ('Unknow sense: N',)
error in cut CutType.LIFT_AND_PROJECT
iteration 30
relaxation time 938.0811 seconds
CutType.COMBINATORY: 43
CutType.RED_SPLIT: 0
CutType.RED_SPLIT_G: 0
CutType.MIR: 56
CutType.GOMORY: 0
iteration 15
relaxation time 49.1062 seconds
CutType.COMBINATORY: 0
CutType.TWO_MIR: 0
CutType.RESIDUAL_CAPACITY: 0
CutType.GMI: 0
CutType.MIR: 13
exception ('Unknow sense: N',)
error in cut CutType.LIFT_AND_PROJECT
iteration 31
relaxation time 291.1114 seconds
CutType.COMBINATORY: 56
CutType.RED_SPLIT: 0
CutType.RED_SPLIT_G: 0
CutType.MIR: 60
CutType.GOMORY: 0
iteration 16
relaxation time 29.3083 seconds
CutType.COMBINATORY: 0
CutType.TWO_MIR: 0
CutType.RESIDUAL_CAPACITY: 0
CutType.GMI: 0
CutType.MIR: 12
exception ('Unknow sense: N',)
error in cut CutType.LIFT_AND_PROJECT
iteration 32
relaxation time 253.8262 seconds
CutType.COMBINATORY: 13
CutType.RED_SPLIT: 0
CutType.RED_SPLIT_G: 0
CutType.MIR: 17
CutType.GOMORY: 0
iteration 17
relaxation time 55.8819 seconds
CutType.COMBINATORY: 0
CutType.TWO_MIR: 0
CutType.RESIDUAL_CAPACITY: 0
CutType.GMI: 0
CutType.MIR: 3
exception ('Unknow sense: N',)
error in cut CutType.LIFT_AND_PROJECT
iteration 33
relaxation time 206.2536 seconds
CutType.COMBINATORY: 21
CutType.RED_SPLIT: 0
CutType.RED_SPLIT_G: 0
CutType.MIR: 26
CutType.GOMORY: 0
iteration 18
relaxation time 16.8419 seconds
CutType.COMBINATORY: 0
CutType.TWO_MIR: 0
CutType.RESIDUAL_CAPACITY: 0
CutType.GMI: 0
CutType.MIR: 2
exception ('Unknow sense: N',)
error in cut CutType.LIFT_AND_PROJECT
iteration 34
relaxation time 150.6099 seconds
CutType.COMBINATORY: 9
CutType.RED_SPLIT: 0
CutType.RED_SPLIT_G: 0
CutType.MIR: 11
CutType.GOMORY: 0
iteration 19
relaxation time 7.395 seconds
CutType.COMBINATORY: 0
CutType.TWO_MIR: 0
CutType.RESIDUAL_CAPACITY: 0
CutType.GMI: 0
CutType.MIR: 0
exception ('Unknow sense: N',)
error in cut CutType.LIFT_AND_PROJECT
len dataset: 1721
test_ok: 1721
test_false: 0
iteration 35
relaxation time 196.4041 seconds
CutType.COMBINATORY: 9
CutType.RED_SPLIT: 0
CutType.RED_SPLIT_G: 0
CutType.MIR: 12
CutType.GOMORY: 0
iteration 36
relaxation time 126.2085 seconds
CutType.COMBINATORY: 9
CutType.RED_SPLIT: 0
CutType.RED_SPLIT_G: 0
CutType.MIR: 13
CutType.GOMORY: 0
iteration 37
relaxation time 105.1672 seconds
CutType.COMBINATORY: 18
CutType.RED_SPLIT: 0
CutType.RED_SPLIT_G: 0
CutType.MIR: 20
CutType.GOMORY: 0
iteration 38
relaxation time 169.2013 seconds
CutType.COMBINATORY: 28
CutType.RED_SPLIT: 0
CutType.RED_SPLIT_G: 0
CutType.MIR: 32
CutType.GOMORY: 0
iteration 39
len dataset: 1154
test_ok: 1153
test_false: 1
