Combinatory set: []
Non-Combinatory set: [<CutType.GMI: 2>, <CutType.ZERO_HALF: 11>, <CutType.RED_SPLIT: 3>, <CutType.RED_SPLIT_G: 4>, <CutType.RESIDUAL_CAPACITY: 10>, <CutType.LIFT_AND_PROJECT: 9>]
iteration 0
relaxation time 2.1713 seconds
CutType.COMBINATORY: 0
CutType.GMI: 0
CutType.ZERO_HALF: 0
CutType.RED_SPLIT: 72
CutType.RED_SPLIT_G: 0
CutType.RESIDUAL_CAPACITY: 0
CutType.LIFT_AND_PROJECT: 1179
iteration 1
relaxation time 249.0405 seconds
CutType.COMBINATORY: 0
CutType.GMI: 0
CutType.ZERO_HALF: 0
CutType.RED_SPLIT: 68
CutType.RED_SPLIT_G: 0
CutType.RESIDUAL_CAPACITY: 0
CutType.LIFT_AND_PROJECT: 1164
iteration 2
relaxation time 330.2465 seconds
CutType.COMBINATORY: 0
CutType.GMI: 0
CutType.ZERO_HALF: 0
CutType.RED_SPLIT: 67
CutType.RED_SPLIT_G: 0
CutType.RESIDUAL_CAPACITY: 0
len dataset: 2550
test_ok: 2550
test_false: 0
Combinatory set: [<CutType.CLIQUE: 12>, <CutType.ODD_WHEEL: 13>]
Non-Combinatory set: [<CutType.GOMORY: 1>, <CutType.ZERO_HALF: 11>, <CutType.TWO_MIR: 7>]
iteration 0
relaxation time 4.3021 seconds
CutType.COMBINATORY: 0
CutType.GOMORY: 0
CutType.ZERO_HALF: 0
CutType.TWO_MIR: 0
len dataset: 0
test_ok: 0
test_false: 0
Combinatory set: [<CutType.ODD_WHEEL: 13>, <CutType.KNAPSACK_COVER: 14>]
Non-Combinatory set: [<CutType.FLOW_COVER: 5>]
iteration 0
relaxation time 4.0203 seconds
CutType.COMBINATORY: 0
CutType.FLOW_COVER: 0
len dataset: 0
test_ok: 0
test_false: 0
