Combinatory set: [<CutType.CLIQUE: 12>, <CutType.KNAPSACK_COVER: 14>]
Non-Combinatory set: [<CutType.RED_SPLIT_G: 4>, <CutType.LIFT_AND_PROJECT: 9>, <CutType.RED_SPLIT: 3>, <CutType.TWO_MIR: 7>, <CutType.FLOW_COVER: 5>, <CutType.GMI: 2>, <CutType.ZERO_HALF: 11>, <CutType.GOMORY: 1>]
iteration 0
relaxation time 16.4712 seconds
CutType.COMBINATORY: 0
CutType.RED_SPLIT_G: 133
CutType.LIFT_AND_PROJECT: 61
CutType.RED_SPLIT: 0
CutType.TWO_MIR: 0
CutType.FLOW_COVER: 0
CutType.GMI: 0
CutType.ZERO_HALF: 0
CutType.GOMORY: 17
iteration 1
relaxation time 1.3259 seconds
CutType.COMBINATORY: 0
CutType.RED_SPLIT_G: 8
CutType.LIFT_AND_PROJECT: 65
CutType.RED_SPLIT: 0
CutType.TWO_MIR: 0
CutType.FLOW_COVER: 0
CutType.GMI: 0
CutType.ZERO_HALF: 0
CutType.GOMORY: 3
iteration 2
relaxation time 1.3822 seconds
CutType.COMBINATORY: 0
CutType.RED_SPLIT_G: 13
CutType.LIFT_AND_PROJECT: 15
CutType.RED_SPLIT: 0
CutType.TWO_MIR: 0
CutType.FLOW_COVER: 2
CutType.GMI: 0
CutType.ZERO_HALF: 0
CutType.GOMORY: 9
iteration 3
relaxation time 1.8949 seconds
CutType.COMBINATORY: 4
CutType.RED_SPLIT_G: 0
CutType.LIFT_AND_PROJECT: 33
CutType.RED_SPLIT: 0
CutType.TWO_MIR: 0
CutType.FLOW_COVER: 4
CutType.GMI: 0
CutType.ZERO_HALF: 0
CutType.GOMORY: 4
iteration 4
relaxation time 1.2464 seconds
CutType.COMBINATORY: 0
CutType.RED_SPLIT_G: 3
CutType.LIFT_AND_PROJECT: 28
CutType.RED_SPLIT: 0
CutType.TWO_MIR: 0
CutType.FLOW_COVER: 0
CutType.GMI: 0
CutType.ZERO_HALF: 0
CutType.GOMORY: 0
iteration 5
relaxation time 2.9168 seconds
CutType.COMBINATORY: 0
CutType.RED_SPLIT_G: 2
CutType.LIFT_AND_PROJECT: 10
CutType.RED_SPLIT: 0
CutType.TWO_MIR: 0
CutType.FLOW_COVER: 0
CutType.GMI: 0
CutType.ZERO_HALF: 0
CutType.GOMORY: 1
iteration 6
relaxation time 1.2241 seconds
CutType.COMBINATORY: 0
CutType.RED_SPLIT_G: 0
len dataset: 411
test_ok: 411
test_false: 0
Combinatory set: [<CutType.ODD_WHEEL: 13>, <CutType.CLIQUE: 12>]
Non-Combinatory set: [<CutType.LIFT_AND_PROJECT: 9>, <CutType.ZERO_HALF: 11>, <CutType.MIR: 6>, <CutType.GOMORY: 1>, <CutType.RESIDUAL_CAPACITY: 10>, <CutType.TWO_MIR: 7>, <CutType.FLOW_COVER: 5>, <CutType.RED_SPLIT: 3>, <CutType.LATWO_MIR: 8>, <CutType.RED_SPLIT_G: 4>]
iteration 0
relaxation time 33.7677 seconds
CutType.COMBINATORY: 0
CutType.LIFT_AND_PROJECT: 58
CutType.ZERO_HALF: 0
CutType.MIR: 141
CutType.GOMORY: 17
CutType.RESIDUAL_CAPACITY: 2
CutType.TWO_MIR: 0
CutType.FLOW_COVER: 4
CutType.RED_SPLIT: 0
CutType.LATWO_MIR: 0
CutType.RED_SPLIT_G: 0
iteration 1
relaxation time 2.1572 seconds
CutType.COMBINATORY: 0
CutType.LIFT_AND_PROJECT: 74
CutType.ZERO_HALF: 0
CutType.MIR: 90
CutType.GOMORY: 15
CutType.RESIDUAL_CAPACITY: 0
CutType.TWO_MIR: 0
CutType.FLOW_COVER: 5
CutType.RED_SPLIT: 0
CutType.LATWO_MIR: 0
CutType.RED_SPLIT_G: 0
Combinatory set: []
Non-Combinatory set: [<CutType.LIFT_AND_PROJECT: 9>, <CutType.FLOW_COVER: 5>, <CutType.ZERO_HALF: 11>, <CutType.RED_SPLIT_G: 4>]
iteration 0
relaxation time 32.7016 seconds
CutType.COMBINATORY: 142
CutType.LIFT_AND_PROJECT: 64
CutType.FLOW_COVER: 2
CutType.ZERO_HALF: 0
CutType.RED_SPLIT_G: 0
iteration 2
relaxation time 6.1076 seconds
CutType.COMBINATORY: 0
CutType.LIFT_AND_PROJECT: 52
CutType.ZERO_HALF: 0
CutType.MIR: 20
CutType.GOMORY: 11
CutType.RESIDUAL_CAPACITY: 0
CutType.TWO_MIR: 0
CutType.FLOW_COVER: 2
CutType.RED_SPLIT: 0
CutType.LATWO_MIR: 0
CutType.RED_SPLIT_G: 0
iteration 1
relaxation time 5.4073 seconds
CutType.COMBINATORY: 54
CutType.LIFT_AND_PROJECT: 51
CutType.FLOW_COVER: 15
CutType.ZERO_HALF: 0
CutType.RED_SPLIT_G: 0
iteration 3
relaxation time 2.403 seconds
CutType.COMBINATORY: 0
CutType.LIFT_AND_PROJECT: 66
CutType.ZERO_HALF: 0
CutType.MIR: 26
CutType.GOMORY: 29
CutType.RESIDUAL_CAPACITY: 0
CutType.TWO_MIR: 0
CutType.FLOW_COVER: 0
CutType.RED_SPLIT: 0
CutType.LATWO_MIR: 0
CutType.RED_SPLIT_G: 0
iteration 2
relaxation time 4.1439 seconds
CutType.COMBINATORY: 8
CutType.LIFT_AND_PROJECT: 26
CutType.FLOW_COVER: 2
CutType.ZERO_HALF: 0
CutType.RED_SPLIT_G: 0
iteration 3
relaxation time 2.7917 seconds
CutType.COMBINATORY: 26
CutType.LIFT_AND_PROJECT: 51
CutType.FLOW_COVER: 0
CutType.ZERO_HALF: 0
CutType.RED_SPLIT_G: 0
iteration 4
relaxation time 5.5834 seconds
CutType.COMBINATORY: 0
CutType.LIFT_AND_PROJECT: 21
CutType.ZERO_HALF: 0
CutType.MIR: 17
CutType.GOMORY: 13
CutType.RESIDUAL_CAPACITY: 0
CutType.TWO_MIR: 0
CutType.FLOW_COVER: 3
CutType.RED_SPLIT: 0
CutType.LATWO_MIR: 0
CutType.RED_SPLIT_G: 0
iteration 5
relaxation time 3.8879 seconds
CutType.COMBINATORY: 0
CutType.LIFT_AND_PROJECT: 12
CutType.ZERO_HALF: 0
CutType.MIR: 8
CutType.GOMORY: 8
CutType.RESIDUAL_CAPACITY: 2
CutType.TWO_MIR: 0
CutType.FLOW_COVER: 0
CutType.RED_SPLIT: 0
CutType.LATWO_MIR: 0
CutType.RED_SPLIT_G: 0
iteration 6
relaxation time 1.5873 seconds
CutType.COMBINATORY: 0
CutType.LIFT_AND_PROJECT: 0
CutType.ZERO_HALF: 0
CutType.MIR: 0
CutType.GOMORY: 0
CutType.RESIDUAL_CAPACITY: 0
CutType.TWO_MIR: 0
CutType.FLOW_COVER: 0
CutType.RED_SPLIT: 25
CutType.LATWO_MIR: 0
CutType.RED_SPLIT_G: 0
iteration 4
relaxation time 4.8156 seconds
CutType.COMBINATORY: 35
CutType.LIFT_AND_PROJECT: 59
CutType.FLOW_COVER: 0
CutType.ZERO_HALF: 0
CutType.RED_SPLIT_G: 0
iteration 7
relaxation time 9.7073 seconds
CutType.COMBINATORY: 0
len dataset: 721
test_ok: 721
test_false: 0
iteration 5
relaxation time 4.2457 seconds
CutType.COMBINATORY: 5
len dataset: 270
test_ok: 270
test_false: 0
