Combinatory set: [<CutType.CLIQUE: 12>, <CutType.KNAPSACK_COVER: 14>, <CutType.PROBING: 0>, <CutType.ODD_WHEEL: 13>]
Non-Combinatory set: [<CutType.GOMORY: 1>]
iteration 0
relaxation time 11.8214 seconds
CutType.COMBINATORY: 0
CutType.GOMORY: 21
iteration 1
relaxation time 35.1578 seconds
CutType.COMBINATORY: 0
CutType.GOMORY: 20
iteration 2
relaxation time 348.2768 seconds
CutType.COMBINATORY: 0
CutType.GOMORY: 0
len dataset: 41
test_ok: 41
test_false: 0
Combinatory set: [<CutType.ODD_WHEEL: 13>, <CutType.PROBING: 0>, <CutType.KNAPSACK_COVER: 14>]
Non-Combinatory set: [<CutType.RESIDUAL_CAPACITY: 10>, <CutType.GOMORY: 1>]
iteration 0
relaxation time 26.1306 seconds
CutType.COMBINATORY: 0
CutType.RESIDUAL_CAPACITY: 0
CutType.GOMORY: 21
iteration 1
relaxation time 74.9819 seconds
CutType.COMBINATORY: 0
CutType.RESIDUAL_CAPACITY: 0
CutType.GOMORY: 20
iteration 2
relaxation time 681.7179 seconds
CutType.COMBINATORY: 0
CutType.RESIDUAL_CAPACITY: 0
CutType.GOMORY: 0
len dataset: 41
test_ok: 41
test_false: 0
Combinatory set: [<CutType.KNAPSACK_COVER: 14>, <CutType.PROBING: 0>, <CutType.CLIQUE: 12>, <CutType.ODD_WHEEL: 13>]
Non-Combinatory set: [<CutType.RESIDUAL_CAPACITY: 10>, <CutType.RED_SPLIT_G: 4>, <CutType.LIFT_AND_PROJECT: 9>, <CutType.TWO_MIR: 7>, <CutType.MIR: 6>, <CutType.GMI: 2>]
iteration 0
relaxation time 27.1073 seconds
CutType.COMBINATORY: 0
CutType.RESIDUAL_CAPACITY: 0
CutType.RED_SPLIT_G: 1
exception ('Unknow sense: N',)
error in cut CutType.LIFT_AND_PROJECT
CutType.TWO_MIR: 0
CutType.MIR: 17
CutType.GMI: 0
iteration 1
relaxation time 46.609 seconds
CutType.COMBINATORY: 0
CutType.RESIDUAL_CAPACITY: 0
CutType.RED_SPLIT_G: 68
len dataset: 86
test_ok: 86
test_false: 0
