Combinatory set: [<CutType.ODD_WHEEL: 13>, <CutType.PROBING: 0>, <CutType.CLIQUE: 12>]
Non-Combinatory set: [<CutType.TWO_MIR: 7>, <CutType.RESIDUAL_CAPACITY: 10>, <CutType.FLOW_COVER: 5>, <CutType.ZERO_HALF: 11>, <CutType.LATWO_MIR: 8>, <CutType.GOMORY: 1>, <CutType.LIFT_AND_PROJECT: 9>, <CutType.RED_SPLIT_G: 4>, <CutType.MIR: 6>, <CutType.GMI: 2>, <CutType.RED_SPLIT: 3>]
iteration 0
relaxation time 1.9852 seconds
CutType.COMBINATORY: 18
CutType.TWO_MIR: 0
CutType.RESIDUAL_CAPACITY: 0
CutType.FLOW_COVER: 0
CutType.ZERO_HALF: 0
CutType.LATWO_MIR: 0
CutType.GOMORY: 34
CutType.LIFT_AND_PROJECT: 63
CutType.RED_SPLIT_G: 0
CutType.MIR: 0
CutType.GMI: 0
CutType.RED_SPLIT: 0
iteration 1
relaxation time 1.438 seconds
CutType.COMBINATORY: 5
CutType.TWO_MIR: 0
CutType.RESIDUAL_CAPACITY: 0
CutType.FLOW_COVER: 0
CutType.ZERO_HALF: 0
CutType.LATWO_MIR: 0
CutType.GOMORY: 61
CutType.LIFT_AND_PROJECT: 87
CutType.RED_SPLIT_G: 0
CutType.MIR: 7
CutType.GMI: 0
CutType.RED_SPLIT: 0
iteration 2
relaxation time 0.9809 seconds
CutType.COMBINATORY: 0
CutType.TWO_MIR: 0
CutType.RESIDUAL_CAPACITY: 0
CutType.FLOW_COVER: 0
CutType.ZERO_HALF: 0
CutType.LATWO_MIR: 0
CutType.GOMORY: 54
CutType.LIFT_AND_PROJECT: 54
CutType.RED_SPLIT_G: 0
CutType.MIR: 0
CutType.GMI: 0
CutType.RED_SPLIT: 0
iteration 3
relaxation time 1.2675 seconds
CutType.COMBINATORY: 0
CutType.TWO_MIR: 0
CutType.RESIDUAL_CAPACITY: 0
CutType.FLOW_COVER: 0
CutType.ZERO_HALF: 0
CutType.LATWO_MIR: 0
CutType.GOMORY: 64
CutType.LIFT_AND_PROJECT: 37
CutType.RED_SPLIT_G: 0
CutType.MIR: 0
CutType.GMI: 0
CutType.RED_SPLIT: 0
iteration 4
relaxation time 1.3095 seconds
CutType.COMBINATORY: 1
CutType.TWO_MIR: 0
CutType.RESIDUAL_CAPACITY: 0
CutType.FLOW_COVER: 0
CutType.ZERO_HALF: 0
CutType.LATWO_MIR: 0
CutType.GOMORY: 90
CutType.LIFT_AND_PROJECT: 63
CutType.RED_SPLIT_G: 0
CutType.MIR: 0
CutType.GMI: 0
CutType.RED_SPLIT: 0
iteration 5
relaxation time 2.0827 seconds
CutType.COMBINATORY: 0
CutType.TWO_MIR: 0
CutType.RESIDUAL_CAPACITY: 0
CutType.FLOW_COVER: 0
CutType.ZERO_HALF: 0
CutType.LATWO_MIR: 0
CutType.GOMORY: 43
CutType.LIFT_AND_PROJECT: 45
CutType.RED_SPLIT_G: 0
CutType.MIR: 0
CutType.GMI: 0
CutType.RED_SPLIT: 0
iteration 6
relaxation time 2.013 seconds
CutType.COMBINATORY: 0
CutType.TWO_MIR: 0
CutType.RESIDUAL_CAPACITY: 0
CutType.FLOW_COVER: 0
CutType.ZERO_HALF: 0
CutType.LATWO_MIR: 0
CutType.GOMORY: 57
CutType.LIFT_AND_PROJECT: 41
CutType.RED_SPLIT_G: 0
CutType.MIR: 0
CutType.GMI: 0
CutType.RED_SPLIT: 0
iteration 7
relaxation time 2.3613 seconds
CutType.COMBINATORY: 1
CutType.TWO_MIR: 0
CutType.RESIDUAL_CAPACITY: 0
CutType.FLOW_COVER: 0
CutType.ZERO_HALF: 0
CutType.LATWO_MIR: 0
CutType.GOMORY: 66
CutType.LIFT_AND_PROJECT: 50
CutType.RED_SPLIT_G: 0
CutType.MIR: 0
CutType.GMI: 0
CutType.RED_SPLIT: 0
iteration 8
relaxation time 2.6924 seconds
CutType.COMBINATORY: 0
CutType.TWO_MIR: 0
CutType.RESIDUAL_CAPACITY: 0
CutType.FLOW_COVER: 0
CutType.ZERO_HALF: 0
CutType.LATWO_MIR: 0
CutType.GOMORY: 65
CutType.LIFT_AND_PROJECT: 52
CutType.RED_SPLIT_G: 0
CutType.MIR: 0
CutType.GMI: 0
CutType.RED_SPLIT: 0
iteration 9
relaxation time 3.6044 seconds
CutType.COMBINATORY: 0
CutType.TWO_MIR: 0
CutType.RESIDUAL_CAPACITY: 0
CutType.FLOW_COVER: 0
CutType.ZERO_HALF: 0
CutType.LATWO_MIR: 0
CutType.GOMORY: 28
CutType.LIFT_AND_PROJECT: 52
CutType.RED_SPLIT_G: 0
CutType.MIR: 0
CutType.GMI: 0
CutType.RED_SPLIT: 0
iteration 10
relaxation time 3.3744 seconds
CutType.COMBINATORY: 0
CutType.TWO_MIR: 0
CutType.RESIDUAL_CAPACITY: 0
CutType.FLOW_COVER: 0
CutType.ZERO_HALF: 0
CutType.LATWO_MIR: 0
CutType.GOMORY: 54
CutType.LIFT_AND_PROJECT: 57
CutType.RED_SPLIT_G: 0
CutType.MIR: 0
CutType.GMI: 0
CutType.RED_SPLIT: 0
iteration 11
relaxation time 3.2456 seconds
CutType.COMBINATORY: 0
CutType.TWO_MIR: 0
CutType.RESIDUAL_CAPACITY: 0
CutType.FLOW_COVER: 0
CutType.ZERO_HALF: 0
CutType.LATWO_MIR: 0
CutType.GOMORY: 60
CutType.LIFT_AND_PROJECT: 50
CutType.RED_SPLIT_G: 0
CutType.MIR: 0
CutType.GMI: 0
CutType.RED_SPLIT: 0
iteration 12
relaxation time 6.0304 seconds
CutType.COMBINATORY: 0
CutType.TWO_MIR: 0
CutType.RESIDUAL_CAPACITY: 0
CutType.FLOW_COVER: 0
CutType.ZERO_HALF: 0
CutType.LATWO_MIR: 0
CutType.GOMORY: 53
CutType.LIFT_AND_PROJECT: 45
CutType.RED_SPLIT_G: 0
CutType.MIR: 0
CutType.GMI: 0
CutType.RED_SPLIT: 0
iteration 13
relaxation time 3.7499 seconds
CutType.COMBINATORY: 0
CutType.TWO_MIR: 0
CutType.RESIDUAL_CAPACITY: 0
CutType.FLOW_COVER: 0
CutType.ZERO_HALF: 0
CutType.LATWO_MIR: 0
CutType.GOMORY: 11
CutType.LIFT_AND_PROJECT: 54
CutType.RED_SPLIT_G: 0
CutType.MIR: 0
CutType.GMI: 0
CutType.RED_SPLIT: 0
iteration 14
relaxation time 5.3116 seconds
CutType.COMBINATORY: 0
CutType.TWO_MIR: 0
CutType.RESIDUAL_CAPACITY: 0
CutType.FLOW_COVER: 0
CutType.ZERO_HALF: 0
CutType.LATWO_MIR: 0
CutType.GOMORY: 20
CutType.LIFT_AND_PROJECT: 54
CutType.RED_SPLIT_G: 0
CutType.MIR: 0
CutType.GMI: 0
CutType.RED_SPLIT: 0
iteration 15
relaxation time 5.0306 seconds
CutType.COMBINATORY: 0
CutType.TWO_MIR: 0
CutType.RESIDUAL_CAPACITY: 0
CutType.FLOW_COVER: 0
CutType.ZERO_HALF: 0
CutType.LATWO_MIR: 0
CutType.GOMORY: 55
CutType.LIFT_AND_PROJECT: 36
CutType.RED_SPLIT_G: 0
CutType.MIR: 0
CutType.GMI: 0
CutType.RED_SPLIT: 0
iteration 16
relaxation time 4.5778 seconds
CutType.COMBINATORY: 0
CutType.TWO_MIR: 0
CutType.RESIDUAL_CAPACITY: 0
CutType.FLOW_COVER: 0
CutType.ZERO_HALF: 0
CutType.LATWO_MIR: 0
CutType.GOMORY: 39
CutType.LIFT_AND_PROJECT: 41
CutType.RED_SPLIT_G: 0
CutType.MIR: 0
CutType.GMI: 0
CutType.RED_SPLIT: 0
iteration 17
relaxation time 5.0332 seconds
CutType.COMBINATORY: 0
CutType.TWO_MIR: 0
CutType.RESIDUAL_CAPACITY: 0
CutType.FLOW_COVER: 0
CutType.ZERO_HALF: 0
CutType.LATWO_MIR: 0
CutType.GOMORY: 67
CutType.LIFT_AND_PROJECT: 45
CutType.RED_SPLIT_G: 0
CutType.MIR: 0
CutType.GMI: 0
CutType.RED_SPLIT: 0
iteration 18
relaxation time 4.0353 seconds
CutType.COMBINATORY: 0
CutType.TWO_MIR: 0
CutType.RESIDUAL_CAPACITY: 0
CutType.FLOW_COVER: 0
CutType.ZERO_HALF: 0
CutType.LATWO_MIR: 0
CutType.GOMORY: 67
CutType.LIFT_AND_PROJECT: 40
CutType.RED_SPLIT_G: 0
CutType.MIR: 0
CutType.GMI: 0
CutType.RED_SPLIT: 0
iteration 19
relaxation time 5.3906 seconds
CutType.COMBINATORY: 0
CutType.TWO_MIR: 0
CutType.RESIDUAL_CAPACITY: 0
CutType.FLOW_COVER: 0
CutType.ZERO_HALF: 0
CutType.LATWO_MIR: 0
CutType.GOMORY: 64
CutType.LIFT_AND_PROJECT: 49
CutType.RED_SPLIT_G: 0
CutType.MIR: 0
CutType.GMI: 0
CutType.RED_SPLIT: 0
iteration 20
relaxation time 5.1178 seconds
CutType.COMBINATORY: 0
CutType.TWO_MIR: 0
CutType.RESIDUAL_CAPACITY: 0
CutType.FLOW_COVER: 0
CutType.ZERO_HALF: 0
CutType.LATWO_MIR: 0
CutType.GOMORY: 68
CutType.LIFT_AND_PROJECT: 50
CutType.RED_SPLIT_G: 0
CutType.MIR: 0
CutType.GMI: 0
CutType.RED_SPLIT: 0
iteration 21
relaxation time 8.9921 seconds
CutType.COMBINATORY: 0
CutType.TWO_MIR: 0
CutType.RESIDUAL_CAPACITY: 0
CutType.FLOW_COVER: 0
CutType.ZERO_HALF: 0
CutType.LATWO_MIR: 0
CutType.GOMORY: 68
CutType.LIFT_AND_PROJECT: 43
CutType.RED_SPLIT_G: 0
CutType.MIR: 0
CutType.GMI: 0
CutType.RED_SPLIT: 0
iteration 22
relaxation time 6.4005 seconds
CutType.COMBINATORY: 0
CutType.TWO_MIR: 0
CutType.RESIDUAL_CAPACITY: 0
CutType.FLOW_COVER: 0
CutType.ZERO_HALF: 0
CutType.LATWO_MIR: 0
CutType.GOMORY: 63
CutType.LIFT_AND_PROJECT: 33
CutType.RED_SPLIT_G: 0
CutType.MIR: 0
CutType.GMI: 0
CutType.RED_SPLIT: 0
iteration 23
relaxation time 5.4241 seconds
CutType.COMBINATORY: 0
CutType.TWO_MIR: 0
CutType.RESIDUAL_CAPACITY: 0
CutType.FLOW_COVER: 0
CutType.ZERO_HALF: 0
CutType.LATWO_MIR: 0
CutType.GOMORY: 63
CutType.LIFT_AND_PROJECT: 44
CutType.RED_SPLIT_G: 0
CutType.MIR: 0
CutType.GMI: 0
CutType.RED_SPLIT: 0
iteration 24
relaxation time 5.0446 seconds
CutType.COMBINATORY: 0
CutType.TWO_MIR: 0
CutType.RESIDUAL_CAPACITY: 0
CutType.FLOW_COVER: 0
CutType.ZERO_HALF: 0
CutType.LATWO_MIR: 0
CutType.GOMORY: 50
CutType.LIFT_AND_PROJECT: 43
CutType.RED_SPLIT_G: 0
CutType.MIR: 0
CutType.GMI: 0
CutType.RED_SPLIT: 0
iteration 25
relaxation time 5.2678 seconds
CutType.COMBINATORY: 0
CutType.TWO_MIR: 0
CutType.RESIDUAL_CAPACITY: 0
CutType.FLOW_COVER: 0
CutType.ZERO_HALF: 0
CutType.LATWO_MIR: 0
CutType.GOMORY: 65
CutType.LIFT_AND_PROJECT: 40
CutType.RED_SPLIT_G: 0
CutType.MIR: 0
CutType.GMI: 0
CutType.RED_SPLIT: 0
iteration 26
relaxation time 5.0655 seconds
CutType.COMBINATORY: 0
CutType.TWO_MIR: 0
CutType.RESIDUAL_CAPACITY: 0
CutType.FLOW_COVER: 0
CutType.ZERO_HALF: 0
CutType.LATWO_MIR: 0
CutType.GOMORY: 65
CutType.LIFT_AND_PROJECT: 36
CutType.RED_SPLIT_G: 0
CutType.MIR: 0
CutType.GMI: 0
CutType.RED_SPLIT: 0
iteration 27
relaxation time 6.1067 seconds
CutType.COMBINATORY: 0
CutType.TWO_MIR: 0
CutType.RESIDUAL_CAPACITY: 0
CutType.FLOW_COVER: 0
CutType.ZERO_HALF: 0
CutType.LATWO_MIR: 0
CutType.GOMORY: 67
CutType.LIFT_AND_PROJECT: 53
CutType.RED_SPLIT_G: 0
CutType.MIR: 0
CutType.GMI: 0
CutType.RED_SPLIT: 0
iteration 28
relaxation time 6.6871 seconds
CutType.COMBINATORY: 0
CutType.TWO_MIR: 0
CutType.RESIDUAL_CAPACITY: 0
CutType.FLOW_COVER: 0
CutType.ZERO_HALF: 0
CutType.LATWO_MIR: 0
CutType.GOMORY: 60
CutType.LIFT_AND_PROJECT: 30
CutType.RED_SPLIT_G: 0
CutType.MIR: 0
CutType.GMI: 0
CutType.RED_SPLIT: 0
iteration 29
relaxation time 7.1409 seconds
CutType.COMBINATORY: 0
CutType.TWO_MIR: 0
CutType.RESIDUAL_CAPACITY: 0
CutType.FLOW_COVER: 0
CutType.ZERO_HALF: 0
CutType.LATWO_MIR: 0
CutType.GOMORY: 68
CutType.LIFT_AND_PROJECT: 37
CutType.RED_SPLIT_G: 0
CutType.MIR: 0
CutType.GMI: 0
CutType.RED_SPLIT: 0
iteration 30
relaxation time 4.1017 seconds
CutType.COMBINATORY: 0
CutType.TWO_MIR: 0
CutType.RESIDUAL_CAPACITY: 0
CutType.FLOW_COVER: 0
CutType.ZERO_HALF: 0
CutType.LATWO_MIR: 0
CutType.GOMORY: 59
CutType.LIFT_AND_PROJECT: 34
CutType.RED_SPLIT_G: 0
CutType.MIR: 0
CutType.GMI: 0
CutType.RED_SPLIT: 0
iteration 31
relaxation time 7.4298 seconds
CutType.COMBINATORY: 0
CutType.TWO_MIR: 0
CutType.RESIDUAL_CAPACITY: 0
CutType.FLOW_COVER: 0
CutType.ZERO_HALF: 0
CutType.LATWO_MIR: 0
CutType.GOMORY: 59
CutType.LIFT_AND_PROJECT: 35
CutType.RED_SPLIT_G: 0
CutType.MIR: 0
CutType.GMI: 0
CutType.RED_SPLIT: 0
iteration 32
relaxation time 8.6002 seconds
CutType.COMBINATORY: 0
CutType.TWO_MIR: 0
CutType.RESIDUAL_CAPACITY: 0
CutType.FLOW_COVER: 0
CutType.ZERO_HALF: 0
CutType.LATWO_MIR: 0
CutType.GOMORY: 63
CutType.LIFT_AND_PROJECT: 40
CutType.RED_SPLIT_G: 0
CutType.MIR: 0
CutType.GMI: 0
CutType.RED_SPLIT: 0
iteration 33
relaxation time 7.3986 seconds
CutType.COMBINATORY: 0
CutType.TWO_MIR: 0
CutType.RESIDUAL_CAPACITY: 0
CutType.FLOW_COVER: 0
CutType.ZERO_HALF: 0
CutType.LATWO_MIR: 0
CutType.GOMORY: 65
CutType.LIFT_AND_PROJECT: 36
CutType.RED_SPLIT_G: 0
CutType.MIR: 0
CutType.GMI: 0
CutType.RED_SPLIT: 0
iteration 34
relaxation time 8.7409 seconds
CutType.COMBINATORY: 0
CutType.TWO_MIR: 0
CutType.RESIDUAL_CAPACITY: 0
CutType.FLOW_COVER: 0
CutType.ZERO_HALF: 0
CutType.LATWO_MIR: 0
CutType.GOMORY: 62
CutType.LIFT_AND_PROJECT: 54
CutType.RED_SPLIT_G: 0
CutType.MIR: 0
CutType.GMI: 0
CutType.RED_SPLIT: 0
iteration 35
relaxation time 9.8927 seconds
CutType.COMBINATORY: 0
CutType.TWO_MIR: 0
CutType.RESIDUAL_CAPACITY: 0
CutType.FLOW_COVER: 0
CutType.ZERO_HALF: 0
CutType.LATWO_MIR: 0
CutType.GOMORY: 59
CutType.LIFT_AND_PROJECT: 41
CutType.RED_SPLIT_G: 0
CutType.MIR: 0
CutType.GMI: 0
CutType.RED_SPLIT: 0
iteration 36
relaxation time 8.3457 seconds
CutType.COMBINATORY: 0
CutType.TWO_MIR: 0
CutType.RESIDUAL_CAPACITY: 0
CutType.FLOW_COVER: 0
CutType.ZERO_HALF: 0
CutType.LATWO_MIR: 0
CutType.GOMORY: 62
CutType.LIFT_AND_PROJECT: 46
CutType.RED_SPLIT_G: 0
CutType.MIR: 0
CutType.GMI: 0
CutType.RED_SPLIT: 0
iteration 37
relaxation time 7.9522 seconds
CutType.COMBINATORY: 0
CutType.TWO_MIR: 0
CutType.RESIDUAL_CAPACITY: 0
CutType.FLOW_COVER: 0
CutType.ZERO_HALF: 0
CutType.LATWO_MIR: 0
CutType.GOMORY: 62
CutType.LIFT_AND_PROJECT: 48
CutType.RED_SPLIT_G: 0
CutType.MIR: 0
CutType.GMI: 0
CutType.RED_SPLIT: 0
iteration 38
relaxation time 9.5301 seconds
CutType.COMBINATORY: 0
CutType.TWO_MIR: 0
CutType.RESIDUAL_CAPACITY: 0
CutType.FLOW_COVER: 0
CutType.ZERO_HALF: 0
CutType.LATWO_MIR: 0
CutType.GOMORY: 68
CutType.LIFT_AND_PROJECT: 45
CutType.RED_SPLIT_G: 0
CutType.MIR: 0
CutType.GMI: 0
CutType.RED_SPLIT: 0
iteration 39
relaxation time 8.2666 seconds
CutType.COMBINATORY: 0
CutType.TWO_MIR: 0
CutType.RESIDUAL_CAPACITY: 0
CutType.FLOW_COVER: 0
CutType.ZERO_HALF: 0
CutType.LATWO_MIR: 0
CutType.GOMORY: 62
CutType.LIFT_AND_PROJECT: 47
CutType.RED_SPLIT_G: 0
CutType.MIR: 0
CutType.GMI: 0
CutType.RED_SPLIT: 0
iteration 40
relaxation time 9.268 seconds
CutType.COMBINATORY: 0
CutType.TWO_MIR: 0
CutType.RESIDUAL_CAPACITY: 0
CutType.FLOW_COVER: 0
CutType.ZERO_HALF: 0
CutType.LATWO_MIR: 0
CutType.GOMORY: 50
CutType.LIFT_AND_PROJECT: 36
CutType.RED_SPLIT_G: 0
CutType.MIR: 0
CutType.GMI: 0
CutType.RED_SPLIT: 0
iteration 41
relaxation time 9.146 seconds
CutType.COMBINATORY: 0
CutType.TWO_MIR: 0
CutType.RESIDUAL_CAPACITY: 0
CutType.FLOW_COVER: 0
CutType.ZERO_HALF: 0
CutType.LATWO_MIR: 0
CutType.GOMORY: 63
CutType.LIFT_AND_PROJECT: 37
CutType.RED_SPLIT_G: 0
CutType.MIR: 0
CutType.GMI: 0
CutType.RED_SPLIT: 0
iteration 42
relaxation time 8.9561 seconds
CutType.COMBINATORY: 0
CutType.TWO_MIR: 0
CutType.RESIDUAL_CAPACITY: 0
CutType.FLOW_COVER: 0
CutType.ZERO_HALF: 0
CutType.LATWO_MIR: 0
CutType.GOMORY: 61
CutType.LIFT_AND_PROJECT: 34
CutType.RED_SPLIT_G: 0
CutType.MIR: 0
CutType.GMI: 0
CutType.RED_SPLIT: 0
iteration 43
relaxation time 9.7169 seconds
CutType.COMBINATORY: 0
CutType.TWO_MIR: 0
CutType.RESIDUAL_CAPACITY: 0
CutType.FLOW_COVER: 0
CutType.ZERO_HALF: 0
CutType.LATWO_MIR: 0
CutType.GOMORY: 64
CutType.LIFT_AND_PROJECT: 44
CutType.RED_SPLIT_G: 0
CutType.MIR: 0
CutType.GMI: 0
CutType.RED_SPLIT: 0
iteration 44
relaxation time 11.2319 seconds
CutType.COMBINATORY: 0
CutType.TWO_MIR: 0
CutType.RESIDUAL_CAPACITY: 0
CutType.FLOW_COVER: 0
CutType.ZERO_HALF: 0
CutType.LATWO_MIR: 0
CutType.GOMORY: 63
CutType.LIFT_AND_PROJECT: 33
CutType.RED_SPLIT_G: 0
CutType.MIR: 0
CutType.GMI: 0
CutType.RED_SPLIT: 0
iteration 45
relaxation time 12.7675 seconds
CutType.COMBINATORY: 0
CutType.TWO_MIR: 0
CutType.RESIDUAL_CAPACITY: 0
CutType.FLOW_COVER: 0
CutType.ZERO_HALF: 0
CutType.LATWO_MIR: 0
CutType.GOMORY: 59
CutType.LIFT_AND_PROJECT: 40
CutType.RED_SPLIT_G: 0
CutType.MIR: 0
CutType.GMI: 0
CutType.RED_SPLIT: 0
iteration 46
relaxation time 8.5163 seconds
CutType.COMBINATORY: 0
CutType.TWO_MIR: 0
CutType.RESIDUAL_CAPACITY: 0
CutType.FLOW_COVER: 0
CutType.ZERO_HALF: 0
CutType.LATWO_MIR: 0
CutType.GOMORY: 56
CutType.LIFT_AND_PROJECT: 37
CutType.RED_SPLIT_G: 0
CutType.MIR: 0
CutType.GMI: 0
CutType.RED_SPLIT: 0
iteration 47
relaxation time 10.8063 seconds
CutType.COMBINATORY: 0
CutType.TWO_MIR: 0
CutType.RESIDUAL_CAPACITY: 0
CutType.FLOW_COVER: 0
CutType.ZERO_HALF: 0
CutType.LATWO_MIR: 0
CutType.GOMORY: 52
CutType.LIFT_AND_PROJECT: 31
CutType.RED_SPLIT_G: 0
CutType.MIR: 0
CutType.GMI: 0
CutType.RED_SPLIT: 0
iteration 48
relaxation time 11.4761 seconds
CutType.COMBINATORY: 0
CutType.TWO_MIR: 0
CutType.RESIDUAL_CAPACITY: 0
CutType.FLOW_COVER: 0
CutType.ZERO_HALF: 0
CutType.LATWO_MIR: 0
CutType.GOMORY: 55
len dataset: 4982
test_ok: 4982
test_false: 0
Combinatory set: [<CutType.PROBING: 0>, <CutType.CLIQUE: 12>]
Non-Combinatory set: [<CutType.RED_SPLIT_G: 4>, <CutType.MIR: 6>, <CutType.LATWO_MIR: 8>, <CutType.LIFT_AND_PROJECT: 9>, <CutType.GMI: 2>, <CutType.RESIDUAL_CAPACITY: 10>, <CutType.GOMORY: 1>, <CutType.FLOW_COVER: 5>, <CutType.TWO_MIR: 7>, <CutType.ZERO_HALF: 11>]
iteration 0
relaxation time 4.1997 seconds
CutType.COMBINATORY: 12
CutType.RED_SPLIT_G: 0
CutType.MIR: 0
CutType.LATWO_MIR: 0
CutType.LIFT_AND_PROJECT: 43
CutType.GMI: 0
CutType.RESIDUAL_CAPACITY: 0
CutType.GOMORY: 34
CutType.FLOW_COVER: 0
CutType.TWO_MIR: 0
CutType.ZERO_HALF: 0
iteration 1
relaxation time 2.2531 seconds
CutType.COMBINATORY: 3
CutType.RED_SPLIT_G: 0
CutType.MIR: 0
CutType.LATWO_MIR: 0
CutType.LIFT_AND_PROJECT: 37
CutType.GMI: 0
CutType.RESIDUAL_CAPACITY: 1
CutType.GOMORY: 95
CutType.FLOW_COVER: 0
CutType.TWO_MIR: 0
CutType.ZERO_HALF: 0
iteration 2
relaxation time 3.9888 seconds
CutType.COMBINATORY: 1
CutType.RED_SPLIT_G: 0
CutType.MIR: 0
CutType.LATWO_MIR: 0
CutType.LIFT_AND_PROJECT: 60
CutType.GMI: 0
CutType.RESIDUAL_CAPACITY: 0
CutType.GOMORY: 85
CutType.FLOW_COVER: 0
CutType.TWO_MIR: 0
CutType.ZERO_HALF: 0
iteration 3
relaxation time 6.845 seconds
CutType.COMBINATORY: 1
CutType.RED_SPLIT_G: 0
CutType.MIR: 0
CutType.LATWO_MIR: 0
CutType.LIFT_AND_PROJECT: 84
CutType.GMI: 0
CutType.RESIDUAL_CAPACITY: 0
CutType.GOMORY: 1
CutType.FLOW_COVER: 0
CutType.TWO_MIR: 0
CutType.ZERO_HALF: 0
iteration 4
relaxation time 6.669 seconds
CutType.COMBINATORY: 1
CutType.RED_SPLIT_G: 0
CutType.MIR: 2
CutType.LATWO_MIR: 0
CutType.LIFT_AND_PROJECT: 25
CutType.GMI: 0
CutType.RESIDUAL_CAPACITY: 0
CutType.GOMORY: 0
CutType.FLOW_COVER: 0
CutType.TWO_MIR: 0
CutType.ZERO_HALF: 0
iteration 5
relaxation time 7.5933 seconds
CutType.COMBINATORY: 0
CutType.RED_SPLIT_G: 1
CutType.MIR: 0
CutType.LATWO_MIR: 0
CutType.LIFT_AND_PROJECT: 86
CutType.GMI: 0
CutType.RESIDUAL_CAPACITY: 0
CutType.GOMORY: 0
CutType.FLOW_COVER: 0
CutType.TWO_MIR: 0
CutType.ZERO_HALF: 0
iteration 6
relaxation time 2.4938 seconds
CutType.COMBINATORY: 1
CutType.RED_SPLIT_G: 0
CutType.MIR: 0
CutType.LATWO_MIR: 0
CutType.LIFT_AND_PROJECT: 81
CutType.GMI: 0
CutType.RESIDUAL_CAPACITY: 0
CutType.GOMORY: 0
CutType.FLOW_COVER: 0
CutType.TWO_MIR: 0
CutType.ZERO_HALF: 0
iteration 7
relaxation time 11.7975 seconds
CutType.COMBINATORY: 0
CutType.RED_SPLIT_G: 0
CutType.MIR: 0
CutType.LATWO_MIR: 0
CutType.LIFT_AND_PROJECT: 106
CutType.GMI: 0
CutType.RESIDUAL_CAPACITY: 0
CutType.GOMORY: 0
CutType.FLOW_COVER: 0
CutType.TWO_MIR: 0
CutType.ZERO_HALF: 0
iteration 8
relaxation time 20.5211 seconds
CutType.COMBINATORY: 0
CutType.RED_SPLIT_G: 0
CutType.MIR: 0
CutType.LATWO_MIR: 0
CutType.LIFT_AND_PROJECT: 100
CutType.GMI: 0
CutType.RESIDUAL_CAPACITY: 0
CutType.GOMORY: 0
CutType.FLOW_COVER: 0
CutType.TWO_MIR: 0
CutType.ZERO_HALF: 0
iteration 9
relaxation time 19.5769 seconds
CutType.COMBINATORY: 0
CutType.RED_SPLIT_G: 0
CutType.MIR: 0
CutType.LATWO_MIR: 0
CutType.LIFT_AND_PROJECT: 99
CutType.GMI: 0
CutType.RESIDUAL_CAPACITY: 0
CutType.GOMORY: 0
CutType.FLOW_COVER: 0
CutType.TWO_MIR: 0
CutType.ZERO_HALF: 0
iteration 10
relaxation time 14.7301 seconds
CutType.COMBINATORY: 0
CutType.RED_SPLIT_G: 0
CutType.MIR: 0
CutType.LATWO_MIR: 0
CutType.LIFT_AND_PROJECT: 101
CutType.GMI: 0
CutType.RESIDUAL_CAPACITY: 0
CutType.GOMORY: 0
CutType.FLOW_COVER: 0
CutType.TWO_MIR: 0
CutType.ZERO_HALF: 0
iteration 11
relaxation time 18.8396 seconds
CutType.COMBINATORY: 0
CutType.RED_SPLIT_G: 0
CutType.MIR: 0
CutType.LATWO_MIR: 0
CutType.LIFT_AND_PROJECT: 100
CutType.GMI: 0
CutType.RESIDUAL_CAPACITY: 0
CutType.GOMORY: 0
CutType.FLOW_COVER: 0
CutType.TWO_MIR: 0
CutType.ZERO_HALF: 0
Combinatory set: [<CutType.PROBING: 0>, <CutType.CLIQUE: 12>]
Non-Combinatory set: [<CutType.GMI: 2>, <CutType.RED_SPLIT_G: 4>, <CutType.RESIDUAL_CAPACITY: 10>, <CutType.TWO_MIR: 7>, <CutType.LATWO_MIR: 8>]
iteration 0
relaxation time 4.3669 seconds
CutType.COMBINATORY: 12
CutType.GMI: 0
CutType.RED_SPLIT_G: 0
CutType.RESIDUAL_CAPACITY: 0
CutType.TWO_MIR: 0
CutType.LATWO_MIR: 0
iteration 1
relaxation time 0.641 seconds
CutType.COMBINATORY: 4
CutType.GMI: 0
CutType.RED_SPLIT_G: 0
CutType.RESIDUAL_CAPACITY: 0
CutType.TWO_MIR: 0
CutType.LATWO_MIR: 0
iteration 2
relaxation time 0.4032 seconds
CutType.COMBINATORY: 0
CutType.GMI: 84
CutType.RED_SPLIT_G: 0
CutType.RESIDUAL_CAPACITY: 0
CutType.TWO_MIR: 0
CutType.LATWO_MIR: 0
iteration 3
relaxation time 1.9166 seconds
CutType.COMBINATORY: 2
CutType.GMI: 0
CutType.RED_SPLIT_G: 0
CutType.RESIDUAL_CAPACITY: 0
CutType.TWO_MIR: 0
CutType.LATWO_MIR: 0
iteration 4
relaxation time 0.243 seconds
CutType.COMBINATORY: 0
CutType.GMI: 94
CutType.RED_SPLIT_G: 0
CutType.RESIDUAL_CAPACITY: 0
CutType.TWO_MIR: 0
CutType.LATWO_MIR: 0
iteration 5
relaxation time 3.0752 seconds
CutType.COMBINATORY: 0
CutType.GMI: 99
CutType.RED_SPLIT_G: 0
CutType.RESIDUAL_CAPACITY: 0
CutType.TWO_MIR: 0
CutType.LATWO_MIR: 0
iteration 6
relaxation time 3.801 seconds
CutType.COMBINATORY: 0
CutType.GMI: 104
CutType.RED_SPLIT_G: 0
CutType.RESIDUAL_CAPACITY: 0
CutType.TWO_MIR: 0
CutType.LATWO_MIR: 0
iteration 7
relaxation time 3.9522 seconds
CutType.COMBINATORY: 1
CutType.GMI: 0
CutType.RED_SPLIT_G: 0
CutType.RESIDUAL_CAPACITY: 0
CutType.TWO_MIR: 0
CutType.LATWO_MIR: 0
iteration 8
relaxation time 0.4409 seconds
CutType.COMBINATORY: 0
CutType.GMI: 121
CutType.RED_SPLIT_G: 0
CutType.RESIDUAL_CAPACITY: 0
CutType.TWO_MIR: 0
CutType.LATWO_MIR: 0
iteration 9
relaxation time 3.073 seconds
CutType.COMBINATORY: 0
CutType.GMI: 93
CutType.RED_SPLIT_G: 0
CutType.RESIDUAL_CAPACITY: 0
CutType.TWO_MIR: 0
CutType.LATWO_MIR: 0
iteration 10
relaxation time 3.9121 seconds
CutType.COMBINATORY: 0
CutType.GMI: 124
CutType.RED_SPLIT_G: 0
CutType.RESIDUAL_CAPACITY: 0
CutType.TWO_MIR: 0
CutType.LATWO_MIR: 0
iteration 11
relaxation time 5.9813 seconds
CutType.COMBINATORY: 0
CutType.GMI: 121
CutType.RED_SPLIT_G: 0
CutType.RESIDUAL_CAPACITY: 0
CutType.TWO_MIR: 0
CutType.LATWO_MIR: 0
iteration 12
relaxation time 8.7932 seconds
CutType.COMBINATORY: 5
CutType.GMI: 0
CutType.RED_SPLIT_G: 0
CutType.RESIDUAL_CAPACITY: 0
CutType.TWO_MIR: 0
CutType.LATWO_MIR: 0
iteration 13
relaxation time 2.6884 seconds
CutType.COMBINATORY: 0
CutType.GMI: 121
CutType.RED_SPLIT_G: 0
CutType.RESIDUAL_CAPACITY: 0
CutType.TWO_MIR: 0
CutType.LATWO_MIR: 0
iteration 14
relaxation time 10.0358 seconds
CutType.COMBINATORY: 0
CutType.GMI: 101
CutType.RED_SPLIT_G: 0
CutType.RESIDUAL_CAPACITY: 0
CutType.TWO_MIR: 0
CutType.LATWO_MIR: 0
iteration 12
relaxation time 14.6667 seconds
CutType.COMBINATORY: 0
CutType.RED_SPLIT_G: 0
CutType.MIR: 0
CutType.LATWO_MIR: 0
CutType.LIFT_AND_PROJECT: 100
CutType.GMI: 0
CutType.RESIDUAL_CAPACITY: 0
CutType.GOMORY: 0
CutType.FLOW_COVER: 0
CutType.TWO_MIR: 0
CutType.ZERO_HALF: 0
iteration 15
relaxation time 12.4633 seconds
CutType.COMBINATORY: 0
CutType.GMI: 112
CutType.RED_SPLIT_G: 0
CutType.RESIDUAL_CAPACITY: 0
CutType.TWO_MIR: 0
CutType.LATWO_MIR: 0
iteration 16
relaxation time 13.197 seconds
CutType.COMBINATORY: 0
CutType.GMI: 114
CutType.RED_SPLIT_G: 0
CutType.RESIDUAL_CAPACITY: 0
CutType.TWO_MIR: 0
CutType.LATWO_MIR: 0
iteration 17
relaxation time 10.5862 seconds
CutType.COMBINATORY: 0
CutType.GMI: 52
CutType.RED_SPLIT_G: 0
CutType.RESIDUAL_CAPACITY: 0
CutType.TWO_MIR: 0
CutType.LATWO_MIR: 0
iteration 18
relaxation time 8.052 seconds
CutType.COMBINATORY: 0
CutType.GMI: 77
CutType.RED_SPLIT_G: 0
CutType.RESIDUAL_CAPACITY: 0
CutType.TWO_MIR: 0
CutType.LATWO_MIR: 0
iteration 19
relaxation time 10.7216 seconds
CutType.COMBINATORY: 0
CutType.GMI: 17
CutType.RED_SPLIT_G: 0
CutType.RESIDUAL_CAPACITY: 0
CutType.TWO_MIR: 0
CutType.LATWO_MIR: 0
iteration 20
relaxation time 7.9117 seconds
CutType.COMBINATORY: 0
CutType.GMI: 54
CutType.RED_SPLIT_G: 0
CutType.RESIDUAL_CAPACITY: 0
CutType.TWO_MIR: 0
CutType.LATWO_MIR: 0
iteration 21
relaxation time 15.8946 seconds
CutType.COMBINATORY: 0
CutType.GMI: 66
CutType.RED_SPLIT_G: 0
CutType.RESIDUAL_CAPACITY: 0
CutType.TWO_MIR: 0
CutType.LATWO_MIR: 0
iteration 22
relaxation time 10.1753 seconds
CutType.COMBINATORY: 0
CutType.GMI: 112
CutType.RED_SPLIT_G: 0
CutType.RESIDUAL_CAPACITY: 0
CutType.TWO_MIR: 0
CutType.LATWO_MIR: 0
iteration 23
relaxation time 18.7793 seconds
CutType.COMBINATORY: 0
CutType.GMI: 87
CutType.RED_SPLIT_G: 0
CutType.RESIDUAL_CAPACITY: 0
CutType.TWO_MIR: 0
CutType.LATWO_MIR: 0
iteration 13
relaxation time 19.2713 seconds
CutType.COMBINATORY: 0
CutType.RED_SPLIT_G: 0
CutType.MIR: 0
CutType.LATWO_MIR: 0
CutType.LIFT_AND_PROJECT: 103
CutType.GMI: 0
CutType.RESIDUAL_CAPACITY: 0
CutType.GOMORY: 0
CutType.FLOW_COVER: 0
CutType.TWO_MIR: 0
CutType.ZERO_HALF: 0
iteration 24
relaxation time 24.2393 seconds
CutType.COMBINATORY: 0
CutType.GMI: 109
CutType.RED_SPLIT_G: 0
CutType.RESIDUAL_CAPACITY: 0
CutType.TWO_MIR: 0
CutType.LATWO_MIR: 0
iteration 25
relaxation time 22.8266 seconds
CutType.COMBINATORY: 0
CutType.GMI: 88
CutType.RED_SPLIT_G: 0
CutType.RESIDUAL_CAPACITY: 0
CutType.TWO_MIR: 0
CutType.LATWO_MIR: 0
iteration 26
relaxation time 16.078 seconds
CutType.COMBINATORY: 0
CutType.GMI: 45
CutType.RED_SPLIT_G: 0
CutType.RESIDUAL_CAPACITY: 0
CutType.TWO_MIR: 0
CutType.LATWO_MIR: 0
iteration 27
relaxation time 16.7527 seconds
CutType.COMBINATORY: 0
CutType.GMI: 92
CutType.RED_SPLIT_G: 0
CutType.RESIDUAL_CAPACITY: 0
CutType.TWO_MIR: 0
CutType.LATWO_MIR: 0
iteration 28
relaxation time 24.4826 seconds
CutType.COMBINATORY: 0
CutType.GMI: 84
CutType.RED_SPLIT_G: 0
CutType.RESIDUAL_CAPACITY: 0
CutType.TWO_MIR: 0
CutType.LATWO_MIR: 0
iteration 29
relaxation time 18.1934 seconds
CutType.COMBINATORY: 0
CutType.GMI: 81
CutType.RED_SPLIT_G: 0
CutType.RESIDUAL_CAPACITY: 0
CutType.TWO_MIR: 0
CutType.LATWO_MIR: 0
iteration 14
relaxation time 19.8128 seconds
CutType.COMBINATORY: 0
CutType.RED_SPLIT_G: 0
CutType.MIR: 0
CutType.LATWO_MIR: 0
CutType.LIFT_AND_PROJECT: 96
CutType.GMI: 0
CutType.RESIDUAL_CAPACITY: 0
CutType.GOMORY: 0
CutType.FLOW_COVER: 0
CutType.TWO_MIR: 0
CutType.ZERO_HALF: 0
iteration 30
relaxation time 21.4032 seconds
CutType.COMBINATORY: 0
CutType.GMI: 69
CutType.RED_SPLIT_G: 0
CutType.RESIDUAL_CAPACITY: 0
CutType.TWO_MIR: 0
CutType.LATWO_MIR: 0
iteration 31
relaxation time 26.1598 seconds
CutType.COMBINATORY: 0
CutType.GMI: 61
CutType.RED_SPLIT_G: 0
CutType.RESIDUAL_CAPACITY: 0
CutType.TWO_MIR: 0
CutType.LATWO_MIR: 0
iteration 32
relaxation time 23.7525 seconds
CutType.COMBINATORY: 0
CutType.GMI: 57
CutType.RED_SPLIT_G: 0
CutType.RESIDUAL_CAPACITY: 0
CutType.TWO_MIR: 0
CutType.LATWO_MIR: 0
iteration 33
relaxation time 30.6769 seconds
CutType.COMBINATORY: 0
CutType.GMI: 103
CutType.RED_SPLIT_G: 0
CutType.RESIDUAL_CAPACITY: 0
CutType.TWO_MIR: 0
CutType.LATWO_MIR: 0
iteration 34
relaxation time 21.7805 seconds
CutType.COMBINATORY: 0
CutType.GMI: 64
CutType.RED_SPLIT_G: 0
CutType.RESIDUAL_CAPACITY: 0
CutType.TWO_MIR: 0
CutType.LATWO_MIR: 0
iteration 15
relaxation time 22.5625 seconds
CutType.COMBINATORY: 0
CutType.RED_SPLIT_G: 0
CutType.MIR: 0
CutType.LATWO_MIR: 0
CutType.LIFT_AND_PROJECT: 98
CutType.GMI: 0
CutType.RESIDUAL_CAPACITY: 0
CutType.GOMORY: 0
CutType.FLOW_COVER: 0
CutType.TWO_MIR: 0
CutType.ZERO_HALF: 0
iteration 35
relaxation time 27.8177 seconds
CutType.COMBINATORY: 2
CutType.GMI: 0
CutType.RED_SPLIT_G: 0
CutType.RESIDUAL_CAPACITY: 0
CutType.TWO_MIR: 0
CutType.LATWO_MIR: 0
iteration 36
relaxation time 3.0754 seconds
CutType.COMBINATORY: 0
CutType.GMI: 32
CutType.RED_SPLIT_G: 0
CutType.RESIDUAL_CAPACITY: 0
CutType.TWO_MIR: 0
CutType.LATWO_MIR: 0
iteration 37
relaxation time 22.7874 seconds
CutType.COMBINATORY: 0
CutType.GMI: 77
CutType.RED_SPLIT_G: 0
CutType.RESIDUAL_CAPACITY: 0
CutType.TWO_MIR: 0
CutType.LATWO_MIR: 0
iteration 38
relaxation time 27.7893 seconds
CutType.COMBINATORY: 0
CutType.GMI: 31
CutType.RED_SPLIT_G: 0
CutType.RESIDUAL_CAPACITY: 0
CutType.TWO_MIR: 0
CutType.LATWO_MIR: 0
iteration 39
relaxation time 20.4077 seconds
CutType.COMBINATORY: 1
CutType.GMI: 0
CutType.RED_SPLIT_G: 0
CutType.RESIDUAL_CAPACITY: 0
CutType.TWO_MIR: 0
CutType.LATWO_MIR: 0
iteration 40
relaxation time 3.1579 seconds
CutType.COMBINATORY: 0
CutType.GMI: 14
CutType.RED_SPLIT_G: 0
CutType.RESIDUAL_CAPACITY: 0
CutType.TWO_MIR: 0
CutType.LATWO_MIR: 0
iteration 41
relaxation time 19.1758 seconds
CutType.COMBINATORY: 0
CutType.GMI: 37
CutType.RED_SPLIT_G: 0
CutType.RESIDUAL_CAPACITY: 0
CutType.TWO_MIR: 0
CutType.LATWO_MIR: 0
iteration 42
relaxation time 26.5006 seconds
CutType.COMBINATORY: 0
CutType.GMI: 7
CutType.RED_SPLIT_G: 0
CutType.RESIDUAL_CAPACITY: 0
CutType.TWO_MIR: 0
CutType.LATWO_MIR: 0
iteration 16
relaxation time 21.5889 seconds
CutType.COMBINATORY: 0
CutType.RED_SPLIT_G: 0
CutType.MIR: 0
CutType.LATWO_MIR: 0
CutType.LIFT_AND_PROJECT: 103
CutType.GMI: 0
CutType.RESIDUAL_CAPACITY: 0
CutType.GOMORY: 0
CutType.FLOW_COVER: 0
CutType.TWO_MIR: 0
CutType.ZERO_HALF: 0
iteration 43
relaxation time 25.3441 seconds
CutType.COMBINATORY: 0
CutType.GMI: 10
CutType.RED_SPLIT_G: 0
CutType.RESIDUAL_CAPACITY: 0
CutType.TWO_MIR: 0
CutType.LATWO_MIR: 0
iteration 44
relaxation time 18.3669 seconds
CutType.COMBINATORY: 0
CutType.GMI: 45
CutType.RED_SPLIT_G: 0
CutType.RESIDUAL_CAPACITY: 0
CutType.TWO_MIR: 0
CutType.LATWO_MIR: 0
iteration 45
relaxation time 27.2546 seconds
CutType.COMBINATORY: 0
CutType.GMI: 4
CutType.RED_SPLIT_G: 0
CutType.RESIDUAL_CAPACITY: 0
CutType.TWO_MIR: 0
CutType.LATWO_MIR: 0
iteration 46
relaxation time 20.9928 seconds
CutType.COMBINATORY: 0
CutType.GMI: 56
CutType.RED_SPLIT_G: 0
CutType.RESIDUAL_CAPACITY: 0
CutType.TWO_MIR: 0
CutType.LATWO_MIR: 0
iteration 47
relaxation time 22.3132 seconds
CutType.COMBINATORY: 0
CutType.GMI: 31
CutType.RED_SPLIT_G: 0
CutType.RESIDUAL_CAPACITY: 0
CutType.TWO_MIR: 0
CutType.LATWO_MIR: 0
iteration 48
relaxation time 29.7419 seconds
CutType.COMBINATORY: 0
CutType.GMI: 40
CutType.RED_SPLIT_G: 0
CutType.RESIDUAL_CAPACITY: 0
CutType.TWO_MIR: 0
CutType.LATWO_MIR: 0
iteration 49
relaxation time 24.8201 seconds
CutType.COMBINATORY: 0
CutType.GMI: 6
CutType.RED_SPLIT_G: 0
CutType.RESIDUAL_CAPACITY: 0
CutType.TWO_MIR: 0
CutType.LATWO_MIR: 0
iteration 50
relaxation time 18.783 seconds
CutType.COMBINATORY: 0
CutType.GMI: 9
CutType.RED_SPLIT_G: 0
CutType.RESIDUAL_CAPACITY: 0
CutType.TWO_MIR: 0
CutType.LATWO_MIR: 0
iteration 17
relaxation time 24.2129 seconds
CutType.COMBINATORY: 1
CutType.RED_SPLIT_G: 0
CutType.MIR: 0
CutType.LATWO_MIR: 0
CutType.LIFT_AND_PROJECT: 34
CutType.GMI: 0
CutType.RESIDUAL_CAPACITY: 0
CutType.GOMORY: 0
CutType.FLOW_COVER: 0
CutType.TWO_MIR: 0
CutType.ZERO_HALF: 0
iteration 51
relaxation time 21.4904 seconds
CutType.COMBINATORY: 0
CutType.GMI: 55
CutType.RED_SPLIT_G: 0
CutType.RESIDUAL_CAPACITY: 0
CutType.TWO_MIR: 0
CutType.LATWO_MIR: 0
iteration 52
relaxation time 33.6856 seconds
CutType.COMBINATORY: 0
CutType.GMI: 76
CutType.RED_SPLIT_G: 0
CutType.RESIDUAL_CAPACITY: 0
CutType.TWO_MIR: 0
CutType.LATWO_MIR: 0
iteration 53
relaxation time 40.1282 seconds
CutType.COMBINATORY: 0
CutType.GMI: 42
CutType.RED_SPLIT_G: 0
CutType.RESIDUAL_CAPACITY: 0
CutType.TWO_MIR: 0
CutType.LATWO_MIR: 0
iteration 54
relaxation time 39.5028 seconds
CutType.COMBINATORY: 0
CutType.GMI: 69
CutType.RED_SPLIT_G: 0
CutType.RESIDUAL_CAPACITY: 0
CutType.TWO_MIR: 0
CutType.LATWO_MIR: 0
iteration 18
relaxation time 12.3797 seconds
CutType.COMBINATORY: 0
CutType.RED_SPLIT_G: 0
CutType.MIR: 0
CutType.LATWO_MIR: 0
CutType.LIFT_AND_PROJECT: 104
CutType.GMI: 0
CutType.RESIDUAL_CAPACITY: 0
CutType.GOMORY: 0
CutType.FLOW_COVER: 0
CutType.TWO_MIR: 0
CutType.ZERO_HALF: 0
iteration 55
relaxation time 29.7406 seconds
CutType.COMBINATORY: 0
CutType.GMI: 2
CutType.RED_SPLIT_G: 0
CutType.RESIDUAL_CAPACITY: 0
CutType.TWO_MIR: 0
CutType.LATWO_MIR: 0
iteration 56
relaxation time 24.1074 seconds
CutType.COMBINATORY: 0
CutType.GMI: 16
CutType.RED_SPLIT_G: 0
CutType.RESIDUAL_CAPACITY: 0
CutType.TWO_MIR: 0
CutType.LATWO_MIR: 0
iteration 57
relaxation time 21.0371 seconds
CutType.COMBINATORY: 0
CutType.GMI: 42
CutType.RED_SPLIT_G: 0
CutType.RESIDUAL_CAPACITY: 0
CutType.TWO_MIR: 0
CutType.LATWO_MIR: 0
iteration 58
relaxation time 36.1795 seconds
CutType.COMBINATORY: 0
CutType.GMI: 59
CutType.RED_SPLIT_G: 0
CutType.RESIDUAL_CAPACITY: 0
CutType.TWO_MIR: 0
CutType.LATWO_MIR: 0
iteration 59
relaxation time 32.9248 seconds
CutType.COMBINATORY: 0
CutType.GMI: 0
CutType.RED_SPLIT_G: 0
CutType.RESIDUAL_CAPACITY: 0
CutType.TWO_MIR: 0
CutType.LATWO_MIR: 0
len dataset: 3366
test_ok: 3366
test_false: 0
iteration 19
relaxation time 29.9647 seconds
CutType.COMBINATORY: 0
CutType.RED_SPLIT_G: 0
CutType.MIR: 0
CutType.LATWO_MIR: 0
CutType.LIFT_AND_PROJECT: 103
CutType.GMI: 0
CutType.RESIDUAL_CAPACITY: 0
CutType.GOMORY: 0
CutType.FLOW_COVER: 0
CutType.TWO_MIR: 0
CutType.ZERO_HALF: 0
iteration 20
relaxation time 26.376 seconds
CutType.COMBINATORY: 0
CutType.RED_SPLIT_G: 0
CutType.MIR: 0
CutType.LATWO_MIR: 0
CutType.LIFT_AND_PROJECT: 102
CutType.GMI: 0
CutType.RESIDUAL_CAPACITY: 0
CutType.GOMORY: 0
CutType.FLOW_COVER: 0
CutType.TWO_MIR: 0
CutType.ZERO_HALF: 0
iteration 21
relaxation time 28.3023 seconds
CutType.COMBINATORY: 0
CutType.RED_SPLIT_G: 0
CutType.MIR: 0
CutType.LATWO_MIR: 0
CutType.LIFT_AND_PROJECT: 96
CutType.GMI: 0
CutType.RESIDUAL_CAPACITY: 0
CutType.GOMORY: 0
CutType.FLOW_COVER: 0
CutType.TWO_MIR: 0
CutType.ZERO_HALF: 0
iteration 22
relaxation time 27.8929 seconds
CutType.COMBINATORY: 0
CutType.RED_SPLIT_G: 0
CutType.MIR: 0
CutType.LATWO_MIR: 0
CutType.LIFT_AND_PROJECT: 93
CutType.GMI: 0
CutType.RESIDUAL_CAPACITY: 0
CutType.GOMORY: 0
CutType.FLOW_COVER: 0
CutType.TWO_MIR: 0
CutType.ZERO_HALF: 0
iteration 23
relaxation time 26.3148 seconds
CutType.COMBINATORY: 0
CutType.RED_SPLIT_G: 0
CutType.MIR: 0
CutType.LATWO_MIR: 0
CutType.LIFT_AND_PROJECT: 79
CutType.GMI: 0
CutType.RESIDUAL_CAPACITY: 0
CutType.GOMORY: 0
CutType.FLOW_COVER: 0
CutType.TWO_MIR: 0
CutType.ZERO_HALF: 0
iteration 24
relaxation time 39.3125 seconds
CutType.COMBINATORY: 0
CutType.RED_SPLIT_G: 0
CutType.MIR: 0
CutType.LATWO_MIR: 0
CutType.LIFT_AND_PROJECT: 81
CutType.GMI: 0
CutType.RESIDUAL_CAPACITY: 0
CutType.GOMORY: 0
CutType.FLOW_COVER: 0
CutType.TWO_MIR: 0
CutType.ZERO_HALF: 0
iteration 25
relaxation time 49.8526 seconds
CutType.COMBINATORY: 0
CutType.RED_SPLIT_G: 0
CutType.MIR: 0
CutType.LATWO_MIR: 0
CutType.LIFT_AND_PROJECT: 88
CutType.GMI: 0
CutType.RESIDUAL_CAPACITY: 0
CutType.GOMORY: 0
CutType.FLOW_COVER: 0
CutType.TWO_MIR: 0
CutType.ZERO_HALF: 0
iteration 26
relaxation time 57.0253 seconds
CutType.COMBINATORY: 0
CutType.RED_SPLIT_G: 0
CutType.MIR: 0
CutType.LATWO_MIR: 0
CutType.LIFT_AND_PROJECT: 89
CutType.GMI: 0
CutType.RESIDUAL_CAPACITY: 0
CutType.GOMORY: 0
CutType.FLOW_COVER: 0
CutType.TWO_MIR: 0
CutType.ZERO_HALF: 0
iteration 27
relaxation time 69.6926 seconds
CutType.COMBINATORY: 0
CutType.RED_SPLIT_G: 0
CutType.MIR: 0
CutType.LATWO_MIR: 0
CutType.LIFT_AND_PROJECT: 101
CutType.GMI: 0
CutType.RESIDUAL_CAPACITY: 0
CutType.GOMORY: 0
CutType.FLOW_COVER: 0
CutType.TWO_MIR: 0
CutType.ZERO_HALF: 0
iteration 28
relaxation time 64.3416 seconds
CutType.COMBINATORY: 0
CutType.RED_SPLIT_G: 0
CutType.MIR: 0
CutType.LATWO_MIR: 0
CutType.LIFT_AND_PROJECT: 104
CutType.GMI: 0
CutType.RESIDUAL_CAPACITY: 0
CutType.GOMORY: 0
CutType.FLOW_COVER: 0
CutType.TWO_MIR: 0
CutType.ZERO_HALF: 0
iteration 29
relaxation time 66.5433 seconds
CutType.COMBINATORY: 0
CutType.RED_SPLIT_G: 0
CutType.MIR: 0
CutType.LATWO_MIR: 0
CutType.LIFT_AND_PROJECT: 103
CutType.GMI: 0
CutType.RESIDUAL_CAPACITY: 0
CutType.GOMORY: 0
CutType.FLOW_COVER: 0
CutType.TWO_MIR: 0
CutType.ZERO_HALF: 0
iteration 30
relaxation time 64.7333 seconds
CutType.COMBINATORY: 0
CutType.RED_SPLIT_G: 0
CutType.MIR: 0
CutType.LATWO_MIR: 0
CutType.LIFT_AND_PROJECT: 100
CutType.GMI: 0
CutType.RESIDUAL_CAPACITY: 0
CutType.GOMORY: 0
CutType.FLOW_COVER: 0
CutType.TWO_MIR: 0
CutType.ZERO_HALF: 0
iteration 31
relaxation time 52.4978 seconds
CutType.COMBINATORY: 0
CutType.RED_SPLIT_G: 0
CutType.MIR: 0
CutType.LATWO_MIR: 0
CutType.LIFT_AND_PROJECT: 96
CutType.GMI: 0
CutType.RESIDUAL_CAPACITY: 0
CutType.GOMORY: 0
CutType.FLOW_COVER: 0
CutType.TWO_MIR: 0
CutType.ZERO_HALF: 0
iteration 32
relaxation time 68.5496 seconds
CutType.COMBINATORY: 0
CutType.RED_SPLIT_G: 0
CutType.MIR: 0
CutType.LATWO_MIR: 0
CutType.LIFT_AND_PROJECT: 95
CutType.GMI: 0
CutType.RESIDUAL_CAPACITY: 0
CutType.GOMORY: 0
CutType.FLOW_COVER: 0
CutType.TWO_MIR: 0
CutType.ZERO_HALF: 0
iteration 33
relaxation time 71.3827 seconds
CutType.COMBINATORY: 0
CutType.RED_SPLIT_G: 0
CutType.MIR: 0
CutType.LATWO_MIR: 0
CutType.LIFT_AND_PROJECT: 106
CutType.GMI: 0
CutType.RESIDUAL_CAPACITY: 0
CutType.GOMORY: 0
CutType.FLOW_COVER: 0
CutType.TWO_MIR: 0
CutType.ZERO_HALF: 0
iteration 34
relaxation time 78.1532 seconds
CutType.COMBINATORY: 0
CutType.RED_SPLIT_G: 0
CutType.MIR: 0
CutType.LATWO_MIR: 0
CutType.LIFT_AND_PROJECT: 91
CutType.GMI: 0
CutType.RESIDUAL_CAPACITY: 0
CutType.GOMORY: 0
CutType.FLOW_COVER: 0
CutType.TWO_MIR: 0
CutType.ZERO_HALF: 0
iteration 35
relaxation time 75.1747 seconds
CutType.COMBINATORY: 0
CutType.RED_SPLIT_G: 0
CutType.MIR: 0
CutType.LATWO_MIR: 0
CutType.LIFT_AND_PROJECT: 95
CutType.GMI: 0
CutType.RESIDUAL_CAPACITY: 0
CutType.GOMORY: 0
CutType.FLOW_COVER: 0
CutType.TWO_MIR: 0
CutType.ZERO_HALF: 0
iteration 36
relaxation time 90.4213 seconds
CutType.COMBINATORY: 0
CutType.RED_SPLIT_G: 0
CutType.MIR: 0
CutType.LATWO_MIR: 0
CutType.LIFT_AND_PROJECT: 100
CutType.GMI: 0
CutType.RESIDUAL_CAPACITY: 0
CutType.GOMORY: 0
CutType.FLOW_COVER: 0
CutType.TWO_MIR: 0
CutType.ZERO_HALF: 0
iteration 37
relaxation time 103.0291 seconds
CutType.COMBINATORY: 0
CutType.RED_SPLIT_G: 0
CutType.MIR: 0
CutType.LATWO_MIR: 0
CutType.LIFT_AND_PROJECT: 98
CutType.GMI: 0
CutType.RESIDUAL_CAPACITY: 0
CutType.GOMORY: 0
CutType.FLOW_COVER: 0
CutType.TWO_MIR: 0
CutType.ZERO_HALF: 0
iteration 38
relaxation time 81.8426 seconds
CutType.COMBINATORY: 0
CutType.RED_SPLIT_G: 0
CutType.MIR: 0
CutType.LATWO_MIR: 0
CutType.LIFT_AND_PROJECT: 99
CutType.GMI: 0
CutType.RESIDUAL_CAPACITY: 0
CutType.GOMORY: 0
CutType.FLOW_COVER: 0
CutType.TWO_MIR: 0
CutType.ZERO_HALF: 0
iteration 39
relaxation time 86.4925 seconds
CutType.COMBINATORY: 0
CutType.RED_SPLIT_G: 0
CutType.MIR: 0
CutType.LATWO_MIR: 0
CutType.LIFT_AND_PROJECT: 97
CutType.GMI: 0
CutType.RESIDUAL_CAPACITY: 0
CutType.GOMORY: 0
CutType.FLOW_COVER: 0
CutType.TWO_MIR: 0
CutType.ZERO_HALF: 0
iteration 40
relaxation time 89.1199 seconds
CutType.COMBINATORY: 0
CutType.RED_SPLIT_G: 0
CutType.MIR: 0
CutType.LATWO_MIR: 0
CutType.LIFT_AND_PROJECT: 100
CutType.GMI: 0
CutType.RESIDUAL_CAPACITY: 0
CutType.GOMORY: 0
CutType.FLOW_COVER: 0
CutType.TWO_MIR: 0
CutType.ZERO_HALF: 0
iteration 41
relaxation time 73.4721 seconds
CutType.COMBINATORY: 0
CutType.RED_SPLIT_G: 0
CutType.MIR: 0
CutType.LATWO_MIR: 0
CutType.LIFT_AND_PROJECT: 110
CutType.GMI: 0
CutType.RESIDUAL_CAPACITY: 0
CutType.GOMORY: 0
CutType.FLOW_COVER: 0
CutType.TWO_MIR: 0
CutType.ZERO_HALF: 0
iteration 42
relaxation time 104.2444 seconds
CutType.COMBINATORY: 0
CutType.RED_SPLIT_G: 0
CutType.MIR: 0
CutType.LATWO_MIR: 0
len dataset: 4005
test_ok: 4005
test_false: 0
