<class 'str'>
<class 'str'>
<class 'str'>
<class 'str'>
<class 'str'>
<class 'str'>
<class 'str'>
<class 'str'>
<class 'str'>
<class 'str'>
<class 'str'>
<class 'str'>
<class 'str'>
<class 'str'>
<class 'str'>
<class 'str'>
<class 'str'>
<class 'str'>
<class 'str'>
<class 'str'>
<class 'str'>
<class 'str'>
<class 'str'>
<class 'str'>
<class 'str'>
<class 'str'>
<class 'str'>
<class 'str'>
<class 'str'>
<class 'str'>
<class 'str'>
<class 'str'>
<class 'str'>
<class 'str'>
<class 'str'>
<class 'str'>
<class 'str'>
<class 'str'>
<class 'str'>
<class 'str'>
<class 'str'>
<class 'str'>
<class 'str'>
<class 'str'>
<class 'str'>
<class 'str'>
<class 'str'>
<class 'str'>
<class 'str'>
<class 'str'>
<class 'str'>
<class 'str'>
<class 'str'>
<class 'str'>
<class 'str'>
<class 'str'>
<class 'str'>
<class 'str'>
<class 'str'>
<class 'str'>
<class 'str'>
<class 'str'>
<class 'str'>
<class 'str'>
<class 'str'>
<class 'str'>
<class 'str'>
<class 'str'>
<class 'str'>
<class 'str'>
<class 'str'>
<class 'str'>
<class 'str'>
<class 'str'>
<class 'str'>
<class 'str'>
<class 'str'>
<class 'str'>
<class 'str'>
<class 'str'>
<class 'str'>
<class 'str'>
<class 'str'>
<class 'str'>
<class 'str'>
<class 'str'>
<class 'str'>
<class 'str'>
<class 'str'>
<class 'str'>
<class 'str'>
<class 'str'>
<class 'str'>
<class 'str'>
<class 'str'>
<class 'str'>
<class 'str'>
<class 'str'>
<class 'str'>
<class 'str'>
<class 'str'>
<class 'str'>
0.0 > 340.0 - -340.0
0.0 > 0.0 - 0.0
0.0 > 400.0 - -400.0
0.0 > 0.0 - 0.0
0.0 > 0.0 - 0.0
0.0 > 0.0 - 0.0
0.0 > 0.0 - 0.0
0.0 > 0.0 - 0.0
0.0 > 0.0 - 0.0
len dataset: 101
test_ok: 92
test_false: 9
