Combinatory set: [<CutType.CLIQUE: 12>, <CutType.KNAPSACK_COVER: 14>, <CutType.ODD_WHEEL: 13>, <CutType.PROBING: 0>]
Non-Combinatory set: [<CutType.LIFT_AND_PROJECT: 9>, <CutType.LATWO_MIR: 8>, <CutType.ZERO_HALF: 11>, <CutType.FLOW_COVER: 5>]
iteration 0
relaxation time 305.7312 seconds
CutType.COMBINATORY: 2027
CutType.LIFT_AND_PROJECT: 1892
CutType.LATWO_MIR: 0
CutType.ZERO_HALF: 0
CutType.FLOW_COVER: 0
iteration 1
relaxation time 467.7444 seconds
CutType.COMBINATORY: 4189
len dataset: 1892
test_ok: 1892
test_false: 0
Combinatory set: [<CutType.PROBING: 0>, <CutType.CLIQUE: 12>, <CutType.ODD_WHEEL: 13>]
Non-Combinatory set: [<CutType.LATWO_MIR: 8>]
iteration 0
relaxation time 613.3286 seconds
CutType.COMBINATORY: 2027
CutType.LATWO_MIR: 0
iteration 1
relaxation time 60.6585 seconds
CutType.COMBINATORY: 1899
CutType.LATWO_MIR: 0
iteration 2
relaxation time 38.5419 seconds
CutType.COMBINATORY: 18995
CutType.LATWO_MIR: 0
iteration 3
relaxation time 646.1882 seconds
CutType.COMBINATORY: 0
CutType.LATWO_MIR: 0
len dataset: 0
test_ok: 0
test_false: 0
Combinatory set: [<CutType.KNAPSACK_COVER: 14>, <CutType.CLIQUE: 12>, <CutType.ODD_WHEEL: 13>, <CutType.PROBING: 0>]
Non-Combinatory set: [<CutType.GMI: 2>, <CutType.TWO_MIR: 7>, <CutType.RESIDUAL_CAPACITY: 10>, <CutType.RED_SPLIT: 3>, <CutType.LATWO_MIR: 8>]
iteration 0
relaxation time 602.9712 seconds
CutType.COMBINATORY: 2027
CutType.GMI: 0
CutType.TWO_MIR: 0
CutType.RESIDUAL_CAPACITY: 0
CutType.RED_SPLIT: 0
CutType.LATWO_MIR: 0
iteration 1
relaxation time 58.9151 seconds
CutType.COMBINATORY: 1899
CutType.GMI: 0
CutType.TWO_MIR: 0
CutType.RESIDUAL_CAPACITY: 0
CutType.RED_SPLIT: 0
CutType.LATWO_MIR: 0
iteration 2
relaxation time 36.6282 seconds
CutType.COMBINATORY: 18995
CutType.GMI: 0
CutType.TWO_MIR: 0
CutType.RESIDUAL_CAPACITY: 0
CutType.RED_SPLIT: 0
CutType.LATWO_MIR: 0
iteration 3
relaxation time 617.9317 seconds
CutType.COMBINATORY: 0
CutType.GMI: 0
CutType.TWO_MIR: 0
CutType.RESIDUAL_CAPACITY: 0
CutType.RED_SPLIT: 0
CutType.LATWO_MIR: 0
len dataset: 0
test_ok: 0
test_false: 0
