Combinatory set: []
Non-Combinatory set: [<CutType.RED_SPLIT: 3>, <CutType.RESIDUAL_CAPACITY: 10>]
iteration 0
relaxation time 4.3999 seconds
CutType.COMBINATORY: 37
CutType.RED_SPLIT: 0
CutType.RESIDUAL_CAPACITY: 0
iteration 1
relaxation time 1.3356 seconds
CutType.COMBINATORY: 24
CutType.RED_SPLIT: 0
CutType.RESIDUAL_CAPACITY: 0
iteration 2
relaxation time 0.8749 seconds
CutType.COMBINATORY: 26
CutType.RED_SPLIT: 0
CutType.RESIDUAL_CAPACITY: 0
iteration 3
relaxation time 1.0236 seconds
CutType.COMBINATORY: 30
CutType.RED_SPLIT: 0
CutType.RESIDUAL_CAPACITY: 0
iteration 4
relaxation time 1.7382 seconds
CutType.COMBINATORY: 18
CutType.RED_SPLIT: 0
CutType.RESIDUAL_CAPACITY: 0
iteration 5
relaxation time 1.3935 seconds
CutType.COMBINATORY: 18
CutType.RED_SPLIT: 0
CutType.RESIDUAL_CAPACITY: 0
iteration 6
relaxation time 1.74 seconds
CutType.COMBINATORY: 13
CutType.RED_SPLIT: 0
CutType.RESIDUAL_CAPACITY: 0
iteration 7
relaxation time 3.5722 seconds
CutType.COMBINATORY: 3
CutType.RED_SPLIT: 0
CutType.RESIDUAL_CAPACITY: 0
iteration 8
relaxation time 2.0717 seconds
CutType.COMBINATORY: 5
CutType.RED_SPLIT: 0
CutType.RESIDUAL_CAPACITY: 0
iteration 9
relaxation time 1.3059 seconds
CutType.COMBINATORY: 11
CutType.RED_SPLIT: 0
CutType.RESIDUAL_CAPACITY: 0
iteration 10
relaxation time 6.1824 seconds
CutType.COMBINATORY: 0
CutType.RED_SPLIT: 12
CutType.RESIDUAL_CAPACITY: 0
iteration 11
relaxation time 9.5874 seconds
CutType.COMBINATORY: 27
CutType.RED_SPLIT: 0
CutType.RESIDUAL_CAPACITY: 0
iteration 12
relaxation time 11.8567 seconds
CutType.COMBINATORY: 0
CutType.RED_SPLIT: 10
CutType.RESIDUAL_CAPACITY: 0
iteration 13
relaxation time 18.7136 seconds
CutType.COMBINATORY: 0
CutType.RED_SPLIT: 12
CutType.RESIDUAL_CAPACITY: 0
iteration 14
relaxation time 13.3547 seconds
CutType.COMBINATORY: 0
CutType.RED_SPLIT: 11
CutType.RESIDUAL_CAPACITY: 0
iteration 15
relaxation time 10.3882 seconds
CutType.COMBINATORY: 2
CutType.RED_SPLIT: 0
CutType.RESIDUAL_CAPACITY: 0
iteration 16
relaxation time 5.312 seconds
CutType.COMBINATORY: 4
CutType.RED_SPLIT: 0
CutType.RESIDUAL_CAPACITY: 0
iteration 17
relaxation time 2.6287 seconds
CutType.COMBINATORY: 0
CutType.RED_SPLIT: 19
CutType.RESIDUAL_CAPACITY: 0
iteration 18
relaxation time 8.3218 seconds
CutType.COMBINATORY: 4
CutType.RED_SPLIT: 0
CutType.RESIDUAL_CAPACITY: 0
iteration 19
relaxation time 3.9114 seconds
CutType.COMBINATORY: 0
CutType.RED_SPLIT: 14
CutType.RESIDUAL_CAPACITY: 0
iteration 20
relaxation time 9.8689 seconds
CutType.COMBINATORY: 0
CutType.RED_SPLIT: 10
type CutType.RED_SPLIT: 7.999886520482844 < 7.999870319514171 - 1.6200968673274474e-05
CutType.RESIDUAL_CAPACITY: 0
iteration 21
relaxation time 28.3856 seconds
CutType.COMBINATORY: 0
CutType.RED_SPLIT: 16
CutType.RESIDUAL_CAPACITY: 0
iteration 22
relaxation time 24.9441 seconds
CutType.COMBINATORY: 0
CutType.RED_SPLIT: 17
CutType.RESIDUAL_CAPACITY: 0
iteration 23
relaxation time 56.3621 seconds
CutType.COMBINATORY: 0
CutType.RED_SPLIT: 13
CutType.RESIDUAL_CAPACITY: 0
iteration 24
relaxation time 40.8691 seconds
CutType.COMBINATORY: 0
CutType.RED_SPLIT: 13
CutType.RESIDUAL_CAPACITY: 0
iteration 25
relaxation time 73.7914 seconds
CutType.COMBINATORY: 0
CutType.RED_SPLIT: 20
CutType.RESIDUAL_CAPACITY: 0
iteration 26
relaxation time 66.7659 seconds
CutType.COMBINATORY: 0
CutType.RED_SPLIT: 16
CutType.RESIDUAL_CAPACITY: 0
iteration 27
relaxation time 35.2045 seconds
CutType.COMBINATORY: 2
CutType.RED_SPLIT: 0
CutType.RESIDUAL_CAPACITY: 0
iteration 28
relaxation time 10.4537 seconds
CutType.COMBINATORY: 2
CutType.RED_SPLIT: 0
CutType.RESIDUAL_CAPACITY: 0
iteration 29
relaxation time 5.2362 seconds
CutType.COMBINATORY: 1
CutType.RED_SPLIT: 0
CutType.RESIDUAL_CAPACITY: 0
iteration 30
relaxation time 4.6616 seconds
CutType.COMBINATORY: 1
CutType.RED_SPLIT: 0
CutType.RESIDUAL_CAPACITY: 0
iteration 31
relaxation time 3.7594 seconds
CutType.COMBINATORY: 0
CutType.RED_SPLIT: 11
CutType.RESIDUAL_CAPACITY: 0
iteration 32
relaxation time 100.4942 seconds
CutType.COMBINATORY: 0
CutType.RED_SPLIT: 11
CutType.RESIDUAL_CAPACITY: 0
iteration 33
relaxation time 31.4068 seconds
CutType.COMBINATORY: 0
CutType.RED_SPLIT: 13
CutType.RESIDUAL_CAPACITY: 0
iteration 34
relaxation time 63.7738 seconds
CutType.COMBINATORY: 0
CutType.RED_SPLIT: 19
CutType.RESIDUAL_CAPACITY: 0
iteration 35
relaxation time 69.7877 seconds
CutType.COMBINATORY: 1
CutType.RED_SPLIT: 0
CutType.RESIDUAL_CAPACITY: 0
iteration 36
relaxation time 21.0805 seconds
CutType.COMBINATORY: 0
CutType.RED_SPLIT: 14
CutType.RESIDUAL_CAPACITY: 0
iteration 37
relaxation time 55.1078 seconds
CutType.COMBINATORY: 0
CutType.RED_SPLIT: 15
CutType.RESIDUAL_CAPACITY: 0
iteration 38
relaxation time 105.6001 seconds
CutType.COMBINATORY: 0
CutType.RED_SPLIT: 15
CutType.RESIDUAL_CAPACITY: 0
iteration 39
relaxation time 77.1139 seconds
CutType.COMBINATORY: 0
CutType.RED_SPLIT: 22
CutType.RESIDUAL_CAPACITY: 0
iteration 40
relaxation time 164.0073 seconds
CutType.COMBINATORY: 0
CutType.RED_SPLIT: 21
CutType.RESIDUAL_CAPACITY: 0
iteration 41
relaxation time 174.0408 seconds
CutType.COMBINATORY: 0
CutType.RED_SPLIT: 18
CutType.RESIDUAL_CAPACITY: 0
iteration 42
relaxation time 149.0099 seconds
CutType.COMBINATORY: 0
CutType.RED_SPLIT: 19
CutType.RESIDUAL_CAPACITY: 0
iteration 43
relaxation time 81.1261 seconds
CutType.COMBINATORY: 0
CutType.RED_SPLIT: 21
CutType.RESIDUAL_CAPACITY: 0
iteration 44
relaxation time 243.5434 seconds
CutType.COMBINATORY: 0
CutType.RED_SPLIT: 19
CutType.RESIDUAL_CAPACITY: 0
iteration 45
relaxation time 219.9928 seconds
CutType.COMBINATORY: 1
CutType.RED_SPLIT: 0
CutType.RESIDUAL_CAPACITY: 0
iteration 46
relaxation time 4.7161 seconds
CutType.COMBINATORY: 2
CutType.RED_SPLIT: 0
CutType.RESIDUAL_CAPACITY: 0
iteration 47
relaxation time 20.0371 seconds
CutType.COMBINATORY: 0
CutType.RED_SPLIT: 19
CutType.RESIDUAL_CAPACITY: 0
iteration 48
relaxation time 396.5634 seconds
CutType.COMBINATORY: 0
CutType.RED_SPLIT: 11
CutType.RESIDUAL_CAPACITY: 0
iteration 49
relaxation time 580.0829 seconds
CutType.COMBINATORY: 0
CutType.RED_SPLIT: 17
CutType.RESIDUAL_CAPACITY: 0
iteration 50
relaxation time 1629.0522 seconds
CutType.COMBINATORY: 0
CutType.RED_SPLIT: 11
CutType.RESIDUAL_CAPACITY: 0
iteration 51
relaxation time 551.0803 seconds
CutType.COMBINATORY: 0
CutType.RED_SPLIT: 20
CutType.RESIDUAL_CAPACITY: 0
iteration 52
relaxation time 612.2025 seconds
CutType.COMBINATORY: 0
CutType.RED_SPLIT: 13
CutType.RESIDUAL_CAPACITY: 0
iteration 53
relaxation time 577.0035 seconds
CutType.COMBINATORY: 3
CutType.RED_SPLIT: 0
CutType.RESIDUAL_CAPACITY: 0
iteration 54
relaxation time 56.0192 seconds
CutType.COMBINATORY: 0
CutType.RED_SPLIT: 10
CutType.RESIDUAL_CAPACITY: 0
iteration 55
relaxation time 988.6224 seconds
CutType.COMBINATORY: 5
CutType.RED_SPLIT: 0
CutType.RESIDUAL_CAPACITY: 0
iteration 56
relaxation time 44.729 seconds
CutType.COMBINATORY: 3
CutType.RED_SPLIT: 0
CutType.RESIDUAL_CAPACITY: 0
iteration 57
relaxation time 25.128 seconds
CutType.COMBINATORY: 1
CutType.RED_SPLIT: 0
CutType.RESIDUAL_CAPACITY: 0
iteration 58
relaxation time 9.6304 seconds
CutType.COMBINATORY: 2
CutType.RED_SPLIT: 0
CutType.RESIDUAL_CAPACITY: 0
iteration 59
relaxation time 48.8447 seconds
CutType.COMBINATORY: 0
CutType.RED_SPLIT: 12
CutType.RESIDUAL_CAPACITY: 0
iteration 60
relaxation time 418.7185 seconds
CutType.COMBINATORY: 0
CutType.RED_SPLIT: 11
CutType.RESIDUAL_CAPACITY: 0
iteration 61
relaxation time 741.3427 seconds
CutType.COMBINATORY: 0
CutType.RED_SPLIT: 7
CutType.RESIDUAL_CAPACITY: 0
iteration 62
relaxation time 786.295 seconds
CutType.COMBINATORY: 0
CutType.RED_SPLIT: 9
CutType.RESIDUAL_CAPACITY: 0
iteration 63
relaxation time 187.2703 seconds
CutType.COMBINATORY: 0
CutType.RED_SPLIT: 9
CutType.RESIDUAL_CAPACITY: 0
iteration 64
relaxation time 722.9385 seconds
CutType.COMBINATORY: 1
CutType.RED_SPLIT: 0
CutType.RESIDUAL_CAPACITY: 0
iteration 65
relaxation time 42.8787 seconds
CutType.COMBINATORY: 2
CutType.RED_SPLIT: 0
CutType.RESIDUAL_CAPACITY: 0
iteration 66
relaxation time 39.5877 seconds
CutType.COMBINATORY: 3
CutType.RED_SPLIT: 0
CutType.RESIDUAL_CAPACITY: 0
iteration 67
relaxation time 45.1561 seconds
CutType.COMBINATORY: 0
CutType.RED_SPLIT: 9
CutType.RESIDUAL_CAPACITY: 0
iteration 68
len dataset: 559
test_ok: 558
test_false: 1
Combinatory set: []
Non-Combinatory set: [<CutType.GMI: 2>, <CutType.RED_SPLIT_G: 4>, <CutType.ZERO_HALF: 11>, <CutType.TWO_MIR: 7>, <CutType.LIFT_AND_PROJECT: 9>, <CutType.RED_SPLIT: 3>]
iteration 0
relaxation time 9.8012 seconds
CutType.COMBINATORY: 37
CutType.GMI: 0
CutType.RED_SPLIT_G: 0
CutType.ZERO_HALF: 0
CutType.TWO_MIR: 0
CutType.LIFT_AND_PROJECT: 38
CutType.RED_SPLIT: 0
iteration 1
relaxation time 5.4206 seconds
CutType.COMBINATORY: 33
CutType.GMI: 0
CutType.RED_SPLIT_G: 0
CutType.ZERO_HALF: 0
CutType.TWO_MIR: 0
CutType.LIFT_AND_PROJECT: 36
CutType.RED_SPLIT: 0
iteration 2
relaxation time 3.8348 seconds
CutType.COMBINATORY: 2
CutType.GMI: 0
CutType.RED_SPLIT_G: 0
CutType.ZERO_HALF: 0
CutType.TWO_MIR: 0
CutType.LIFT_AND_PROJECT: 29
CutType.RED_SPLIT: 0
iteration 3
relaxation time 5.9941 seconds
CutType.COMBINATORY: 7
CutType.GMI: 0
CutType.RED_SPLIT_G: 0
CutType.ZERO_HALF: 0
CutType.TWO_MIR: 0
CutType.LIFT_AND_PROJECT: 18
CutType.RED_SPLIT: 0
iteration 4
relaxation time 9.062 seconds
CutType.COMBINATORY: 0
CutType.GMI: 38
CutType.RED_SPLIT_G: 0
CutType.ZERO_HALF: 0
CutType.TWO_MIR: 0
CutType.LIFT_AND_PROJECT: 14
CutType.RED_SPLIT: 0
iteration 5
relaxation time 18.4021 seconds
CutType.COMBINATORY: 3
CutType.GMI: 0
CutType.RED_SPLIT_G: 0
CutType.ZERO_HALF: 0
CutType.TWO_MIR: 0
CutType.LIFT_AND_PROJECT: 22
CutType.RED_SPLIT: 0
iteration 6
relaxation time 8.6358 seconds
CutType.COMBINATORY: 5
CutType.GMI: 0
CutType.RED_SPLIT_G: 0
CutType.ZERO_HALF: 0
CutType.TWO_MIR: 0
CutType.LIFT_AND_PROJECT: 10
CutType.RED_SPLIT: 0
iteration 7
relaxation time 12.03 seconds
CutType.COMBINATORY: 6
CutType.GMI: 0
CutType.RED_SPLIT_G: 0
CutType.ZERO_HALF: 0
CutType.TWO_MIR: 0
CutType.LIFT_AND_PROJECT: 7
CutType.RED_SPLIT: 0
iteration 8
relaxation time 8.4125 seconds
CutType.COMBINATORY: 4
CutType.GMI: 0
CutType.RED_SPLIT_G: 0
CutType.ZERO_HALF: 0
CutType.TWO_MIR: 0
CutType.LIFT_AND_PROJECT: 4
CutType.RED_SPLIT: 0
iteration 9
relaxation time 9.8344 seconds
CutType.COMBINATORY: 0
CutType.GMI: 0
CutType.RED_SPLIT_G: 0
CutType.ZERO_HALF: 0
CutType.TWO_MIR: 0
CutType.LIFT_AND_PROJECT: 8
CutType.RED_SPLIT: 0
iteration 10
relaxation time 7.6228 seconds
CutType.COMBINATORY: 0
CutType.GMI: 0
CutType.RED_SPLIT_G: 0
CutType.ZERO_HALF: 0
CutType.TWO_MIR: 0
CutType.LIFT_AND_PROJECT: 4
CutType.RED_SPLIT: 0
iteration 11
relaxation time 8.4878 seconds
CutType.COMBINATORY: 0
CutType.GMI: 0
CutType.RED_SPLIT_G: 0
CutType.ZERO_HALF: 0
CutType.TWO_MIR: 0
CutType.LIFT_AND_PROJECT: 6
CutType.RED_SPLIT: 0
Combinatory set: [<CutType.PROBING: 0>, <CutType.ODD_WHEEL: 13>, <CutType.KNAPSACK_COVER: 14>, <CutType.CLIQUE: 12>]
Non-Combinatory set: [<CutType.RED_SPLIT: 3>, <CutType.LATWO_MIR: 8>, <CutType.GOMORY: 1>, <CutType.MIR: 6>]
iteration 0
relaxation time 10.3484 seconds
CutType.COMBINATORY: 0
CutType.RED_SPLIT: 18
CutType.LATWO_MIR: 0
CutType.GOMORY: 37
CutType.MIR: 5
iteration 1
relaxation time 2.5788 seconds
CutType.COMBINATORY: 0
CutType.RED_SPLIT: 16
CutType.LATWO_MIR: 0
CutType.GOMORY: 25
CutType.MIR: 1
iteration 2
relaxation time 5.691 seconds
CutType.COMBINATORY: 0
CutType.RED_SPLIT: 9
CutType.LATWO_MIR: 0
CutType.GOMORY: 38
CutType.MIR: 0
iteration 3
relaxation time 4.0395 seconds
CutType.COMBINATORY: 0
CutType.RED_SPLIT: 16
CutType.LATWO_MIR: 0
CutType.GOMORY: 37
CutType.MIR: 2
iteration 4
relaxation time 11.6908 seconds
CutType.COMBINATORY: 0
CutType.RED_SPLIT: 19
CutType.LATWO_MIR: 0
CutType.GOMORY: 38
CutType.MIR: 0
iteration 12
relaxation time 31.0054 seconds
CutType.COMBINATORY: 3
CutType.GMI: 0
CutType.RED_SPLIT_G: 0
CutType.ZERO_HALF: 0
CutType.TWO_MIR: 0
CutType.LIFT_AND_PROJECT: 4
CutType.RED_SPLIT: 0
iteration 5
relaxation time 10.7317 seconds
CutType.COMBINATORY: 0
CutType.RED_SPLIT: 16
CutType.LATWO_MIR: 0
CutType.GOMORY: 20
CutType.MIR: 6
iteration 6
relaxation time 28.0112 seconds
CutType.COMBINATORY: 0
CutType.RED_SPLIT: 10
CutType.LATWO_MIR: 0
CutType.GOMORY: 26
CutType.MIR: 4
iteration 7
relaxation time 18.1851 seconds
CutType.COMBINATORY: 0
CutType.RED_SPLIT: 17
CutType.LATWO_MIR: 0
CutType.GOMORY: 23
CutType.MIR: 0
iteration 8
relaxation time 35.7285 seconds
CutType.COMBINATORY: 0
CutType.RED_SPLIT: 15
type CutType.RED_SPLIT: 5.999143854902423 < 5.999003493844536 - 0.0001403610578867287
CutType.LATWO_MIR: 0
CutType.GOMORY: 13
CutType.MIR: 0
iteration 9
relaxation time 42.7563 seconds
CutType.COMBINATORY: 0
CutType.RED_SPLIT: 11
type CutType.RED_SPLIT: 1.0 < 0.9999938022288641 - 6.197771135862951e-06
CutType.LATWO_MIR: 0
CutType.GOMORY: 7
CutType.MIR: 0
iteration 10
relaxation time 49.1046 seconds
CutType.COMBINATORY: 0
CutType.RED_SPLIT: 6
CutType.LATWO_MIR: 0
CutType.GOMORY: 0
CutType.MIR: 0
iteration 11
relaxation time 55.3672 seconds
CutType.COMBINATORY: 0
CutType.RED_SPLIT: 11
CutType.LATWO_MIR: 0
CutType.GOMORY: 10
CutType.MIR: 0
iteration 12
relaxation time 36.7585 seconds
CutType.COMBINATORY: 0
CutType.RED_SPLIT: 7
CutType.LATWO_MIR: 0
CutType.GOMORY: 7
CutType.MIR: 0
iteration 13
relaxation time 104.8714 seconds
CutType.COMBINATORY: 0
CutType.RED_SPLIT: 6
CutType.LATWO_MIR: 0
CutType.GOMORY: 3
CutType.MIR: 0
iteration 13
relaxation time 6.0012 seconds
CutType.COMBINATORY: 0
CutType.GMI: 0
CutType.RED_SPLIT_G: 0
CutType.ZERO_HALF: 0
CutType.TWO_MIR: 0
CutType.LIFT_AND_PROJECT: 11
CutType.RED_SPLIT: 0
iteration 14
relaxation time 105.6827 seconds
CutType.COMBINATORY: 0
CutType.RED_SPLIT: 8
CutType.LATWO_MIR: 0
CutType.GOMORY: 0
CutType.MIR: 0
iteration 15
relaxation time 55.4256 seconds
CutType.COMBINATORY: 0
CutType.RED_SPLIT: 6
CutType.LATWO_MIR: 0
CutType.GOMORY: 1
CutType.MIR: 0
iteration 14
relaxation time 9.7537 seconds
CutType.COMBINATORY: 2
CutType.GMI: 0
CutType.RED_SPLIT_G: 0
CutType.ZERO_HALF: 0
CutType.TWO_MIR: 0
CutType.LIFT_AND_PROJECT: 2
CutType.RED_SPLIT: 0
iteration 16
relaxation time 141.714 seconds
CutType.COMBINATORY: 0
CutType.RED_SPLIT: 4
CutType.LATWO_MIR: 0
CutType.GOMORY: 2
CutType.MIR: 0
iteration 17
relaxation time 164.8118 seconds
CutType.COMBINATORY: 0
CutType.RED_SPLIT: 0
CutType.LATWO_MIR: 0
CutType.GOMORY: 0
CutType.MIR: 0
len dataset: 500
test_ok: 498
test_false: 2
iteration 15
relaxation time 12.6655 seconds
CutType.COMBINATORY: 0
CutType.GMI: 0
CutType.RED_SPLIT_G: 0
CutType.ZERO_HALF: 0
CutType.TWO_MIR: 0
CutType.LIFT_AND_PROJECT: 4
CutType.RED_SPLIT: 0
iteration 16
relaxation time 3.3819 seconds
CutType.COMBINATORY: 0
CutType.GMI: 0
CutType.RED_SPLIT_G: 0
CutType.ZERO_HALF: 0
CutType.TWO_MIR: 0
CutType.LIFT_AND_PROJECT: 0
CutType.RED_SPLIT: 15
iteration 17
relaxation time 31.7185 seconds
CutType.COMBINATORY: 0
CutType.GMI: 0
CutType.RED_SPLIT_G: 0
CutType.ZERO_HALF: 0
CutType.TWO_MIR: 0
CutType.LIFT_AND_PROJECT: 1
CutType.RED_SPLIT: 0
iteration 18
relaxation time 5.5338 seconds
CutType.COMBINATORY: 0
CutType.GMI: 0
CutType.RED_SPLIT_G: 0
CutType.ZERO_HALF: 0
CutType.TWO_MIR: 0
CutType.LIFT_AND_PROJECT: 0
CutType.RED_SPLIT: 12
iteration 19
relaxation time 26.1989 seconds
CutType.COMBINATORY: 0
CutType.GMI: 0
CutType.RED_SPLIT_G: 0
CutType.ZERO_HALF: 0
CutType.TWO_MIR: 0
CutType.LIFT_AND_PROJECT: 1
CutType.RED_SPLIT: 0
iteration 20
relaxation time 4.3408 seconds
CutType.COMBINATORY: 0
CutType.GMI: 0
CutType.RED_SPLIT_G: 0
CutType.ZERO_HALF: 0
CutType.TWO_MIR: 0
CutType.LIFT_AND_PROJECT: 0
CutType.RED_SPLIT: 18
iteration 21
relaxation time 50.3375 seconds
CutType.COMBINATORY: 0
CutType.GMI: 0
CutType.RED_SPLIT_G: 0
CutType.ZERO_HALF: 0
CutType.TWO_MIR: 0
CutType.LIFT_AND_PROJECT: 1
CutType.RED_SPLIT: 0
iteration 22
relaxation time 37.6538 seconds
CutType.COMBINATORY: 0
CutType.GMI: 0
CutType.RED_SPLIT_G: 0
CutType.ZERO_HALF: 0
CutType.TWO_MIR: 0
CutType.LIFT_AND_PROJECT: 0
CutType.RED_SPLIT: 17
iteration 23
relaxation time 61.2824 seconds
CutType.COMBINATORY: 0
CutType.GMI: 0
CutType.RED_SPLIT_G: 0
CutType.ZERO_HALF: 0
CutType.TWO_MIR: 0
CutType.LIFT_AND_PROJECT: 0
CutType.RED_SPLIT: 20
iteration 24
relaxation time 73.1196 seconds
CutType.COMBINATORY: 0
CutType.GMI: 0
CutType.RED_SPLIT_G: 0
CutType.ZERO_HALF: 0
CutType.TWO_MIR: 0
CutType.LIFT_AND_PROJECT: 0
CutType.RED_SPLIT: 22
iteration 25
relaxation time 133.585 seconds
CutType.COMBINATORY: 0
CutType.GMI: 0
CutType.RED_SPLIT_G: 0
CutType.ZERO_HALF: 0
CutType.TWO_MIR: 0
CutType.LIFT_AND_PROJECT: 0
CutType.RED_SPLIT: 18
iteration 26
relaxation time 94.8162 seconds
CutType.COMBINATORY: 0
CutType.GMI: 2
CutType.RED_SPLIT_G: 0
CutType.ZERO_HALF: 0
CutType.TWO_MIR: 0
CutType.LIFT_AND_PROJECT: 2
CutType.RED_SPLIT: 0
iteration 27
relaxation time 43.9816 seconds
CutType.COMBINATORY: 0
CutType.GMI: 0
CutType.RED_SPLIT_G: 0
CutType.ZERO_HALF: 0
CutType.TWO_MIR: 0
exception ('Unknow sense: N',)
error in cut CutType.LIFT_AND_PROJECT
CutType.RED_SPLIT: 22
iteration 28
relaxation time 191.4735 seconds
CutType.COMBINATORY: 0
CutType.GMI: 0
CutType.RED_SPLIT_G: 0
CutType.ZERO_HALF: 0
CutType.TWO_MIR: 0
exception ('Unknow sense: N',)
error in cut CutType.LIFT_AND_PROJECT
CutType.RED_SPLIT: 20
iteration 29
relaxation time 161.8915 seconds
CutType.COMBINATORY: 0
CutType.GMI: 0
CutType.RED_SPLIT_G: 0
CutType.ZERO_HALF: 0
CutType.TWO_MIR: 0
exception ('Unknow sense: N',)
error in cut CutType.LIFT_AND_PROJECT
CutType.RED_SPLIT: 21
iteration 30
relaxation time 105.432 seconds
CutType.COMBINATORY: 0
CutType.GMI: 0
CutType.RED_SPLIT_G: 0
CutType.ZERO_HALF: 0
CutType.TWO_MIR: 0
exception ('Unknow sense: N',)
error in cut CutType.LIFT_AND_PROJECT
CutType.RED_SPLIT: 20
iteration 31
relaxation time 199.0383 seconds
CutType.COMBINATORY: 0
CutType.GMI: 0
CutType.RED_SPLIT_G: 0
CutType.ZERO_HALF: 0
CutType.TWO_MIR: 0
exception ('Unknow sense: N',)
error in cut CutType.LIFT_AND_PROJECT
CutType.RED_SPLIT: 16
iteration 32
relaxation time 92.7683 seconds
CutType.COMBINATORY: 0
CutType.GMI: 0
CutType.RED_SPLIT_G: 0
CutType.ZERO_HALF: 0
CutType.TWO_MIR: 0
exception ('Unknow sense: N',)
error in cut CutType.LIFT_AND_PROJECT
CutType.RED_SPLIT: 18
iteration 33
relaxation time 341.8935 seconds
CutType.COMBINATORY: 0
CutType.GMI: 0
CutType.RED_SPLIT_G: 0
CutType.ZERO_HALF: 0
CutType.TWO_MIR: 0
exception ('Unknow sense: N',)
error in cut CutType.LIFT_AND_PROJECT
CutType.RED_SPLIT: 22
iteration 34
relaxation time 165.3681 seconds
CutType.COMBINATORY: 0
CutType.GMI: 0
CutType.RED_SPLIT_G: 0
CutType.ZERO_HALF: 0
CutType.TWO_MIR: 0
exception ('Unknow sense: N',)
error in cut CutType.LIFT_AND_PROJECT
CutType.RED_SPLIT: 24
iteration 35
relaxation time 243.3525 seconds
CutType.COMBINATORY: 0
CutType.GMI: 0
CutType.RED_SPLIT_G: 0
CutType.ZERO_HALF: 0
CutType.TWO_MIR: 0
exception ('Unknow sense: N',)
error in cut CutType.LIFT_AND_PROJECT
CutType.RED_SPLIT: 19
iteration 36
relaxation time 121.0079 seconds
CutType.COMBINATORY: 0
CutType.GMI: 0
CutType.RED_SPLIT_G: 0
CutType.ZERO_HALF: 0
CutType.TWO_MIR: 0
exception ('Unknow sense: N',)
error in cut CutType.LIFT_AND_PROJECT
CutType.RED_SPLIT: 21
iteration 37
relaxation time 269.6199 seconds
CutType.COMBINATORY: 0
CutType.GMI: 0
CutType.RED_SPLIT_G: 0
CutType.ZERO_HALF: 0
CutType.TWO_MIR: 0
exception ('Unknow sense: N',)
error in cut CutType.LIFT_AND_PROJECT
CutType.RED_SPLIT: 17
iteration 38
relaxation time 118.5593 seconds
CutType.COMBINATORY: 0
CutType.GMI: 0
CutType.RED_SPLIT_G: 0
CutType.ZERO_HALF: 0
CutType.TWO_MIR: 0
exception ('Unknow sense: N',)
error in cut CutType.LIFT_AND_PROJECT
CutType.RED_SPLIT: 19
iteration 39
relaxation time 137.2431 seconds
CutType.COMBINATORY: 0
CutType.GMI: 0
CutType.RED_SPLIT_G: 0
CutType.ZERO_HALF: 0
CutType.TWO_MIR: 0
exception ('Unknow sense: N',)
error in cut CutType.LIFT_AND_PROJECT
CutType.RED_SPLIT: 18
iteration 40
relaxation time 90.1825 seconds
CutType.COMBINATORY: 0
CutType.GMI: 0
CutType.RED_SPLIT_G: 0
CutType.ZERO_HALF: 0
CutType.TWO_MIR: 0
exception ('Unknow sense: N',)
error in cut CutType.LIFT_AND_PROJECT
CutType.RED_SPLIT: 19
iteration 41
len dataset: 660
test_ok: 660
test_false: 0
