Combinatory set: [<CutType.CLIQUE: 12>, <CutType.PROBING: 0>]
Non-Combinatory set: [<CutType.TWO_MIR: 7>, <CutType.ZERO_HALF: 11>, <CutType.RED_SPLIT_G: 4>, <CutType.RESIDUAL_CAPACITY: 10>, <CutType.GMI: 2>, <CutType.LATWO_MIR: 8>, <CutType.LIFT_AND_PROJECT: 9>]
iteration 0
relaxation time 7.6409 seconds
CutType.COMBINATORY: 0
CutType.TWO_MIR: 0
CutType.ZERO_HALF: 0
CutType.RED_SPLIT_G: 0
CutType.RESIDUAL_CAPACITY: 0
CutType.GMI: 0
CutType.LATWO_MIR: 0
CutType.LIFT_AND_PROJECT: 480
iteration 1
relaxation time 112.0377 seconds
CutType.COMBINATORY: 0
CutType.TWO_MIR: 0
CutType.ZERO_HALF: 0
CutType.RED_SPLIT_G: 0
CutType.RESIDUAL_CAPACITY: 0
CutType.GMI: 0
CutType.LATWO_MIR: 0
CutType.LIFT_AND_PROJECT: 491
iteration 2
relaxation time 236.9234 seconds
CutType.COMBINATORY: 0
CutType.TWO_MIR: 0
CutType.ZERO_HALF: 0
CutType.RED_SPLIT_G: 0
CutType.RESIDUAL_CAPACITY: 0
CutType.GMI: 0
CutType.LATWO_MIR: 0
CutType.LIFT_AND_PROJECT: 489
iteration 3
relaxation time 317.9506 seconds
CutType.COMBINATORY: 0
CutType.TWO_MIR: 0
CutType.ZERO_HALF: 0
CutType.RED_SPLIT_G: 0
CutType.RESIDUAL_CAPACITY: 0
CutType.GMI: 0
CutType.LATWO_MIR: 0
CutType.LIFT_AND_PROJECT: 503
iteration 4
relaxation time 352.568 seconds
CutType.COMBINATORY: 0
CutType.TWO_MIR: 0
CutType.ZERO_HALF: 0
CutType.RED_SPLIT_G: 0
CutType.RESIDUAL_CAPACITY: 0
CutType.GMI: 0
CutType.LATWO_MIR: 0
CutType.LIFT_AND_PROJECT: 495
iteration 5
relaxation time 262.7048 seconds
CutType.COMBINATORY: 0
CutType.TWO_MIR: 0
CutType.ZERO_HALF: 0
CutType.RED_SPLIT_G: 0
CutType.RESIDUAL_CAPACITY: 0
CutType.GMI: 0
CutType.LATWO_MIR: 0
CutType.LIFT_AND_PROJECT: 499
iteration 6
relaxation time 391.4151 seconds
CutType.COMBINATORY: 0
CutType.TWO_MIR: 0
CutType.ZERO_HALF: 0
CutType.RED_SPLIT_G: 0
CutType.RESIDUAL_CAPACITY: 0
CutType.GMI: 0
CutType.LATWO_MIR: 0
len dataset: 2957
test_ok: 2957
test_false: 0
Combinatory set: [<CutType.CLIQUE: 12>, <CutType.ODD_WHEEL: 13>]
Non-Combinatory set: [<CutType.MIR: 6>, <CutType.LIFT_AND_PROJECT: 9>, <CutType.GOMORY: 1>]
iteration 0
relaxation time 15.6273 seconds
CutType.COMBINATORY: 0
CutType.MIR: 0
CutType.LIFT_AND_PROJECT: 480
CutType.GOMORY: 0
iteration 1
relaxation time 295.4281 seconds
CutType.COMBINATORY: 0
CutType.MIR: 0
CutType.LIFT_AND_PROJECT: 491
CutType.GOMORY: 0
Combinatory set: [<CutType.CLIQUE: 12>]
Non-Combinatory set: [<CutType.RESIDUAL_CAPACITY: 10>, <CutType.GMI: 2>, <CutType.LATWO_MIR: 8>, <CutType.GOMORY: 1>, <CutType.FLOW_COVER: 5>]
iteration 0
relaxation time 15.4449 seconds
CutType.COMBINATORY: 0
CutType.RESIDUAL_CAPACITY: 0
CutType.GMI: 0
CutType.LATWO_MIR: 0
CutType.GOMORY: 0
CutType.FLOW_COVER: 0
len dataset: 0
test_ok: 0
test_false: 0
iteration 2
relaxation time 543.2686 seconds
CutType.COMBINATORY: 0
CutType.MIR: 0
CutType.LIFT_AND_PROJECT: 473
CutType.GOMORY: 0
iteration 3
relaxation time 543.9492 seconds
CutType.COMBINATORY: 0
CutType.MIR: 0
CutType.LIFT_AND_PROJECT: 504
CutType.GOMORY: 0
iteration 4
relaxation time 507.0344 seconds
CutType.COMBINATORY: 0
CutType.MIR: 0
len dataset: 1948
test_ok: 1948
test_false: 0
